message: {'global_checkpoint': 1,
          'global_early_stopping': 0,
          'train_global_score': 61.067996839682266,
          'val_accuracy': tensor(0.3199),
          'val_f1': tensor(0.1597),
          'val_global_score': 58.87160873413086,
          'val_loss': tensor(152.1609, device='cuda:0'),
          'val_precision': tensor(0.1078),
          'val_recall': tensor(0.3199)}
message: {'global_checkpoint': 1,
          'global_early_stopping': 0,
          'train_global_score': 4.326690177122754,
          'val_accuracy': tensor(0.7163),
          'val_f1': tensor(0.6816),
          'val_global_score': 6.161673466364545,
          'val_loss': tensor(0.6234, device='cuda:0'),
          'val_precision': tensor(0.7070),
          'val_recall': tensor(0.7163)}
message: {'global_checkpoint': 1,
          'global_early_stopping': 0,
          'train_global_score': 2.696770509084061,
          'val_accuracy': tensor(0.7232),
          'val_f1': tensor(0.6963),
          'val_global_score': 4.670686960220336,
          'val_loss': tensor(0.5891, device='cuda:0'),
          'val_precision': tensor(0.7145),
          'val_recall': tensor(0.7232)}
message: {'global_checkpoint': 1,
          'global_early_stopping': 0,
          'train_global_score': 1.469045639038085,
          'val_accuracy': tensor(0.7276),
          'val_f1': tensor(0.7073),
          'val_global_score': 3.563040395577744,
          'val_loss': tensor(0.6016, device='cuda:0'),
          'val_precision': tensor(0.7196),
          'val_recall': tensor(0.7276)}
message: {'global_checkpoint': 1,
          'global_early_stopping': 0,
          'train_global_score': 0.7828219731648718,
          'val_accuracy': tensor(0.7313),
          'val_f1': tensor(0.7133),
          'val_global_score': 2.952484985192612,
          'val_loss': tensor(0.5779, device='cuda:0'),
          'val_precision': tensor(0.7241),
          'val_recall': tensor(0.7313)}
message: {'global_checkpoint': 0,
          'global_early_stopping': 1,
          'train_global_score': 3.6633668541908255,
          'val_accuracy': tensor(0.7285),
          'val_f1': tensor(0.6883),
          'val_global_score': 5.486013015111284,
          'val_loss': tensor(0.6070, device='cuda:0'),
          'val_precision': tensor(0.7288),
          'val_recall': tensor(0.7285)}
message: {'global_checkpoint': 0,
          'global_early_stopping': 2,
          'train_global_score': 1.7391400535901342,
          'val_accuracy': tensor(0.7285),
          'val_f1': tensor(0.7008),
          'val_global_score': 4.220281442006424,
          'val_loss': tensor(0.5955, device='cuda:0'),
          'val_precision': tensor(0.7210),
          'val_recall': tensor(0.7285)}
message: {'global_checkpoint': 0,
          'global_early_stopping': 3,
          'train_global_score': 2.8746876319249424,
          'val_accuracy': tensor(0.7261),
          'val_f1': tensor(0.6921),
          'val_global_score': 5.101948658625287,
          'val_loss': tensor(0.6121, device='cuda:0'),
          'val_precision': tensor(0.7209),
          'val_recall': tensor(0.7261)}
message: {'global_checkpoint': 0,
          'global_early_stopping': 4,
          'train_global_score': 1.7919802069663993,
          'val_accuracy': tensor(0.7317),
          'val_f1': tensor(0.7031),
          'val_global_score': 3.982171654701232,
          'val_loss': tensor(0.6042, device='cuda:0'),
          'val_precision': tensor(0.7274),
          'val_recall': tensor(0.7317)}
message: {'metrics': {'global_early_stopping': 5,
                      'train_global_score': 1.0386468172073355,
                      'val_accuracy': tensor(0.7344),
                      'val_f1': tensor(0.7097),
                      'val_global_score': 3.3166991670926365,
                      'val_loss': tensor(0.5942, device='cuda:0'),
                      'val_precision': tensor(0.7284),
                      'val_recall': tensor(0.7344)},
          'train_constraints': [0.007709374427795401],
          'train_objective_fn': 0.2677093744277954,
          'val_constraints': [0.030264348189036006],
          'val_objective_fn': 0.29026434818903607}
message: {'final_train_global_score': 0.7828219731648718,
          'final_val_accuracy': tensor(0.7313),
          'final_val_f1': tensor(0.7133),
          'final_val_global_score': 2.952484985192612,
          'final_val_loss': tensor(0.5779, device='cuda:0'),
          'final_val_precision': tensor(0.7241),
          'final_val_recall': tensor(0.7313)}
