message: {'global_checkpoint': 1,
          'global_early_stopping': 0,
          'train_global_score': 16.173347413539886,
          'val_accuracy': tensor(0.6799),
          'val_demographic_parity_Race': tensor(0.),
          'val_f1': tensor(0.5527),
          'val_global_score': 19.17842745780945,
          'val_loss': tensor(37.9578, device='cuda:0'),
          'val_precision': tensor(0.4676),
          'val_recall': tensor(0.6799)}
message: {'global_checkpoint': 1,
          'global_early_stopping': 0,
          'train_global_score': 2.9390722711880954,
          'val_accuracy': tensor(0.7152),
          'val_demographic_parity_Race': tensor(0.1605),
          'val_f1': tensor(0.7016),
          'val_global_score': 4.140535593032836,
          'val_loss': tensor(0.6469, device='cuda:0'),
          'val_precision': tensor(0.7080),
          'val_recall': tensor(0.7152)}
message: {'global_checkpoint': 0,
          'global_early_stopping': 1,
          'train_global_score': 5.70353635152181,
          'val_accuracy': tensor(0.7103),
          'val_demographic_parity_Race': tensor(0.1831),
          'val_f1': tensor(0.6684),
          'val_global_score': 7.490995029608411,
          'val_loss': tensor(0.6029, device='cuda:0'),
          'val_precision': tensor(0.6992),
          'val_recall': tensor(0.7103)}
message: {'global_checkpoint': 0,
          'global_early_stopping': 2,
          'train_global_score': 7.363660534222917,
          'val_accuracy': tensor(0.7115),
          'val_demographic_parity_Race': tensor(0.0973),
          'val_f1': tensor(0.6566),
          'val_global_score': 8.68423293034236,
          'val_loss': tensor(0.6034, device='cuda:0'),
          'val_precision': tensor(0.7087),
          'val_recall': tensor(0.7115)}
message: {'global_checkpoint': 0,
          'global_early_stopping': 3,
          'train_global_score': 7.483000377813977,
          'val_accuracy': tensor(0.7090),
          'val_demographic_parity_Race': tensor(0.1426),
          'val_f1': tensor(0.6528),
          'val_global_score': 9.068925380706787,
          'val_loss': tensor(0.6051, device='cuda:0'),
          'val_precision': tensor(0.7047),
          'val_recall': tensor(0.7090)}
