message: {'global_checkpoint': 1,
          'global_early_stopping': 0,
          'train_global_score': 55.63831130947385,
          'val_accuracy': tensor(0.3687),
          'val_demographic_parity_Marital': tensor(0.0018),
          'val_f1': tensor(0.2036),
          'val_global_score': 54.43427168471472,
          'val_loss': tensor(83.8918, device='cuda:0'),
          'val_precision': tensor(0.1667),
          'val_recall': tensor(0.3687)}
message: {'global_checkpoint': 1,
          'global_early_stopping': 0,
          'train_global_score': 7.069239020347594,
          'val_accuracy': tensor(0.6941),
          'val_demographic_parity_Marital': tensor(0.1418),
          'val_f1': tensor(0.6596),
          'val_global_score': 8.383284228188653,
          'val_loss': tensor(0.6101, device='cuda:0'),
          'val_precision': tensor(0.6964),
          'val_recall': tensor(0.6941)}
message: {'global_checkpoint': 1,
          'global_early_stopping': 0,
          'train_global_score': 6.223715152059287,
          'val_accuracy': tensor(0.7022),
          'val_demographic_parity_Marital': tensor(0.1330),
          'val_f1': tensor(0.6696),
          'val_global_score': 7.366351791790554,
          'val_loss': tensor(0.6249, device='cuda:0'),
          'val_precision': tensor(0.7067),
          'val_recall': tensor(0.7022)}
