message: {'global_train_accuracy': 0.33609912,
          'global_train_demographic_parity_Age': 0.28199,
          'global_train_demographic_parity_Gender': 0.017406117,
          'global_train_demographic_parity_Race': 0.10378239,
          'global_train_demographic_parity_RaceAge': 0.30517536,
          'global_train_f1': 0.26541376,
          'global_train_precision': 0.3426233,
          'global_train_recall': 0.33609912,
          'global_val_accuracy': 0.3392517,
          'global_val_demographic_parity_Age': 0.28882843,
          'global_val_demographic_parity_Gender': 0.026287336,
          'global_val_demographic_parity_Race': 0.14772558,
          'global_val_demographic_parity_RaceAge': 0.34059948,
          'global_val_f1': 0.27062312,
          'global_val_precision': 0.35423157,
          'global_val_recall': 0.3392517}
message: {'global_early_stopping': 0,
          'global_train_accuracy': 0.6990405,
          'global_train_demographic_parity_Age': 0.25734824,
          'global_train_demographic_parity_Gender': 0.19854525,
          'global_train_demographic_parity_Race': 0.19899563,
          'global_train_demographic_parity_RaceAge': 0.44775945,
          'global_train_f1': 0.67312104,
          'global_train_precision': 0.69821995,
          'global_train_recall': 0.6990405,
          'global_val_accuracy': 0.69995534,
          'global_val_demographic_parity_Age': 0.27190122,
          'global_val_demographic_parity_Gender': 0.20265417,
          'global_val_demographic_parity_Race': 0.20407894,
          'global_val_demographic_parity_RaceAge': 0.41023737,
          'global_val_f1': 0.6747119,
          'global_val_precision': 0.697852,
          'global_val_recall': 0.69995534}
message: {'global_early_stopping': 0,
          'global_train_accuracy': 0.7039607,
          'global_train_demographic_parity_Age': 0.25612685,
          'global_train_demographic_parity_Gender': 0.1994832,
          'global_train_demographic_parity_Race': 0.20898107,
          'global_train_demographic_parity_RaceAge': 0.43589646,
          'global_train_f1': 0.67996025,
          'global_train_precision': 0.70349747,
          'global_train_recall': 0.7039607,
          'global_val_accuracy': 0.7053757,
          'global_val_demographic_parity_Age': 0.26844746,
          'global_val_demographic_parity_Gender': 0.20580725,
          'global_val_demographic_parity_Race': 0.21403699,
          'global_val_demographic_parity_RaceAge': 0.41720763,
          'global_val_f1': 0.6820621,
          'global_val_precision': 0.7040163,
          'global_val_recall': 0.7053757}
message: {'global_early_stopping': 0,
          'global_train_accuracy': 0.7170478,
          'global_train_demographic_parity_Age': 0.27684876,
          'global_train_demographic_parity_Gender': 0.22495309,
          'global_train_demographic_parity_Race': 0.23618801,
          'global_train_demographic_parity_RaceAge': 0.49325028,
          'global_train_f1': 0.70134723,
          'global_train_precision': 0.7139967,
          'global_train_recall': 0.7170478,
          'global_val_accuracy': 0.7168849,
          'global_val_demographic_parity_Age': 0.28300753,
          'global_val_demographic_parity_Gender': 0.23222728,
          'global_val_demographic_parity_Race': 0.24341118,
          'global_val_demographic_parity_RaceAge': 0.45649967,
          'global_val_f1': 0.7015377,
          'global_val_precision': 0.7131072,
          'global_val_recall': 0.7168849}
message: {'global_early_stopping': 0,
          'global_train_accuracy': 0.7223383,
          'global_train_demographic_parity_Age': 0.2819471,
          'global_train_demographic_parity_Gender': 0.24269924,
          'global_train_demographic_parity_Race': 0.25417724,
          'global_train_demographic_parity_RaceAge': 0.52850235,
          'global_train_f1': 0.7104746,
          'global_train_precision': 0.7184503,
          'global_train_recall': 0.7223383,
          'global_val_accuracy': 0.72301286,
          'global_val_demographic_parity_Age': 0.2890448,
          'global_val_demographic_parity_Gender': 0.24917515,
          'global_val_demographic_parity_Race': 0.257396,
          'global_val_demographic_parity_RaceAge': 0.48616138,
          'global_val_f1': 0.7112751,
          'global_val_precision': 0.7185295,
          'global_val_recall': 0.72301286}
message: {'global_early_stopping': 0,
          'global_train_accuracy': 0.7274002,
          'global_train_demographic_parity_Age': 0.29062817,
          'global_train_demographic_parity_Gender': 0.26347953,
          'global_train_demographic_parity_Race': 0.27140155,
          'global_train_demographic_parity_RaceAge': 0.5439827,
          'global_train_f1': 0.7185254,
          'global_train_precision': 0.7233344,
          'global_train_recall': 0.7274002,
          'global_val_accuracy': 0.7289218,
          'global_val_demographic_parity_Age': 0.29389185,
          'global_val_demographic_parity_Gender': 0.26674065,
          'global_val_demographic_parity_Race': 0.2677772,
          'global_val_demographic_parity_RaceAge': 0.5074303,
          'global_val_f1': 0.71965426,
          'global_val_precision': 0.7245033,
          'global_val_recall': 0.7289218}
message: {'global_early_stopping': 0,
          'global_train_accuracy': 0.7299167,
          'global_train_demographic_parity_Age': 0.30191374,
          'global_train_demographic_parity_Gender': 0.2760144,
          'global_train_demographic_parity_Race': 0.27500752,
          'global_train_demographic_parity_RaceAge': 0.5601878,
          'global_train_f1': 0.7229368,
          'global_train_precision': 0.72586834,
          'global_train_recall': 0.7299167,
          'global_val_accuracy': 0.7311221,
          'global_val_demographic_parity_Age': 0.2974625,
          'global_val_demographic_parity_Gender': 0.28280643,
          'global_val_demographic_parity_Race': 0.27079263,
          'global_val_demographic_parity_RaceAge': 0.5153377,
          'global_val_f1': 0.7237849,
          'global_val_precision': 0.7268454,
          'global_val_recall': 0.7311221}
message: {'global_early_stopping': 0,
          'global_train_accuracy': 0.7309847,
          'global_train_demographic_parity_Age': 0.30683166,
          'global_train_demographic_parity_Gender': 0.28403002,
          'global_train_demographic_parity_Race': 0.27996093,
          'global_train_demographic_parity_RaceAge': 0.57124674,
          'global_train_f1': 0.7252198,
          'global_train_precision': 0.72735906,
          'global_train_recall': 0.7309847,
          'global_val_accuracy': 0.73088896,
          'global_val_demographic_parity_Age': 0.30009338,
          'global_val_demographic_parity_Gender': 0.29071692,
          'global_val_demographic_parity_Race': 0.27045178,
          'global_val_demographic_parity_RaceAge': 0.5226917,
          'global_val_f1': 0.7245388,
          'global_val_precision': 0.72675836,
          'global_val_recall': 0.73088896}
message: {'global_early_stopping': 0,
          'global_train_accuracy': 0.73159146,
          'global_train_demographic_parity_Age': 0.31095606,
          'global_train_demographic_parity_Gender': 0.28932983,
          'global_train_demographic_parity_Race': 0.2816413,
          'global_train_demographic_parity_RaceAge': 0.5766517,
          'global_train_f1': 0.7264535,
          'global_train_precision': 0.72819793,
          'global_train_recall': 0.73159146,
          'global_val_accuracy': 0.7321366,
          'global_val_demographic_parity_Age': 0.30625433,
          'global_val_demographic_parity_Gender': 0.29662782,
          'global_val_demographic_parity_Race': 0.2724835,
          'global_val_demographic_parity_RaceAge': 0.53372896,
          'global_val_f1': 0.7265289,
          'global_val_precision': 0.72826946,
          'global_val_recall': 0.7321366}
message: {'global_early_stopping': 1,
          'global_train_accuracy': 0.7320206,
          'global_train_demographic_parity_Age': 0.30791107,
          'global_train_demographic_parity_Gender': 0.29092854,
          'global_train_demographic_parity_Race': 0.27869642,
          'global_train_demographic_parity_RaceAge': 0.57389534,
          'global_train_f1': 0.7268271,
          'global_train_precision': 0.7286394,
          'global_train_recall': 0.73202056,
          'global_val_accuracy': 0.73206276,
          'global_val_demographic_parity_Age': 0.30147806,
          'global_val_demographic_parity_Gender': 0.29753834,
          'global_val_demographic_parity_Race': 0.27146876,
          'global_val_demographic_parity_RaceAge': 0.52494395,
          'global_val_f1': 0.7263277,
          'global_val_precision': 0.72814786,
          'global_val_recall': 0.73206276}
message: {'global_early_stopping': 2,
          'global_train_accuracy': 0.7326173,
          'global_train_demographic_parity_Age': 0.31051502,
          'global_train_demographic_parity_Gender': 0.29467034,
          'global_train_demographic_parity_Race': 0.27764398,
          'global_train_demographic_parity_RaceAge': 0.57516927,
          'global_train_f1': 0.7275919,
          'global_train_precision': 0.7292612,
          'global_train_recall': 0.73261726,
          'global_val_accuracy': 0.7319225,
          'global_val_demographic_parity_Age': 0.30336836,
          'global_val_demographic_parity_Gender': 0.29860258,
          'global_val_demographic_parity_Race': 0.2702821,
          'global_val_demographic_parity_RaceAge': 0.52827036,
          'global_val_f1': 0.72628367,
          'global_val_precision': 0.7280113,
          'global_val_recall': 0.7319225}
message: {'global_early_stopping': 3,
          'global_train_accuracy': 0.73345363,
          'global_train_demographic_parity_Age': 0.31704774,
          'global_train_demographic_parity_Gender': 0.29659754,
          'global_train_demographic_parity_Race': 0.2757797,
          'global_train_demographic_parity_RaceAge': 0.5779419,
          'global_train_f1': 0.7288529,
          'global_train_precision': 0.7303258,
          'global_train_recall': 0.73345363,
          'global_val_accuracy': 0.73166,
          'global_val_demographic_parity_Age': 0.30905375,
          'global_val_demographic_parity_Gender': 0.30099896,
          'global_val_demographic_parity_Race': 0.2718569,
          'global_val_demographic_parity_RaceAge': 0.53506696,
          'global_val_f1': 0.72644436,
          'global_val_precision': 0.7278368,
          'global_val_recall': 0.73166}
message: {'global_early_stopping': 0,
          'global_train_accuracy': 0.7334996,
          'global_train_demographic_parity_Age': 0.31190628,
          'global_train_demographic_parity_Gender': 0.29682,
          'global_train_demographic_parity_Race': 0.2742023,
          'global_train_demographic_parity_RaceAge': 0.57457435,
          'global_train_f1': 0.7289332,
          'global_train_precision': 0.7304049,
          'global_train_recall': 0.7334996,
          'global_val_accuracy': 0.7324152,
          'global_val_demographic_parity_Age': 0.30367294,
          'global_val_demographic_parity_Gender': 0.30249506,
          'global_val_demographic_parity_Race': 0.2731803,
          'global_val_demographic_parity_RaceAge': 0.53282654,
          'global_val_f1': 0.7272872,
          'global_val_precision': 0.72869694,
          'global_val_recall': 0.7324152}
message: {'global_early_stopping': 0,
          'global_train_accuracy': 0.73442286,
          'global_train_demographic_parity_Age': 0.31696922,
          'global_train_demographic_parity_Gender': 0.29885343,
          'global_train_demographic_parity_Race': 0.27139288,
          'global_train_demographic_parity_RaceAge': 0.5802377,
          'global_train_f1': 0.7302586,
          'global_train_precision': 0.73154867,
          'global_train_recall': 0.7344229,
          'global_val_accuracy': 0.73284024,
          'global_val_demographic_parity_Age': 0.31241432,
          'global_val_demographic_parity_Gender': 0.30357105,
          'global_val_demographic_parity_Race': 0.2724252,
          'global_val_demographic_parity_RaceAge': 0.5503115,
          'global_val_f1': 0.72822714,
          'global_val_precision': 0.7293395,
          'global_val_recall': 0.73284024}
message: {'global_early_stopping': 0,
          'global_train_accuracy': 0.7343376,
          'global_train_demographic_parity_Age': 0.31774127,
          'global_train_demographic_parity_Gender': 0.30030772,
          'global_train_demographic_parity_Race': 0.27181527,
          'global_train_demographic_parity_RaceAge': 0.58142865,
          'global_train_f1': 0.7303363,
          'global_train_precision': 0.73156655,
          'global_train_recall': 0.7343377,
          'global_val_accuracy': 0.7339392,
          'global_val_demographic_parity_Age': 0.3119194,
          'global_val_demographic_parity_Gender': 0.30370992,
          'global_val_demographic_parity_Race': 0.27153,
          'global_val_demographic_parity_RaceAge': 0.5522379,
          'global_val_f1': 0.7295557,
          'global_val_precision': 0.7306028,
          'global_val_recall': 0.7339392}
message: {'global_early_stopping': 0,
          'global_train_accuracy': 0.7346015,
          'global_train_demographic_parity_Age': 0.31757316,
          'global_train_demographic_parity_Gender': 0.30095848,
          'global_train_demographic_parity_Race': 0.2708052,
          'global_train_demographic_parity_RaceAge': 0.58011115,
          'global_train_f1': 0.7306587,
          'global_train_precision': 0.7318483,
          'global_train_recall': 0.7346015,
          'global_val_accuracy': 0.7341833,
          'global_val_demographic_parity_Age': 0.31199497,
          'global_val_demographic_parity_Gender': 0.3031383,
          'global_val_demographic_parity_Race': 0.2712513,
          'global_val_demographic_parity_RaceAge': 0.55081284,
          'global_val_f1': 0.7298302,
          'global_val_precision': 0.73087305,
          'global_val_recall': 0.73418325}
message: {'global_early_stopping': 1,
          'global_train_accuracy': 0.73513657,
          'global_train_demographic_parity_Age': 0.31913063,
          'global_train_demographic_parity_Gender': 0.30027565,
          'global_train_demographic_parity_Race': 0.2695063,
          'global_train_demographic_parity_RaceAge': 0.5788859,
          'global_train_f1': 0.7311624,
          'global_train_precision': 0.7323383,
          'global_train_recall': 0.7351365,
          'global_val_accuracy': 0.73393136,
          'global_val_demographic_parity_Age': 0.31405368,
          'global_val_demographic_parity_Gender': 0.30232266,
          'global_val_demographic_parity_Race': 0.27076975,
          'global_val_demographic_parity_RaceAge': 0.54887784,
          'global_val_f1': 0.72953063,
          'global_val_precision': 0.73054886,
          'global_val_recall': 0.73393136}
message: {'global_early_stopping': 0,
          'global_train_accuracy': 0.7345785,
          'global_train_demographic_parity_Age': 0.3192837,
          'global_train_demographic_parity_Gender': 0.30072102,
          'global_train_demographic_parity_Race': 0.2672568,
          'global_train_demographic_parity_RaceAge': 0.57393706,
          'global_train_f1': 0.73083216,
          'global_train_precision': 0.7320158,
          'global_train_recall': 0.7345785,
          'global_val_accuracy': 0.73423785,
          'global_val_demographic_parity_Age': 0.31159604,
          'global_val_demographic_parity_Gender': 0.30298194,
          'global_val_demographic_parity_Race': 0.27092332,
          'global_val_demographic_parity_RaceAge': 0.549749,
          'global_val_f1': 0.7300265,
          'global_val_precision': 0.7309803,
          'global_val_recall': 0.7342379}
message: {'global_early_stopping': 0,
          'global_train_accuracy': 0.73435843,
          'global_train_demographic_parity_Age': 0.32166243,
          'global_train_demographic_parity_Gender': 0.30018118,
          'global_train_demographic_parity_Race': 0.26405534,
          'global_train_demographic_parity_RaceAge': 0.57608306,
          'global_train_f1': 0.7303885,
          'global_train_precision': 0.7315161,
          'global_train_recall': 0.73435843,
          'global_val_accuracy': 0.73492897,
          'global_val_demographic_parity_Age': 0.31250423,
          'global_val_demographic_parity_Gender': 0.3022129,
          'global_val_demographic_parity_Race': 0.2861253,
          'global_val_demographic_parity_RaceAge': 0.54888934,
          'global_val_f1': 0.73050845,
          'global_val_precision': 0.7315224,
          'global_val_recall': 0.73492897}
message: {'global_early_stopping': 0,
          'global_train_accuracy': 0.7349126,
          'global_train_demographic_parity_Age': 0.32479614,
          'global_train_demographic_parity_Gender': 0.30220467,
          'global_train_demographic_parity_Race': 0.25998375,
          'global_train_demographic_parity_RaceAge': 0.5764406,
          'global_train_f1': 0.7314,
          'global_train_precision': 0.7324443,
          'global_train_recall': 0.7349125,
          'global_val_accuracy': 0.7360281,
          'global_val_demographic_parity_Age': 0.31952482,
          'global_val_demographic_parity_Gender': 0.30308872,
          'global_val_demographic_parity_Race': 0.28216732,
          'global_val_demographic_parity_RaceAge': 0.5551067,
          'global_val_f1': 0.7319773,
          'global_val_precision': 0.7328483,
          'global_val_recall': 0.7360281}
message: {'global_early_stopping': 1,
          'global_train_accuracy': 0.7350575,
          'global_train_demographic_parity_Age': 0.32420912,
          'global_train_demographic_parity_Gender': 0.3001418,
          'global_train_demographic_parity_Race': 0.25858504,
          'global_train_demographic_parity_RaceAge': 0.57372093,
          'global_train_f1': 0.73154336,
          'global_train_precision': 0.73258704,
          'global_train_recall': 0.7350575,
          'global_val_accuracy': 0.73568475,
          'global_val_demographic_parity_Age': 0.3176212,
          'global_val_demographic_parity_Gender': 0.30221254,
          'global_val_demographic_parity_Race': 0.2794965,
          'global_val_demographic_parity_RaceAge': 0.54279864,
          'global_val_f1': 0.7316261,
          'global_val_precision': 0.7324329,
          'global_val_recall': 0.73568475}
message: {'global_early_stopping': 0,
          'global_train_accuracy': 0.7351112,
          'global_train_demographic_parity_Age': 0.32532173,
          'global_train_demographic_parity_Gender': 0.29930347,
          'global_train_demographic_parity_Race': 0.25226623,
          'global_train_demographic_parity_RaceAge': 0.56922525,
          'global_train_f1': 0.731722,
          'global_train_precision': 0.73265916,
          'global_train_recall': 0.7351112,
          'global_val_accuracy': 0.7359518,
          'global_val_demographic_parity_Age': 0.31796306,
          'global_val_demographic_parity_Gender': 0.3019392,
          'global_val_demographic_parity_Race': 0.27267474,
          'global_val_demographic_parity_RaceAge': 0.54181105,
          'global_val_f1': 0.73200417,
          'global_val_precision': 0.73274887,
          'global_val_recall': 0.7359518}
message: {'global_early_stopping': 0,
          'global_train_accuracy': 0.73567957,
          'global_train_demographic_parity_Age': 0.3249279,
          'global_train_demographic_parity_Gender': 0.29734227,
          'global_train_demographic_parity_Race': 0.25114992,
          'global_train_demographic_parity_RaceAge': 0.5686611,
          'global_train_f1': 0.73223,
          'global_train_precision': 0.73318833,
          'global_train_recall': 0.73567957,
          'global_val_accuracy': 0.7360781,
          'global_val_demographic_parity_Age': 0.31760722,
          'global_val_demographic_parity_Gender': 0.30113876,
          'global_val_demographic_parity_Race': 0.26977336,
          'global_val_demographic_parity_RaceAge': 0.5403752,
          'global_val_f1': 0.7321014,
          'global_val_precision': 0.7328156,
          'global_val_recall': 0.73607814}
message: {'global_early_stopping': 0,
          'global_train_accuracy': 0.7357617,
          'global_train_demographic_parity_Age': 0.32851842,
          'global_train_demographic_parity_Gender': 0.29872698,
          'global_train_demographic_parity_Race': 0.24934462,
          'global_train_demographic_parity_RaceAge': 0.5685922,
          'global_train_f1': 0.7325105,
          'global_train_precision': 0.73338115,
          'global_train_recall': 0.7357617,
          'global_val_accuracy': 0.7361525,
          'global_val_demographic_parity_Age': 0.3243886,
          'global_val_demographic_parity_Gender': 0.30142796,
          'global_val_demographic_parity_Race': 0.26659244,
          'global_val_demographic_parity_RaceAge': 0.5402576,
          'global_val_f1': 0.7323518,
          'global_val_precision': 0.73297817,
          'global_val_recall': 0.7361525}
message: {'global_early_stopping': 0,
          'global_train_accuracy': 0.7358648,
          'global_train_demographic_parity_Age': 0.32978377,
          'global_train_demographic_parity_Gender': 0.2966395,
          'global_train_demographic_parity_Race': 0.24486013,
          'global_train_demographic_parity_RaceAge': 0.5679971,
          'global_train_f1': 0.732573,
          'global_train_precision': 0.7334105,
          'global_train_recall': 0.7358649,
          'global_val_accuracy': 0.73629284,
          'global_val_demographic_parity_Age': 0.3256095,
          'global_val_demographic_parity_Gender': 0.2989742,
          'global_val_demographic_parity_Race': 0.260202,
          'global_val_demographic_parity_RaceAge': 0.539583,
          'global_val_f1': 0.7324666,
          'global_val_precision': 0.7330819,
          'global_val_recall': 0.7362927}
message: {'global_early_stopping': 0,
          'global_train_accuracy': 0.7359649,
          'global_train_demographic_parity_Age': 0.32842833,
          'global_train_demographic_parity_Gender': 0.29590195,
          'global_train_demographic_parity_Race': 0.24672318,
          'global_train_demographic_parity_RaceAge': 0.5656053,
          'global_train_f1': 0.7324355,
          'global_train_precision': 0.73337805,
          'global_train_recall': 0.7359649,
          'global_val_accuracy': 0.73671454,
          'global_val_demographic_parity_Age': 0.32121053,
          'global_val_demographic_parity_Gender': 0.298459,
          'global_val_demographic_parity_Race': 0.2618187,
          'global_val_demographic_parity_RaceAge': 0.5384738,
          'global_val_f1': 0.73262054,
          'global_val_precision': 0.7332946,
          'global_val_recall': 0.73671454}
message: {'global_early_stopping': 0,
          'global_train_accuracy': 0.73601824,
          'global_train_demographic_parity_Age': 0.32977945,
          'global_train_demographic_parity_Gender': 0.2973919,
          'global_train_demographic_parity_Race': 0.2450169,
          'global_train_demographic_parity_RaceAge': 0.565914,
          'global_train_f1': 0.73261726,
          'global_train_precision': 0.73347443,
          'global_train_recall': 0.7360183,
          'global_val_accuracy': 0.7370081,
          'global_val_demographic_parity_Age': 0.3256668,
          'global_val_demographic_parity_Gender': 0.298194,
          'global_val_demographic_parity_Race': 0.26306126,
          'global_val_demographic_parity_RaceAge': 0.5393054,
          'global_val_f1': 0.73310375,
          'global_val_precision': 0.73373187,
          'global_val_recall': 0.7370081}
message: {'global_early_stopping': 1,
          'global_train_accuracy': 0.7363249,
          'global_train_demographic_parity_Age': 0.32435462,
          'global_train_demographic_parity_Gender': 0.2958821,
          'global_train_demographic_parity_Race': 0.24481118,
          'global_train_demographic_parity_RaceAge': 0.5611762,
          'global_train_f1': 0.7326728,
          'global_train_precision': 0.7336263,
          'global_train_recall': 0.7363249,
          'global_val_accuracy': 0.73694396,
          'global_val_demographic_parity_Age': 0.32073435,
          'global_val_demographic_parity_Gender': 0.29866335,
          'global_val_demographic_parity_Race': 0.26409903,
          'global_val_demographic_parity_RaceAge': 0.5365389,
          'global_val_f1': 0.73285997,
          'global_val_precision': 0.73354554,
          'global_val_recall': 0.73694396}
message: {'global_early_stopping': 0,
          'global_train_accuracy': 0.7370321,
          'global_train_demographic_parity_Age': 0.32924113,
          'global_train_demographic_parity_Gender': 0.29798225,
          'global_train_demographic_parity_Race': 0.2434465,
          'global_train_demographic_parity_RaceAge': 0.5652959,
          'global_train_f1': 0.733975,
          'global_train_precision': 0.73482174,
          'global_train_recall': 0.7370321,
          'global_val_accuracy': 0.73768985,
          'global_val_demographic_parity_Age': 0.32678762,
          'global_val_demographic_parity_Gender': 0.29965514,
          'global_val_demographic_parity_Race': 0.2605637,
          'global_val_demographic_parity_RaceAge': 0.5393149,
          'global_val_f1': 0.7340733,
          'global_val_precision': 0.7346221,
          'global_val_recall': 0.73768985}
message: {'global_early_stopping': 1,
          'global_train_accuracy': 0.7369973,
          'global_train_demographic_parity_Age': 0.32662326,
          'global_train_demographic_parity_Gender': 0.29612145,
          'global_train_demographic_parity_Race': 0.24637361,
          'global_train_demographic_parity_RaceAge': 0.5636216,
          'global_train_f1': 0.73364663,
          'global_train_precision': 0.7345387,
          'global_train_recall': 0.7369973,
          'global_val_accuracy': 0.73770833,
          'global_val_demographic_parity_Age': 0.32435045,
          'global_val_demographic_parity_Gender': 0.2981284,
          'global_val_demographic_parity_Race': 0.25890732,
          'global_val_demographic_parity_RaceAge': 0.5378029,
          'global_val_f1': 0.73392534,
          'global_val_precision': 0.7345054,
          'global_val_recall': 0.7377083}
message: {'global_early_stopping': 0,
          'global_train_accuracy': 0.7372153,
          'global_train_demographic_parity_Age': 0.32906976,
          'global_train_demographic_parity_Gender': 0.29759377,
          'global_train_demographic_parity_Race': 0.24678612,
          'global_train_demographic_parity_RaceAge': 0.56562954,
          'global_train_f1': 0.7338698,
          'global_train_precision': 0.73479146,
          'global_train_recall': 0.7372153,
          'global_val_accuracy': 0.738337,
          'global_val_demographic_parity_Age': 0.3268439,
          'global_val_demographic_parity_Gender': 0.29957145,
          'global_val_demographic_parity_Race': 0.2654105,
          'global_val_demographic_parity_RaceAge': 0.54197043,
          'global_val_f1': 0.7345646,
          'global_val_precision': 0.7351546,
          'global_val_recall': 0.73833704}
message: {'final_global_early_stopping': 0,
          'final_global_train_accuracy': 0.7372153,
          'final_global_train_demographic_parity_Age': 0.32906976,
          'final_global_train_demographic_parity_Gender': 0.29759377,
          'final_global_train_demographic_parity_Race': 0.24678612,
          'final_global_train_demographic_parity_RaceAge': 0.56562954,
          'final_global_train_f1': 0.7338698,
          'final_global_train_precision': 0.73479146,
          'final_global_train_recall': 0.7372153,
          'final_global_val_accuracy': 0.738337,
          'final_global_val_demographic_parity_Age': 0.3268439,
          'final_global_val_demographic_parity_Gender': 0.29957145,
          'final_global_val_demographic_parity_Race': 0.2654105,
          'final_global_val_demographic_parity_RaceAge': 0.54197043,
          'final_global_val_f1': 0.7345646,
          'final_global_val_precision': 0.7351546,
          'final_global_val_recall': 0.73833704}
