message: {'global_train_accuracy': tensor(0.4561),
          'global_train_f1': tensor(0.2857),
          'global_train_precision': tensor(0.2080),
          'global_train_recall': tensor(0.4561),
          'global_val_accuracy': tensor(0.4561),
          'global_val_f1': tensor(0.2857),
          'global_val_precision': tensor(0.2080),
          'global_val_recall': tensor(0.4561)}
message: {'global_train_accuracy': tensor(0.8204),
          'global_train_f1': tensor(0.8203),
          'global_train_precision': tensor(0.8203),
          'global_train_recall': tensor(0.8204),
          'global_val_accuracy': tensor(0.8214),
          'global_val_f1': tensor(0.8213),
          'global_val_precision': tensor(0.8212),
          'global_val_recall': tensor(0.8214),
          'local_train_accuracy': tensor(0.8259),
          'local_train_f1': tensor(0.8263),
          'local_train_precision': tensor(0.8307),
          'local_train_recall': tensor(0.8259),
          'local_val_accuracy': tensor(0.8244),
          'local_val_f1': tensor(0.8248),
          'local_val_precision': tensor(0.8288),
          'local_val_recall': tensor(0.8244)}
