message: {'global_train_accuracy': tensor(0.4180),
          'global_train_f1': tensor(0.2464),
          'global_train_precision': tensor(0.1747),
          'global_train_recall': tensor(0.4180),
          'global_val_accuracy': tensor(0.4180),
          'global_val_f1': tensor(0.2464),
          'global_val_precision': tensor(0.1747),
          'global_val_recall': tensor(0.4180)}
message: {'global_train_accuracy': tensor(0.8244),
          'global_train_f1': tensor(0.8247),
          'global_train_precision': tensor(0.8253),
          'global_train_recall': tensor(0.8244),
          'global_val_accuracy': tensor(0.8225),
          'global_val_f1': tensor(0.8229),
          'global_val_precision': tensor(0.8235),
          'global_val_recall': tensor(0.8225),
          'local_train_accuracy': tensor(0.8225),
          'local_train_f1': tensor(0.8237),
          'local_train_precision': tensor(0.8354),
          'local_train_recall': tensor(0.8225),
          'local_val_accuracy': tensor(0.8192),
          'local_val_f1': tensor(0.8204),
          'local_val_precision': tensor(0.8330),
          'local_val_recall': tensor(0.8192)}
