message: {'model_checkpoint': 1,
          'train_accuracy': tensor(0.2803),
          'train_demographic_parity_Age': tensor(0.3173),
          'train_demographic_parity_Gender': tensor(0.0135),
          'train_demographic_parity_Race': tensor(0.0277),
          'train_demographic_parity_RaceAge': tensor(0.3272),
          'train_f1': tensor(0.2182),
          'train_precision': tensor(0.3144),
          'train_recall': tensor(0.2803),
          'val_accuracy': tensor(0.2925),
          'val_demographic_parity_Age': tensor(0.3302),
          'val_demographic_parity_Gender': tensor(0.0372),
          'val_demographic_parity_Race': tensor(0.0018),
          'val_demographic_parity_RaceAge': tensor(0.3580),
          'val_f1': tensor(0.2334),
          'val_precision': tensor(0.3429),
          'val_recall': tensor(0.2925)}
message: {'model_checkpoint': 1,
          'train_accuracy': tensor(0.7249),
          'train_demographic_parity_Age': tensor(0.8020),
          'train_demographic_parity_Gender': tensor(0.1620),
          'train_demographic_parity_Race': tensor(0.1751),
          'train_demographic_parity_RaceAge': tensor(0.8049),
          'train_f1': tensor(0.7321),
          'train_precision': tensor(0.7581),
          'train_recall': tensor(0.7249),
          'val_accuracy': tensor(0.7199),
          'val_demographic_parity_Age': tensor(0.7956),
          'val_demographic_parity_Gender': tensor(0.1626),
          'val_demographic_parity_Race': tensor(0.1978),
          'val_demographic_parity_RaceAge': tensor(0.7781),
          'val_f1': tensor(0.7270),
          'val_precision': tensor(0.7512),
          'val_recall': tensor(0.7199)}
message: {'model_checkpoint': 0,
          'train_accuracy': tensor(0.7317),
          'train_demographic_parity_Age': tensor(0.2565),
          'train_demographic_parity_Gender': tensor(0.1407),
          'train_demographic_parity_Race': tensor(0.1553),
          'train_demographic_parity_RaceAge': tensor(0.3659),
          'train_f1': tensor(0.6995),
          'train_precision': tensor(0.7269),
          'train_recall': tensor(0.7317),
          'val_accuracy': tensor(0.7315),
          'val_demographic_parity_Age': tensor(0.2628),
          'val_demographic_parity_Gender': tensor(0.1329),
          'val_demographic_parity_Race': tensor(0.1426),
          'val_demographic_parity_RaceAge': tensor(0.3727),
          'val_f1': tensor(0.6995),
          'val_precision': tensor(0.7263),
          'val_recall': tensor(0.7315)}
message: {'model_checkpoint': 1,
          'train_accuracy': tensor(0.7522),
          'train_demographic_parity_Age': tensor(0.6335),
          'train_demographic_parity_Gender': tensor(0.2088),
          'train_demographic_parity_Race': tensor(0.2095),
          'train_demographic_parity_RaceAge': tensor(0.6720),
          'train_f1': tensor(0.7546),
          'train_precision': tensor(0.7582),
          'train_recall': tensor(0.7522),
          'val_accuracy': tensor(0.7488),
          'val_demographic_parity_Age': tensor(0.6225),
          'val_demographic_parity_Gender': tensor(0.1982),
          'val_demographic_parity_Race': tensor(0.2232),
          'val_demographic_parity_RaceAge': tensor(0.6498),
          'val_f1': tensor(0.7505),
          'val_precision': tensor(0.7526),
          'val_recall': tensor(0.7488)}
message: {'model_checkpoint': 0,
          'train_accuracy': tensor(0.7373),
          'train_demographic_parity_Age': tensor(0.2674),
          'train_demographic_parity_Gender': tensor(0.1432),
          'train_demographic_parity_Race': tensor(0.1732),
          'train_demographic_parity_RaceAge': tensor(0.3744),
          'train_f1': tensor(0.7070),
          'train_precision': tensor(0.7337),
          'train_recall': tensor(0.7373),
          'val_accuracy': tensor(0.7365),
          'val_demographic_parity_Age': tensor(0.2771),
          'val_demographic_parity_Gender': tensor(0.1384),
          'val_demographic_parity_Race': tensor(0.1589),
          'val_demographic_parity_RaceAge': tensor(0.3935),
          'val_f1': tensor(0.7061),
          'val_precision': tensor(0.7326),
          'val_recall': tensor(0.7365)}
message: {'model_checkpoint': 1,
          'train_accuracy': tensor(0.7572),
          'train_demographic_parity_Age': tensor(0.6131),
          'train_demographic_parity_Gender': tensor(0.2162),
          'train_demographic_parity_Race': tensor(0.2172),
          'train_demographic_parity_RaceAge': tensor(0.6582),
          'train_f1': tensor(0.7591),
          'train_precision': tensor(0.7619),
          'train_recall': tensor(0.7572),
          'val_accuracy': tensor(0.7522),
          'val_demographic_parity_Age': tensor(0.6014),
          'val_demographic_parity_Gender': tensor(0.2057),
          'val_demographic_parity_Race': tensor(0.2255),
          'val_demographic_parity_RaceAge': tensor(0.6286),
          'val_f1': tensor(0.7536),
          'val_precision': tensor(0.7554),
          'val_recall': tensor(0.7522)}
message: {'model_checkpoint': 0,
          'train_accuracy': tensor(0.7518),
          'train_demographic_parity_Age': tensor(0.3178),
          'train_demographic_parity_Gender': tensor(0.1705),
          'train_demographic_parity_Race': tensor(0.2150),
          'train_demographic_parity_RaceAge': tensor(0.3978),
          'train_f1': tensor(0.7310),
          'train_precision': tensor(0.7464),
          'train_recall': tensor(0.7518),
          'val_accuracy': tensor(0.7528),
          'val_demographic_parity_Age': tensor(0.3396),
          'val_demographic_parity_Gender': tensor(0.1666),
          'val_demographic_parity_Race': tensor(0.2093),
          'val_demographic_parity_RaceAge': tensor(0.4072),
          'val_f1': tensor(0.7327),
          'val_precision': tensor(0.7473),
          'val_recall': tensor(0.7528)}
message: {'model_checkpoint': 0,
          'train_accuracy': tensor(0.7495),
          'train_demographic_parity_Age': tensor(0.6480),
          'train_demographic_parity_Gender': tensor(0.2130),
          'train_demographic_parity_Race': tensor(0.1889),
          'train_demographic_parity_RaceAge': tensor(0.6758),
          'train_f1': tensor(0.7537),
          'train_precision': tensor(0.7629),
          'train_recall': tensor(0.7495),
          'val_accuracy': tensor(0.7478),
          'val_demographic_parity_Age': tensor(0.6283),
          'val_demographic_parity_Gender': tensor(0.1977),
          'val_demographic_parity_Race': tensor(0.2060),
          'val_demographic_parity_RaceAge': tensor(0.6345),
          'val_f1': tensor(0.7514),
          'val_precision': tensor(0.7582),
          'val_recall': tensor(0.7478)}
message: {'model_checkpoint': 0,
          'train_accuracy': tensor(0.7580),
          'train_demographic_parity_Age': tensor(0.3538),
          'train_demographic_parity_Gender': tensor(0.1859),
          'train_demographic_parity_Race': tensor(0.2392),
          'train_demographic_parity_RaceAge': tensor(0.4300),
          'train_f1': tensor(0.7414),
          'train_precision': tensor(0.7516),
          'train_recall': tensor(0.7580),
          'val_accuracy': tensor(0.7582),
          'val_demographic_parity_Age': tensor(0.3721),
          'val_demographic_parity_Gender': tensor(0.1828),
          'val_demographic_parity_Race': tensor(0.2237),
          'val_demographic_parity_RaceAge': tensor(0.4389),
          'val_f1': tensor(0.7422),
          'val_precision': tensor(0.7516),
          'val_recall': tensor(0.7582)}
message: {'model_checkpoint': 0,
          'train_accuracy': tensor(0.7495),
          'train_demographic_parity_Age': tensor(0.6457),
          'train_demographic_parity_Gender': tensor(0.2116),
          'train_demographic_parity_Race': tensor(0.1862),
          'train_demographic_parity_RaceAge': tensor(0.6700),
          'train_f1': tensor(0.7541),
          'train_precision': tensor(0.7651),
          'train_recall': tensor(0.7495),
          'val_accuracy': tensor(0.7460),
          'val_demographic_parity_Age': tensor(0.6369),
          'val_demographic_parity_Gender': tensor(0.2009),
          'val_demographic_parity_Race': tensor(0.1970),
          'val_demographic_parity_RaceAge': tensor(0.6369),
          'val_f1': tensor(0.7502),
          'val_precision': tensor(0.7587),
          'val_recall': tensor(0.7460)}
message: {'model_checkpoint': 0,
          'train_accuracy': tensor(0.7642),
          'train_demographic_parity_Age': tensor(0.3875),
          'train_demographic_parity_Gender': tensor(0.2052),
          'train_demographic_parity_Race': tensor(0.2423),
          'train_demographic_parity_RaceAge': tensor(0.4618),
          'train_f1': tensor(0.7513),
          'train_precision': tensor(0.7573),
          'train_recall': tensor(0.7642),
          'val_accuracy': tensor(0.7621),
          'val_demographic_parity_Age': tensor(0.4069),
          'val_demographic_parity_Gender': tensor(0.2020),
          'val_demographic_parity_Race': tensor(0.2381),
          'val_demographic_parity_RaceAge': tensor(0.4708),
          'val_f1': tensor(0.7493),
          'val_precision': tensor(0.7548),
          'val_recall': tensor(0.7621)}
message: {'model_checkpoint': 0,
          'train_accuracy': tensor(0.7472),
          'train_demographic_parity_Age': tensor(0.6436),
          'train_demographic_parity_Gender': tensor(0.2160),
          'train_demographic_parity_Race': tensor(0.1825),
          'train_demographic_parity_RaceAge': tensor(0.6582),
          'train_f1': tensor(0.7522),
          'train_precision': tensor(0.7648),
          'train_recall': tensor(0.7472),
          'val_accuracy': tensor(0.7441),
          'val_demographic_parity_Age': tensor(0.6383),
          'val_demographic_parity_Gender': tensor(0.2015),
          'val_demographic_parity_Race': tensor(0.1870),
          'val_demographic_parity_RaceAge': tensor(0.6272),
          'val_f1': tensor(0.7486),
          'val_precision': tensor(0.7588),
          'val_recall': tensor(0.7441)}
message: {'model_checkpoint': 1,
          'train_accuracy': tensor(0.7675),
          'train_demographic_parity_Age': tensor(0.4153),
          'train_demographic_parity_Gender': tensor(0.2168),
          'train_demographic_parity_Race': tensor(0.2361),
          'train_demographic_parity_RaceAge': tensor(0.4831),
          'train_f1': tensor(0.7572),
          'train_precision': tensor(0.7604),
          'train_recall': tensor(0.7675),
          'val_accuracy': tensor(0.7643),
          'val_demographic_parity_Age': tensor(0.4312),
          'val_demographic_parity_Gender': tensor(0.2128),
          'val_demographic_parity_Race': tensor(0.2363),
          'val_demographic_parity_RaceAge': tensor(0.4819),
          'val_f1': tensor(0.7540),
          'val_precision': tensor(0.7568),
          'val_recall': tensor(0.7643)}
message: {'model_checkpoint': 0,
          'train_accuracy': tensor(0.7450),
          'train_demographic_parity_Age': tensor(0.6535),
          'train_demographic_parity_Gender': tensor(0.2149),
          'train_demographic_parity_Race': tensor(0.1697),
          'train_demographic_parity_RaceAge': tensor(0.6515),
          'train_f1': tensor(0.7506),
          'train_precision': tensor(0.7663),
          'train_recall': tensor(0.7450),
          'val_accuracy': tensor(0.7434),
          'val_demographic_parity_Age': tensor(0.6473),
          'val_demographic_parity_Gender': tensor(0.1994),
          'val_demographic_parity_Race': tensor(0.1781),
          'val_demographic_parity_RaceAge': tensor(0.6234),
          'val_f1': tensor(0.7486),
          'val_precision': tensor(0.7613),
          'val_recall': tensor(0.7434)}
message: {'model_checkpoint': 1,
          'train_accuracy': tensor(0.7689),
          'train_demographic_parity_Age': tensor(0.4305),
          'train_demographic_parity_Gender': tensor(0.2180),
          'train_demographic_parity_Race': tensor(0.2300),
          'train_demographic_parity_RaceAge': tensor(0.4887),
          'train_f1': tensor(0.7600),
          'train_precision': tensor(0.7619),
          'train_recall': tensor(0.7689),
          'val_accuracy': tensor(0.7643),
          'val_demographic_parity_Age': tensor(0.4410),
          'val_demographic_parity_Gender': tensor(0.2169),
          'val_demographic_parity_Race': tensor(0.2385),
          'val_demographic_parity_RaceAge': tensor(0.4861),
          'val_f1': tensor(0.7551),
          'val_precision': tensor(0.7568),
          'val_recall': tensor(0.7643)}
message: {'model_checkpoint': 0,
          'train_accuracy': tensor(0.7455),
          'train_demographic_parity_Age': tensor(0.6541),
          'train_demographic_parity_Gender': tensor(0.2151),
          'train_demographic_parity_Race': tensor(0.1698),
          'train_demographic_parity_RaceAge': tensor(0.6513),
          'train_f1': tensor(0.7512),
          'train_precision': tensor(0.7674),
          'train_recall': tensor(0.7455),
          'val_accuracy': tensor(0.7441),
          'val_demographic_parity_Age': tensor(0.6459),
          'val_demographic_parity_Gender': tensor(0.2002),
          'val_demographic_parity_Race': tensor(0.1733),
          'val_demographic_parity_RaceAge': tensor(0.6083),
          'val_f1': tensor(0.7493),
          'val_precision': tensor(0.7625),
          'val_recall': tensor(0.7441)}
message: {'model_checkpoint': 0,
          'train_accuracy': tensor(0.7691),
          'train_demographic_parity_Age': tensor(0.4393),
          'train_demographic_parity_Gender': tensor(0.2219),
          'train_demographic_parity_Race': tensor(0.2258),
          'train_demographic_parity_RaceAge': tensor(0.4924),
          'train_f1': tensor(0.7610),
          'train_precision': tensor(0.7620),
          'train_recall': tensor(0.7691),
          'val_accuracy': tensor(0.7633),
          'val_demographic_parity_Age': tensor(0.4494),
          'val_demographic_parity_Gender': tensor(0.2210),
          'val_demographic_parity_Race': tensor(0.2353),
          'val_demographic_parity_RaceAge': tensor(0.4898),
          'val_f1': tensor(0.7550),
          'val_precision': tensor(0.7557),
          'val_recall': tensor(0.7633)}
message: {'model_checkpoint': 0,
          'train_accuracy': tensor(0.7456),
          'train_demographic_parity_Age': tensor(0.6582),
          'train_demographic_parity_Gender': tensor(0.2139),
          'train_demographic_parity_Race': tensor(0.1645),
          'train_demographic_parity_RaceAge': tensor(0.6505),
          'train_f1': tensor(0.7514),
          'train_precision': tensor(0.7687),
          'train_recall': tensor(0.7456),
          'val_accuracy': tensor(0.7421),
          'val_demographic_parity_Age': tensor(0.6494),
          'val_demographic_parity_Gender': tensor(0.2042),
          'val_demographic_parity_Race': tensor(0.1749),
          'val_demographic_parity_RaceAge': tensor(0.6148),
          'val_f1': tensor(0.7476),
          'val_precision': tensor(0.7622),
          'val_recall': tensor(0.7421)}
message: {'model_checkpoint': 1,
          'train_accuracy': tensor(0.7703),
          'train_demographic_parity_Age': tensor(0.4356),
          'train_demographic_parity_Gender': tensor(0.2221),
          'train_demographic_parity_Race': tensor(0.2233),
          'train_demographic_parity_RaceAge': tensor(0.4879),
          'train_f1': tensor(0.7621),
          'train_precision': tensor(0.7634),
          'train_recall': tensor(0.7703),
          'val_accuracy': tensor(0.7636),
          'val_demographic_parity_Age': tensor(0.4472),
          'val_demographic_parity_Gender': tensor(0.2237),
          'val_demographic_parity_Race': tensor(0.2353),
          'val_demographic_parity_RaceAge': tensor(0.4878),
          'val_f1': tensor(0.7551),
          'val_precision': tensor(0.7561),
          'val_recall': tensor(0.7636)}
message: {'model_checkpoint': 0,
          'train_accuracy': tensor(0.7450),
          'train_demographic_parity_Age': tensor(0.6565),
          'train_demographic_parity_Gender': tensor(0.2201),
          'train_demographic_parity_Race': tensor(0.1651),
          'train_demographic_parity_RaceAge': tensor(0.6483),
          'train_f1': tensor(0.7508),
          'train_precision': tensor(0.7685),
          'train_recall': tensor(0.7450),
          'val_accuracy': tensor(0.7415),
          'val_demographic_parity_Age': tensor(0.6501),
          'val_demographic_parity_Gender': tensor(0.2069),
          'val_demographic_parity_Race': tensor(0.1730),
          'val_demographic_parity_RaceAge': tensor(0.6154),
          'val_f1': tensor(0.7470),
          'val_precision': tensor(0.7618),
          'val_recall': tensor(0.7415)}
message: {'model_checkpoint': 1,
          'train_accuracy': tensor(0.7702),
          'train_demographic_parity_Age': tensor(0.4389),
          'train_demographic_parity_Gender': tensor(0.2262),
          'train_demographic_parity_Race': tensor(0.2214),
          'train_demographic_parity_RaceAge': tensor(0.4898),
          'train_f1': tensor(0.7621),
          'train_precision': tensor(0.7633),
          'train_recall': tensor(0.7702),
          'val_accuracy': tensor(0.7645),
          'val_demographic_parity_Age': tensor(0.4518),
          'val_demographic_parity_Gender': tensor(0.2233),
          'val_demographic_parity_Race': tensor(0.2329),
          'val_demographic_parity_RaceAge': tensor(0.4926),
          'val_f1': tensor(0.7561),
          'val_precision': tensor(0.7571),
          'val_recall': tensor(0.7645)}
message: {'model_checkpoint': 0,
          'train_accuracy': tensor(0.7451),
          'train_demographic_parity_Age': tensor(0.6592),
          'train_demographic_parity_Gender': tensor(0.2247),
          'train_demographic_parity_Race': tensor(0.1680),
          'train_demographic_parity_RaceAge': tensor(0.6509),
          'train_f1': tensor(0.7509),
          'train_precision': tensor(0.7681),
          'train_recall': tensor(0.7451),
          'val_accuracy': tensor(0.7425),
          'val_demographic_parity_Age': tensor(0.6505),
          'val_demographic_parity_Gender': tensor(0.2073),
          'val_demographic_parity_Race': tensor(0.1710),
          'val_demographic_parity_RaceAge': tensor(0.6141),
          'val_f1': tensor(0.7479),
          'val_precision': tensor(0.7619),
          'val_recall': tensor(0.7425)}
message: {'model_checkpoint': 1,
          'train_accuracy': tensor(0.7701),
          'train_demographic_parity_Age': tensor(0.4453),
          'train_demographic_parity_Gender': tensor(0.2272),
          'train_demographic_parity_Race': tensor(0.2176),
          'train_demographic_parity_RaceAge': tensor(0.4937),
          'train_f1': tensor(0.7624),
          'train_precision': tensor(0.7632),
          'train_recall': tensor(0.7701),
          'val_accuracy': tensor(0.7653),
          'val_demographic_parity_Age': tensor(0.4610),
          'val_demographic_parity_Gender': tensor(0.2241),
          'val_demographic_parity_Race': tensor(0.2267),
          'val_demographic_parity_RaceAge': tensor(0.4937),
          'val_f1': tensor(0.7576),
          'val_precision': tensor(0.7580),
          'val_recall': tensor(0.7653)}
message: {'model_checkpoint': 0,
          'train_accuracy': tensor(0.7446),
          'train_demographic_parity_Age': tensor(0.6617),
          'train_demographic_parity_Gender': tensor(0.2283),
          'train_demographic_parity_Race': tensor(0.1686),
          'train_demographic_parity_RaceAge': tensor(0.6451),
          'train_f1': tensor(0.7505),
          'train_precision': tensor(0.7686),
          'train_recall': tensor(0.7446),
          'val_accuracy': tensor(0.7411),
          'val_demographic_parity_Age': tensor(0.6571),
          'val_demographic_parity_Gender': tensor(0.2104),
          'val_demographic_parity_Race': tensor(0.1682),
          'val_demographic_parity_RaceAge': tensor(0.6124),
          'val_f1': tensor(0.7467),
          'val_precision': tensor(0.7622),
          'val_recall': tensor(0.7411)}
message: {'model_checkpoint': 1,
          'train_accuracy': tensor(0.7700),
          'train_demographic_parity_Age': tensor(0.4414),
          'train_demographic_parity_Gender': tensor(0.2252),
          'train_demographic_parity_Race': tensor(0.2132),
          'train_demographic_parity_RaceAge': tensor(0.4898),
          'train_f1': tensor(0.7622),
          'train_precision': tensor(0.7630),
          'train_recall': tensor(0.7700),
          'val_accuracy': tensor(0.7660),
          'val_demographic_parity_Age': tensor(0.4581),
          'val_demographic_parity_Gender': tensor(0.2240),
          'val_demographic_parity_Race': tensor(0.2242),
          'val_demographic_parity_RaceAge': tensor(0.4904),
          'val_f1': tensor(0.7581),
          'val_precision': tensor(0.7587),
          'val_recall': tensor(0.7660)}
message: {'model_checkpoint': 0,
          'train_accuracy': tensor(0.7438),
          'train_demographic_parity_Age': tensor(0.6634),
          'train_demographic_parity_Gender': tensor(0.2272),
          'train_demographic_parity_Race': tensor(0.1667),
          'train_demographic_parity_RaceAge': tensor(0.6436),
          'train_f1': tensor(0.7498),
          'train_precision': tensor(0.7686),
          'train_recall': tensor(0.7438),
          'val_accuracy': tensor(0.7407),
          'val_demographic_parity_Age': tensor(0.6592),
          'val_demographic_parity_Gender': tensor(0.2111),
          'val_demographic_parity_Race': tensor(0.1639),
          'val_demographic_parity_RaceAge': tensor(0.6103),
          'val_f1': tensor(0.7465),
          'val_precision': tensor(0.7630),
          'val_recall': tensor(0.7407)}
message: {'model_checkpoint': 0,
          'train_accuracy': tensor(0.7696),
          'train_demographic_parity_Age': tensor(0.4523),
          'train_demographic_parity_Gender': tensor(0.2251),
          'train_demographic_parity_Race': tensor(0.2105),
          'train_demographic_parity_RaceAge': tensor(0.4983),
          'train_f1': tensor(0.7625),
          'train_precision': tensor(0.7627),
          'train_recall': tensor(0.7696),
          'val_accuracy': tensor(0.7652),
          'val_demographic_parity_Age': tensor(0.4658),
          'val_demographic_parity_Gender': tensor(0.2241),
          'val_demographic_parity_Race': tensor(0.2205),
          'val_demographic_parity_RaceAge': tensor(0.4969),
          'val_f1': tensor(0.7580),
          'val_precision': tensor(0.7581),
          'val_recall': tensor(0.7652)}
message: {'model_checkpoint': 0,
          'train_accuracy': tensor(0.7433),
          'train_demographic_parity_Age': tensor(0.6653),
          'train_demographic_parity_Gender': tensor(0.2286),
          'train_demographic_parity_Race': tensor(0.1628),
          'train_demographic_parity_RaceAge': tensor(0.6430),
          'train_f1': tensor(0.7494),
          'train_precision': tensor(0.7683),
          'train_recall': tensor(0.7433),
          'val_accuracy': tensor(0.7409),
          'val_demographic_parity_Age': tensor(0.6592),
          'val_demographic_parity_Gender': tensor(0.2118),
          'val_demographic_parity_Race': tensor(0.1625),
          'val_demographic_parity_RaceAge': tensor(0.6096),
          'val_f1': tensor(0.7466),
          'val_precision': tensor(0.7631),
          'val_recall': tensor(0.7409)}
message: {'model_checkpoint': 0,
          'train_accuracy': tensor(0.7693),
          'train_demographic_parity_Age': tensor(0.4545),
          'train_demographic_parity_Gender': tensor(0.2257),
          'train_demographic_parity_Race': tensor(0.2076),
          'train_demographic_parity_RaceAge': tensor(0.4996),
          'train_f1': tensor(0.7625),
          'train_precision': tensor(0.7625),
          'train_recall': tensor(0.7693),
          'val_accuracy': tensor(0.7651),
          'val_demographic_parity_Age': tensor(0.4678),
          'val_demographic_parity_Gender': tensor(0.2233),
          'val_demographic_parity_Race': tensor(0.2156),
          'val_demographic_parity_RaceAge': tensor(0.4956),
          'val_f1': tensor(0.7580),
          'val_precision': tensor(0.7579),
          'val_recall': tensor(0.7651)}
message: {'model_checkpoint': 0,
          'train_accuracy': tensor(0.7437),
          'train_demographic_parity_Age': tensor(0.6608),
          'train_demographic_parity_Gender': tensor(0.2291),
          'train_demographic_parity_Race': tensor(0.1589),
          'train_demographic_parity_RaceAge': tensor(0.6391),
          'train_f1': tensor(0.7497),
          'train_precision': tensor(0.7684),
          'train_recall': tensor(0.7437),
          'val_accuracy': tensor(0.7411),
          'val_demographic_parity_Age': tensor(0.6573),
          'val_demographic_parity_Gender': tensor(0.2127),
          'val_demographic_parity_Race': tensor(0.1625),
          'val_demographic_parity_RaceAge': tensor(0.6083),
          'val_f1': tensor(0.7469),
          'val_precision': tensor(0.7632),
          'val_recall': tensor(0.7411)}
message: {'model_checkpoint': 0,
          'train_accuracy': tensor(0.7689),
          'train_demographic_parity_Age': tensor(0.4549),
          'train_demographic_parity_Gender': tensor(0.2278),
          'train_demographic_parity_Race': tensor(0.2066),
          'train_demographic_parity_RaceAge': tensor(0.4996),
          'train_f1': tensor(0.7621),
          'train_precision': tensor(0.7621),
          'train_recall': tensor(0.7689),
          'val_accuracy': tensor(0.7647),
          'val_demographic_parity_Age': tensor(0.4677),
          'val_demographic_parity_Gender': tensor(0.2249),
          'val_demographic_parity_Race': tensor(0.2161),
          'val_demographic_parity_RaceAge': tensor(0.4963),
          'val_f1': tensor(0.7577),
          'val_precision': tensor(0.7576),
          'val_recall': tensor(0.7647)}
message: {'model_checkpoint': 0,
          'train_accuracy': tensor(0.7424),
          'train_demographic_parity_Age': tensor(0.6636),
          'train_demographic_parity_Gender': tensor(0.2320),
          'train_demographic_parity_Race': tensor(0.1600),
          'train_demographic_parity_RaceAge': tensor(0.6402),
          'train_f1': tensor(0.7486),
          'train_precision': tensor(0.7684),
          'train_recall': tensor(0.7424),
          'val_accuracy': tensor(0.7398),
          'val_demographic_parity_Age': tensor(0.6579),
          'val_demographic_parity_Gender': tensor(0.2129),
          'val_demographic_parity_Race': tensor(0.1567),
          'val_demographic_parity_RaceAge': tensor(0.6030),
          'val_f1': tensor(0.7458),
          'val_precision': tensor(0.7630),
          'val_recall': tensor(0.7398)}
message: {'model_checkpoint': 0,
          'train_accuracy': tensor(0.7696),
          'train_demographic_parity_Age': tensor(0.4557),
          'train_demographic_parity_Gender': tensor(0.2273),
          'train_demographic_parity_Race': tensor(0.2042),
          'train_demographic_parity_RaceAge': tensor(0.5024),
          'train_f1': tensor(0.7627),
          'train_precision': tensor(0.7628),
          'train_recall': tensor(0.7696),
          'val_accuracy': tensor(0.7647),
          'val_demographic_parity_Age': tensor(0.4689),
          'val_demographic_parity_Gender': tensor(0.2253),
          'val_demographic_parity_Race': tensor(0.2127),
          'val_demographic_parity_RaceAge': tensor(0.4956),
          'val_f1': tensor(0.7577),
          'val_precision': tensor(0.7576),
          'val_recall': tensor(0.7647)}
message: {'model_checkpoint': 0,
          'train_accuracy': tensor(0.7421),
          'train_demographic_parity_Age': tensor(0.6686),
          'train_demographic_parity_Gender': tensor(0.2318),
          'train_demographic_parity_Race': tensor(0.1590),
          'train_demographic_parity_RaceAge': tensor(0.6456),
          'train_f1': tensor(0.7483),
          'train_precision': tensor(0.7678),
          'train_recall': tensor(0.7421),
          'val_accuracy': tensor(0.7397),
          'val_demographic_parity_Age': tensor(0.6624),
          'val_demographic_parity_Gender': tensor(0.2153),
          'val_demographic_parity_Race': tensor(0.1587),
          'val_demographic_parity_RaceAge': tensor(0.6060),
          'val_f1': tensor(0.7457),
          'val_precision': tensor(0.7631),
          'val_recall': tensor(0.7397)}
message: {'model_checkpoint': 0,
          'train_accuracy': tensor(0.7692),
          'train_demographic_parity_Age': tensor(0.4553),
          'train_demographic_parity_Gender': tensor(0.2273),
          'train_demographic_parity_Race': tensor(0.2022),
          'train_demographic_parity_RaceAge': tensor(0.5011),
          'train_f1': tensor(0.7624),
          'train_precision': tensor(0.7624),
          'train_recall': tensor(0.7692),
          'val_accuracy': tensor(0.7648),
          'val_demographic_parity_Age': tensor(0.4684),
          'val_demographic_parity_Gender': tensor(0.2240),
          'val_demographic_parity_Race': tensor(0.2108),
          'val_demographic_parity_RaceAge': tensor(0.4956),
          'val_f1': tensor(0.7580),
          'val_precision': tensor(0.7577),
          'val_recall': tensor(0.7648)}
message: {'model_checkpoint': 0,
          'train_accuracy': tensor(0.7409),
          'train_demographic_parity_Age': tensor(0.6703),
          'train_demographic_parity_Gender': tensor(0.2332),
          'train_demographic_parity_Race': tensor(0.1557),
          'train_demographic_parity_RaceAge': tensor(0.6406),
          'train_f1': tensor(0.7472),
          'train_precision': tensor(0.7679),
          'train_recall': tensor(0.7409),
          'val_accuracy': tensor(0.7382),
          'val_demographic_parity_Age': tensor(0.6669),
          'val_demographic_parity_Gender': tensor(0.2176),
          'val_demographic_parity_Race': tensor(0.1578),
          'val_demographic_parity_RaceAge': tensor(0.6112),
          'val_f1': tensor(0.7443),
          'val_precision': tensor(0.7627),
          'val_recall': tensor(0.7382)}
message: {'model_checkpoint': 1,
          'train_accuracy': tensor(0.7691),
          'train_demographic_parity_Age': tensor(0.4542),
          'train_demographic_parity_Gender': tensor(0.2273),
          'train_demographic_parity_Race': tensor(0.2002),
          'train_demographic_parity_RaceAge': tensor(0.4985),
          'train_f1': tensor(0.7622),
          'train_precision': tensor(0.7623),
          'train_recall': tensor(0.7691),
          'val_accuracy': tensor(0.7661),
          'val_demographic_parity_Age': tensor(0.4656),
          'val_demographic_parity_Gender': tensor(0.2254),
          'val_demographic_parity_Race': tensor(0.2097),
          'val_demographic_parity_RaceAge': tensor(0.4917),
          'val_f1': tensor(0.7590),
          'val_precision': tensor(0.7590),
          'val_recall': tensor(0.7661)}
message: {'model_checkpoint': 0,
          'train_accuracy': tensor(0.7429),
          'train_demographic_parity_Age': tensor(0.6620),
          'train_demographic_parity_Gender': tensor(0.2189),
          'train_demographic_parity_Race': tensor(0.1483),
          'train_demographic_parity_RaceAge': tensor(0.6356),
          'train_f1': tensor(0.7493),
          'train_precision': tensor(0.7717),
          'train_recall': tensor(0.7429),
          'val_accuracy': tensor(0.7398),
          'val_demographic_parity_Age': tensor(0.6556),
          'val_demographic_parity_Gender': tensor(0.2100),
          'val_demographic_parity_Race': tensor(0.1546),
          'val_demographic_parity_RaceAge': tensor(0.6085),
          'val_f1': tensor(0.7459),
          'val_precision': tensor(0.7646),
          'val_recall': tensor(0.7398)}
message: {'model_checkpoint': 1,
          'train_accuracy': tensor(0.7711),
          'train_demographic_parity_Age': tensor(0.4620),
          'train_demographic_parity_Gender': tensor(0.2282),
          'train_demographic_parity_Race': tensor(0.1985),
          'train_demographic_parity_RaceAge': tensor(0.5043),
          'train_f1': tensor(0.7650),
          'train_precision': tensor(0.7647),
          'train_recall': tensor(0.7711),
          'val_accuracy': tensor(0.7667),
          'val_demographic_parity_Age': tensor(0.4723),
          'val_demographic_parity_Gender': tensor(0.2229),
          'val_demographic_parity_Race': tensor(0.2143),
          'val_demographic_parity_RaceAge': tensor(0.5043),
          'val_f1': tensor(0.7602),
          'val_precision': tensor(0.7599),
          'val_recall': tensor(0.7667)}
message: {'model_checkpoint': 0,
          'train_accuracy': tensor(0.7420),
          'train_demographic_parity_Age': tensor(0.6549),
          'train_demographic_parity_Gender': tensor(0.2161),
          'train_demographic_parity_Race': tensor(0.1494),
          'train_demographic_parity_RaceAge': tensor(0.6281),
          'train_f1': tensor(0.7486),
          'train_precision': tensor(0.7721),
          'train_recall': tensor(0.7420),
          'val_accuracy': tensor(0.7397),
          'val_demographic_parity_Age': tensor(0.6523),
          'val_demographic_parity_Gender': tensor(0.2107),
          'val_demographic_parity_Race': tensor(0.1533),
          'val_demographic_parity_RaceAge': tensor(0.5975),
          'val_f1': tensor(0.7459),
          'val_precision': tensor(0.7658),
          'val_recall': tensor(0.7397)}
message: {'model_checkpoint': 1,
          'train_accuracy': tensor(0.7709),
          'train_demographic_parity_Age': tensor(0.4576),
          'train_demographic_parity_Gender': tensor(0.2280),
          'train_demographic_parity_Race': tensor(0.1955),
          'train_demographic_parity_RaceAge': tensor(0.4998),
          'train_f1': tensor(0.7646),
          'train_precision': tensor(0.7644),
          'train_recall': tensor(0.7709),
          'val_accuracy': tensor(0.7670),
          'val_demographic_parity_Age': tensor(0.4674),
          'val_demographic_parity_Gender': tensor(0.2232),
          'val_demographic_parity_Race': tensor(0.2108),
          'val_demographic_parity_RaceAge': tensor(0.4978),
          'val_f1': tensor(0.7603),
          'val_precision': tensor(0.7601),
          'val_recall': tensor(0.7670)}
message: {'model_checkpoint': 0,
          'train_accuracy': tensor(0.7414),
          'train_demographic_parity_Age': tensor(0.6557),
          'train_demographic_parity_Gender': tensor(0.2163),
          'train_demographic_parity_Race': tensor(0.1455),
          'train_demographic_parity_RaceAge': tensor(0.6274),
          'train_f1': tensor(0.7480),
          'train_precision': tensor(0.7725),
          'train_recall': tensor(0.7414),
          'val_accuracy': tensor(0.7389),
          'val_demographic_parity_Age': tensor(0.6549),
          'val_demographic_parity_Gender': tensor(0.2069),
          'val_demographic_parity_Race': tensor(0.1485),
          'val_demographic_parity_RaceAge': tensor(0.5993),
          'val_f1': tensor(0.7453),
          'val_precision': tensor(0.7662),
          'val_recall': tensor(0.7389)}
message: {'model_checkpoint': 1,
          'train_accuracy': tensor(0.7709),
          'train_demographic_parity_Age': tensor(0.4564),
          'train_demographic_parity_Gender': tensor(0.2262),
          'train_demographic_parity_Race': tensor(0.1901),
          'train_demographic_parity_RaceAge': tensor(0.4965),
          'train_f1': tensor(0.7647),
          'train_precision': tensor(0.7644),
          'train_recall': tensor(0.7709),
          'val_accuracy': tensor(0.7670),
          'val_demographic_parity_Age': tensor(0.4652),
          'val_demographic_parity_Gender': tensor(0.2221),
          'val_demographic_parity_Race': tensor(0.2049),
          'val_demographic_parity_RaceAge': tensor(0.4926),
          'val_f1': tensor(0.7604),
          'val_precision': tensor(0.7602),
          'val_recall': tensor(0.7670)}
message: {'model_checkpoint': 0,
          'train_accuracy': tensor(0.7443),
          'train_demographic_parity_Age': tensor(0.6511),
          'train_demographic_parity_Gender': tensor(0.2248),
          'train_demographic_parity_Race': tensor(0.1482),
          'train_demographic_parity_RaceAge': tensor(0.6224),
          'train_f1': tensor(0.7506),
          'train_precision': tensor(0.7720),
          'train_recall': tensor(0.7443),
          'val_accuracy': tensor(0.7412),
          'val_demographic_parity_Age': tensor(0.6499),
          'val_demographic_parity_Gender': tensor(0.2131),
          'val_demographic_parity_Race': tensor(0.1536),
          'val_demographic_parity_RaceAge': tensor(0.6018),
          'val_f1': tensor(0.7472),
          'val_precision': tensor(0.7653),
          'val_recall': tensor(0.7412)}
message: {'model_checkpoint': 1,
          'train_accuracy': tensor(0.7705),
          'train_demographic_parity_Age': tensor(0.4527),
          'train_demographic_parity_Gender': tensor(0.2252),
          'train_demographic_parity_Race': tensor(0.1881),
          'train_demographic_parity_RaceAge': tensor(0.4947),
          'train_f1': tensor(0.7642),
          'train_precision': tensor(0.7639),
          'train_recall': tensor(0.7705),
          'val_accuracy': tensor(0.7676),
          'val_demographic_parity_Age': tensor(0.4638),
          'val_demographic_parity_Gender': tensor(0.2213),
          'val_demographic_parity_Race': tensor(0.2029),
          'val_demographic_parity_RaceAge': tensor(0.4900),
          'val_f1': tensor(0.7610),
          'val_precision': tensor(0.7608),
          'val_recall': tensor(0.7676)}
message: {'model_checkpoint': 0,
          'train_accuracy': tensor(0.7419),
          'train_demographic_parity_Age': tensor(0.6595),
          'train_demographic_parity_Gender': tensor(0.2168),
          'train_demographic_parity_Race': tensor(0.1411),
          'train_demographic_parity_RaceAge': tensor(0.6274),
          'train_f1': tensor(0.7485),
          'train_precision': tensor(0.7729),
          'train_recall': tensor(0.7419),
          'val_accuracy': tensor(0.7402),
          'val_demographic_parity_Age': tensor(0.6546),
          'val_demographic_parity_Gender': tensor(0.2072),
          'val_demographic_parity_Race': tensor(0.1436),
          'val_demographic_parity_RaceAge': tensor(0.5925),
          'val_f1': tensor(0.7466),
          'val_precision': tensor(0.7676),
          'val_recall': tensor(0.7402)}
message: {'model_checkpoint': 1,
          'train_accuracy': tensor(0.7703),
          'train_demographic_parity_Age': tensor(0.4568),
          'train_demographic_parity_Gender': tensor(0.2281),
          'train_demographic_parity_Race': tensor(0.1847),
          'train_demographic_parity_RaceAge': tensor(0.4911),
          'train_f1': tensor(0.7644),
          'train_precision': tensor(0.7639),
          'train_recall': tensor(0.7703),
          'val_accuracy': tensor(0.7676),
          'val_demographic_parity_Age': tensor(0.4652),
          'val_demographic_parity_Gender': tensor(0.2204),
          'val_demographic_parity_Race': tensor(0.2019),
          'val_demographic_parity_RaceAge': tensor(0.4878),
          'val_f1': tensor(0.7613),
          'val_precision': tensor(0.7609),
          'val_recall': tensor(0.7676)}
message: {'model_checkpoint': 0,
          'train_accuracy': tensor(0.7433),
          'train_demographic_parity_Age': tensor(0.6587),
          'train_demographic_parity_Gender': tensor(0.2180),
          'train_demographic_parity_Race': tensor(0.1395),
          'train_demographic_parity_RaceAge': tensor(0.6250),
          'train_f1': tensor(0.7497),
          'train_precision': tensor(0.7725),
          'train_recall': tensor(0.7433),
          'val_accuracy': tensor(0.7416),
          'val_demographic_parity_Age': tensor(0.6540),
          'val_demographic_parity_Gender': tensor(0.2068),
          'val_demographic_parity_Race': tensor(0.1454),
          'val_demographic_parity_RaceAge': tensor(0.5997),
          'val_f1': tensor(0.7477),
          'val_precision': tensor(0.7668),
          'val_recall': tensor(0.7416)}
message: {'model_checkpoint': 1,
          'train_accuracy': tensor(0.7706),
          'train_demographic_parity_Age': tensor(0.4538),
          'train_demographic_parity_Gender': tensor(0.2273),
          'train_demographic_parity_Race': tensor(0.1837),
          'train_demographic_parity_RaceAge': tensor(0.4947),
          'train_f1': tensor(0.7645),
          'train_precision': tensor(0.7641),
          'train_recall': tensor(0.7706),
          'val_accuracy': tensor(0.7685),
          'val_demographic_parity_Age': tensor(0.4642),
          'val_demographic_parity_Gender': tensor(0.2199),
          'val_demographic_parity_Race': tensor(0.1990),
          'val_demographic_parity_RaceAge': tensor(0.4921),
          'val_f1': tensor(0.7621),
          'val_precision': tensor(0.7618),
          'val_recall': tensor(0.7685)}
message: {'model_checkpoint': 0,
          'train_accuracy': tensor(0.7438),
          'train_demographic_parity_Age': tensor(0.6535),
          'train_demographic_parity_Gender': tensor(0.2216),
          'train_demographic_parity_Race': tensor(0.1423),
          'train_demographic_parity_RaceAge': tensor(0.6211),
          'train_f1': tensor(0.7502),
          'train_precision': tensor(0.7720),
          'train_recall': tensor(0.7438),
          'val_accuracy': tensor(0.7423),
          'val_demographic_parity_Age': tensor(0.6522),
          'val_demographic_parity_Gender': tensor(0.2068),
          'val_demographic_parity_Race': tensor(0.1492),
          'val_demographic_parity_RaceAge': tensor(0.6018),
          'val_f1': tensor(0.7483),
          'val_precision': tensor(0.7668),
          'val_recall': tensor(0.7423)}
message: {'model_checkpoint': 0,
          'train_accuracy': tensor(0.7707),
          'train_demographic_parity_Age': tensor(0.4490),
          'train_demographic_parity_Gender': tensor(0.2247),
          'train_demographic_parity_Race': tensor(0.1831),
          'train_demographic_parity_RaceAge': tensor(0.4947),
          'train_f1': tensor(0.7643),
          'train_precision': tensor(0.7642),
          'train_recall': tensor(0.7707),
          'val_accuracy': tensor(0.7685),
          'val_demographic_parity_Age': tensor(0.4598),
          'val_demographic_parity_Gender': tensor(0.2183),
          'val_demographic_parity_Race': tensor(0.1945),
          'val_demographic_parity_RaceAge': tensor(0.4850),
          'val_f1': tensor(0.7618),
          'val_precision': tensor(0.7617),
          'val_recall': tensor(0.7685)}
message: {'model_checkpoint': 0,
          'train_accuracy': tensor(0.7470),
          'train_demographic_parity_Age': tensor(0.6478),
          'train_demographic_parity_Gender': tensor(0.2258),
          'train_demographic_parity_Race': tensor(0.1466),
          'train_demographic_parity_RaceAge': tensor(0.6164),
          'train_f1': tensor(0.7532),
          'train_precision': tensor(0.7736),
          'train_recall': tensor(0.7470),
          'val_accuracy': tensor(0.7423),
          'val_demographic_parity_Age': tensor(0.6445),
          'val_demographic_parity_Gender': tensor(0.2105),
          'val_demographic_parity_Race': tensor(0.1472),
          'val_demographic_parity_RaceAge': tensor(0.5816),
          'val_f1': tensor(0.7482),
          'val_precision': tensor(0.7656),
          'val_recall': tensor(0.7423)}
message: {'model_checkpoint': 1,
          'train_accuracy': tensor(0.7709),
          'train_demographic_parity_Age': tensor(0.4516),
          'train_demographic_parity_Gender': tensor(0.2268),
          'train_demographic_parity_Race': tensor(0.1817),
          'train_demographic_parity_RaceAge': tensor(0.4947),
          'train_f1': tensor(0.7646),
          'train_precision': tensor(0.7644),
          'train_recall': tensor(0.7709),
          'val_accuracy': tensor(0.7688),
          'val_demographic_parity_Age': tensor(0.4635),
          'val_demographic_parity_Gender': tensor(0.2194),
          'val_demographic_parity_Race': tensor(0.1985),
          'val_demographic_parity_RaceAge': tensor(0.4908),
          'val_f1': tensor(0.7623),
          'val_precision': tensor(0.7621),
          'val_recall': tensor(0.7688)}
message: {'model_checkpoint': 0,
          'train_accuracy': tensor(0.7442),
          'train_demographic_parity_Age': tensor(0.6544),
          'train_demographic_parity_Gender': tensor(0.2256),
          'train_demographic_parity_Race': tensor(0.1365),
          'train_demographic_parity_RaceAge': tensor(0.6183),
          'train_f1': tensor(0.7506),
          'train_precision': tensor(0.7735),
          'train_recall': tensor(0.7442),
          'val_accuracy': tensor(0.7429),
          'val_demographic_parity_Age': tensor(0.6496),
          'val_demographic_parity_Gender': tensor(0.2068),
          'val_demographic_parity_Race': tensor(0.1449),
          'val_demographic_parity_RaceAge': tensor(0.5984),
          'val_f1': tensor(0.7490),
          'val_precision': tensor(0.7685),
          'val_recall': tensor(0.7429)}
message: {'model_checkpoint': 1,
          'train_accuracy': tensor(0.7714),
          'train_demographic_parity_Age': tensor(0.4464),
          'train_demographic_parity_Gender': tensor(0.2247),
          'train_demographic_parity_Race': tensor(0.1836),
          'train_demographic_parity_RaceAge': tensor(0.4947),
          'train_f1': tensor(0.7649),
          'train_precision': tensor(0.7648),
          'train_recall': tensor(0.7714),
          'val_accuracy': tensor(0.7696),
          'val_demographic_parity_Age': tensor(0.4560),
          'val_demographic_parity_Gender': tensor(0.2190),
          'val_demographic_parity_Race': tensor(0.1935),
          'val_demographic_parity_RaceAge': tensor(0.4776),
          'val_f1': tensor(0.7627),
          'val_precision': tensor(0.7628),
          'val_recall': tensor(0.7696)}
message: {'model_checkpoint': 0,
          'train_accuracy': tensor(0.7459),
          'train_demographic_parity_Age': tensor(0.6526),
          'train_demographic_parity_Gender': tensor(0.2258),
          'train_demographic_parity_Race': tensor(0.1404),
          'train_demographic_parity_RaceAge': tensor(0.6205),
          'train_f1': tensor(0.7522),
          'train_precision': tensor(0.7743),
          'train_recall': tensor(0.7459),
          'val_accuracy': tensor(0.7434),
          'val_demographic_parity_Age': tensor(0.6494),
          'val_demographic_parity_Gender': tensor(0.2082),
          'val_demographic_parity_Race': tensor(0.1453),
          'val_demographic_parity_RaceAge': tensor(0.5947),
          'val_f1': tensor(0.7495),
          'val_precision': tensor(0.7683),
          'val_recall': tensor(0.7434)}
message: {'model_checkpoint': 1,
          'train_accuracy': tensor(0.7716),
          'train_demographic_parity_Age': tensor(0.4556),
          'train_demographic_parity_Gender': tensor(0.2276),
          'train_demographic_parity_Race': tensor(0.1794),
          'train_demographic_parity_RaceAge': tensor(0.4906),
          'train_f1': tensor(0.7659),
          'train_precision': tensor(0.7654),
          'train_recall': tensor(0.7716),
          'val_accuracy': tensor(0.7691),
          'val_demographic_parity_Age': tensor(0.4675),
          'val_demographic_parity_Gender': tensor(0.2199),
          'val_demographic_parity_Race': tensor(0.1966),
          'val_demographic_parity_RaceAge': tensor(0.4906),
          'val_f1': tensor(0.7630),
          'val_precision': tensor(0.7625),
          'val_recall': tensor(0.7691)}
message: {'model_checkpoint': 0,
          'train_accuracy': tensor(0.7468),
          'train_demographic_parity_Age': tensor(0.6463),
          'train_demographic_parity_Gender': tensor(0.2273),
          'train_demographic_parity_Race': tensor(0.1451),
          'train_demographic_parity_RaceAge': tensor(0.6172),
          'train_f1': tensor(0.7529),
          'train_precision': tensor(0.7735),
          'train_recall': tensor(0.7468),
          'val_accuracy': tensor(0.7443),
          'val_demographic_parity_Age': tensor(0.6408),
          'val_demographic_parity_Gender': tensor(0.2140),
          'val_demographic_parity_Race': tensor(0.1525),
          'val_demographic_parity_RaceAge': tensor(0.5891),
          'val_f1': tensor(0.7502),
          'val_precision': tensor(0.7677),
          'val_recall': tensor(0.7443)}
message: {'model_checkpoint': 1,
          'train_accuracy': tensor(0.7721),
          'train_demographic_parity_Age': tensor(0.4504),
          'train_demographic_parity_Gender': tensor(0.2249),
          'train_demographic_parity_Race': tensor(0.1803),
          'train_demographic_parity_RaceAge': tensor(0.4878),
          'train_f1': tensor(0.7661),
          'train_precision': tensor(0.7658),
          'train_recall': tensor(0.7721),
          'val_accuracy': tensor(0.7702),
          'val_demographic_parity_Age': tensor(0.4619),
          'val_demographic_parity_Gender': tensor(0.2170),
          'val_demographic_parity_Race': tensor(0.1941),
          'val_demographic_parity_RaceAge': tensor(0.4841),
          'val_f1': tensor(0.7638),
          'val_precision': tensor(0.7636),
          'val_recall': tensor(0.7702)}
message: {'model_checkpoint': 0,
          'train_accuracy': tensor(0.7445),
          'train_demographic_parity_Age': tensor(0.6611),
          'train_demographic_parity_Gender': tensor(0.2310),
          'train_demographic_parity_Race': tensor(0.1429),
          'train_demographic_parity_RaceAge': tensor(0.6311),
          'train_f1': tensor(0.7509),
          'train_precision': tensor(0.7735),
          'train_recall': tensor(0.7445),
          'val_accuracy': tensor(0.7430),
          'val_demographic_parity_Age': tensor(0.6578),
          'val_demographic_parity_Gender': tensor(0.2135),
          'val_demographic_parity_Race': tensor(0.1449),
          'val_demographic_parity_RaceAge': tensor(0.6084),
          'val_f1': tensor(0.7492),
          'val_precision': tensor(0.7685),
          'val_recall': tensor(0.7430)}
message: {'model_checkpoint': 0,
          'train_accuracy': tensor(0.7718),
          'train_demographic_parity_Age': tensor(0.4519),
          'train_demographic_parity_Gender': tensor(0.2274),
          'train_demographic_parity_Race': tensor(0.1827),
          'train_demographic_parity_RaceAge': tensor(0.4918),
          'train_f1': tensor(0.7657),
          'train_precision': tensor(0.7654),
          'train_recall': tensor(0.7718),
          'val_accuracy': tensor(0.7697),
          'val_demographic_parity_Age': tensor(0.4646),
          'val_demographic_parity_Gender': tensor(0.2213),
          'val_demographic_parity_Race': tensor(0.1970),
          'val_demographic_parity_RaceAge': tensor(0.4902),
          'val_f1': tensor(0.7633),
          'val_precision': tensor(0.7631),
          'val_recall': tensor(0.7697)}
message: {'final_train_accuracy': tensor(0.7721),
          'final_train_demographic_parity_Age': tensor(0.4504),
          'final_train_demographic_parity_Gender': tensor(0.2249),
          'final_train_demographic_parity_Race': tensor(0.1803),
          'final_train_demographic_parity_RaceAge': tensor(0.4878),
          'final_train_f1': tensor(0.7661),
          'final_train_precision': tensor(0.7658),
          'final_train_recall': tensor(0.7721),
          'final_val_accuracy': tensor(0.7702),
          'final_val_demographic_parity_Age': tensor(0.4619),
          'final_val_demographic_parity_Gender': tensor(0.2170),
          'final_val_demographic_parity_Race': tensor(0.1941),
          'final_val_demographic_parity_RaceAge': tensor(0.4841),
          'final_val_f1': tensor(0.7638),
          'final_val_precision': tensor(0.7636),
          'final_val_recall': tensor(0.7702)}
