message: {'global_train_accuracy': tensor(0.4391),
          'global_train_f1': tensor(0.2680),
          'global_train_precision': tensor(0.1928),
          'global_train_recall': tensor(0.4391),
          'global_val_accuracy': tensor(0.4391),
          'global_val_f1': tensor(0.2680),
          'global_val_precision': tensor(0.1928),
          'global_val_recall': tensor(0.4391)}
message: {'global_train_accuracy': tensor(0.8229),
          'global_train_f1': tensor(0.8230),
          'global_train_precision': tensor(0.8231),
          'global_train_recall': tensor(0.8229),
          'global_val_accuracy': tensor(0.8212),
          'global_val_f1': tensor(0.8213),
          'global_val_precision': tensor(0.8213),
          'global_val_recall': tensor(0.8212),
          'local_train_accuracy': tensor(0.8279),
          'local_train_f1': tensor(0.8283),
          'local_train_precision': tensor(0.8299),
          'local_train_recall': tensor(0.8279),
          'local_val_accuracy': tensor(0.8250),
          'local_val_f1': tensor(0.8255),
          'local_val_precision': tensor(0.8271),
          'local_val_recall': tensor(0.8250)}
