message: {'model_checkpoint': 1,
          'train_accuracy': tensor(0.3530),
          'train_demographic_parity_Age': tensor(0.2521),
          'train_demographic_parity_Gender': tensor(0.0297),
          'train_demographic_parity_Race': tensor(0.0611),
          'train_demographic_parity_RaceAge': tensor(0.2721),
          'train_f1': tensor(0.2818),
          'train_precision': tensor(0.3354),
          'train_recall': tensor(0.3530),
          'val_accuracy': tensor(0.3507),
          'val_demographic_parity_Age': tensor(0.2900),
          'val_demographic_parity_Gender': tensor(0.0179),
          'val_demographic_parity_Race': tensor(0.0710),
          'val_demographic_parity_RaceAge': tensor(0.2885),
          'val_f1': tensor(0.2763),
          'val_precision': tensor(0.3277),
          'val_recall': tensor(0.3507)}
message: {'model_checkpoint': 1,
          'train_accuracy': tensor(0.5350),
          'train_demographic_parity_Age': tensor(0.3530),
          'train_demographic_parity_Gender': tensor(0.1308),
          'train_demographic_parity_Race': tensor(0.0519),
          'train_demographic_parity_RaceAge': tensor(0.3783),
          'train_f1': tensor(0.4656),
          'train_precision': tensor(0.4674),
          'train_recall': tensor(0.5350),
          'val_accuracy': tensor(0.5373),
          'val_demographic_parity_Age': tensor(0.3693),
          'val_demographic_parity_Gender': tensor(0.1277),
          'val_demographic_parity_Race': tensor(0.0513),
          'val_demographic_parity_RaceAge': tensor(0.3929),
          'val_f1': tensor(0.4689),
          'val_precision': tensor(0.4720),
          'val_recall': tensor(0.5373)}
message: {'model_checkpoint': 1,
          'train_accuracy': tensor(0.6963),
          'train_demographic_parity_Age': tensor(0.2886),
          'train_demographic_parity_Gender': tensor(0.2455),
          'train_demographic_parity_Race': tensor(0.2135),
          'train_demographic_parity_RaceAge': tensor(0.3967),
          'train_f1': tensor(0.6820),
          'train_precision': tensor(0.6969),
          'train_recall': tensor(0.6963),
          'val_accuracy': tensor(0.7110),
          'val_demographic_parity_Age': tensor(0.3100),
          'val_demographic_parity_Gender': tensor(0.2611),
          'val_demographic_parity_Race': tensor(0.2206),
          'val_demographic_parity_RaceAge': tensor(0.4150),
          'val_f1': tensor(0.6994),
          'val_precision': tensor(0.7116),
          'val_recall': tensor(0.7110)}
message: {'model_checkpoint': 0,
          'train_accuracy': tensor(0.6856),
          'train_demographic_parity_Age': tensor(0.2195),
          'train_demographic_parity_Gender': tensor(0.1953),
          'train_demographic_parity_Race': tensor(0.1841),
          'train_demographic_parity_RaceAge': tensor(0.2940),
          'train_f1': tensor(0.6565),
          'train_precision': tensor(0.7003),
          'train_recall': tensor(0.6856),
          'val_accuracy': tensor(0.6851),
          'val_demographic_parity_Age': tensor(0.2287),
          'val_demographic_parity_Gender': tensor(0.2119),
          'val_demographic_parity_Race': tensor(0.1951),
          'val_demographic_parity_RaceAge': tensor(0.2931),
          'val_f1': tensor(0.6563),
          'val_precision': tensor(0.6989),
          'val_recall': tensor(0.6851)}
message: {'model_checkpoint': 1,
          'train_accuracy': tensor(0.7024),
          'train_demographic_parity_Age': tensor(0.2762),
          'train_demographic_parity_Gender': tensor(0.2445),
          'train_demographic_parity_Race': tensor(0.2231),
          'train_demographic_parity_RaceAge': tensor(0.4085),
          'train_f1': tensor(0.6907),
          'train_precision': tensor(0.7017),
          'train_recall': tensor(0.7024),
          'val_accuracy': tensor(0.7124),
          'val_demographic_parity_Age': tensor(0.3018),
          'val_demographic_parity_Gender': tensor(0.2669),
          'val_demographic_parity_Race': tensor(0.1963),
          'val_demographic_parity_RaceAge': tensor(0.4150),
          'val_f1': tensor(0.7018),
          'val_precision': tensor(0.7123),
          'val_recall': tensor(0.7124)}
message: {'model_checkpoint': 0,
          'train_accuracy': tensor(0.6977),
          'train_demographic_parity_Age': tensor(0.2357),
          'train_demographic_parity_Gender': tensor(0.2198),
          'train_demographic_parity_Race': tensor(0.1969),
          'train_demographic_parity_RaceAge': tensor(0.3369),
          'train_f1': tensor(0.6754),
          'train_precision': tensor(0.7078),
          'train_recall': tensor(0.6977),
          'val_accuracy': tensor(0.7030),
          'val_demographic_parity_Age': tensor(0.2481),
          'val_demographic_parity_Gender': tensor(0.2330),
          'val_demographic_parity_Race': tensor(0.1970),
          'val_demographic_parity_RaceAge': tensor(0.3423),
          'val_f1': tensor(0.6823),
          'val_precision': tensor(0.7126),
          'val_recall': tensor(0.7030)}
message: {'model_checkpoint': 1,
          'train_accuracy': tensor(0.7156),
          'train_demographic_parity_Age': tensor(0.2734),
          'train_demographic_parity_Gender': tensor(0.2715),
          'train_demographic_parity_Race': tensor(0.2512),
          'train_demographic_parity_RaceAge': tensor(0.4554),
          'train_f1': tensor(0.7106),
          'train_precision': tensor(0.7126),
          'train_recall': tensor(0.7156),
          'val_accuracy': tensor(0.7236),
          'val_demographic_parity_Age': tensor(0.2871),
          'val_demographic_parity_Gender': tensor(0.3096),
          'val_demographic_parity_Race': tensor(0.2257),
          'val_demographic_parity_RaceAge': tensor(0.4549),
          'val_f1': tensor(0.7188),
          'val_precision': tensor(0.7210),
          'val_recall': tensor(0.7236)}
message: {'model_checkpoint': 0,
          'train_accuracy': tensor(0.7035),
          'train_demographic_parity_Age': tensor(0.2255),
          'train_demographic_parity_Gender': tensor(0.2329),
          'train_demographic_parity_Race': tensor(0.2144),
          'train_demographic_parity_RaceAge': tensor(0.3644),
          'train_f1': tensor(0.6865),
          'train_precision': tensor(0.7084),
          'train_recall': tensor(0.7035),
          'val_accuracy': tensor(0.7036),
          'val_demographic_parity_Age': tensor(0.2435),
          'val_demographic_parity_Gender': tensor(0.2444),
          'val_demographic_parity_Race': tensor(0.1798),
          'val_demographic_parity_RaceAge': tensor(0.3593),
          'val_f1': tensor(0.6868),
          'val_precision': tensor(0.7082),
          'val_recall': tensor(0.7036)}
message: {'model_checkpoint': 1,
          'train_accuracy': tensor(0.7205),
          'train_demographic_parity_Age': tensor(0.2714),
          'train_demographic_parity_Gender': tensor(0.2926),
          'train_demographic_parity_Race': tensor(0.2761),
          'train_demographic_parity_RaceAge': tensor(0.4836),
          'train_f1': tensor(0.7181),
          'train_precision': tensor(0.7180),
          'train_recall': tensor(0.7205),
          'val_accuracy': tensor(0.7253),
          'val_demographic_parity_Age': tensor(0.3048),
          'val_demographic_parity_Gender': tensor(0.3188),
          'val_demographic_parity_Race': tensor(0.2487),
          'val_demographic_parity_RaceAge': tensor(0.4707),
          'val_f1': tensor(0.7222),
          'val_precision': tensor(0.7226),
          'val_recall': tensor(0.7253)}
message: {'model_checkpoint': 0,
          'train_accuracy': tensor(0.7081),
          'train_demographic_parity_Age': tensor(0.2241),
          'train_demographic_parity_Gender': tensor(0.2465),
          'train_demographic_parity_Race': tensor(0.2186),
          'train_demographic_parity_RaceAge': tensor(0.3850),
          'train_f1': tensor(0.6945),
          'train_precision': tensor(0.7104),
          'train_recall': tensor(0.7081),
          'val_accuracy': tensor(0.7082),
          'val_demographic_parity_Age': tensor(0.2289),
          'val_demographic_parity_Gender': tensor(0.2593),
          'val_demographic_parity_Race': tensor(0.1963),
          'val_demographic_parity_RaceAge': tensor(0.3728),
          'val_f1': tensor(0.6941),
          'val_precision': tensor(0.7109),
          'val_recall': tensor(0.7082)}
message: {'model_checkpoint': 1,
          'train_accuracy': tensor(0.7233),
          'train_demographic_parity_Age': tensor(0.2923),
          'train_demographic_parity_Gender': tensor(0.3132),
          'train_demographic_parity_Race': tensor(0.2962),
          'train_demographic_parity_RaceAge': tensor(0.5044),
          'train_f1': tensor(0.7224),
          'train_precision': tensor(0.7219),
          'train_recall': tensor(0.7233),
          'val_accuracy': tensor(0.7355),
          'val_demographic_parity_Age': tensor(0.3185),
          'val_demographic_parity_Gender': tensor(0.3435),
          'val_demographic_parity_Race': tensor(0.2724),
          'val_demographic_parity_RaceAge': tensor(0.4873),
          'val_f1': tensor(0.7343),
          'val_precision': tensor(0.7339),
          'val_recall': tensor(0.7355)}
message: {'model_checkpoint': 0,
          'train_accuracy': tensor(0.7167),
          'train_demographic_parity_Age': tensor(0.2341),
          'train_demographic_parity_Gender': tensor(0.2678),
          'train_demographic_parity_Race': tensor(0.2216),
          'train_demographic_parity_RaceAge': tensor(0.4079),
          'train_f1': tensor(0.7070),
          'train_precision': tensor(0.7165),
          'train_recall': tensor(0.7167),
          'val_accuracy': tensor(0.7148),
          'val_demographic_parity_Age': tensor(0.2295),
          'val_demographic_parity_Gender': tensor(0.2813),
          'val_demographic_parity_Race': tensor(0.2034),
          'val_demographic_parity_RaceAge': tensor(0.3898),
          'val_f1': tensor(0.7042),
          'val_precision': tensor(0.7151),
          'val_recall': tensor(0.7148)}
message: {'model_checkpoint': 0,
          'train_accuracy': tensor(0.7233),
          'train_demographic_parity_Age': tensor(0.3057),
          'train_demographic_parity_Gender': tensor(0.3254),
          'train_demographic_parity_Race': tensor(0.3082),
          'train_demographic_parity_RaceAge': tensor(0.5320),
          'train_f1': tensor(0.7233),
          'train_precision': tensor(0.7233),
          'train_recall': tensor(0.7233),
          'val_accuracy': tensor(0.7336),
          'val_demographic_parity_Age': tensor(0.3201),
          'val_demographic_parity_Gender': tensor(0.3661),
          'val_demographic_parity_Race': tensor(0.2955),
          'val_demographic_parity_RaceAge': tensor(0.5106),
          'val_f1': tensor(0.7336),
          'val_precision': tensor(0.7336),
          'val_recall': tensor(0.7336)}
message: {'model_checkpoint': 0,
          'train_accuracy': tensor(0.7189),
          'train_demographic_parity_Age': tensor(0.2259),
          'train_demographic_parity_Gender': tensor(0.2611),
          'train_demographic_parity_Race': tensor(0.2442),
          'train_demographic_parity_RaceAge': tensor(0.4243),
          'train_f1': tensor(0.7111),
          'train_precision': tensor(0.7175),
          'train_recall': tensor(0.7189),
          'val_accuracy': tensor(0.7157),
          'val_demographic_parity_Age': tensor(0.2298),
          'val_demographic_parity_Gender': tensor(0.2875),
          'val_demographic_parity_Race': tensor(0.2040),
          'val_demographic_parity_RaceAge': tensor(0.4068),
          'val_f1': tensor(0.7069),
          'val_precision': tensor(0.7145),
          'val_recall': tensor(0.7157)}
message: {'model_checkpoint': 1,
          'train_accuracy': tensor(0.7255),
          'train_demographic_parity_Age': tensor(0.3006),
          'train_demographic_parity_Gender': tensor(0.3289),
          'train_demographic_parity_Race': tensor(0.3069),
          'train_demographic_parity_RaceAge': tensor(0.5163),
          'train_f1': tensor(0.7260),
          'train_precision': tensor(0.7266),
          'train_recall': tensor(0.7255),
          'val_accuracy': tensor(0.7360),
          'val_demographic_parity_Age': tensor(0.3202),
          'val_demographic_parity_Gender': tensor(0.3717),
          'val_demographic_parity_Race': tensor(0.2855),
          'val_demographic_parity_RaceAge': tensor(0.5222),
          'val_f1': tensor(0.7364),
          'val_precision': tensor(0.7369),
          'val_recall': tensor(0.7360)}
message: {'model_checkpoint': 0,
          'train_accuracy': tensor(0.7186),
          'train_demographic_parity_Age': tensor(0.2185),
          'train_demographic_parity_Gender': tensor(0.2639),
          'train_demographic_parity_Race': tensor(0.2422),
          'train_demographic_parity_RaceAge': tensor(0.4178),
          'train_f1': tensor(0.7106),
          'train_precision': tensor(0.7173),
          'train_recall': tensor(0.7186),
          'val_accuracy': tensor(0.7157),
          'val_demographic_parity_Age': tensor(0.2199),
          'val_demographic_parity_Gender': tensor(0.2868),
          'val_demographic_parity_Race': tensor(0.2030),
          'val_demographic_parity_RaceAge': tensor(0.4015),
          'val_f1': tensor(0.7069),
          'val_precision': tensor(0.7145),
          'val_recall': tensor(0.7157)}
message: {'model_checkpoint': 1,
          'train_accuracy': tensor(0.7247),
          'train_demographic_parity_Age': tensor(0.3033),
          'train_demographic_parity_Gender': tensor(0.3376),
          'train_demographic_parity_Race': tensor(0.3094),
          'train_demographic_parity_RaceAge': tensor(0.5221),
          'train_f1': tensor(0.7254),
          'train_precision': tensor(0.7267),
          'train_recall': tensor(0.7247),
          'val_accuracy': tensor(0.7366),
          'val_demographic_parity_Age': tensor(0.3270),
          'val_demographic_parity_Gender': tensor(0.3795),
          'val_demographic_parity_Race': tensor(0.2866),
          'val_demographic_parity_RaceAge': tensor(0.5338),
          'val_f1': tensor(0.7372),
          'val_precision': tensor(0.7382),
          'val_recall': tensor(0.7366)}
message: {'model_checkpoint': 0,
          'train_accuracy': tensor(0.7203),
          'train_demographic_parity_Age': tensor(0.2188),
          'train_demographic_parity_Gender': tensor(0.2690),
          'train_demographic_parity_Race': tensor(0.2472),
          'train_demographic_parity_RaceAge': tensor(0.4225),
          'train_f1': tensor(0.7128),
          'train_precision': tensor(0.7187),
          'train_recall': tensor(0.7203),
          'val_accuracy': tensor(0.7173),
          'val_demographic_parity_Age': tensor(0.2261),
          'val_demographic_parity_Gender': tensor(0.2930),
          'val_demographic_parity_Race': tensor(0.2106),
          'val_demographic_parity_RaceAge': tensor(0.4097),
          'val_f1': tensor(0.7094),
          'val_precision': tensor(0.7157),
          'val_recall': tensor(0.7173)}
message: {'model_checkpoint': 0,
          'train_accuracy': tensor(0.7247),
          'train_demographic_parity_Age': tensor(0.2967),
          'train_demographic_parity_Gender': tensor(0.3335),
          'train_demographic_parity_Race': tensor(0.3016),
          'train_demographic_parity_RaceAge': tensor(0.5207),
          'train_f1': tensor(0.7254),
          'train_precision': tensor(0.7264),
          'train_recall': tensor(0.7247),
          'val_accuracy': tensor(0.7358),
          'val_demographic_parity_Age': tensor(0.3203),
          'val_demographic_parity_Gender': tensor(0.3807),
          'val_demographic_parity_Race': tensor(0.2856),
          'val_demographic_parity_RaceAge': tensor(0.5309),
          'val_f1': tensor(0.7364),
          'val_precision': tensor(0.7373),
          'val_recall': tensor(0.7358)}
message: {'model_checkpoint': 0,
          'train_accuracy': tensor(0.7241),
          'train_demographic_parity_Age': tensor(0.2443),
          'train_demographic_parity_Gender': tensor(0.2844),
          'train_demographic_parity_Race': tensor(0.2310),
          'train_demographic_parity_RaceAge': tensor(0.4096),
          'train_f1': tensor(0.7151),
          'train_precision': tensor(0.7243),
          'train_recall': tensor(0.7241),
          'val_accuracy': tensor(0.7184),
          'val_demographic_parity_Age': tensor(0.2670),
          'val_demographic_parity_Gender': tensor(0.2999),
          'val_demographic_parity_Race': tensor(0.2143),
          'val_demographic_parity_RaceAge': tensor(0.3991),
          'val_f1': tensor(0.7092),
          'val_precision': tensor(0.7179),
          'val_recall': tensor(0.7184)}
message: {'model_checkpoint': 0,
          'train_accuracy': tensor(0.7258),
          'train_demographic_parity_Age': tensor(0.2993),
          'train_demographic_parity_Gender': tensor(0.3407),
          'train_demographic_parity_Race': tensor(0.2965),
          'train_demographic_parity_RaceAge': tensor(0.5236),
          'train_f1': tensor(0.7265),
          'train_precision': tensor(0.7276),
          'train_recall': tensor(0.7258),
          'val_accuracy': tensor(0.7344),
          'val_demographic_parity_Age': tensor(0.3230),
          'val_demographic_parity_Gender': tensor(0.3797),
          'val_demographic_parity_Race': tensor(0.2850),
          'val_demographic_parity_RaceAge': tensor(0.5309),
          'val_f1': tensor(0.7350),
          'val_precision': tensor(0.7358),
          'val_recall': tensor(0.7344)}
message: {'model_checkpoint': 0,
          'train_accuracy': tensor(0.7247),
          'train_demographic_parity_Age': tensor(0.2420),
          'train_demographic_parity_Gender': tensor(0.2771),
          'train_demographic_parity_Race': tensor(0.2421),
          'train_demographic_parity_RaceAge': tensor(0.4155),
          'train_f1': tensor(0.7162),
          'train_precision': tensor(0.7244),
          'train_recall': tensor(0.7247),
          'val_accuracy': tensor(0.7187),
          'val_demographic_parity_Age': tensor(0.2644),
          'val_demographic_parity_Gender': tensor(0.3006),
          'val_demographic_parity_Race': tensor(0.2170),
          'val_demographic_parity_RaceAge': tensor(0.4015),
          'val_f1': tensor(0.7098),
          'val_precision': tensor(0.7180),
          'val_recall': tensor(0.7187)}
message: {'model_checkpoint': 0,
          'train_accuracy': tensor(0.7260),
          'train_demographic_parity_Age': tensor(0.3007),
          'train_demographic_parity_Gender': tensor(0.3436),
          'train_demographic_parity_Race': tensor(0.2998),
          'train_demographic_parity_RaceAge': tensor(0.5265),
          'train_f1': tensor(0.7269),
          'train_precision': tensor(0.7282),
          'train_recall': tensor(0.7260),
          'val_accuracy': tensor(0.7344),
          'val_demographic_parity_Age': tensor(0.3256),
          'val_demographic_parity_Gender': tensor(0.3823),
          'val_demographic_parity_Race': tensor(0.2873),
          'val_demographic_parity_RaceAge': tensor(0.5323),
          'val_f1': tensor(0.7351),
          'val_precision': tensor(0.7361),
          'val_recall': tensor(0.7344)}
message: {'model_checkpoint': 0,
          'train_accuracy': tensor(0.7211),
          'train_demographic_parity_Age': tensor(0.2215),
          'train_demographic_parity_Gender': tensor(0.2754),
          'train_demographic_parity_Race': tensor(0.2512),
          'train_demographic_parity_RaceAge': tensor(0.4237),
          'train_f1': tensor(0.7141),
          'train_precision': tensor(0.7194),
          'train_recall': tensor(0.7211),
          'val_accuracy': tensor(0.7187),
          'val_demographic_parity_Age': tensor(0.2340),
          'val_demographic_parity_Gender': tensor(0.3042),
          'val_demographic_parity_Race': tensor(0.2090),
          'val_demographic_parity_RaceAge': tensor(0.4138),
          'val_f1': tensor(0.7115),
          'val_precision': tensor(0.7168),
          'val_recall': tensor(0.7187)}
message: {'model_checkpoint': 0,
          'train_accuracy': tensor(0.7260),
          'train_demographic_parity_Age': tensor(0.2967),
          'train_demographic_parity_Gender': tensor(0.3449),
          'train_demographic_parity_Race': tensor(0.3011),
          'train_demographic_parity_RaceAge': tensor(0.5265),
          'train_f1': tensor(0.7269),
          'train_precision': tensor(0.7283),
          'train_recall': tensor(0.7260),
          'val_accuracy': tensor(0.7344),
          'val_demographic_parity_Age': tensor(0.3256),
          'val_demographic_parity_Gender': tensor(0.3883),
          'val_demographic_parity_Race': tensor(0.2866),
          'val_demographic_parity_RaceAge': tensor(0.5338),
          'val_f1': tensor(0.7350),
          'val_precision': tensor(0.7360),
          'val_recall': tensor(0.7344)}
message: {'model_checkpoint': 0,
          'train_accuracy': tensor(0.7194),
          'train_demographic_parity_Age': tensor(0.2170),
          'train_demographic_parity_Gender': tensor(0.2735),
          'train_demographic_parity_Race': tensor(0.2498),
          'train_demographic_parity_RaceAge': tensor(0.4219),
          'train_f1': tensor(0.7122),
          'train_precision': tensor(0.7177),
          'train_recall': tensor(0.7194),
          'val_accuracy': tensor(0.7198),
          'val_demographic_parity_Age': tensor(0.2341),
          'val_demographic_parity_Gender': tensor(0.3055),
          'val_demographic_parity_Race': tensor(0.2107),
          'val_demographic_parity_RaceAge': tensor(0.4132),
          'val_f1': tensor(0.7128),
          'val_precision': tensor(0.7179),
          'val_recall': tensor(0.7198)}
message: {'model_checkpoint': 0,
          'train_accuracy': tensor(0.7274),
          'train_demographic_parity_Age': tensor(0.2994),
          'train_demographic_parity_Gender': tensor(0.3476),
          'train_demographic_parity_Race': tensor(0.2871),
          'train_demographic_parity_RaceAge': tensor(0.5308),
          'train_f1': tensor(0.7284),
          'train_precision': tensor(0.7303),
          'train_recall': tensor(0.7274),
          'val_accuracy': tensor(0.7355),
          'val_demographic_parity_Age': tensor(0.3270),
          'val_demographic_parity_Gender': tensor(0.3865),
          'val_demographic_parity_Race': tensor(0.2828),
          'val_demographic_parity_RaceAge': tensor(0.5352),
          'val_f1': tensor(0.7362),
          'val_precision': tensor(0.7374),
          'val_recall': tensor(0.7355)}
message: {'model_checkpoint': 0,
          'train_accuracy': tensor(0.7200),
          'train_demographic_parity_Age': tensor(0.2148),
          'train_demographic_parity_Gender': tensor(0.2757),
          'train_demographic_parity_Race': tensor(0.2502),
          'train_demographic_parity_RaceAge': tensor(0.4214),
          'train_f1': tensor(0.7128),
          'train_precision': tensor(0.7183),
          'train_recall': tensor(0.7200),
          'val_accuracy': tensor(0.7198),
          'val_demographic_parity_Age': tensor(0.2328),
          'val_demographic_parity_Gender': tensor(0.3061),
          'val_demographic_parity_Race': tensor(0.2103),
          'val_demographic_parity_RaceAge': tensor(0.4121),
          'val_f1': tensor(0.7128),
          'val_precision': tensor(0.7179),
          'val_recall': tensor(0.7198)}
message: {'model_checkpoint': 0,
          'train_accuracy': tensor(0.7271),
          'train_demographic_parity_Age': tensor(0.2994),
          'train_demographic_parity_Gender': tensor(0.3485),
          'train_demographic_parity_Race': tensor(0.2881),
          'train_demographic_parity_RaceAge': tensor(0.5323),
          'train_f1': tensor(0.7282),
          'train_precision': tensor(0.7301),
          'train_recall': tensor(0.7271),
          'val_accuracy': tensor(0.7352),
          'val_demographic_parity_Age': tensor(0.3230),
          'val_demographic_parity_Gender': tensor(0.3859),
          'val_demographic_parity_Race': tensor(0.2841),
          'val_demographic_parity_RaceAge': tensor(0.5352),
          'val_f1': tensor(0.7360),
          'val_precision': tensor(0.7373),
          'val_recall': tensor(0.7352)}
message: {'model_checkpoint': 0,
          'train_accuracy': tensor(0.7211),
          'train_demographic_parity_Age': tensor(0.2179),
          'train_demographic_parity_Gender': tensor(0.2779),
          'train_demographic_parity_Race': tensor(0.2566),
          'train_demographic_parity_RaceAge': tensor(0.4231),
          'train_f1': tensor(0.7139),
          'train_precision': tensor(0.7195),
          'train_recall': tensor(0.7211),
          'val_accuracy': tensor(0.7198),
          'val_demographic_parity_Age': tensor(0.2381),
          'val_demographic_parity_Gender': tensor(0.3074),
          'val_demographic_parity_Race': tensor(0.2113),
          'val_demographic_parity_RaceAge': tensor(0.4138),
          'val_f1': tensor(0.7129),
          'val_precision': tensor(0.7178),
          'val_recall': tensor(0.7198)}
message: {'model_checkpoint': 0,
          'train_accuracy': tensor(0.7277),
          'train_demographic_parity_Age': tensor(0.2981),
          'train_demographic_parity_Gender': tensor(0.3479),
          'train_demographic_parity_Race': tensor(0.2874),
          'train_demographic_parity_RaceAge': tensor(0.5308),
          'train_f1': tensor(0.7287),
          'train_precision': tensor(0.7306),
          'train_recall': tensor(0.7277),
          'val_accuracy': tensor(0.7349),
          'val_demographic_parity_Age': tensor(0.3230),
          'val_demographic_parity_Gender': tensor(0.3846),
          'val_demographic_parity_Race': tensor(0.2851),
          'val_demographic_parity_RaceAge': tensor(0.5367),
          'val_f1': tensor(0.7357),
          'val_precision': tensor(0.7371),
          'val_recall': tensor(0.7349)}
message: {'model_checkpoint': 0,
          'train_accuracy': tensor(0.7260),
          'train_demographic_parity_Age': tensor(0.2435),
          'train_demographic_parity_Gender': tensor(0.2918),
          'train_demographic_parity_Race': tensor(0.2497),
          'train_demographic_parity_RaceAge': tensor(0.4178),
          'train_f1': tensor(0.7184),
          'train_precision': tensor(0.7252),
          'train_recall': tensor(0.7260),
          'val_accuracy': tensor(0.7234),
          'val_demographic_parity_Age': tensor(0.2951),
          'val_demographic_parity_Gender': tensor(0.3170),
          'val_demographic_parity_Race': tensor(0.2135),
          'val_demographic_parity_RaceAge': tensor(0.4311),
          'val_f1': tensor(0.7163),
          'val_precision': tensor(0.7218),
          'val_recall': tensor(0.7234)}
message: {'model_checkpoint': 0,
          'train_accuracy': tensor(0.7280),
          'train_demographic_parity_Age': tensor(0.2994),
          'train_demographic_parity_Gender': tensor(0.3476),
          'train_demographic_parity_Race': tensor(0.2871),
          'train_demographic_parity_RaceAge': tensor(0.5308),
          'train_f1': tensor(0.7290),
          'train_precision': tensor(0.7308),
          'train_recall': tensor(0.7280),
          'val_accuracy': tensor(0.7349),
          'val_demographic_parity_Age': tensor(0.3336),
          'val_demographic_parity_Gender': tensor(0.3834),
          'val_demographic_parity_Race': tensor(0.2838),
          'val_demographic_parity_RaceAge': tensor(0.5381),
          'val_f1': tensor(0.7357),
          'val_precision': tensor(0.7370),
          'val_recall': tensor(0.7349)}
message: {'model_checkpoint': 0,
          'train_accuracy': tensor(0.7227),
          'train_demographic_parity_Age': tensor(0.2216),
          'train_demographic_parity_Gender': tensor(0.2830),
          'train_demographic_parity_Race': tensor(0.2494),
          'train_demographic_parity_RaceAge': tensor(0.4261),
          'train_f1': tensor(0.7161),
          'train_precision': tensor(0.7209),
          'train_recall': tensor(0.7227),
          'val_accuracy': tensor(0.7217),
          'val_demographic_parity_Age': tensor(0.2500),
          'val_demographic_parity_Gender': tensor(0.3141),
          'val_demographic_parity_Race': tensor(0.2075),
          'val_demographic_parity_RaceAge': tensor(0.4180),
          'val_f1': tensor(0.7151),
          'val_precision': tensor(0.7197),
          'val_recall': tensor(0.7217)}
message: {'model_checkpoint': 0,
          'train_accuracy': tensor(0.7282),
          'train_demographic_parity_Age': tensor(0.2954),
          'train_demographic_parity_Gender': tensor(0.3470),
          'train_demographic_parity_Race': tensor(0.2830),
          'train_demographic_parity_RaceAge': tensor(0.5308),
          'train_f1': tensor(0.7293),
          'train_precision': tensor(0.7313),
          'train_recall': tensor(0.7282),
          'val_accuracy': tensor(0.7349),
          'val_demographic_parity_Age': tensor(0.3310),
          'val_demographic_parity_Gender': tensor(0.3824),
          'val_demographic_parity_Race': tensor(0.2851),
          'val_demographic_parity_RaceAge': tensor(0.5381),
          'val_f1': tensor(0.7357),
          'val_precision': tensor(0.7371),
          'val_recall': tensor(0.7349)}
message: {'model_checkpoint': 0,
          'train_accuracy': tensor(0.7299),
          'train_demographic_parity_Age': tensor(0.2486),
          'train_demographic_parity_Gender': tensor(0.3027),
          'train_demographic_parity_Race': tensor(0.2480),
          'train_demographic_parity_RaceAge': tensor(0.4284),
          'train_f1': tensor(0.7234),
          'train_precision': tensor(0.7286),
          'train_recall': tensor(0.7299),
          'val_accuracy': tensor(0.7256),
          'val_demographic_parity_Age': tensor(0.3019),
          'val_demographic_parity_Gender': tensor(0.3267),
          'val_demographic_parity_Race': tensor(0.2231),
          'val_demographic_parity_RaceAge': tensor(0.4456),
          'val_f1': tensor(0.7194),
          'val_precision': tensor(0.7236),
          'val_recall': tensor(0.7256)}
message: {'model_checkpoint': 0,
          'train_accuracy': tensor(0.7280),
          'train_demographic_parity_Age': tensor(0.3020),
          'train_demographic_parity_Gender': tensor(0.3472),
          'train_demographic_parity_Race': tensor(0.2726),
          'train_demographic_parity_RaceAge': tensor(0.5294),
          'train_f1': tensor(0.7289),
          'train_precision': tensor(0.7305),
          'train_recall': tensor(0.7280),
          'val_accuracy': tensor(0.7347),
          'val_demographic_parity_Age': tensor(0.3336),
          'val_demographic_parity_Gender': tensor(0.3817),
          'val_demographic_parity_Race': tensor(0.2822),
          'val_demographic_parity_RaceAge': tensor(0.5352),
          'val_f1': tensor(0.7354),
          'val_precision': tensor(0.7365),
          'val_recall': tensor(0.7347)}
message: {'model_checkpoint': 0,
          'train_accuracy': tensor(0.7280),
          'train_demographic_parity_Age': tensor(0.2481),
          'train_demographic_parity_Gender': tensor(0.2998),
          'train_demographic_parity_Race': tensor(0.2457),
          'train_demographic_parity_RaceAge': tensor(0.4272),
          'train_f1': tensor(0.7212),
          'train_precision': tensor(0.7267),
          'train_recall': tensor(0.7280),
          'val_accuracy': tensor(0.7250),
          'val_demographic_parity_Age': tensor(0.2938),
          'val_demographic_parity_Gender': tensor(0.3191),
          'val_demographic_parity_Race': tensor(0.2146),
          'val_demographic_parity_RaceAge': tensor(0.4369),
          'val_f1': tensor(0.7186),
          'val_precision': tensor(0.7232),
          'val_recall': tensor(0.7250)}
message: {'model_checkpoint': 1,
          'train_accuracy': tensor(0.7285),
          'train_demographic_parity_Age': tensor(0.3007),
          'train_demographic_parity_Gender': tensor(0.3438),
          'train_demographic_parity_Race': tensor(0.2633),
          'train_demographic_parity_RaceAge': tensor(0.5279),
          'train_f1': tensor(0.7295),
          'train_precision': tensor(0.7314),
          'train_recall': tensor(0.7285),
          'val_accuracy': tensor(0.7374),
          'val_demographic_parity_Age': tensor(0.3323),
          'val_demographic_parity_Gender': tensor(0.3786),
          'val_demographic_parity_Race': tensor(0.2767),
          'val_demographic_parity_RaceAge': tensor(0.5367),
          'val_f1': tensor(0.7382),
          'val_precision': tensor(0.7394),
          'val_recall': tensor(0.7374)}
message: {'model_checkpoint': 0,
          'train_accuracy': tensor(0.7258),
          'train_demographic_parity_Age': tensor(0.2411),
          'train_demographic_parity_Gender': tensor(0.2872),
          'train_demographic_parity_Race': tensor(0.2373),
          'train_demographic_parity_RaceAge': tensor(0.4131),
          'train_f1': tensor(0.7175),
          'train_precision': tensor(0.7255),
          'train_recall': tensor(0.7258),
          'val_accuracy': tensor(0.7239),
          'val_demographic_parity_Age': tensor(0.2884),
          'val_demographic_parity_Gender': tensor(0.3099),
          'val_demographic_parity_Race': tensor(0.2079),
          'val_demographic_parity_RaceAge': tensor(0.4224),
          'val_f1': tensor(0.7162),
          'val_precision': tensor(0.7229),
          'val_recall': tensor(0.7239)}
message: {'model_checkpoint': 0,
          'train_accuracy': tensor(0.7291),
          'train_demographic_parity_Age': tensor(0.2993),
          'train_demographic_parity_Gender': tensor(0.3425),
          'train_demographic_parity_Race': tensor(0.2620),
          'train_demographic_parity_RaceAge': tensor(0.5265),
          'train_f1': tensor(0.7301),
          'train_precision': tensor(0.7318),
          'train_recall': tensor(0.7291),
          'val_accuracy': tensor(0.7358),
          'val_demographic_parity_Age': tensor(0.3269),
          'val_demographic_parity_Gender': tensor(0.3761),
          'val_demographic_parity_Race': tensor(0.2747),
          'val_demographic_parity_RaceAge': tensor(0.5309),
          'val_f1': tensor(0.7364),
          'val_precision': tensor(0.7375),
          'val_recall': tensor(0.7358)}
message: {'model_checkpoint': 0,
          'train_accuracy': tensor(0.7258),
          'train_demographic_parity_Age': tensor(0.2391),
          'train_demographic_parity_Gender': tensor(0.2826),
          'train_demographic_parity_Race': tensor(0.2265),
          'train_demographic_parity_RaceAge': tensor(0.4090),
          'train_f1': tensor(0.7170),
          'train_precision': tensor(0.7259),
          'train_recall': tensor(0.7258),
          'val_accuracy': tensor(0.7256),
          'val_demographic_parity_Age': tensor(0.2883),
          'val_demographic_parity_Gender': tensor(0.3089),
          'val_demographic_parity_Race': tensor(0.2100),
          'val_demographic_parity_RaceAge': tensor(0.4194),
          'val_f1': tensor(0.7175),
          'val_precision': tensor(0.7250),
          'val_recall': tensor(0.7256)}
message: {'model_checkpoint': 0,
          'train_accuracy': tensor(0.7310),
          'train_demographic_parity_Age': tensor(0.2980),
          'train_demographic_parity_Gender': tensor(0.3409),
          'train_demographic_parity_Race': tensor(0.2603),
          'train_demographic_parity_RaceAge': tensor(0.5221),
          'train_f1': tensor(0.7319),
          'train_precision': tensor(0.7336),
          'train_recall': tensor(0.7310),
          'val_accuracy': tensor(0.7355),
          'val_demographic_parity_Age': tensor(0.3269),
          'val_demographic_parity_Gender': tensor(0.3742),
          'val_demographic_parity_Race': tensor(0.2747),
          'val_demographic_parity_RaceAge': tensor(0.5294),
          'val_f1': tensor(0.7362),
          'val_precision': tensor(0.7373),
          'val_recall': tensor(0.7355)}
message: {'model_checkpoint': 0,
          'train_accuracy': tensor(0.7288),
          'train_demographic_parity_Age': tensor(0.2435),
          'train_demographic_parity_Gender': tensor(0.2973),
          'train_demographic_parity_Race': tensor(0.2444),
          'train_demographic_parity_RaceAge': tensor(0.4219),
          'train_f1': tensor(0.7220),
          'train_precision': tensor(0.7276),
          'train_recall': tensor(0.7288),
          'val_accuracy': tensor(0.7264),
          'val_demographic_parity_Age': tensor(0.3044),
          'val_demographic_parity_Gender': tensor(0.3210),
          'val_demographic_parity_Race': tensor(0.2136),
          'val_demographic_parity_RaceAge': tensor(0.4398),
          'val_f1': tensor(0.7199),
          'val_precision': tensor(0.7247),
          'val_recall': tensor(0.7264)}
message: {'model_checkpoint': 0,
          'train_accuracy': tensor(0.7307),
          'train_demographic_parity_Age': tensor(0.2940),
          'train_demographic_parity_Gender': tensor(0.3421),
          'train_demographic_parity_Race': tensor(0.2571),
          'train_demographic_parity_RaceAge': tensor(0.5207),
          'train_f1': tensor(0.7316),
          'train_precision': tensor(0.7332),
          'train_recall': tensor(0.7307),
          'val_accuracy': tensor(0.7358),
          'val_demographic_parity_Age': tensor(0.3229),
          'val_demographic_parity_Gender': tensor(0.3726),
          'val_demographic_parity_Race': tensor(0.2731),
          'val_demographic_parity_RaceAge': tensor(0.5236),
          'val_f1': tensor(0.7364),
          'val_precision': tensor(0.7374),
          'val_recall': tensor(0.7358)}
message: {'model_checkpoint': 0,
          'train_accuracy': tensor(0.7291),
          'train_demographic_parity_Age': tensor(0.2562),
          'train_demographic_parity_Gender': tensor(0.3015),
          'train_demographic_parity_Race': tensor(0.2426),
          'train_demographic_parity_RaceAge': tensor(0.4290),
          'train_f1': tensor(0.7226),
          'train_precision': tensor(0.7276),
          'train_recall': tensor(0.7291),
          'val_accuracy': tensor(0.7269),
          'val_demographic_parity_Age': tensor(0.3190),
          'val_demographic_parity_Gender': tensor(0.3242),
          'val_demographic_parity_Race': tensor(0.2108),
          'val_demographic_parity_RaceAge': tensor(0.4470),
          'val_f1': tensor(0.7208),
          'val_precision': tensor(0.7251),
          'val_recall': tensor(0.7269)}
message: {'model_checkpoint': 0,
          'train_accuracy': tensor(0.7310),
          'train_demographic_parity_Age': tensor(0.2993),
          'train_demographic_parity_Gender': tensor(0.3403),
          'train_demographic_parity_Race': tensor(0.2571),
          'train_demographic_parity_RaceAge': tensor(0.5221),
          'train_f1': tensor(0.7319),
          'train_precision': tensor(0.7335),
          'train_recall': tensor(0.7310),
          'val_accuracy': tensor(0.7352),
          'val_demographic_parity_Age': tensor(0.3282),
          'val_demographic_parity_Gender': tensor(0.3708),
          'val_demographic_parity_Race': tensor(0.2754),
          'val_demographic_parity_RaceAge': tensor(0.5294),
          'val_f1': tensor(0.7359),
          'val_precision': tensor(0.7371),
          'val_recall': tensor(0.7352)}
message: {'model_checkpoint': 0,
          'train_accuracy': tensor(0.7285),
          'train_demographic_parity_Age': tensor(0.2544),
          'train_demographic_parity_Gender': tensor(0.2966),
          'train_demographic_parity_Race': tensor(0.2353),
          'train_demographic_parity_RaceAge': tensor(0.4202),
          'train_f1': tensor(0.7214),
          'train_precision': tensor(0.7275),
          'train_recall': tensor(0.7285),
          'val_accuracy': tensor(0.7291),
          'val_demographic_parity_Age': tensor(0.3203),
          'val_demographic_parity_Gender': tensor(0.3202),
          'val_demographic_parity_Race': tensor(0.2023),
          'val_demographic_parity_RaceAge': tensor(0.4427),
          'val_f1': tensor(0.7223),
          'val_precision': tensor(0.7280),
          'val_recall': tensor(0.7291)}
message: {'model_checkpoint': 0,
          'train_accuracy': tensor(0.7324),
          'train_demographic_parity_Age': tensor(0.3059),
          'train_demographic_parity_Gender': tensor(0.3365),
          'train_demographic_parity_Race': tensor(0.2555),
          'train_demographic_parity_RaceAge': tensor(0.5221),
          'train_f1': tensor(0.7332),
          'train_precision': tensor(0.7347),
          'train_recall': tensor(0.7324),
          'val_accuracy': tensor(0.7358),
          'val_demographic_parity_Age': tensor(0.3229),
          'val_demographic_parity_Gender': tensor(0.3695),
          'val_demographic_parity_Race': tensor(0.2741),
          'val_demographic_parity_RaceAge': tensor(0.5236),
          'val_f1': tensor(0.7364),
          'val_precision': tensor(0.7375),
          'val_recall': tensor(0.7358)}
message: {'model_checkpoint': 0,
          'train_accuracy': tensor(0.7260),
          'train_demographic_parity_Age': tensor(0.2473),
          'train_demographic_parity_Gender': tensor(0.2818),
          'train_demographic_parity_Race': tensor(0.2186),
          'train_demographic_parity_RaceAge': tensor(0.4055),
          'train_f1': tensor(0.7165),
          'train_precision': tensor(0.7270),
          'train_recall': tensor(0.7260),
          'val_accuracy': tensor(0.7272),
          'val_demographic_parity_Age': tensor(0.2788),
          'val_demographic_parity_Gender': tensor(0.3001),
          'val_demographic_parity_Race': tensor(0.1940),
          'val_demographic_parity_RaceAge': tensor(0.3992),
          'val_f1': tensor(0.7181),
          'val_precision': tensor(0.7278),
          'val_recall': tensor(0.7272)}
message: {'model_checkpoint': 0,
          'train_accuracy': tensor(0.7332),
          'train_demographic_parity_Age': tensor(0.2992),
          'train_demographic_parity_Gender': tensor(0.3345),
          'train_demographic_parity_Race': tensor(0.2512),
          'train_demographic_parity_RaceAge': tensor(0.5134),
          'train_f1': tensor(0.7339),
          'train_precision': tensor(0.7350),
          'train_recall': tensor(0.7332),
          'val_accuracy': tensor(0.7352),
          'val_demographic_parity_Age': tensor(0.3188),
          'val_demographic_parity_Gender': tensor(0.3687),
          'val_demographic_parity_Race': tensor(0.2691),
          'val_demographic_parity_RaceAge': tensor(0.5178),
          'val_f1': tensor(0.7357),
          'val_precision': tensor(0.7364),
          'val_recall': tensor(0.7352)}
message: {'model_checkpoint': 0,
          'train_accuracy': tensor(0.7271),
          'train_demographic_parity_Age': tensor(0.2536),
          'train_demographic_parity_Gender': tensor(0.2866),
          'train_demographic_parity_Race': tensor(0.2312),
          'train_demographic_parity_RaceAge': tensor(0.4149),
          'train_f1': tensor(0.7191),
          'train_precision': tensor(0.7268),
          'train_recall': tensor(0.7271),
          'val_accuracy': tensor(0.7272),
          'val_demographic_parity_Age': tensor(0.3029),
          'val_demographic_parity_Gender': tensor(0.3119),
          'val_demographic_parity_Race': tensor(0.2027),
          'val_demographic_parity_RaceAge': tensor(0.4238),
          'val_f1': tensor(0.7197),
          'val_precision': tensor(0.7263),
          'val_recall': tensor(0.7272)}
message: {'model_checkpoint': 0,
          'train_accuracy': tensor(0.7324),
          'train_demographic_parity_Age': tensor(0.3032),
          'train_demographic_parity_Gender': tensor(0.3367),
          'train_demographic_parity_Race': tensor(0.2535),
          'train_demographic_parity_RaceAge': tensor(0.5178),
          'train_f1': tensor(0.7332),
          'train_precision': tensor(0.7345),
          'train_recall': tensor(0.7324),
          'val_accuracy': tensor(0.7352),
          'val_demographic_parity_Age': tensor(0.3202),
          'val_demographic_parity_Gender': tensor(0.3697),
          'val_demographic_parity_Race': tensor(0.2728),
          'val_demographic_parity_RaceAge': tensor(0.5193),
          'val_f1': tensor(0.7358),
          'val_precision': tensor(0.7367),
          'val_recall': tensor(0.7352)}
message: {'model_checkpoint': 0,
          'train_accuracy': tensor(0.7269),
          'train_demographic_parity_Age': tensor(0.2483),
          'train_demographic_parity_Gender': tensor(0.2872),
          'train_demographic_parity_Race': tensor(0.2298),
          'train_demographic_parity_RaceAge': tensor(0.4137),
          'train_f1': tensor(0.7186),
          'train_precision': tensor(0.7267),
          'train_recall': tensor(0.7269),
          'val_accuracy': tensor(0.7275),
          'val_demographic_parity_Age': tensor(0.2776),
          'val_demographic_parity_Gender': tensor(0.3096),
          'val_demographic_parity_Race': tensor(0.1956),
          'val_demographic_parity_RaceAge': tensor(0.4127),
          'val_f1': tensor(0.7198),
          'val_precision': tensor(0.7268),
          'val_recall': tensor(0.7275)}
message: {'model_checkpoint': 0,
          'train_accuracy': tensor(0.7332),
          'train_demographic_parity_Age': tensor(0.2926),
          'train_demographic_parity_Gender': tensor(0.3388),
          'train_demographic_parity_Race': tensor(0.2515),
          'train_demographic_parity_RaceAge': tensor(0.5119),
          'train_f1': tensor(0.7339),
          'train_precision': tensor(0.7350),
          'train_recall': tensor(0.7332),
          'val_accuracy': tensor(0.7352),
          'val_demographic_parity_Age': tensor(0.3175),
          'val_demographic_parity_Gender': tensor(0.3733),
          'val_demographic_parity_Race': tensor(0.2678),
          'val_demographic_parity_RaceAge': tensor(0.5149),
          'val_f1': tensor(0.7356),
          'val_precision': tensor(0.7362),
          'val_recall': tensor(0.7352)}
message: {'model_checkpoint': 0,
          'train_accuracy': tensor(0.7327),
          'train_demographic_parity_Age': tensor(0.2558),
          'train_demographic_parity_Gender': tensor(0.3047),
          'train_demographic_parity_Race': tensor(0.2368),
          'train_demographic_parity_RaceAge': tensor(0.4284),
          'train_f1': tensor(0.7264),
          'train_precision': tensor(0.7314),
          'train_recall': tensor(0.7327),
          'val_accuracy': tensor(0.7325),
          'val_demographic_parity_Age': tensor(0.3124),
          'val_demographic_parity_Gender': tensor(0.3267),
          'val_demographic_parity_Race': tensor(0.2095),
          'val_demographic_parity_RaceAge': tensor(0.4456),
          'val_f1': tensor(0.7262),
          'val_precision': tensor(0.7311),
          'val_recall': tensor(0.7325)}
message: {'model_checkpoint': 0,
          'train_accuracy': tensor(0.7340),
          'train_demographic_parity_Age': tensor(0.2992),
          'train_demographic_parity_Gender': tensor(0.3371),
          'train_demographic_parity_Race': tensor(0.2561),
          'train_demographic_parity_RaceAge': tensor(0.5192),
          'train_f1': tensor(0.7349),
          'train_precision': tensor(0.7364),
          'train_recall': tensor(0.7340),
          'val_accuracy': tensor(0.7371),
          'val_demographic_parity_Age': tensor(0.3229),
          'val_demographic_parity_Gender': tensor(0.3733),
          'val_demographic_parity_Race': tensor(0.2693),
          'val_demographic_parity_RaceAge': tensor(0.5251),
          'val_f1': tensor(0.7379),
          'val_precision': tensor(0.7390),
          'val_recall': tensor(0.7371)}
message: {'model_checkpoint': 0,
          'train_accuracy': tensor(0.7252),
          'train_demographic_parity_Age': tensor(0.2476),
          'train_demographic_parity_Gender': tensor(0.2811),
          'train_demographic_parity_Race': tensor(0.2262),
          'train_demographic_parity_RaceAge': tensor(0.4102),
          'train_f1': tensor(0.7165),
          'train_precision': tensor(0.7252),
          'train_recall': tensor(0.7252),
          'val_accuracy': tensor(0.7305),
          'val_demographic_parity_Age': tensor(0.2869),
          'val_demographic_parity_Gender': tensor(0.3096),
          'val_demographic_parity_Race': tensor(0.1940),
          'val_demographic_parity_RaceAge': tensor(0.4127),
          'val_f1': tensor(0.7227),
          'val_precision': tensor(0.7303),
          'val_recall': tensor(0.7305)}
message: {'model_checkpoint': 0,
          'train_accuracy': tensor(0.7349),
          'train_demographic_parity_Age': tensor(0.2965),
          'train_demographic_parity_Gender': tensor(0.3342),
          'train_demographic_parity_Race': tensor(0.2531),
          'train_demographic_parity_RaceAge': tensor(0.5149),
          'train_f1': tensor(0.7356),
          'train_precision': tensor(0.7369),
          'train_recall': tensor(0.7349),
          'val_accuracy': tensor(0.7371),
          'val_demographic_parity_Age': tensor(0.3175),
          'val_demographic_parity_Gender': tensor(0.3701),
          'val_demographic_parity_Race': tensor(0.2660),
          'val_demographic_parity_RaceAge': tensor(0.5178),
          'val_f1': tensor(0.7378),
          'val_precision': tensor(0.7387),
          'val_recall': tensor(0.7371)}
message: {'model_checkpoint': 0,
          'train_accuracy': tensor(0.7329),
          'train_demographic_parity_Age': tensor(0.2595),
          'train_demographic_parity_Gender': tensor(0.3019),
          'train_demographic_parity_Race': tensor(0.2452),
          'train_demographic_parity_RaceAge': tensor(0.4331),
          'train_f1': tensor(0.7268),
          'train_precision': tensor(0.7316),
          'train_recall': tensor(0.7329),
          'val_accuracy': tensor(0.7308),
          'val_demographic_parity_Age': tensor(0.3177),
          'val_demographic_parity_Gender': tensor(0.3252),
          'val_demographic_parity_Race': tensor(0.2135),
          'val_demographic_parity_RaceAge': tensor(0.4499),
          'val_f1': tensor(0.7250),
          'val_precision': tensor(0.7290),
          'val_recall': tensor(0.7308)}
message: {'model_checkpoint': 0,
          'train_accuracy': tensor(0.7343),
          'train_demographic_parity_Age': tensor(0.3005),
          'train_demographic_parity_Gender': tensor(0.3364),
          'train_demographic_parity_Race': tensor(0.2535),
          'train_demographic_parity_RaceAge': tensor(0.5178),
          'train_f1': tensor(0.7351),
          'train_precision': tensor(0.7364),
          'train_recall': tensor(0.7343),
          'val_accuracy': tensor(0.7374),
          'val_demographic_parity_Age': tensor(0.3241),
          'val_demographic_parity_Gender': tensor(0.3735),
          'val_demographic_parity_Race': tensor(0.2657),
          'val_demographic_parity_RaceAge': tensor(0.5207),
          'val_f1': tensor(0.7380),
          'val_precision': tensor(0.7389),
          'val_recall': tensor(0.7374)}
message: {'final_train_accuracy': tensor(0.7285),
          'final_train_demographic_parity_Age': tensor(0.3007),
          'final_train_demographic_parity_Gender': tensor(0.3438),
          'final_train_demographic_parity_Race': tensor(0.2633),
          'final_train_demographic_parity_RaceAge': tensor(0.5279),
          'final_train_f1': tensor(0.7295),
          'final_train_precision': tensor(0.7314),
          'final_train_recall': tensor(0.7285),
          'final_val_accuracy': tensor(0.7374),
          'final_val_demographic_parity_Age': tensor(0.3323),
          'final_val_demographic_parity_Gender': tensor(0.3786),
          'final_val_demographic_parity_Race': tensor(0.2767),
          'final_val_demographic_parity_RaceAge': tensor(0.5367),
          'final_val_f1': tensor(0.7382),
          'final_val_precision': tensor(0.7394),
          'final_val_recall': tensor(0.7374)}
