message: {'global_train_accuracy': tensor(0.4245),
          'global_train_f1': tensor(0.2530),
          'global_train_precision': tensor(0.1802),
          'global_train_recall': tensor(0.4245),
          'global_val_accuracy': tensor(0.4246),
          'global_val_f1': tensor(0.2531),
          'global_val_precision': tensor(0.1803),
          'global_val_recall': tensor(0.4246)}
message: {'global_train_accuracy': tensor(0.8223),
          'global_train_f1': tensor(0.8225),
          'global_train_precision': tensor(0.8229),
          'global_train_recall': tensor(0.8223),
          'global_val_accuracy': tensor(0.8236),
          'global_val_f1': tensor(0.8238),
          'global_val_precision': tensor(0.8241),
          'global_val_recall': tensor(0.8236),
          'local_train_accuracy': tensor(0.8162),
          'local_train_f1': tensor(0.8172),
          'local_train_precision': tensor(0.8333),
          'local_train_recall': tensor(0.8162),
          'local_val_accuracy': tensor(0.8160),
          'local_val_f1': tensor(0.8169),
          'local_val_precision': tensor(0.8325),
          'local_val_recall': tensor(0.8160)}
