message: {'global_train_accuracy': tensor(0.4330),
          'global_train_demographic_parity_Marital': tensor(0.1375),
          'global_train_f1': tensor(0.3200),
          'global_train_precision': tensor(0.7455),
          'global_train_recall': tensor(0.4330),
          'global_val_accuracy': tensor(0.4326),
          'global_val_demographic_parity_Marital': tensor(0.1430),
          'global_val_f1': tensor(0.3210),
          'global_val_precision': tensor(0.7450),
          'global_val_recall': tensor(0.4326),
          'local_train_accuracy': tensor(0.7375),
          'local_train_demographic_parity_Marital': tensor(0.2277),
          'local_train_f1': tensor(0.7400),
          'local_train_precision': tensor(0.7456),
          'local_train_recall': tensor(0.7375),
          'local_val_accuracy': tensor(0.7398),
          'local_val_demographic_parity_Marital': tensor(0.2272),
          'local_val_f1': tensor(0.7425),
          'local_val_precision': tensor(0.7488),
          'local_val_recall': tensor(0.7398)}
message: {'global_train_accuracy': tensor(0.7510),
          'global_train_demographic_parity_Marital': tensor(0.2043),
          'global_train_f1': tensor(0.7494),
          'global_train_precision': tensor(0.7486),
          'global_train_recall': tensor(0.7510),
          'global_val_accuracy': tensor(0.7533),
          'global_val_demographic_parity_Marital': tensor(0.2007),
          'global_val_f1': tensor(0.7521),
          'global_val_precision': tensor(0.7514),
          'global_val_recall': tensor(0.7533),
          'local_train_accuracy': tensor(0.7445),
          'local_train_demographic_parity_Marital': tensor(0.2456),
          'local_train_f1': tensor(0.7472),
          'local_train_precision': tensor(0.7546),
          'local_train_recall': tensor(0.7445),
          'local_val_accuracy': tensor(0.7456),
          'local_val_demographic_parity_Marital': tensor(0.2462),
          'local_val_f1': tensor(0.7486),
          'local_val_precision': tensor(0.7569),
          'local_val_recall': tensor(0.7456)}
message: {'global_train_accuracy': tensor(0.7537),
          'global_train_demographic_parity_Marital': tensor(0.2033),
          'global_train_f1': tensor(0.7463),
          'global_train_precision': tensor(0.7502),
          'global_train_recall': tensor(0.7537),
          'global_val_accuracy': tensor(0.7548),
          'global_val_demographic_parity_Marital': tensor(0.2023),
          'global_val_f1': tensor(0.7480),
          'global_val_precision': tensor(0.7509),
          'global_val_recall': tensor(0.7548),
          'local_train_accuracy': tensor(0.7566),
          'local_train_demographic_parity_Marital': tensor(0.2677),
          'local_train_f1': tensor(0.7575),
          'local_train_precision': tensor(0.7586),
          'local_train_recall': tensor(0.7566),
          'local_val_accuracy': tensor(0.7570),
          'local_val_demographic_parity_Marital': tensor(0.2676),
          'local_val_f1': tensor(0.7582),
          'local_val_precision': tensor(0.7600),
          'local_val_recall': tensor(0.7570)}
message: {'global_train_accuracy': tensor(0.7533),
          'global_train_demographic_parity_Marital': tensor(0.2065),
          'global_train_f1': tensor(0.7449),
          'global_train_precision': tensor(0.7502),
          'global_train_recall': tensor(0.7533),
          'global_val_accuracy': tensor(0.7546),
          'global_val_demographic_parity_Marital': tensor(0.2057),
          'global_val_f1': tensor(0.7466),
          'global_val_precision': tensor(0.7511),
          'global_val_recall': tensor(0.7546),
          'local_train_accuracy': tensor(0.7607),
          'local_train_demographic_parity_Marital': tensor(0.2625),
          'local_train_f1': tensor(0.7608),
          'local_train_precision': tensor(0.7610),
          'local_train_recall': tensor(0.7607),
          'local_val_accuracy': tensor(0.7614),
          'local_val_demographic_parity_Marital': tensor(0.2555),
          'local_val_f1': tensor(0.7619),
          'local_val_precision': tensor(0.7625),
          'local_val_recall': tensor(0.7614)}
message: {'global_train_accuracy': tensor(0.7645),
          'global_train_demographic_parity_Marital': tensor(0.2440),
          'global_train_f1': tensor(0.7594),
          'global_train_precision': tensor(0.7611),
          'global_train_recall': tensor(0.7645),
          'global_val_accuracy': tensor(0.7655),
          'global_val_demographic_parity_Marital': tensor(0.2410),
          'global_val_f1': tensor(0.7608),
          'global_val_precision': tensor(0.7619),
          'global_val_recall': tensor(0.7655),
          'local_train_accuracy': tensor(0.7625),
          'local_train_demographic_parity_Marital': tensor(0.2437),
          'local_train_f1': tensor(0.7605),
          'local_train_precision': tensor(0.7598),
          'local_train_recall': tensor(0.7625),
          'local_val_accuracy': tensor(0.7642),
          'local_val_demographic_parity_Marital': tensor(0.2393),
          'local_val_f1': tensor(0.7626),
          'local_val_precision': tensor(0.7619),
          'local_val_recall': tensor(0.7642)}
message: {'global_train_accuracy': tensor(0.7631),
          'global_train_demographic_parity_Marital': tensor(0.2393),
          'global_train_f1': tensor(0.7573),
          'global_train_precision': tensor(0.7597),
          'global_train_recall': tensor(0.7631),
          'global_val_accuracy': tensor(0.7642),
          'global_val_demographic_parity_Marital': tensor(0.2364),
          'global_val_f1': tensor(0.7588),
          'global_val_precision': tensor(0.7606),
          'global_val_recall': tensor(0.7642),
          'local_train_accuracy': tensor(0.7632),
          'local_train_demographic_parity_Marital': tensor(0.2897),
          'local_train_f1': tensor(0.7639),
          'local_train_precision': tensor(0.7650),
          'local_train_recall': tensor(0.7632),
          'local_val_accuracy': tensor(0.7646),
          'local_val_demographic_parity_Marital': tensor(0.2870),
          'local_val_f1': tensor(0.7657),
          'local_val_precision': tensor(0.7674),
          'local_val_recall': tensor(0.7646)}
message: {'global_train_accuracy': tensor(0.7628),
          'global_train_demographic_parity_Marital': tensor(0.2330),
          'global_train_f1': tensor(0.7561),
          'global_train_precision': tensor(0.7597),
          'global_train_recall': tensor(0.7628),
          'global_val_accuracy': tensor(0.7642),
          'global_val_demographic_parity_Marital': tensor(0.2308),
          'global_val_f1': tensor(0.7579),
          'global_val_precision': tensor(0.7609),
          'global_val_recall': tensor(0.7642),
          'local_train_accuracy': tensor(0.7592),
          'local_train_demographic_parity_Marital': tensor(0.2920),
          'local_train_f1': tensor(0.7609),
          'local_train_precision': tensor(0.7640),
          'local_train_recall': tensor(0.7592),
          'local_val_accuracy': tensor(0.7603),
          'local_val_demographic_parity_Marital': tensor(0.2919),
          'local_val_f1': tensor(0.7623),
          'local_val_precision': tensor(0.7664),
          'local_val_recall': tensor(0.7603)}
message: {'global_train_accuracy': tensor(0.7642),
          'global_train_demographic_parity_Marital': tensor(0.2400),
          'global_train_f1': tensor(0.7576),
          'global_train_precision': tensor(0.7612),
          'global_train_recall': tensor(0.7642),
          'global_val_accuracy': tensor(0.7659),
          'global_val_demographic_parity_Marital': tensor(0.2393),
          'global_val_f1': tensor(0.7596),
          'global_val_precision': tensor(0.7627),
          'global_val_recall': tensor(0.7659),
          'local_train_accuracy': tensor(0.7653),
          'local_train_demographic_parity_Marital': tensor(0.2957),
          'local_train_f1': tensor(0.7659),
          'local_train_precision': tensor(0.7667),
          'local_train_recall': tensor(0.7653),
          'local_val_accuracy': tensor(0.7654),
          'local_val_demographic_parity_Marital': tensor(0.2932),
          'local_val_f1': tensor(0.7664),
          'local_val_precision': tensor(0.7678),
          'local_val_recall': tensor(0.7654)}
message: {'global_train_accuracy': tensor(0.7707),
          'global_train_demographic_parity_Marital': tensor(0.2656),
          'global_train_f1': tensor(0.7654),
          'global_train_precision': tensor(0.7676),
          'global_train_recall': tensor(0.7707),
          'global_val_accuracy': tensor(0.7716),
          'global_val_demographic_parity_Marital': tensor(0.2650),
          'global_val_f1': tensor(0.7667),
          'global_val_precision': tensor(0.7684),
          'global_val_recall': tensor(0.7716),
          'local_train_accuracy': tensor(0.7680),
          'local_train_demographic_parity_Marital': tensor(0.3017),
          'local_train_f1': tensor(0.7683),
          'local_train_precision': tensor(0.7687),
          'local_train_recall': tensor(0.7680),
          'local_val_accuracy': tensor(0.7692),
          'local_val_demographic_parity_Marital': tensor(0.3033),
          'local_val_f1': tensor(0.7699),
          'local_val_precision': tensor(0.7709),
          'local_val_recall': tensor(0.7692)}
message: {'global_train_accuracy': tensor(0.7618),
          'global_train_demographic_parity_Marital': tensor(0.2308),
          'global_train_f1': tensor(0.7518),
          'global_train_precision': tensor(0.7611),
          'global_train_recall': tensor(0.7618),
          'global_val_accuracy': tensor(0.7634),
          'global_val_demographic_parity_Marital': tensor(0.2317),
          'global_val_f1': tensor(0.7537),
          'global_val_precision': tensor(0.7623),
          'global_val_recall': tensor(0.7634),
          'local_train_accuracy': tensor(0.7685),
          'local_train_demographic_parity_Marital': tensor(0.2784),
          'local_train_f1': tensor(0.7675),
          'local_train_precision': tensor(0.7668),
          'local_train_recall': tensor(0.7685),
          'local_val_accuracy': tensor(0.7691),
          'local_val_demographic_parity_Marital': tensor(0.2752),
          'local_val_f1': tensor(0.7684),
          'local_val_precision': tensor(0.7679),
          'local_val_recall': tensor(0.7691)}
message: {'global_train_accuracy': tensor(0.7685),
          'global_train_demographic_parity_Marital': tensor(0.2599),
          'global_train_f1': tensor(0.7622),
          'global_train_precision': tensor(0.7657),
          'global_train_recall': tensor(0.7685),
          'global_val_accuracy': tensor(0.7703),
          'global_val_demographic_parity_Marital': tensor(0.2608),
          'global_val_f1': tensor(0.7643),
          'global_val_precision': tensor(0.7674),
          'global_val_recall': tensor(0.7703),
          'local_train_accuracy': tensor(0.7702),
          'local_train_demographic_parity_Marital': tensor(0.3573),
          'local_train_f1': tensor(0.7724),
          'local_train_precision': tensor(0.7779),
          'local_train_recall': tensor(0.7702),
          'local_val_accuracy': tensor(0.7727),
          'local_val_demographic_parity_Marital': tensor(0.3596),
          'local_val_f1': tensor(0.7751),
          'local_val_precision': tensor(0.7818),
          'local_val_recall': tensor(0.7727)}
message: {'global_train_accuracy': tensor(0.7596),
          'global_train_demographic_parity_Marital': tensor(0.2216),
          'global_train_f1': tensor(0.7499),
          'global_train_precision': tensor(0.7584),
          'global_train_recall': tensor(0.7596),
          'global_val_accuracy': tensor(0.7616),
          'global_val_demographic_parity_Marital': tensor(0.2223),
          'global_val_f1': tensor(0.7522),
          'global_val_precision': tensor(0.7601),
          'global_val_recall': tensor(0.7616),
          'local_train_accuracy': tensor(0.7696),
          'local_train_demographic_parity_Marital': tensor(0.2771),
          'local_train_f1': tensor(0.7684),
          'local_train_precision': tensor(0.7678),
          'local_train_recall': tensor(0.7696),
          'local_val_accuracy': tensor(0.7708),
          'local_val_demographic_parity_Marital': tensor(0.2737),
          'local_val_f1': tensor(0.7700),
          'local_val_precision': tensor(0.7694),
          'local_val_recall': tensor(0.7708)}
message: {'global_train_accuracy': tensor(0.7658),
          'global_train_demographic_parity_Marital': tensor(0.2379),
          'global_train_f1': tensor(0.7574),
          'global_train_precision': tensor(0.7642),
          'global_train_recall': tensor(0.7658),
          'global_val_accuracy': tensor(0.7677),
          'global_val_demographic_parity_Marital': tensor(0.2396),
          'global_val_f1': tensor(0.7596),
          'global_val_precision': tensor(0.7658),
          'global_val_recall': tensor(0.7677),
          'local_train_accuracy': tensor(0.7723),
          'local_train_demographic_parity_Marital': tensor(0.3298),
          'local_train_f1': tensor(0.7737),
          'local_train_precision': tensor(0.7762),
          'local_train_recall': tensor(0.7723),
          'local_val_accuracy': tensor(0.7731),
          'local_val_demographic_parity_Marital': tensor(0.3301),
          'local_val_f1': tensor(0.7748),
          'local_val_precision': tensor(0.7783),
          'local_val_recall': tensor(0.7731)}
message: {'global_train_accuracy': tensor(0.7707),
          'global_train_demographic_parity_Marital': tensor(0.2582),
          'global_train_f1': tensor(0.7645),
          'global_train_precision': tensor(0.7681),
          'global_train_recall': tensor(0.7707),
          'global_val_accuracy': tensor(0.7721),
          'global_val_demographic_parity_Marital': tensor(0.2575),
          'global_val_f1': tensor(0.7662),
          'global_val_precision': tensor(0.7692),
          'global_val_recall': tensor(0.7721),
          'local_train_accuracy': tensor(0.7689),
          'local_train_demographic_parity_Marital': tensor(0.3332),
          'local_train_f1': tensor(0.7710),
          'local_train_precision': tensor(0.7764),
          'local_train_recall': tensor(0.7689),
          'local_val_accuracy': tensor(0.7711),
          'local_val_demographic_parity_Marital': tensor(0.3359),
          'local_val_f1': tensor(0.7735),
          'local_val_precision': tensor(0.7801),
          'local_val_recall': tensor(0.7711)}
message: {'local_train_accuracy': tensor(0.7689),
          'local_train_demographic_parity_Marital': tensor(0.3332),
          'local_train_f1': tensor(0.7710),
          'local_train_precision': tensor(0.7764),
          'local_train_recall': tensor(0.7689),
          'local_val_accuracy': tensor(0.7711),
          'local_val_demographic_parity_Marital': tensor(0.3359),
          'local_val_f1': tensor(0.7735),
          'local_val_precision': tensor(0.7801),
          'local_val_recall': tensor(0.7711)}
