message: {'global_train_accuracy': tensor(0.4177),
          'global_train_f1': tensor(0.2461),
          'global_train_precision': tensor(0.1744),
          'global_train_recall': tensor(0.4177),
          'global_val_accuracy': tensor(0.4177),
          'global_val_f1': tensor(0.2461),
          'global_val_precision': tensor(0.1745),
          'global_val_recall': tensor(0.4177)}
message: {'global_train_accuracy': tensor(0.8185),
          'global_train_f1': tensor(0.8187),
          'global_train_precision': tensor(0.8192),
          'global_train_recall': tensor(0.8185),
          'global_val_accuracy': tensor(0.8199),
          'global_val_f1': tensor(0.8202),
          'global_val_precision': tensor(0.8208),
          'global_val_recall': tensor(0.8199),
          'local_train_accuracy': tensor(0.8193),
          'local_train_f1': tensor(0.8191),
          'local_train_precision': tensor(0.8190),
          'local_train_recall': tensor(0.8193),
          'local_val_accuracy': tensor(0.8188),
          'local_val_f1': tensor(0.8187),
          'local_val_precision': tensor(0.8186),
          'local_val_recall': tensor(0.8188)}
