message: {'global_train_accuracy': tensor(0.8331),
          'global_train_demographic_parity_Gender': tensor(0.0205),
          'global_train_demographic_parity_Marital': tensor(0.5234),
          'global_train_demographic_parity_Race': tensor(0.2970),
          'global_train_equalized_odds_Gender': tensor(0.0959),
          'global_train_equalized_odds_Marital': tensor(0.5254),
          'global_train_equalized_odds_Race': tensor(0.3084),
          'global_train_f1': tensor(0.8318),
          'global_train_precision': tensor(0.8306),
          'global_train_recall': tensor(0.8331),
          'global_val_accuracy': tensor(0.8364),
          'global_val_demographic_parity_Gender': tensor(0.0171),
          'global_val_demographic_parity_Marital': tensor(0.5359),
          'global_val_demographic_parity_Race': tensor(0.3961),
          'global_val_equalized_odds_Gender': tensor(0.0821),
          'global_val_equalized_odds_Marital': tensor(0.5109),
          'global_val_equalized_odds_Race': tensor(0.3442),
          'global_val_f1': tensor(0.8357),
          'global_val_precision': tensor(0.8351),
          'global_val_recall': tensor(0.8364),
          'local_train_accuracy': tensor(0.8029),
          'local_train_demographic_parity_Gender': tensor(0.1091),
          'local_train_demographic_parity_Marital': tensor(0.5824),
          'local_train_demographic_parity_Race': tensor(0.3590),
          'local_train_equalized_odds_Gender': tensor(0.1056),
          'local_train_equalized_odds_Marital': tensor(0.4556),
          'local_train_equalized_odds_Race': tensor(0.2907),
          'local_train_f1': tensor(0.8105),
          'local_train_precision': tensor(0.8267),
          'local_train_recall': tensor(0.8029),
          'local_val_accuracy': tensor(0.8062),
          'local_val_demographic_parity_Gender': tensor(0.1025),
          'local_val_demographic_parity_Marital': tensor(0.5855),
          'local_val_demographic_parity_Race': tensor(0.4091),
          'local_val_equalized_odds_Gender': tensor(0.1078),
          'local_val_equalized_odds_Marital': tensor(0.4374),
          'local_val_equalized_odds_Race': tensor(0.2998),
          'local_val_f1': tensor(0.8136),
          'local_val_precision': tensor(0.8294),
          'local_val_recall': tensor(0.8062)}
message: {'global_train_accuracy': tensor(0.8369),
          'global_train_demographic_parity_Gender': tensor(0.0380),
          'global_train_demographic_parity_Marital': tensor(0.4909),
          'global_train_demographic_parity_Race': tensor(0.3168),
          'global_train_equalized_odds_Gender': tensor(0.0699),
          'global_train_equalized_odds_Marital': tensor(0.4795),
          'global_train_equalized_odds_Race': tensor(0.2985),
          'global_train_f1': tensor(0.8359),
          'global_train_precision': tensor(0.8351),
          'global_train_recall': tensor(0.8369),
          'global_val_accuracy': tensor(0.8364),
          'global_val_demographic_parity_Gender': tensor(0.0295),
          'global_val_demographic_parity_Marital': tensor(0.5033),
          'global_val_demographic_parity_Race': tensor(0.4057),
          'global_val_equalized_odds_Gender': tensor(0.0631),
          'global_val_equalized_odds_Marital': tensor(0.4652),
          'global_val_equalized_odds_Race': tensor(0.3282),
          'global_val_f1': tensor(0.8359),
          'global_val_precision': tensor(0.8355),
          'global_val_recall': tensor(0.8364),
          'local_train_accuracy': tensor(0.8047),
          'local_train_demographic_parity_Gender': tensor(0.1309),
          'local_train_demographic_parity_Marital': tensor(0.5080),
          'local_train_demographic_parity_Race': tensor(0.3797),
          'local_train_equalized_odds_Gender': tensor(0.1252),
          'local_train_equalized_odds_Marital': tensor(0.3487),
          'local_train_equalized_odds_Race': tensor(0.3168),
          'local_train_f1': tensor(0.8134),
          'local_train_precision': tensor(0.8352),
          'local_train_recall': tensor(0.8047),
          'local_val_accuracy': tensor(0.8038),
          'local_val_demographic_parity_Gender': tensor(0.1256),
          'local_val_demographic_parity_Marital': tensor(0.5244),
          'local_val_demographic_parity_Race': tensor(0.4199),
          'local_val_equalized_odds_Gender': tensor(0.1318),
          'local_val_equalized_odds_Marital': tensor(0.3650),
          'local_val_equalized_odds_Race': tensor(0.3449),
          'local_val_f1': tensor(0.8125),
          'local_val_precision': tensor(0.8339),
          'local_val_recall': tensor(0.8038)}
message: {'global_train_accuracy': tensor(0.8371),
          'global_train_demographic_parity_Gender': tensor(0.0389),
          'global_train_demographic_parity_Marital': tensor(0.4943),
          'global_train_demographic_parity_Race': tensor(0.3167),
          'global_train_equalized_odds_Gender': tensor(0.0689),
          'global_train_equalized_odds_Marital': tensor(0.4790),
          'global_train_equalized_odds_Race': tensor(0.2801),
          'global_train_f1': tensor(0.8366),
          'global_train_precision': tensor(0.8361),
          'global_train_recall': tensor(0.8371),
          'global_val_accuracy': tensor(0.8377),
          'global_val_demographic_parity_Gender': tensor(0.0319),
          'global_val_demographic_parity_Marital': tensor(0.5075),
          'global_val_demographic_parity_Race': tensor(0.4048),
          'global_val_equalized_odds_Gender': tensor(0.0604),
          'global_val_equalized_odds_Marital': tensor(0.4665),
          'global_val_equalized_odds_Race': tensor(0.3228),
          'global_val_f1': tensor(0.8377),
          'global_val_precision': tensor(0.8378),
          'global_val_recall': tensor(0.8377),
          'local_train_accuracy': tensor(0.8085),
          'local_train_demographic_parity_Gender': tensor(0.1129),
          'local_train_demographic_parity_Marital': tensor(0.5404),
          'local_train_demographic_parity_Race': tensor(0.3580),
          'local_train_equalized_odds_Gender': tensor(0.1044),
          'local_train_equalized_odds_Marital': tensor(0.3842),
          'local_train_equalized_odds_Race': tensor(0.2878),
          'local_train_f1': tensor(0.8168),
          'local_train_precision': tensor(0.8369),
          'local_train_recall': tensor(0.8085),
          'local_val_accuracy': tensor(0.8075),
          'local_val_demographic_parity_Gender': tensor(0.1081),
          'local_val_demographic_parity_Marital': tensor(0.5547),
          'local_val_demographic_parity_Race': tensor(0.4236),
          'local_val_equalized_odds_Gender': tensor(0.1092),
          'local_val_equalized_odds_Marital': tensor(0.4010),
          'local_val_equalized_odds_Race': tensor(0.3113),
          'local_val_f1': tensor(0.8157),
          'local_val_precision': tensor(0.8351),
          'local_val_recall': tensor(0.8075)}
message: {'global_train_accuracy': tensor(0.8359),
          'global_train_demographic_parity_Gender': tensor(0.0403),
          'global_train_demographic_parity_Marital': tensor(0.4960),
          'global_train_demographic_parity_Race': tensor(0.3177),
          'global_train_equalized_odds_Gender': tensor(0.0680),
          'global_train_equalized_odds_Marital': tensor(0.4723),
          'global_train_equalized_odds_Race': tensor(0.2653),
          'global_train_f1': tensor(0.8359),
          'global_train_precision': tensor(0.8359),
          'global_train_recall': tensor(0.8359),
          'global_val_accuracy': tensor(0.8377),
          'global_val_demographic_parity_Gender': tensor(0.0316),
          'global_val_demographic_parity_Marital': tensor(0.5084),
          'global_val_demographic_parity_Race': tensor(0.4038),
          'global_val_equalized_odds_Gender': tensor(0.0590),
          'global_val_equalized_odds_Marital': tensor(0.4585),
          'global_val_equalized_odds_Race': tensor(0.2989),
          'global_val_f1': tensor(0.8382),
          'global_val_precision': tensor(0.8387),
          'global_val_recall': tensor(0.8377),
          'local_train_accuracy': tensor(0.8003),
          'local_train_demographic_parity_Gender': tensor(0.1048),
          'local_train_demographic_parity_Marital': tensor(0.5547),
          'local_train_demographic_parity_Race': tensor(0.3457),
          'local_train_equalized_odds_Gender': tensor(0.0990),
          'local_train_equalized_odds_Marital': tensor(0.3999),
          'local_train_equalized_odds_Race': tensor(0.2813),
          'local_train_f1': tensor(0.8099),
          'local_train_precision': tensor(0.8359),
          'local_train_recall': tensor(0.8003),
          'local_val_accuracy': tensor(0.8021),
          'local_val_demographic_parity_Gender': tensor(0.1017),
          'local_val_demographic_parity_Marital': tensor(0.5675),
          'local_val_demographic_parity_Race': tensor(0.4196),
          'local_val_equalized_odds_Gender': tensor(0.1055),
          'local_val_equalized_odds_Marital': tensor(0.3983),
          'local_val_equalized_odds_Race': tensor(0.3011),
          'local_val_f1': tensor(0.8115),
          'local_val_precision': tensor(0.8361),
          'local_val_recall': tensor(0.8021)}
message: {'global_train_accuracy': tensor(0.8385),
          'global_train_demographic_parity_Gender': tensor(0.0358),
          'global_train_demographic_parity_Marital': tensor(0.4820),
          'global_train_demographic_parity_Race': tensor(0.3047),
          'global_train_equalized_odds_Gender': tensor(0.0718),
          'global_train_equalized_odds_Marital': tensor(0.4688),
          'global_train_equalized_odds_Race': tensor(0.2658),
          'global_train_f1': tensor(0.8375),
          'global_train_precision': tensor(0.8366),
          'global_train_recall': tensor(0.8385),
          'global_val_accuracy': tensor(0.8384),
          'global_val_demographic_parity_Gender': tensor(0.0300),
          'global_val_demographic_parity_Marital': tensor(0.4910),
          'global_val_demographic_parity_Race': tensor(0.4013),
          'global_val_equalized_odds_Gender': tensor(0.0596),
          'global_val_equalized_odds_Marital': tensor(0.4471),
          'global_val_equalized_odds_Race': tensor(0.3043),
          'global_val_f1': tensor(0.8380),
          'global_val_precision': tensor(0.8376),
          'global_val_recall': tensor(0.8384),
          'local_train_accuracy': tensor(0.8165),
          'local_train_demographic_parity_Gender': tensor(0.1037),
          'local_train_demographic_parity_Marital': tensor(0.4917),
          'local_train_demographic_parity_Race': tensor(0.3409),
          'local_train_equalized_odds_Gender': tensor(0.0949),
          'local_train_equalized_odds_Marital': tensor(0.3499),
          'local_train_equalized_odds_Race': tensor(0.2631),
          'local_train_f1': tensor(0.8231),
          'local_train_precision': tensor(0.8372),
          'local_train_recall': tensor(0.8165),
          'local_val_accuracy': tensor(0.8158),
          'local_val_demographic_parity_Gender': tensor(0.0993),
          'local_val_demographic_parity_Marital': tensor(0.5086),
          'local_val_demographic_parity_Race': tensor(0.3937),
          'local_val_equalized_odds_Gender': tensor(0.1024),
          'local_val_equalized_odds_Marital': tensor(0.3668),
          'local_val_equalized_odds_Race': tensor(0.2932),
          'local_val_f1': tensor(0.8223),
          'local_val_precision': tensor(0.8362),
          'local_val_recall': tensor(0.8158)}
message: {'global_train_accuracy': tensor(0.8381),
          'global_train_demographic_parity_Gender': tensor(0.0388),
          'global_train_demographic_parity_Marital': tensor(0.4878),
          'global_train_demographic_parity_Race': tensor(0.3124),
          'global_train_equalized_odds_Gender': tensor(0.0679),
          'global_train_equalized_odds_Marital': tensor(0.4674),
          'global_train_equalized_odds_Race': tensor(0.2637),
          'global_train_f1': tensor(0.8376),
          'global_train_precision': tensor(0.8370),
          'global_train_recall': tensor(0.8381),
          'global_val_accuracy': tensor(0.8397),
          'global_val_demographic_parity_Gender': tensor(0.0334),
          'global_val_demographic_parity_Marital': tensor(0.4984),
          'global_val_demographic_parity_Race': tensor(0.4060),
          'global_val_equalized_odds_Gender': tensor(0.0521),
          'global_val_equalized_odds_Marital': tensor(0.4503),
          'global_val_equalized_odds_Race': tensor(0.2919),
          'global_val_f1': tensor(0.8397),
          'global_val_precision': tensor(0.8396),
          'global_val_recall': tensor(0.8397),
          'local_train_accuracy': tensor(0.8078),
          'local_train_demographic_parity_Gender': tensor(0.1157),
          'local_train_demographic_parity_Marital': tensor(0.5248),
          'local_train_demographic_parity_Race': tensor(0.3607),
          'local_train_equalized_odds_Gender': tensor(0.1073),
          'local_train_equalized_odds_Marital': tensor(0.3588),
          'local_train_equalized_odds_Race': tensor(0.2905),
          'local_train_f1': tensor(0.8165),
          'local_train_precision': tensor(0.8384),
          'local_train_recall': tensor(0.8078),
          'local_val_accuracy': tensor(0.8072),
          'local_val_demographic_parity_Gender': tensor(0.1104),
          'local_val_demographic_parity_Marital': tensor(0.5387),
          'local_val_demographic_parity_Race': tensor(0.4063),
          'local_val_equalized_odds_Gender': tensor(0.1127),
          'local_val_equalized_odds_Marital': tensor(0.3770),
          'local_val_equalized_odds_Race': tensor(0.3154),
          'local_val_f1': tensor(0.8156),
          'local_val_precision': tensor(0.8363),
          'local_val_recall': tensor(0.8072)}
message: {'global_train_accuracy': tensor(0.8395),
          'global_train_demographic_parity_Gender': tensor(0.0343),
          'global_train_demographic_parity_Marital': tensor(0.4878),
          'global_train_demographic_parity_Race': tensor(0.3133),
          'global_train_equalized_odds_Gender': tensor(0.0741),
          'global_train_equalized_odds_Marital': tensor(0.4773),
          'global_train_equalized_odds_Race': tensor(0.2661),
          'global_train_f1': tensor(0.8385),
          'global_train_precision': tensor(0.8377),
          'global_train_recall': tensor(0.8395),
          'global_val_accuracy': tensor(0.8397),
          'global_val_demographic_parity_Gender': tensor(0.0293),
          'global_val_demographic_parity_Marital': tensor(0.4994),
          'global_val_demographic_parity_Race': tensor(0.4020),
          'global_val_equalized_odds_Gender': tensor(0.0553),
          'global_val_equalized_odds_Marital': tensor(0.4649),
          'global_val_equalized_odds_Race': tensor(0.2983),
          'global_val_f1': tensor(0.8393),
          'global_val_precision': tensor(0.8388),
          'global_val_recall': tensor(0.8397),
          'local_train_accuracy': tensor(0.8059),
          'local_train_demographic_parity_Gender': tensor(0.1161),
          'local_train_demographic_parity_Marital': tensor(0.5268),
          'local_train_demographic_parity_Race': tensor(0.3559),
          'local_train_equalized_odds_Gender': tensor(0.1088),
          'local_train_equalized_odds_Marital': tensor(0.3639),
          'local_train_equalized_odds_Race': tensor(0.2877),
          'local_train_f1': tensor(0.8150),
          'local_train_precision': tensor(0.8392),
          'local_train_recall': tensor(0.8059),
          'local_val_accuracy': tensor(0.8066),
          'local_val_demographic_parity_Gender': tensor(0.1104),
          'local_val_demographic_parity_Marital': tensor(0.5400),
          'local_val_demographic_parity_Race': tensor(0.3873),
          'local_val_equalized_odds_Gender': tensor(0.1137),
          'local_val_equalized_odds_Marital': tensor(0.3681),
          'local_val_equalized_odds_Race': tensor(0.3089),
          'local_val_f1': tensor(0.8154),
          'local_val_precision': tensor(0.8378),
          'local_val_recall': tensor(0.8066)}
message: {'global_train_accuracy': tensor(0.8399),
          'global_train_demographic_parity_Gender': tensor(0.0358),
          'global_train_demographic_parity_Marital': tensor(0.4842),
          'global_train_demographic_parity_Race': tensor(0.3087),
          'global_train_equalized_odds_Gender': tensor(0.0704),
          'global_train_equalized_odds_Marital': tensor(0.4750),
          'global_train_equalized_odds_Race': tensor(0.2635),
          'global_train_f1': tensor(0.8388),
          'global_train_precision': tensor(0.8379),
          'global_train_recall': tensor(0.8399),
          'global_val_accuracy': tensor(0.8409),
          'global_val_demographic_parity_Gender': tensor(0.0306),
          'global_val_demographic_parity_Marital': tensor(0.4943),
          'global_val_demographic_parity_Race': tensor(0.3996),
          'global_val_equalized_odds_Gender': tensor(0.0521),
          'global_val_equalized_odds_Marital': tensor(0.4574),
          'global_val_equalized_odds_Race': tensor(0.2963),
          'global_val_f1': tensor(0.8403),
          'global_val_precision': tensor(0.8397),
          'global_val_recall': tensor(0.8409),
          'local_train_accuracy': tensor(0.8205),
          'local_train_demographic_parity_Gender': tensor(0.0938),
          'local_train_demographic_parity_Marital': tensor(0.5128),
          'local_train_demographic_parity_Race': tensor(0.3233),
          'local_train_equalized_odds_Gender': tensor(0.0839),
          'local_train_equalized_odds_Marital': tensor(0.3753),
          'local_train_equalized_odds_Race': tensor(0.2389),
          'local_train_f1': tensor(0.8265),
          'local_train_precision': tensor(0.8388),
          'local_train_recall': tensor(0.8205),
          'local_val_accuracy': tensor(0.8202),
          'local_val_demographic_parity_Gender': tensor(0.0879),
          'local_val_demographic_parity_Marital': tensor(0.5293),
          'local_val_demographic_parity_Race': tensor(0.3904),
          'local_val_equalized_odds_Gender': tensor(0.0869),
          'local_val_equalized_odds_Marital': tensor(0.3905),
          'local_val_equalized_odds_Race': tensor(0.2627),
          'local_val_f1': tensor(0.8261),
          'local_val_precision': tensor(0.8382),
          'local_val_recall': tensor(0.8202)}
message: {'global_train_accuracy': tensor(0.8386),
          'global_train_demographic_parity_Gender': tensor(0.0378),
          'global_train_demographic_parity_Marital': tensor(0.4932),
          'global_train_demographic_parity_Race': tensor(0.3186),
          'global_train_equalized_odds_Gender': tensor(0.0705),
          'global_train_equalized_odds_Marital': tensor(0.4723),
          'global_train_equalized_odds_Race': tensor(0.2618),
          'global_train_f1': tensor(0.8384),
          'global_train_precision': tensor(0.8381),
          'global_train_recall': tensor(0.8386),
          'global_val_accuracy': tensor(0.8405),
          'global_val_demographic_parity_Gender': tensor(0.0309),
          'global_val_demographic_parity_Marital': tensor(0.5034),
          'global_val_demographic_parity_Race': tensor(0.3976),
          'global_val_equalized_odds_Gender': tensor(0.0526),
          'global_val_equalized_odds_Marital': tensor(0.4653),
          'global_val_equalized_odds_Race': tensor(0.2855),
          'global_val_f1': tensor(0.8406),
          'global_val_precision': tensor(0.8407),
          'global_val_recall': tensor(0.8405),
          'local_train_accuracy': tensor(0.8115),
          'local_train_demographic_parity_Gender': tensor(0.0989),
          'local_train_demographic_parity_Marital': tensor(0.5311),
          'local_train_demographic_parity_Race': tensor(0.3327),
          'local_train_equalized_odds_Gender': tensor(0.0905),
          'local_train_equalized_odds_Marital': tensor(0.3628),
          'local_train_equalized_odds_Race': tensor(0.2551),
          'local_train_f1': tensor(0.8197),
          'local_train_precision': tensor(0.8401),
          'local_train_recall': tensor(0.8115),
          'local_val_accuracy': tensor(0.8103),
          'local_val_demographic_parity_Gender': tensor(0.0967),
          'local_val_demographic_parity_Marital': tensor(0.5415),
          'local_val_demographic_parity_Race': tensor(0.3739),
          'local_val_equalized_odds_Gender': tensor(0.0986),
          'local_val_equalized_odds_Marital': tensor(0.3778),
          'local_val_equalized_odds_Race': tensor(0.2791),
          'local_val_f1': tensor(0.8183),
          'local_val_precision': tensor(0.8378),
          'local_val_recall': tensor(0.8103)}
message: {'global_train_accuracy': tensor(0.8395),
          'global_train_demographic_parity_Gender': tensor(0.0383),
          'global_train_demographic_parity_Marital': tensor(0.4862),
          'global_train_demographic_parity_Race': tensor(0.3127),
          'global_train_equalized_odds_Gender': tensor(0.0679),
          'global_train_equalized_odds_Marital': tensor(0.4655),
          'global_train_equalized_odds_Race': tensor(0.2576),
          'global_train_f1': tensor(0.8390),
          'global_train_precision': tensor(0.8385),
          'global_train_recall': tensor(0.8395),
          'global_val_accuracy': tensor(0.8411),
          'global_val_demographic_parity_Gender': tensor(0.0347),
          'global_val_demographic_parity_Marital': tensor(0.4946),
          'global_val_demographic_parity_Race': tensor(0.3998),
          'global_val_equalized_odds_Gender': tensor(0.0465),
          'global_val_equalized_odds_Marital': tensor(0.4533),
          'global_val_equalized_odds_Race': tensor(0.2898),
          'global_val_f1': tensor(0.8410),
          'global_val_precision': tensor(0.8408),
          'global_val_recall': tensor(0.8411),
          'local_train_accuracy': tensor(0.8021),
          'local_train_demographic_parity_Gender': tensor(0.1316),
          'local_train_demographic_parity_Marital': tensor(0.5081),
          'local_train_demographic_parity_Race': tensor(0.3711),
          'local_train_equalized_odds_Gender': tensor(0.1259),
          'local_train_equalized_odds_Marital': tensor(0.3430),
          'local_train_equalized_odds_Race': tensor(0.3080),
          'local_train_f1': tensor(0.8119),
          'local_train_precision': tensor(0.8391),
          'local_train_recall': tensor(0.8021),
          'local_val_accuracy': tensor(0.8032),
          'local_val_demographic_parity_Gender': tensor(0.1244),
          'local_val_demographic_parity_Marital': tensor(0.5244),
          'local_val_demographic_parity_Race': tensor(0.3873),
          'local_val_equalized_odds_Gender': tensor(0.1315),
          'local_val_equalized_odds_Marital': tensor(0.3489),
          'local_val_equalized_odds_Race': tensor(0.3280),
          'local_val_f1': tensor(0.8126),
          'local_val_precision': tensor(0.8376),
          'local_val_recall': tensor(0.8032)}
message: {'global_train_accuracy': tensor(0.8407),
          'global_train_demographic_parity_Gender': tensor(0.0346),
          'global_train_demographic_parity_Marital': tensor(0.4845),
          'global_train_demographic_parity_Race': tensor(0.3166),
          'global_train_equalized_odds_Gender': tensor(0.0725),
          'global_train_equalized_odds_Marital': tensor(0.4698),
          'global_train_equalized_odds_Race': tensor(0.2662),
          'global_train_f1': tensor(0.8398),
          'global_train_precision': tensor(0.8391),
          'global_train_recall': tensor(0.8407),
          'global_val_accuracy': tensor(0.8417),
          'global_val_demographic_parity_Gender': tensor(0.0319),
          'global_val_demographic_parity_Marital': tensor(0.4957),
          'global_val_demographic_parity_Race': tensor(0.4004),
          'global_val_equalized_odds_Gender': tensor(0.0504),
          'global_val_equalized_odds_Marital': tensor(0.4553),
          'global_val_equalized_odds_Race': tensor(0.2926),
          'global_val_f1': tensor(0.8413),
          'global_val_precision': tensor(0.8410),
          'global_val_recall': tensor(0.8417),
          'local_train_accuracy': tensor(0.8116),
          'local_train_demographic_parity_Gender': tensor(0.1146),
          'local_train_demographic_parity_Marital': tensor(0.4995),
          'local_train_demographic_parity_Race': tensor(0.3399),
          'local_train_equalized_odds_Gender': tensor(0.1065),
          'local_train_equalized_odds_Marital': tensor(0.3301),
          'local_train_equalized_odds_Race': tensor(0.2659),
          'local_train_f1': tensor(0.8197),
          'local_train_precision': tensor(0.8399),
          'local_train_recall': tensor(0.8116),
          'local_val_accuracy': tensor(0.8099),
          'local_val_demographic_parity_Gender': tensor(0.1098),
          'local_val_demographic_parity_Marital': tensor(0.5144),
          'local_val_demographic_parity_Race': tensor(0.3813),
          'local_val_equalized_odds_Gender': tensor(0.1146),
          'local_val_equalized_odds_Marital': tensor(0.3422),
          'local_val_equalized_odds_Race': tensor(0.2902),
          'local_val_f1': tensor(0.8179),
          'local_val_precision': tensor(0.8371),
          'local_val_recall': tensor(0.8099)}
message: {'global_train_accuracy': tensor(0.8413),
          'global_train_demographic_parity_Gender': tensor(0.0340),
          'global_train_demographic_parity_Marital': tensor(0.4824),
          'global_train_demographic_parity_Race': tensor(0.3081),
          'global_train_equalized_odds_Gender': tensor(0.0718),
          'global_train_equalized_odds_Marital': tensor(0.4672),
          'global_train_equalized_odds_Race': tensor(0.2614),
          'global_train_f1': tensor(0.8402),
          'global_train_precision': tensor(0.8393),
          'global_train_recall': tensor(0.8413),
          'global_val_accuracy': tensor(0.8425),
          'global_val_demographic_parity_Gender': tensor(0.0316),
          'global_val_demographic_parity_Marital': tensor(0.4937),
          'global_val_demographic_parity_Race': tensor(0.3926),
          'global_val_equalized_odds_Gender': tensor(0.0514),
          'global_val_equalized_odds_Marital': tensor(0.4563),
          'global_val_equalized_odds_Race': tensor(0.2910),
          'global_val_f1': tensor(0.8419),
          'global_val_precision': tensor(0.8413),
          'global_val_recall': tensor(0.8425),
          'local_train_accuracy': tensor(0.8113),
          'local_train_demographic_parity_Gender': tensor(0.1121),
          'local_train_demographic_parity_Marital': tensor(0.5039),
          'local_train_demographic_parity_Race': tensor(0.3531),
          'local_train_equalized_odds_Gender': tensor(0.1048),
          'local_train_equalized_odds_Marital': tensor(0.3315),
          'local_train_equalized_odds_Race': tensor(0.2809),
          'local_train_f1': tensor(0.8195),
          'local_train_precision': tensor(0.8399),
          'local_train_recall': tensor(0.8113),
          'local_val_accuracy': tensor(0.8112),
          'local_val_demographic_parity_Gender': tensor(0.1076),
          'local_val_demographic_parity_Marital': tensor(0.5203),
          'local_val_demographic_parity_Race': tensor(0.3702),
          'local_val_equalized_odds_Gender': tensor(0.1118),
          'local_val_equalized_odds_Marital': tensor(0.3477),
          'local_val_equalized_odds_Race': tensor(0.3019),
          'local_val_f1': tensor(0.8191),
          'local_val_precision': tensor(0.8379),
          'local_val_recall': tensor(0.8112)}
message: {'global_train_accuracy': tensor(0.8409),
          'global_train_demographic_parity_Gender': tensor(0.0371),
          'global_train_demographic_parity_Marital': tensor(0.4808),
          'global_train_demographic_parity_Race': tensor(0.3140),
          'global_train_equalized_odds_Gender': tensor(0.0695),
          'global_train_equalized_odds_Marital': tensor(0.4624),
          'global_train_equalized_odds_Race': tensor(0.2602),
          'global_train_f1': tensor(0.8401),
          'global_train_precision': tensor(0.8394),
          'global_train_recall': tensor(0.8409),
          'global_val_accuracy': tensor(0.8426),
          'global_val_demographic_parity_Gender': tensor(0.0361),
          'global_val_demographic_parity_Marital': tensor(0.4924),
          'global_val_demographic_parity_Race': tensor(0.3975),
          'global_val_equalized_odds_Gender': tensor(0.0438),
          'global_val_equalized_odds_Marital': tensor(0.4476),
          'global_val_equalized_odds_Race': tensor(0.2912),
          'global_val_f1': tensor(0.8424),
          'global_val_precision': tensor(0.8421),
          'global_val_recall': tensor(0.8426),
          'local_train_accuracy': tensor(0.8255),
          'local_train_demographic_parity_Gender': tensor(0.0935),
          'local_train_demographic_parity_Marital': tensor(0.4955),
          'local_train_demographic_parity_Race': tensor(0.3242),
          'local_train_equalized_odds_Gender': tensor(0.0836),
          'local_train_equalized_odds_Marital': tensor(0.3723),
          'local_train_equalized_odds_Race': tensor(0.2365),
          'local_train_f1': tensor(0.8309),
          'local_train_precision': tensor(0.8417),
          'local_train_recall': tensor(0.8255),
          'local_val_accuracy': tensor(0.8235),
          'local_val_demographic_parity_Gender': tensor(0.0901),
          'local_val_demographic_parity_Marital': tensor(0.5151),
          'local_val_demographic_parity_Race': tensor(0.3741),
          'local_val_equalized_odds_Gender': tensor(0.0866),
          'local_val_equalized_odds_Marital': tensor(0.3891),
          'local_val_equalized_odds_Race': tensor(0.2555),
          'local_val_f1': tensor(0.8290),
          'local_val_precision': tensor(0.8398),
          'local_val_recall': tensor(0.8235)}
message: {'global_train_accuracy': tensor(0.8397),
          'global_train_demographic_parity_Gender': tensor(0.0405),
          'global_train_demographic_parity_Marital': tensor(0.4865),
          'global_train_demographic_parity_Race': tensor(0.3143),
          'global_train_equalized_odds_Gender': tensor(0.0665),
          'global_train_equalized_odds_Marital': tensor(0.4562),
          'global_train_equalized_odds_Race': tensor(0.2547),
          'global_train_f1': tensor(0.8396),
          'global_train_precision': tensor(0.8395),
          'global_train_recall': tensor(0.8397),
          'global_val_accuracy': tensor(0.8417),
          'global_val_demographic_parity_Gender': tensor(0.0381),
          'global_val_demographic_parity_Marital': tensor(0.4990),
          'global_val_demographic_parity_Race': tensor(0.3951),
          'global_val_equalized_odds_Gender': tensor(0.0456),
          'global_val_equalized_odds_Marital': tensor(0.4507),
          'global_val_equalized_odds_Race': tensor(0.2769),
          'global_val_f1': tensor(0.8421),
          'global_val_precision': tensor(0.8426),
          'global_val_recall': tensor(0.8417),
          'local_train_accuracy': tensor(0.8071),
          'local_train_demographic_parity_Gender': tensor(0.1074),
          'local_train_demographic_parity_Marital': tensor(0.5056),
          'local_train_demographic_parity_Race': tensor(0.3442),
          'local_train_equalized_odds_Gender': tensor(0.1002),
          'local_train_equalized_odds_Marital': tensor(0.3372),
          'local_train_equalized_odds_Race': tensor(0.2732),
          'local_train_f1': tensor(0.8162),
          'local_train_precision': tensor(0.8402),
          'local_train_recall': tensor(0.8071),
          'local_val_accuracy': tensor(0.8075),
          'local_val_demographic_parity_Gender': tensor(0.1012),
          'local_val_demographic_parity_Marital': tensor(0.5271),
          'local_val_demographic_parity_Race': tensor(0.3701),
          'local_val_equalized_odds_Gender': tensor(0.1053),
          'local_val_equalized_odds_Marital': tensor(0.3453),
          'local_val_equalized_odds_Race': tensor(0.2903),
          'local_val_f1': tensor(0.8162),
          'local_val_precision': tensor(0.8385),
          'local_val_recall': tensor(0.8075)}
message: {'global_train_accuracy': tensor(0.8400),
          'global_train_demographic_parity_Gender': tensor(0.0381),
          'global_train_demographic_parity_Marital': tensor(0.4895),
          'global_train_demographic_parity_Race': tensor(0.3149),
          'global_train_equalized_odds_Gender': tensor(0.0714),
          'global_train_equalized_odds_Marital': tensor(0.4645),
          'global_train_equalized_odds_Race': tensor(0.2561),
          'global_train_f1': tensor(0.8397),
          'global_train_precision': tensor(0.8394),
          'global_train_recall': tensor(0.8400),
          'global_val_accuracy': tensor(0.8421),
          'global_val_demographic_parity_Gender': tensor(0.0366),
          'global_val_demographic_parity_Marital': tensor(0.5033),
          'global_val_demographic_parity_Race': tensor(0.3938),
          'global_val_equalized_odds_Gender': tensor(0.0493),
          'global_val_equalized_odds_Marital': tensor(0.4565),
          'global_val_equalized_odds_Race': tensor(0.2739),
          'global_val_f1': tensor(0.8423),
          'global_val_precision': tensor(0.8425),
          'global_val_recall': tensor(0.8421),
          'local_train_accuracy': tensor(0.8073),
          'local_train_demographic_parity_Gender': tensor(0.1141),
          'local_train_demographic_parity_Marital': tensor(0.5148),
          'local_train_demographic_parity_Race': tensor(0.3504),
          'local_train_equalized_odds_Gender': tensor(0.1071),
          'local_train_equalized_odds_Marital': tensor(0.3492),
          'local_train_equalized_odds_Race': tensor(0.2796),
          'local_train_f1': tensor(0.8164),
          'local_train_precision': tensor(0.8409),
          'local_train_recall': tensor(0.8073),
          'local_val_accuracy': tensor(0.8072),
          'local_val_demographic_parity_Gender': tensor(0.1102),
          'local_val_demographic_parity_Marital': tensor(0.5324),
          'local_val_demographic_parity_Race': tensor(0.3691),
          'local_val_equalized_odds_Gender': tensor(0.1135),
          'local_val_equalized_odds_Marital': tensor(0.3505),
          'local_val_equalized_odds_Race': tensor(0.3036),
          'local_val_f1': tensor(0.8160),
          'local_val_precision': tensor(0.8389),
          'local_val_recall': tensor(0.8072)}
message: {'global_train_accuracy': tensor(0.8402),
          'global_train_demographic_parity_Gender': tensor(0.0379),
          'global_train_demographic_parity_Marital': tensor(0.4897),
          'global_train_demographic_parity_Race': tensor(0.3133),
          'global_train_equalized_odds_Gender': tensor(0.0707),
          'global_train_equalized_odds_Marital': tensor(0.4604),
          'global_train_equalized_odds_Race': tensor(0.2512),
          'global_train_f1': tensor(0.8400),
          'global_train_precision': tensor(0.8399),
          'global_train_recall': tensor(0.8402),
          'global_val_accuracy': tensor(0.8432),
          'global_val_demographic_parity_Gender': tensor(0.0362),
          'global_val_demographic_parity_Marital': tensor(0.5035),
          'global_val_demographic_parity_Race': tensor(0.3919),
          'global_val_equalized_odds_Gender': tensor(0.0453),
          'global_val_equalized_odds_Marital': tensor(0.4554),
          'global_val_equalized_odds_Race': tensor(0.2689),
          'global_val_f1': tensor(0.8435),
          'global_val_precision': tensor(0.8438),
          'global_val_recall': tensor(0.8432),
          'local_train_accuracy': tensor(0.8050),
          'local_train_demographic_parity_Gender': tensor(0.1216),
          'local_train_demographic_parity_Marital': tensor(0.5077),
          'local_train_demographic_parity_Race': tensor(0.3575),
          'local_train_equalized_odds_Gender': tensor(0.1152),
          'local_train_equalized_odds_Marital': tensor(0.3455),
          'local_train_equalized_odds_Race': tensor(0.2909),
          'local_train_f1': tensor(0.8146),
          'local_train_precision': tensor(0.8419),
          'local_train_recall': tensor(0.8050),
          'local_val_accuracy': tensor(0.8049),
          'local_val_demographic_parity_Gender': tensor(0.1181),
          'local_val_demographic_parity_Marital': tensor(0.5251),
          'local_val_demographic_parity_Race': tensor(0.3739),
          'local_val_equalized_odds_Gender': tensor(0.1240),
          'local_val_equalized_odds_Marital': tensor(0.3436),
          'local_val_equalized_odds_Race': tensor(0.3106),
          'local_val_f1': tensor(0.8142),
          'local_val_precision': tensor(0.8395),
          'local_val_recall': tensor(0.8049)}
message: {'global_train_accuracy': tensor(0.8406),
          'global_train_demographic_parity_Gender': tensor(0.0397),
          'global_train_demographic_parity_Marital': tensor(0.4860),
          'global_train_demographic_parity_Race': tensor(0.3109),
          'global_train_equalized_odds_Gender': tensor(0.0683),
          'global_train_equalized_odds_Marital': tensor(0.4598),
          'global_train_equalized_odds_Race': tensor(0.2512),
          'global_train_f1': tensor(0.8403),
          'global_train_precision': tensor(0.8399),
          'global_train_recall': tensor(0.8406),
          'global_val_accuracy': tensor(0.8434),
          'global_val_demographic_parity_Gender': tensor(0.0365),
          'global_val_demographic_parity_Marital': tensor(0.4999),
          'global_val_demographic_parity_Race': tensor(0.3868),
          'global_val_equalized_odds_Gender': tensor(0.0445),
          'global_val_equalized_odds_Marital': tensor(0.4528),
          'global_val_equalized_odds_Race': tensor(0.2732),
          'global_val_f1': tensor(0.8435),
          'global_val_precision': tensor(0.8435),
          'global_val_recall': tensor(0.8434),
          'local_train_accuracy': tensor(0.8147),
          'local_train_demographic_parity_Gender': tensor(0.1169),
          'local_train_demographic_parity_Marital': tensor(0.5025),
          'local_train_demographic_parity_Race': tensor(0.3571),
          'local_train_equalized_odds_Gender': tensor(0.1085),
          'local_train_equalized_odds_Marital': tensor(0.3311),
          'local_train_equalized_odds_Race': tensor(0.2811),
          'local_train_f1': tensor(0.8225),
          'local_train_precision': tensor(0.8418),
          'local_train_recall': tensor(0.8147),
          'local_val_accuracy': tensor(0.8129),
          'local_val_demographic_parity_Gender': tensor(0.1110),
          'local_val_demographic_parity_Marital': tensor(0.5183),
          'local_val_demographic_parity_Race': tensor(0.3704),
          'local_val_equalized_odds_Gender': tensor(0.1117),
          'local_val_equalized_odds_Marital': tensor(0.3545),
          'local_val_equalized_odds_Race': tensor(0.3001),
          'local_val_f1': tensor(0.8205),
          'local_val_precision': tensor(0.8383),
          'local_val_recall': tensor(0.8129)}
message: {'global_train_accuracy': tensor(0.8406),
          'global_train_demographic_parity_Gender': tensor(0.0448),
          'global_train_demographic_parity_Marital': tensor(0.4795),
          'global_train_demographic_parity_Race': tensor(0.3108),
          'global_train_equalized_odds_Gender': tensor(0.0604),
          'global_train_equalized_odds_Marital': tensor(0.4493),
          'global_train_equalized_odds_Race': tensor(0.2521),
          'global_train_f1': tensor(0.8404),
          'global_train_precision': tensor(0.8403),
          'global_train_recall': tensor(0.8406),
          'global_val_accuracy': tensor(0.8422),
          'global_val_demographic_parity_Gender': tensor(0.0414),
          'global_val_demographic_parity_Marital': tensor(0.4917),
          'global_val_demographic_parity_Race': tensor(0.3845),
          'global_val_equalized_odds_Gender': tensor(0.0383),
          'global_val_equalized_odds_Marital': tensor(0.4436),
          'global_val_equalized_odds_Race': tensor(0.2761),
          'global_val_f1': tensor(0.8424),
          'global_val_precision': tensor(0.8426),
          'global_val_recall': tensor(0.8422),
          'local_train_accuracy': tensor(0.7991),
          'local_train_demographic_parity_Gender': tensor(0.1334),
          'local_train_demographic_parity_Marital': tensor(0.5060),
          'local_train_demographic_parity_Race': tensor(0.3763),
          'local_train_equalized_odds_Gender': tensor(0.1282),
          'local_train_equalized_odds_Marital': tensor(0.3442),
          'local_train_equalized_odds_Race': tensor(0.3141),
          'local_train_f1': tensor(0.8096),
          'local_train_precision': tensor(0.8405),
          'local_train_recall': tensor(0.7991),
          'local_val_accuracy': tensor(0.8014),
          'local_val_demographic_parity_Gender': tensor(0.1294),
          'local_val_demographic_parity_Marital': tensor(0.5269),
          'local_val_demographic_parity_Race': tensor(0.3965),
          'local_val_equalized_odds_Gender': tensor(0.1382),
          'local_val_equalized_odds_Marital': tensor(0.3462),
          'local_val_equalized_odds_Race': tensor(0.3460),
          'local_val_f1': tensor(0.8114),
          'local_val_precision': tensor(0.8400),
          'local_val_recall': tensor(0.8014)}
message: {'global_train_accuracy': tensor(0.8417),
          'global_train_demographic_parity_Gender': tensor(0.0377),
          'global_train_demographic_parity_Marital': tensor(0.4856),
          'global_train_demographic_parity_Race': tensor(0.3091),
          'global_train_equalized_odds_Gender': tensor(0.0702),
          'global_train_equalized_odds_Marital': tensor(0.4593),
          'global_train_equalized_odds_Race': tensor(0.2540),
          'global_train_f1': tensor(0.8411),
          'global_train_precision': tensor(0.8405),
          'global_train_recall': tensor(0.8417),
          'global_val_accuracy': tensor(0.8434),
          'global_val_demographic_parity_Gender': tensor(0.0352),
          'global_val_demographic_parity_Marital': tensor(0.4973),
          'global_val_demographic_parity_Race': tensor(0.3862),
          'global_val_equalized_odds_Gender': tensor(0.0453),
          'global_val_equalized_odds_Marital': tensor(0.4521),
          'global_val_equalized_odds_Race': tensor(0.2811),
          'global_val_f1': tensor(0.8431),
          'global_val_precision': tensor(0.8428),
          'global_val_recall': tensor(0.8434),
          'local_train_accuracy': tensor(0.8139),
          'local_train_demographic_parity_Gender': tensor(0.1054),
          'local_train_demographic_parity_Marital': tensor(0.5118),
          'local_train_demographic_parity_Race': tensor(0.3319),
          'local_train_equalized_odds_Gender': tensor(0.0978),
          'local_train_equalized_odds_Marital': tensor(0.3441),
          'local_train_equalized_odds_Race': tensor(0.2543),
          'local_train_f1': tensor(0.8219),
          'local_train_precision': tensor(0.8416),
          'local_train_recall': tensor(0.8139),
          'local_val_accuracy': tensor(0.8137),
          'local_val_demographic_parity_Gender': tensor(0.1028),
          'local_val_demographic_parity_Marital': tensor(0.5273),
          'local_val_demographic_parity_Race': tensor(0.3625),
          'local_val_equalized_odds_Gender': tensor(0.1038),
          'local_val_equalized_odds_Marital': tensor(0.3542),
          'local_val_equalized_odds_Race': tensor(0.2755),
          'local_val_f1': tensor(0.8215),
          'local_val_precision': tensor(0.8402),
          'local_val_recall': tensor(0.8137)}
message: {'global_train_accuracy': tensor(0.8419),
          'global_train_demographic_parity_Gender': tensor(0.0363),
          'global_train_demographic_parity_Marital': tensor(0.4844),
          'global_train_demographic_parity_Race': tensor(0.3059),
          'global_train_equalized_odds_Gender': tensor(0.0725),
          'global_train_equalized_odds_Marital': tensor(0.4576),
          'global_train_equalized_odds_Race': tensor(0.2518),
          'global_train_f1': tensor(0.8413),
          'global_train_precision': tensor(0.8408),
          'global_train_recall': tensor(0.8419),
          'global_val_accuracy': tensor(0.8445),
          'global_val_demographic_parity_Gender': tensor(0.0310),
          'global_val_demographic_parity_Marital': tensor(0.4995),
          'global_val_demographic_parity_Race': tensor(0.3750),
          'global_val_equalized_odds_Gender': tensor(0.0532),
          'global_val_equalized_odds_Marital': tensor(0.4538),
          'global_val_equalized_odds_Race': tensor(0.2746),
          'global_val_f1': tensor(0.8443),
          'global_val_precision': tensor(0.8441),
          'global_val_recall': tensor(0.8445),
          'local_train_accuracy': tensor(0.8173),
          'local_train_demographic_parity_Gender': tensor(0.1052),
          'local_train_demographic_parity_Marital': tensor(0.5322),
          'local_train_demographic_parity_Race': tensor(0.3347),
          'local_train_equalized_odds_Gender': tensor(0.0964),
          'local_train_equalized_odds_Marital': tensor(0.3787),
          'local_train_equalized_odds_Race': tensor(0.2527),
          'local_train_f1': tensor(0.8246),
          'local_train_precision': tensor(0.8416),
          'local_train_recall': tensor(0.8173),
          'local_val_accuracy': tensor(0.8158),
          'local_val_demographic_parity_Gender': tensor(0.1039),
          'local_val_demographic_parity_Marital': tensor(0.5431),
          'local_val_demographic_parity_Race': tensor(0.3600),
          'local_val_equalized_odds_Gender': tensor(0.1019),
          'local_val_equalized_odds_Marital': tensor(0.3810),
          'local_val_equalized_odds_Race': tensor(0.2666),
          'local_val_f1': tensor(0.8230),
          'local_val_precision': tensor(0.8396),
          'local_val_recall': tensor(0.8158)}
message: {'global_train_accuracy': tensor(0.8416),
          'global_train_demographic_parity_Gender': tensor(0.0381),
          'global_train_demographic_parity_Marital': tensor(0.4872),
          'global_train_demographic_parity_Race': tensor(0.3112),
          'global_train_equalized_odds_Gender': tensor(0.0705),
          'global_train_equalized_odds_Marital': tensor(0.4605),
          'global_train_equalized_odds_Race': tensor(0.2552),
          'global_train_f1': tensor(0.8412),
          'global_train_precision': tensor(0.8408),
          'global_train_recall': tensor(0.8416),
          'global_val_accuracy': tensor(0.8438),
          'global_val_demographic_parity_Gender': tensor(0.0328),
          'global_val_demographic_parity_Marital': tensor(0.5016),
          'global_val_demographic_parity_Race': tensor(0.3887),
          'global_val_equalized_odds_Gender': tensor(0.0547),
          'global_val_equalized_odds_Marital': tensor(0.4576),
          'global_val_equalized_odds_Race': tensor(0.2819),
          'global_val_f1': tensor(0.8438),
          'global_val_precision': tensor(0.8437),
          'global_val_recall': tensor(0.8438),
          'local_train_accuracy': tensor(0.8157),
          'local_train_demographic_parity_Gender': tensor(0.0827),
          'local_train_demographic_parity_Marital': tensor(0.5386),
          'local_train_demographic_parity_Race': tensor(0.3106),
          'local_train_equalized_odds_Gender': tensor(0.0752),
          'local_train_equalized_odds_Marital': tensor(0.3806),
          'local_train_equalized_odds_Race': tensor(0.2245),
          'local_train_f1': tensor(0.8234),
          'local_train_precision': tensor(0.8422),
          'local_train_recall': tensor(0.8157),
          'local_val_accuracy': tensor(0.8128),
          'local_val_demographic_parity_Gender': tensor(0.0818),
          'local_val_demographic_parity_Marital': tensor(0.5507),
          'local_val_demographic_parity_Race': tensor(0.3513),
          'local_val_equalized_odds_Gender': tensor(0.0812),
          'local_val_equalized_odds_Marital': tensor(0.3856),
          'local_val_equalized_odds_Race': tensor(0.2416),
          'local_val_f1': tensor(0.8206),
          'local_val_precision': tensor(0.8391),
          'local_val_recall': tensor(0.8128)}
message: {'global_train_accuracy': tensor(0.8411),
          'global_train_demographic_parity_Gender': tensor(0.0404),
          'global_train_demographic_parity_Marital': tensor(0.4854),
          'global_train_demographic_parity_Race': tensor(0.3131),
          'global_train_equalized_odds_Gender': tensor(0.0666),
          'global_train_equalized_odds_Marital': tensor(0.4543),
          'global_train_equalized_odds_Race': tensor(0.2548),
          'global_train_f1': tensor(0.8409),
          'global_train_precision': tensor(0.8408),
          'global_train_recall': tensor(0.8411),
          'global_val_accuracy': tensor(0.8433),
          'global_val_demographic_parity_Gender': tensor(0.0351),
          'global_val_demographic_parity_Marital': tensor(0.5003),
          'global_val_demographic_parity_Race': tensor(0.3845),
          'global_val_equalized_odds_Gender': tensor(0.0549),
          'global_val_equalized_odds_Marital': tensor(0.4558),
          'global_val_equalized_odds_Race': tensor(0.2725),
          'global_val_f1': tensor(0.8433),
          'global_val_precision': tensor(0.8434),
          'global_val_recall': tensor(0.8433),
          'local_train_accuracy': tensor(0.8063),
          'local_train_demographic_parity_Gender': tensor(0.0995),
          'local_train_demographic_parity_Marital': tensor(0.5281),
          'local_train_demographic_parity_Race': tensor(0.3257),
          'local_train_equalized_odds_Gender': tensor(0.0926),
          'local_train_equalized_odds_Marital': tensor(0.3663),
          'local_train_equalized_odds_Race': tensor(0.2511),
          'local_train_f1': tensor(0.8157),
          'local_train_precision': tensor(0.8418),
          'local_train_recall': tensor(0.8063),
          'local_val_accuracy': tensor(0.8079),
          'local_val_demographic_parity_Gender': tensor(0.0950),
          'local_val_demographic_parity_Marital': tensor(0.5470),
          'local_val_demographic_parity_Race': tensor(0.3622),
          'local_val_equalized_odds_Gender': tensor(0.0950),
          'local_val_equalized_odds_Marital': tensor(0.3723),
          'local_val_equalized_odds_Race': tensor(0.2735),
          'local_val_f1': tensor(0.8170),
          'local_val_precision': tensor(0.8414),
          'local_val_recall': tensor(0.8079)}
message: {'global_train_accuracy': tensor(0.8416),
          'global_train_demographic_parity_Gender': tensor(0.0397),
          'global_train_demographic_parity_Marital': tensor(0.4881),
          'global_train_demographic_parity_Race': tensor(0.3134),
          'global_train_equalized_odds_Gender': tensor(0.0694),
          'global_train_equalized_odds_Marital': tensor(0.4543),
          'global_train_equalized_odds_Race': tensor(0.2515),
          'global_train_f1': tensor(0.8415),
          'global_train_precision': tensor(0.8414),
          'global_train_recall': tensor(0.8416),
          'global_val_accuracy': tensor(0.8431),
          'global_val_demographic_parity_Gender': tensor(0.0353),
          'global_val_demographic_parity_Marital': tensor(0.5052),
          'global_val_demographic_parity_Race': tensor(0.3837),
          'global_val_equalized_odds_Gender': tensor(0.0523),
          'global_val_equalized_odds_Marital': tensor(0.4537),
          'global_val_equalized_odds_Race': tensor(0.2704),
          'global_val_f1': tensor(0.8433),
          'global_val_precision': tensor(0.8435),
          'global_val_recall': tensor(0.8431),
          'local_train_accuracy': tensor(0.8222),
          'local_train_demographic_parity_Gender': tensor(0.0942),
          'local_train_demographic_parity_Marital': tensor(0.5077),
          'local_train_demographic_parity_Race': tensor(0.3288),
          'local_train_equalized_odds_Gender': tensor(0.0853),
          'local_train_equalized_odds_Marital': tensor(0.3494),
          'local_train_equalized_odds_Race': tensor(0.2456),
          'local_train_f1': tensor(0.8289),
          'local_train_precision': tensor(0.8438),
          'local_train_recall': tensor(0.8222),
          'local_val_accuracy': tensor(0.8198),
          'local_val_demographic_parity_Gender': tensor(0.0921),
          'local_val_demographic_parity_Marital': tensor(0.5283),
          'local_val_demographic_parity_Race': tensor(0.3696),
          'local_val_equalized_odds_Gender': tensor(0.0901),
          'local_val_equalized_odds_Marital': tensor(0.3700),
          'local_val_equalized_odds_Race': tensor(0.2658),
          'local_val_f1': tensor(0.8263),
          'local_val_precision': tensor(0.8405),
          'local_val_recall': tensor(0.8198)}
message: {'global_train_accuracy': tensor(0.8423),
          'global_train_demographic_parity_Gender': tensor(0.0408),
          'global_train_demographic_parity_Marital': tensor(0.4833),
          'global_train_demographic_parity_Race': tensor(0.3099),
          'global_train_equalized_odds_Gender': tensor(0.0654),
          'global_train_equalized_odds_Marital': tensor(0.4531),
          'global_train_equalized_odds_Race': tensor(0.2504),
          'global_train_f1': tensor(0.8419),
          'global_train_precision': tensor(0.8415),
          'global_train_recall': tensor(0.8423),
          'global_val_accuracy': tensor(0.8441),
          'global_val_demographic_parity_Gender': tensor(0.0360),
          'global_val_demographic_parity_Marital': tensor(0.4998),
          'global_val_demographic_parity_Race': tensor(0.3828),
          'global_val_equalized_odds_Gender': tensor(0.0520),
          'global_val_equalized_odds_Marital': tensor(0.4520),
          'global_val_equalized_odds_Race': tensor(0.2768),
          'global_val_f1': tensor(0.8440),
          'global_val_precision': tensor(0.8440),
          'global_val_recall': tensor(0.8441),
          'local_train_accuracy': tensor(0.8099),
          'local_train_demographic_parity_Gender': tensor(0.1133),
          'local_train_demographic_parity_Marital': tensor(0.4907),
          'local_train_demographic_parity_Race': tensor(0.3459),
          'local_train_equalized_odds_Gender': tensor(0.1045),
          'local_train_equalized_odds_Marital': tensor(0.3190),
          'local_train_equalized_odds_Race': tensor(0.2735),
          'local_train_f1': tensor(0.8190),
          'local_train_precision': tensor(0.8442),
          'local_train_recall': tensor(0.8099),
          'local_val_accuracy': tensor(0.8056),
          'local_val_demographic_parity_Gender': tensor(0.1102),
          'local_val_demographic_parity_Marital': tensor(0.5051),
          'local_val_demographic_parity_Race': tensor(0.3669),
          'local_val_equalized_odds_Gender': tensor(0.1138),
          'local_val_equalized_odds_Marital': tensor(0.3176),
          'local_val_equalized_odds_Race': tensor(0.3040),
          'local_val_f1': tensor(0.8148),
          'local_val_precision': tensor(0.8389),
          'local_val_recall': tensor(0.8056)}
message: {'global_train_accuracy': tensor(0.8431),
          'global_train_demographic_parity_Gender': tensor(0.0359),
          'global_train_demographic_parity_Marital': tensor(0.4815),
          'global_train_demographic_parity_Race': tensor(0.3062),
          'global_train_equalized_odds_Gender': tensor(0.0722),
          'global_train_equalized_odds_Marital': tensor(0.4612),
          'global_train_equalized_odds_Race': tensor(0.2494),
          'global_train_f1': tensor(0.8422),
          'global_train_precision': tensor(0.8414),
          'global_train_recall': tensor(0.8431),
          'global_val_accuracy': tensor(0.8456),
          'global_val_demographic_parity_Gender': tensor(0.0304),
          'global_val_demographic_parity_Marital': tensor(0.5002),
          'global_val_demographic_parity_Race': tensor(0.3796),
          'global_val_equalized_odds_Gender': tensor(0.0569),
          'global_val_equalized_odds_Marital': tensor(0.4570),
          'global_val_equalized_odds_Race': tensor(0.2818),
          'global_val_f1': tensor(0.8450),
          'global_val_precision': tensor(0.8445),
          'global_val_recall': tensor(0.8456),
          'local_train_accuracy': tensor(0.8225),
          'local_train_demographic_parity_Gender': tensor(0.0974),
          'local_train_demographic_parity_Marital': tensor(0.4931),
          'local_train_demographic_parity_Race': tensor(0.3258),
          'local_train_equalized_odds_Gender': tensor(0.0885),
          'local_train_equalized_odds_Marital': tensor(0.3320),
          'local_train_equalized_odds_Race': tensor(0.2424),
          'local_train_f1': tensor(0.8291),
          'local_train_precision': tensor(0.8439),
          'local_train_recall': tensor(0.8225),
          'local_val_accuracy': tensor(0.8208),
          'local_val_demographic_parity_Gender': tensor(0.0939),
          'local_val_demographic_parity_Marital': tensor(0.5110),
          'local_val_demographic_parity_Race': tensor(0.3599),
          'local_val_equalized_odds_Gender': tensor(0.0925),
          'local_val_equalized_odds_Marital': tensor(0.3587),
          'local_val_equalized_odds_Race': tensor(0.2664),
          'local_val_f1': tensor(0.8271),
          'local_val_precision': tensor(0.8406),
          'local_val_recall': tensor(0.8208)}
message: {'global_train_accuracy': tensor(0.8408),
          'global_train_demographic_parity_Gender': tensor(0.0433),
          'global_train_demographic_parity_Marital': tensor(0.4875),
          'global_train_demographic_parity_Race': tensor(0.3073),
          'global_train_equalized_odds_Gender': tensor(0.0643),
          'global_train_equalized_odds_Marital': tensor(0.4407),
          'global_train_equalized_odds_Race': tensor(0.2371),
          'global_train_f1': tensor(0.8413),
          'global_train_precision': tensor(0.8419),
          'global_train_recall': tensor(0.8408),
          'global_val_accuracy': tensor(0.8422),
          'global_val_demographic_parity_Gender': tensor(0.0370),
          'global_val_demographic_parity_Marital': tensor(0.5042),
          'global_val_demographic_parity_Race': tensor(0.3825),
          'global_val_equalized_odds_Gender': tensor(0.0546),
          'global_val_equalized_odds_Marital': tensor(0.4475),
          'global_val_equalized_odds_Race': tensor(0.2750),
          'global_val_f1': tensor(0.8430),
          'global_val_precision': tensor(0.8438),
          'global_val_recall': tensor(0.8422),
          'local_train_accuracy': tensor(0.8058),
          'local_train_demographic_parity_Gender': tensor(0.1148),
          'local_train_demographic_parity_Marital': tensor(0.5081),
          'local_train_demographic_parity_Race': tensor(0.3526),
          'local_train_equalized_odds_Gender': tensor(0.1078),
          'local_train_equalized_odds_Marital': tensor(0.3423),
          'local_train_equalized_odds_Race': tensor(0.2839),
          'local_train_f1': tensor(0.8157),
          'local_train_precision': tensor(0.8447),
          'local_train_recall': tensor(0.8058),
          'local_val_accuracy': tensor(0.8022),
          'local_val_demographic_parity_Gender': tensor(0.1111),
          'local_val_demographic_parity_Marital': tensor(0.5291),
          'local_val_demographic_parity_Race': tensor(0.3701),
          'local_val_equalized_odds_Gender': tensor(0.1141),
          'local_val_equalized_odds_Marital': tensor(0.3507),
          'local_val_equalized_odds_Race': tensor(0.3078),
          'local_val_f1': tensor(0.8120),
          'local_val_precision': tensor(0.8398),
          'local_val_recall': tensor(0.8022)}
message: {'global_train_accuracy': tensor(0.8426),
          'global_train_demographic_parity_Gender': tensor(0.0412),
          'global_train_demographic_parity_Marital': tensor(0.4801),
          'global_train_demographic_parity_Race': tensor(0.3069),
          'global_train_equalized_odds_Gender': tensor(0.0651),
          'global_train_equalized_odds_Marital': tensor(0.4484),
          'global_train_equalized_odds_Race': tensor(0.2450),
          'global_train_f1': tensor(0.8422),
          'global_train_precision': tensor(0.8418),
          'global_train_recall': tensor(0.8426),
          'global_val_accuracy': tensor(0.8449),
          'global_val_demographic_parity_Gender': tensor(0.0368),
          'global_val_demographic_parity_Marital': tensor(0.4971),
          'global_val_demographic_parity_Race': tensor(0.3863),
          'global_val_equalized_odds_Gender': tensor(0.0522),
          'global_val_equalized_odds_Marital': tensor(0.4463),
          'global_val_equalized_odds_Race': tensor(0.2805),
          'global_val_f1': tensor(0.8448),
          'global_val_precision': tensor(0.8447),
          'global_val_recall': tensor(0.8449),
          'local_train_accuracy': tensor(0.8128),
          'local_train_demographic_parity_Gender': tensor(0.1135),
          'local_train_demographic_parity_Marital': tensor(0.5056),
          'local_train_demographic_parity_Race': tensor(0.3550),
          'local_train_equalized_odds_Gender': tensor(0.1047),
          'local_train_equalized_odds_Marital': tensor(0.3321),
          'local_train_equalized_odds_Race': tensor(0.2803),
          'local_train_f1': tensor(0.8213),
          'local_train_precision': tensor(0.8440),
          'local_train_recall': tensor(0.8128),
          'local_val_accuracy': tensor(0.8093),
          'local_val_demographic_parity_Gender': tensor(0.1136),
          'local_val_demographic_parity_Marital': tensor(0.5258),
          'local_val_demographic_parity_Race': tensor(0.3728),
          'local_val_equalized_odds_Gender': tensor(0.1161),
          'local_val_equalized_odds_Marital': tensor(0.3491),
          'local_val_equalized_odds_Race': tensor(0.3044),
          'local_val_f1': tensor(0.8178),
          'local_val_precision': tensor(0.8395),
          'local_val_recall': tensor(0.8093)}
message: {'global_train_accuracy': tensor(0.8431),
          'global_train_demographic_parity_Gender': tensor(0.0425),
          'global_train_demographic_parity_Marital': tensor(0.4766),
          'global_train_demographic_parity_Race': tensor(0.3080),
          'global_train_equalized_odds_Gender': tensor(0.0630),
          'global_train_equalized_odds_Marital': tensor(0.4475),
          'global_train_equalized_odds_Race': tensor(0.2457),
          'global_train_f1': tensor(0.8425),
          'global_train_precision': tensor(0.8420),
          'global_train_recall': tensor(0.8431),
          'global_val_accuracy': tensor(0.8445),
          'global_val_demographic_parity_Gender': tensor(0.0380),
          'global_val_demographic_parity_Marital': tensor(0.4954),
          'global_val_demographic_parity_Race': tensor(0.3889),
          'global_val_equalized_odds_Gender': tensor(0.0460),
          'global_val_equalized_odds_Marital': tensor(0.4485),
          'global_val_equalized_odds_Race': tensor(0.2905),
          'global_val_f1': tensor(0.8442),
          'global_val_precision': tensor(0.8439),
          'global_val_recall': tensor(0.8445),
          'local_train_accuracy': tensor(0.8164),
          'local_train_demographic_parity_Gender': tensor(0.0999),
          'local_train_demographic_parity_Marital': tensor(0.5069),
          'local_train_demographic_parity_Race': tensor(0.3263),
          'local_train_equalized_odds_Gender': tensor(0.0916),
          'local_train_equalized_odds_Marital': tensor(0.3300),
          'local_train_equalized_odds_Race': tensor(0.2476),
          'local_train_f1': tensor(0.8244),
          'local_train_precision': tensor(0.8445),
          'local_train_recall': tensor(0.8164),
          'local_val_accuracy': tensor(0.8137),
          'local_val_demographic_parity_Gender': tensor(0.0974),
          'local_val_demographic_parity_Marital': tensor(0.5223),
          'local_val_demographic_parity_Race': tensor(0.3537),
          'local_val_equalized_odds_Gender': tensor(0.0955),
          'local_val_equalized_odds_Marital': tensor(0.3465),
          'local_val_equalized_odds_Race': tensor(0.2742),
          'local_val_f1': tensor(0.8215),
          'local_val_precision': tensor(0.8404),
          'local_val_recall': tensor(0.8137)}
message: {'global_train_accuracy': tensor(0.8432),
          'global_train_demographic_parity_Gender': tensor(0.0400),
          'global_train_demographic_parity_Marital': tensor(0.4772),
          'global_train_demographic_parity_Race': tensor(0.3029),
          'global_train_equalized_odds_Gender': tensor(0.0674),
          'global_train_equalized_odds_Marital': tensor(0.4437),
          'global_train_equalized_odds_Race': tensor(0.2448),
          'global_train_f1': tensor(0.8427),
          'global_train_precision': tensor(0.8422),
          'global_train_recall': tensor(0.8432),
          'global_val_accuracy': tensor(0.8453),
          'global_val_demographic_parity_Gender': tensor(0.0330),
          'global_val_demographic_parity_Marital': tensor(0.4973),
          'global_val_demographic_parity_Race': tensor(0.3845),
          'global_val_equalized_odds_Gender': tensor(0.0558),
          'global_val_equalized_odds_Marital': tensor(0.4435),
          'global_val_equalized_odds_Race': tensor(0.2826),
          'global_val_f1': tensor(0.8450),
          'global_val_precision': tensor(0.8448),
          'global_val_recall': tensor(0.8453),
          'local_train_accuracy': tensor(0.8216),
          'local_train_demographic_parity_Gender': tensor(0.1018),
          'local_train_demographic_parity_Marital': tensor(0.4833),
          'local_train_demographic_parity_Race': tensor(0.3317),
          'local_train_equalized_odds_Gender': tensor(0.0925),
          'local_train_equalized_odds_Marital': tensor(0.3126),
          'local_train_equalized_odds_Race': tensor(0.2499),
          'local_train_f1': tensor(0.8286),
          'local_train_precision': tensor(0.8452),
          'local_train_recall': tensor(0.8216),
          'local_val_accuracy': tensor(0.8169),
          'local_val_demographic_parity_Gender': tensor(0.0971),
          'local_val_demographic_parity_Marital': tensor(0.5041),
          'local_val_demographic_parity_Race': tensor(0.3516),
          'local_val_equalized_odds_Gender': tensor(0.0981),
          'local_val_equalized_odds_Marital': tensor(0.3414),
          'local_val_equalized_odds_Race': tensor(0.2765),
          'local_val_f1': tensor(0.8239),
          'local_val_precision': tensor(0.8398),
          'local_val_recall': tensor(0.8169)}
message: {'global_train_accuracy': tensor(0.8432),
          'global_train_demographic_parity_Gender': tensor(0.0405),
          'global_train_demographic_parity_Marital': tensor(0.4760),
          'global_train_demographic_parity_Race': tensor(0.3098),
          'global_train_equalized_odds_Gender': tensor(0.0663),
          'global_train_equalized_odds_Marital': tensor(0.4496),
          'global_train_equalized_odds_Race': tensor(0.2478),
          'global_train_f1': tensor(0.8425),
          'global_train_precision': tensor(0.8419),
          'global_train_recall': tensor(0.8432),
          'global_val_accuracy': tensor(0.8449),
          'global_val_demographic_parity_Gender': tensor(0.0367),
          'global_val_demographic_parity_Marital': tensor(0.4940),
          'global_val_demographic_parity_Race': tensor(0.3855),
          'global_val_equalized_odds_Gender': tensor(0.0465),
          'global_val_equalized_odds_Marital': tensor(0.4486),
          'global_val_equalized_odds_Race': tensor(0.2898),
          'global_val_f1': tensor(0.8446),
          'global_val_precision': tensor(0.8442),
          'global_val_recall': tensor(0.8449),
          'local_train_accuracy': tensor(0.8212),
          'local_train_demographic_parity_Gender': tensor(0.0955),
          'local_train_demographic_parity_Marital': tensor(0.5049),
          'local_train_demographic_parity_Race': tensor(0.3181),
          'local_train_equalized_odds_Gender': tensor(0.0864),
          'local_train_equalized_odds_Marital': tensor(0.3477),
          'local_train_equalized_odds_Race': tensor(0.2342),
          'local_train_f1': tensor(0.8283),
          'local_train_precision': tensor(0.8448),
          'local_train_recall': tensor(0.8212),
          'local_val_accuracy': tensor(0.8187),
          'local_val_demographic_parity_Gender': tensor(0.0968),
          'local_val_demographic_parity_Marital': tensor(0.5221),
          'local_val_demographic_parity_Race': tensor(0.3674),
          'local_val_equalized_odds_Gender': tensor(0.0962),
          'local_val_equalized_odds_Marital': tensor(0.3631),
          'local_val_equalized_odds_Race': tensor(0.2554),
          'local_val_f1': tensor(0.8257),
          'local_val_precision': tensor(0.8418),
          'local_val_recall': tensor(0.8187)}
message: {'final_global_train_accuracy': tensor(0.8431),
          'final_global_train_demographic_parity_Gender': tensor(0.0359),
          'final_global_train_demographic_parity_Marital': tensor(0.4815),
          'final_global_train_demographic_parity_Race': tensor(0.3062),
          'final_global_train_equalized_odds_Gender': tensor(0.0722),
          'final_global_train_equalized_odds_Marital': tensor(0.4612),
          'final_global_train_equalized_odds_Race': tensor(0.2494),
          'final_global_train_f1': tensor(0.8422),
          'final_global_train_precision': tensor(0.8414),
          'final_global_train_recall': tensor(0.8431),
          'final_global_val_accuracy': tensor(0.8456),
          'final_global_val_demographic_parity_Gender': tensor(0.0304),
          'final_global_val_demographic_parity_Marital': tensor(0.5002),
          'final_global_val_demographic_parity_Race': tensor(0.3796),
          'final_global_val_equalized_odds_Gender': tensor(0.0569),
          'final_global_val_equalized_odds_Marital': tensor(0.4570),
          'final_global_val_equalized_odds_Race': tensor(0.2818),
          'final_global_val_f1': tensor(0.8450),
          'final_global_val_precision': tensor(0.8445),
          'final_global_val_recall': tensor(0.8456),
          'final_local_train_accuracy': tensor(0.8212),
          'final_local_train_demographic_parity_Gender': tensor(0.0955),
          'final_local_train_demographic_parity_Marital': tensor(0.5049),
          'final_local_train_demographic_parity_Race': tensor(0.3181),
          'final_local_train_equalized_odds_Gender': tensor(0.0864),
          'final_local_train_equalized_odds_Marital': tensor(0.3477),
          'final_local_train_equalized_odds_Race': tensor(0.2342),
          'final_local_train_f1': tensor(0.8283),
          'final_local_train_precision': tensor(0.8448),
          'final_local_train_recall': tensor(0.8212),
          'final_local_val_accuracy': tensor(0.8187),
          'final_local_val_demographic_parity_Gender': tensor(0.0968),
          'final_local_val_demographic_parity_Marital': tensor(0.5221),
          'final_local_val_demographic_parity_Race': tensor(0.3674),
          'final_local_val_equalized_odds_Gender': tensor(0.0962),
          'final_local_val_equalized_odds_Marital': tensor(0.3631),
          'final_local_val_equalized_odds_Race': tensor(0.2554),
          'final_local_val_f1': tensor(0.8257),
          'final_local_val_precision': tensor(0.8418),
          'final_local_val_recall': tensor(0.8187)}
