message: {'global_train_accuracy': tensor(0.4308),
          'global_train_f1': tensor(0.2594),
          'global_train_precision': tensor(0.1856),
          'global_train_recall': tensor(0.4308),
          'global_val_accuracy': tensor(0.4308),
          'global_val_f1': tensor(0.2594),
          'global_val_precision': tensor(0.1856),
          'global_val_recall': tensor(0.4308)}
message: {'global_train_accuracy': tensor(0.8089),
          'global_train_f1': tensor(0.8095),
          'global_train_precision': tensor(0.8120),
          'global_train_recall': tensor(0.8089),
          'global_val_accuracy': tensor(0.8090),
          'global_val_f1': tensor(0.8097),
          'global_val_precision': tensor(0.8119),
          'global_val_recall': tensor(0.8090),
          'local_train_accuracy': tensor(0.8121),
          'local_train_f1': tensor(0.8124),
          'local_train_precision': tensor(0.8127),
          'local_train_recall': tensor(0.8121),
          'local_val_accuracy': tensor(0.8113),
          'local_val_f1': tensor(0.8115),
          'local_val_precision': tensor(0.8117),
          'local_val_recall': tensor(0.8113)}
