message: {'global_train_accuracy': tensor(0.4496),
          'global_train_f1': tensor(0.2789),
          'global_train_precision': tensor(0.2021),
          'global_train_recall': tensor(0.4496),
          'global_val_accuracy': tensor(0.4496),
          'global_val_f1': tensor(0.2789),
          'global_val_precision': tensor(0.2022),
          'global_val_recall': tensor(0.4496)}
message: {'global_train_accuracy': tensor(0.8156),
          'global_train_f1': tensor(0.8158),
          'global_train_precision': tensor(0.8165),
          'global_train_recall': tensor(0.8156),
          'global_val_accuracy': tensor(0.8155),
          'global_val_f1': tensor(0.8157),
          'global_val_precision': tensor(0.8163),
          'global_val_recall': tensor(0.8155),
          'local_train_accuracy': tensor(0.8199),
          'local_train_f1': tensor(0.8203),
          'local_train_precision': tensor(0.8263),
          'local_train_recall': tensor(0.8199),
          'local_val_accuracy': tensor(0.8185),
          'local_val_f1': tensor(0.8190),
          'local_val_precision': tensor(0.8246),
          'local_val_recall': tensor(0.8185)}
