message: {'global_checkpoint': 1,
          'global_early_stopping': 0,
          'train_global_score': 16.737666577100754,
          'val_accuracy': tensor(0.6685),
          'val_demographic_parity_Race': tensor(0.1026),
          'val_f1': tensor(0.6041),
          'val_global_score': 16.98306325674057,
          'val_loss': tensor(0.6816),
          'val_precision': tensor(0.6304),
          'val_recall': tensor(0.6685)}
message: {'global_checkpoint': 1,
          'global_early_stopping': 0,
          'train_global_score': 0.4580157041549666,
          'val_accuracy': tensor(0.8083),
          'val_demographic_parity_Race': tensor(0.2147),
          'val_f1': tensor(0.8006),
          'val_global_score': 1.668391746282577,
          'val_loss': tensor(0.4159),
          'val_precision': tensor(0.8052),
          'val_recall': tensor(0.8083)}
message: {'global_checkpoint': 0,
          'global_early_stopping': 1,
          'train_global_score': 0.23496326208114457,
          'val_accuracy': tensor(0.8105),
          'val_demographic_parity_Race': tensor(0.2160),
          'val_f1': tensor(0.8035),
          'val_global_score': 1.7932014346122724,
          'val_loss': tensor(0.4085),
          'val_precision': tensor(0.8072),
          'val_recall': tensor(0.8105)}
message: {'global_checkpoint': 1,
          'global_early_stopping': 0,
          'train_global_score': 0.19754594564437866,
          'val_accuracy': tensor(0.8089),
          'val_demographic_parity_Race': tensor(0.1853),
          'val_f1': tensor(0.8018),
          'val_global_score': 0.19820769429206847,
          'val_loss': tensor(0.4097),
          'val_precision': tensor(0.8058),
          'val_recall': tensor(0.8089)}
message: {'global_checkpoint': 1,
          'global_early_stopping': 0,
          'train_global_score': 0.19502700567245485,
          'val_accuracy': tensor(0.8087),
          'val_demographic_parity_Race': tensor(0.1847),
          'val_f1': tensor(0.8027),
          'val_global_score': 0.19733356237411498,
          'val_loss': tensor(0.4077),
          'val_precision': tensor(0.8053),
          'val_recall': tensor(0.8087)}
message: {'global_checkpoint': 0,
          'global_early_stopping': 1,
          'train_global_score': 0.19484331011772155,
          'val_accuracy': tensor(0.8090),
          'val_demographic_parity_Race': tensor(0.1855),
          'val_f1': tensor(0.8024),
          'val_global_score': 0.1976497530937195,
          'val_loss': tensor(0.4053),
          'val_precision': tensor(0.8056),
          'val_recall': tensor(0.8090)}
message: {'global_checkpoint': 1,
          'global_early_stopping': 0,
          'train_global_score': 0.1938886821269989,
          'val_accuracy': tensor(0.8091),
          'val_demographic_parity_Race': tensor(0.1833),
          'val_f1': tensor(0.8027),
          'val_global_score': 0.19725335240364075,
          'val_loss': tensor(0.4052),
          'val_precision': tensor(0.8058),
          'val_recall': tensor(0.8091)}
message: {'global_checkpoint': 1,
          'global_early_stopping': 0,
          'train_global_score': 0.19140557050704957,
          'val_accuracy': tensor(0.8100),
          'val_demographic_parity_Race': tensor(0.1899),
          'val_f1': tensor(0.8045),
          'val_global_score': 0.19547083377838134,
          'val_loss': tensor(0.4038),
          'val_precision': tensor(0.8064),
          'val_recall': tensor(0.8100)}
message: {'global_checkpoint': 0,
          'global_early_stopping': 1,
          'train_global_score': 0.1936580002307892,
          'val_accuracy': tensor(0.8079),
          'val_demographic_parity_Race': tensor(0.1800),
          'val_f1': tensor(0.8013),
          'val_global_score': 0.19873849749565126,
          'val_loss': tensor(0.4049),
          'val_precision': tensor(0.8045),
          'val_recall': tensor(0.8079)}
message: {'global_checkpoint': 0,
          'global_early_stopping': 2,
          'train_global_score': 0.19240353107452393,
          'val_accuracy': tensor(0.8091),
          'val_demographic_parity_Race': tensor(0.1808),
          'val_f1': tensor(0.8023),
          'val_global_score': 0.1977376878261566,
          'val_loss': tensor(0.4044),
          'val_precision': tensor(0.8059),
          'val_recall': tensor(0.8091)}
message: {'global_checkpoint': 0,
          'global_early_stopping': 3,
          'train_global_score': 0.1949264645576477,
          'val_accuracy': tensor(0.8081),
          'val_demographic_parity_Race': tensor(0.1770),
          'val_f1': tensor(0.7999),
          'val_global_score': 0.20005395412445068,
          'val_loss': tensor(0.4060),
          'val_precision': tensor(0.8058),
          'val_recall': tensor(0.8081)}
message: {'global_checkpoint': 0,
          'global_early_stopping': 4,
          'train_global_score': 0.18988966941833496,
          'val_accuracy': tensor(0.8099),
          'val_demographic_parity_Race': tensor(0.1931),
          'val_f1': tensor(0.8039),
          'val_global_score': 0.1960794746875763,
          'val_loss': tensor(0.4039),
          'val_precision': tensor(0.8064),
          'val_recall': tensor(0.8099)}
message: {'metrics': {'global_early_stopping': 5,
                      'train_global_score': 0.19341449141502381,
                      'val_accuracy': tensor(0.8075),
                      'val_demographic_parity_Race': tensor(0.1729),
                      'val_f1': tensor(0.7999),
                      'val_global_score': 0.20011256337165834,
                      'val_loss': tensor(0.4066),
                      'val_precision': tensor(0.8047),
                      'val_recall': tensor(0.8075)},
          'train_constraints': [0, 0],
          'train_objective_fn': 0.19341449141502381,
          'val_constraints': [0, 0],
          'val_objective_fn': 0.20011256337165834}
message: {'final_train_global_score': 0.19140557050704957,
          'final_val_accuracy': tensor(0.8100),
          'final_val_demographic_parity_Race': tensor(0.1899),
          'final_val_f1': tensor(0.8045),
          'final_val_global_score': 0.19547083377838134,
          'final_val_loss': tensor(0.4038),
          'final_val_precision': tensor(0.8064),
          'final_val_recall': tensor(0.8100)}
