message: {'global_checkpoint': 1,
          'global_early_stopping': 0,
          'train_global_score': 39.47911908626556,
          'val_accuracy': tensor(0.4814),
          'val_demographic_parity_Marital': tensor(0.3037),
          'val_f1': tensor(0.4823),
          'val_global_score': 39.65571983456611,
          'val_loss': tensor(0.6946),
          'val_precision': tensor(0.4893),
          'val_recall': tensor(0.4814)}
message: {'global_checkpoint': 1,
          'global_early_stopping': 0,
          'train_global_score': 0.7501750290393847,
          'val_accuracy': tensor(0.7748),
          'val_demographic_parity_Marital': tensor(0.1662),
          'val_f1': tensor(0.7654),
          'val_global_score': 0.6971322000026721,
          'val_loss': tensor(0.4585),
          'val_precision': tensor(0.7717),
          'val_recall': tensor(0.7748)}
message: {'global_checkpoint': 1,
          'global_early_stopping': 0,
          'train_global_score': 0.2280598282814026,
          'val_accuracy': tensor(0.7734),
          'val_demographic_parity_Marital': tensor(0.1400),
          'val_f1': tensor(0.7693),
          'val_global_score': 0.2988829553127329,
          'val_loss': tensor(0.4439),
          'val_precision': tensor(0.7710),
          'val_recall': tensor(0.7734)}
message: {'global_checkpoint': 1,
          'global_early_stopping': 0,
          'train_global_score': 0.22296103239059448,
          'val_accuracy': tensor(0.7807),
          'val_demographic_parity_Marital': tensor(0.1521),
          'val_f1': tensor(0.7736),
          'val_global_score': 0.22640480995178222,
          'val_loss': tensor(0.4428),
          'val_precision': tensor(0.7772),
          'val_recall': tensor(0.7807)}
message: {'global_checkpoint': 0,
          'global_early_stopping': 1,
          'train_global_score': 0.2256096839904785,
          'val_accuracy': tensor(0.7865),
          'val_demographic_parity_Marital': tensor(0.1779),
          'val_f1': tensor(0.7723),
          'val_global_score': 0.2277166426181793,
          'val_loss': tensor(0.4288),
          'val_precision': tensor(0.7865),
          'val_recall': tensor(0.7865)}
message: {'global_checkpoint': 1,
          'global_early_stopping': 0,
          'train_global_score': 0.2117784857749939,
          'val_accuracy': tensor(0.7903),
          'val_demographic_parity_Marital': tensor(0.1965),
          'val_f1': tensor(0.7859),
          'val_global_score': 0.21406845450401307,
          'val_loss': tensor(0.4252),
          'val_precision': tensor(0.7871),
          'val_recall': tensor(0.7903)}
message: {'global_checkpoint': 0,
          'global_early_stopping': 1,
          'train_global_score': 0.21594428420066833,
          'val_accuracy': tensor(0.7881),
          'val_demographic_parity_Marital': tensor(0.1850),
          'val_f1': tensor(0.7807),
          'val_global_score': 0.21930745840072632,
          'val_loss': tensor(0.4343),
          'val_precision': tensor(0.7844),
          'val_recall': tensor(0.7881)}
message: {'global_checkpoint': 0,
          'global_early_stopping': 2,
          'train_global_score': 0.22009012699127198,
          'val_accuracy': tensor(0.7762),
          'val_demographic_parity_Marital': tensor(0.1634),
          'val_f1': tensor(0.7767),
          'val_global_score': 0.22333986163139344,
          'val_loss': tensor(0.4995),
          'val_precision': tensor(0.7784),
          'val_recall': tensor(0.7762)}
message: {'global_checkpoint': 0,
          'global_early_stopping': 3,
          'train_global_score': 0.21648401021957397,
          'val_accuracy': tensor(0.7833),
          'val_demographic_parity_Marital': tensor(0.1805),
          'val_f1': tensor(0.7786),
          'val_global_score': 0.22141379117965698,
          'val_loss': tensor(0.4339),
          'val_precision': tensor(0.7807),
          'val_recall': tensor(0.7833)}
message: {'global_checkpoint': 0,
          'global_early_stopping': 4,
          'train_global_score': 0.20952021479606628,
          'val_accuracy': tensor(0.7860),
          'val_demographic_parity_Marital': tensor(0.1982),
          'val_f1': tensor(0.7844),
          'val_global_score': 0.2156017780303955,
          'val_loss': tensor(0.4372),
          'val_precision': tensor(0.7849),
          'val_recall': tensor(0.7860)}
message: {'metrics': {'global_early_stopping': 5,
                      'train_global_score': 0.22272910475730895,
                      'val_accuracy': tensor(0.7779),
                      'val_demographic_parity_Marital': tensor(0.1688),
                      'val_f1': tensor(0.7724),
                      'val_global_score': 0.22755079269409179,
                      'val_loss': tensor(0.4449),
                      'val_precision': tensor(0.7755),
                      'val_recall': tensor(0.7779)},
          'train_constraints': [0, 0],
          'train_objective_fn': 0.22272910475730895,
          'val_constraints': [0, 0],
          'val_objective_fn': 0.22755079269409179}
message: {'final_train_global_score': 0.2117784857749939,
          'final_val_accuracy': tensor(0.7903),
          'final_val_demographic_parity_Marital': tensor(0.1965),
          'final_val_f1': tensor(0.7859),
          'final_val_global_score': 0.21406845450401307,
          'final_val_loss': tensor(0.4252),
          'final_val_precision': tensor(0.7871),
          'final_val_recall': tensor(0.7903)}
