message: {'global_checkpoint': 1,
          'global_early_stopping': 0,
          'train_global_score': 27.570007854700087,
          'val_accuracy': tensor(0.5791),
          'val_demographic_parity_Race': tensor(0.3066),
          'val_f1': tensor(0.5918),
          'val_global_score': 28.884358757734297,
          'val_loss': tensor(0.6885),
          'val_precision': tensor(0.6596),
          'val_recall': tensor(0.5791)}
message: {'global_checkpoint': 1,
          'global_early_stopping': 0,
          'train_global_score': 0.20846076011657716,
          'val_accuracy': tensor(0.7983),
          'val_demographic_parity_Race': tensor(0.1905),
          'val_f1': tensor(0.7923),
          'val_global_score': 0.20767601132392882,
          'val_loss': tensor(0.4329),
          'val_precision': tensor(0.7949),
          'val_recall': tensor(0.7983)}
message: {'global_checkpoint': 1,
          'global_early_stopping': 0,
          'train_global_score': 0.2022413432598114,
          'val_accuracy': tensor(0.8017),
          'val_demographic_parity_Race': tensor(0.1849),
          'val_f1': tensor(0.7973),
          'val_global_score': 0.20272074937820433,
          'val_loss': tensor(0.4240),
          'val_precision': tensor(0.7976),
          'val_recall': tensor(0.8017)}
message: {'global_checkpoint': 0,
          'global_early_stopping': 1,
          'train_global_score': 0.21825294494628905,
          'val_accuracy': tensor(0.7959),
          'val_demographic_parity_Race': tensor(0.1566),
          'val_f1': tensor(0.7825),
          'val_global_score': 0.21749502420425415,
          'val_loss': tensor(0.4311),
          'val_precision': tensor(0.7976),
          'val_recall': tensor(0.7959)}
message: {'global_checkpoint': 0,
          'global_early_stopping': 2,
          'train_global_score': 0.20627471208572387,
          'val_accuracy': tensor(0.7993),
          'val_demographic_parity_Race': tensor(0.1732),
          'val_f1': tensor(0.7920),
          'val_global_score': 0.2080341100692749,
          'val_loss': tensor(0.4208),
          'val_precision': tensor(0.7955),
          'val_recall': tensor(0.7993)}
message: {'global_checkpoint': 1,
          'global_early_stopping': 0,
          'train_global_score': 0.19631751179695128,
          'val_accuracy': tensor(0.8052),
          'val_demographic_parity_Race': tensor(0.1962),
          'val_f1': tensor(0.8025),
          'val_global_score': 0.19745539426803588,
          'val_loss': tensor(0.4149),
          'val_precision': tensor(0.8021),
          'val_recall': tensor(0.8052)}
message: {'global_checkpoint': 0,
          'global_early_stopping': 1,
          'train_global_score': 0.20912819504737853,
          'val_accuracy': tensor(0.7949),
          'val_demographic_parity_Race': tensor(0.1677),
          'val_f1': tensor(0.7897),
          'val_global_score': 0.2103266179561615,
          'val_loss': tensor(0.4319),
          'val_precision': tensor(0.7920),
          'val_recall': tensor(0.7949)}
message: {'global_checkpoint': 0,
          'global_early_stopping': 2,
          'train_global_score': 0.21889734864234925,
          'val_accuracy': tensor(0.7781),
          'val_demographic_parity_Race': tensor(0.1937),
          'val_f1': tensor(0.7778),
          'val_global_score': 0.22223250269889833,
          'val_loss': tensor(0.4483),
          'val_precision': tensor(0.7791),
          'val_recall': tensor(0.7781)}
message: {'global_checkpoint': 0,
          'global_early_stopping': 3,
          'train_global_score': 0.20540074110031128,
          'val_accuracy': tensor(0.7964),
          'val_demographic_parity_Race': tensor(0.1768),
          'val_f1': tensor(0.7922),
          'val_global_score': 0.20780287384986879,
          'val_loss': tensor(0.4256),
          'val_precision': tensor(0.7933),
          'val_recall': tensor(0.7964)}
message: {'global_checkpoint': 0,
          'global_early_stopping': 4,
          'train_global_score': 0.19952827095985412,
          'val_accuracy': tensor(0.7985),
          'val_demographic_parity_Race': tensor(0.1866),
          'val_f1': tensor(0.7973),
          'val_global_score': 0.20271416902542114,
          'val_loss': tensor(0.4236),
          'val_precision': tensor(0.7973),
          'val_recall': tensor(0.7985)}
message: {'metrics': {'global_early_stopping': 5,
                      'train_global_score': 0.19579679369926453,
                      'val_accuracy': tensor(0.8016),
                      'val_demographic_parity_Race': tensor(0.1921),
                      'val_f1': tensor(0.7996),
                      'val_global_score': 0.20039778351783752,
                      'val_loss': tensor(0.4219),
                      'val_precision': tensor(0.7991),
                      'val_recall': tensor(0.8016)},
          'train_constraints': [0, 0],
          'train_objective_fn': 0.19579679369926453,
          'val_constraints': [0, 0],
          'val_objective_fn': 0.20039778351783752}
message: {'final_train_global_score': 0.19631751179695128,
          'final_val_accuracy': tensor(0.8052),
          'final_val_demographic_parity_Race': tensor(0.1962),
          'final_val_f1': tensor(0.8025),
          'final_val_global_score': 0.19745539426803588,
          'final_val_loss': tensor(0.4149),
          'final_val_precision': tensor(0.8021),
          'final_val_recall': tensor(0.8052)}
