message: {'global_train_accuracy': tensor(0.8148),
          'global_train_demographic_parity_Gender': tensor(0.0041),
          'global_train_demographic_parity_Marital': tensor(0.5568),
          'global_train_demographic_parity_Race': tensor(0.4113),
          'global_train_equalized_odds_Gender': tensor(0.0924),
          'global_train_equalized_odds_Marital': tensor(0.5983),
          'global_train_equalized_odds_Race': tensor(0.3366),
          'global_train_f1': tensor(0.8153),
          'global_train_precision': tensor(0.8158),
          'global_train_recall': tensor(0.8148),
          'global_val_accuracy': tensor(0.8176),
          'global_val_demographic_parity_Gender': tensor(0.0069),
          'global_val_demographic_parity_Marital': tensor(0.5502),
          'global_val_demographic_parity_Race': tensor(0.4197),
          'global_val_equalized_odds_Gender': tensor(0.1042),
          'global_val_equalized_odds_Marital': tensor(0.5949),
          'global_val_equalized_odds_Race': tensor(0.3296),
          'global_val_f1': tensor(0.8182),
          'global_val_precision': tensor(0.8189),
          'global_val_recall': tensor(0.8176),
          'local_train_accuracy': tensor(0.8087),
          'local_train_demographic_parity_Gender': tensor(0.0328),
          'local_train_demographic_parity_Marital': tensor(0.3985),
          'local_train_demographic_parity_Race': tensor(0.2522),
          'local_train_equalized_odds_Gender': tensor(0.1450),
          'local_train_equalized_odds_Marital': tensor(0.5551),
          'local_train_equalized_odds_Race': tensor(0.3560),
          'local_train_f1': tensor(0.7916),
          'local_train_precision': tensor(0.8111),
          'local_train_recall': tensor(0.8087),
          'local_val_accuracy': tensor(0.8108),
          'local_val_demographic_parity_Gender': tensor(0.0229),
          'local_val_demographic_parity_Marital': tensor(0.4205),
          'local_val_demographic_parity_Race': tensor(0.2611),
          'local_val_equalized_odds_Gender': tensor(0.1108),
          'local_val_equalized_odds_Marital': tensor(0.5914),
          'local_val_equalized_odds_Race': tensor(0.2934),
          'local_val_f1': tensor(0.7953),
          'local_val_precision': tensor(0.8118),
          'local_val_recall': tensor(0.8108)}
message: {'final_global_train_accuracy': tensor(0.8148),
          'final_global_train_demographic_parity_Gender': tensor(0.0041),
          'final_global_train_demographic_parity_Marital': tensor(0.5568),
          'final_global_train_demographic_parity_Race': tensor(0.4113),
          'final_global_train_equalized_odds_Gender': tensor(0.0924),
          'final_global_train_equalized_odds_Marital': tensor(0.5983),
          'final_global_train_equalized_odds_Race': tensor(0.3366),
          'final_global_train_f1': tensor(0.8153),
          'final_global_train_precision': tensor(0.8158),
          'final_global_train_recall': tensor(0.8148),
          'final_global_val_accuracy': tensor(0.8176),
          'final_global_val_demographic_parity_Gender': tensor(0.0069),
          'final_global_val_demographic_parity_Marital': tensor(0.5502),
          'final_global_val_demographic_parity_Race': tensor(0.4197),
          'final_global_val_equalized_odds_Gender': tensor(0.1042),
          'final_global_val_equalized_odds_Marital': tensor(0.5949),
          'final_global_val_equalized_odds_Race': tensor(0.3296),
          'final_global_val_f1': tensor(0.8182),
          'final_global_val_precision': tensor(0.8189),
          'final_global_val_recall': tensor(0.8176),
          'final_local_train_accuracy': tensor(0.8087),
          'final_local_train_demographic_parity_Gender': tensor(0.0328),
          'final_local_train_demographic_parity_Marital': tensor(0.3985),
          'final_local_train_demographic_parity_Race': tensor(0.2522),
          'final_local_train_equalized_odds_Gender': tensor(0.1450),
          'final_local_train_equalized_odds_Marital': tensor(0.5551),
          'final_local_train_equalized_odds_Race': tensor(0.3560),
          'final_local_train_f1': tensor(0.7916),
          'final_local_train_precision': tensor(0.8111),
          'final_local_train_recall': tensor(0.8087),
          'final_local_val_accuracy': tensor(0.8108),
          'final_local_val_demographic_parity_Gender': tensor(0.0229),
          'final_local_val_demographic_parity_Marital': tensor(0.4205),
          'final_local_val_demographic_parity_Race': tensor(0.2611),
          'final_local_val_equalized_odds_Gender': tensor(0.1108),
          'final_local_val_equalized_odds_Marital': tensor(0.5914),
          'final_local_val_equalized_odds_Race': tensor(0.2934),
          'final_local_val_f1': tensor(0.7953),
          'final_local_val_precision': tensor(0.8118),
          'final_local_val_recall': tensor(0.8108)}
