message: {'global_train_accuracy': tensor(0.7764),
          'global_train_demographic_parity_Gender': tensor(0.0773),
          'global_train_demographic_parity_Marital': tensor(0.5396),
          'global_train_demographic_parity_Race': tensor(0.3533),
          'global_train_equalized_odds_Gender': tensor(0.0504),
          'global_train_equalized_odds_Marital': tensor(0.5725),
          'global_train_equalized_odds_Race': tensor(0.2742),
          'global_train_f1': tensor(0.7778),
          'global_train_precision': tensor(0.7815),
          'global_train_recall': tensor(0.7764),
          'global_val_accuracy': tensor(0.7858),
          'global_val_demographic_parity_Gender': tensor(0.0703),
          'global_val_demographic_parity_Marital': tensor(0.5579),
          'global_val_demographic_parity_Race': tensor(0.3367),
          'global_val_equalized_odds_Gender': tensor(0.0393),
          'global_val_equalized_odds_Marital': tensor(0.6266),
          'global_val_equalized_odds_Race': tensor(0.2194),
          'global_val_f1': tensor(0.7872),
          'global_val_precision': tensor(0.7914),
          'global_val_recall': tensor(0.7858),
          'local_train_accuracy': tensor(0.7858),
          'local_train_demographic_parity_Gender': tensor(0.0818),
          'local_train_demographic_parity_Marital': tensor(0.5051),
          'local_train_demographic_parity_Race': tensor(0.3320),
          'local_train_equalized_odds_Gender': tensor(0.0594),
          'local_train_equalized_odds_Marital': tensor(0.5532),
          'local_train_equalized_odds_Race': tensor(0.2757),
          'local_train_f1': tensor(0.7861),
          'local_train_precision': tensor(0.7866),
          'local_train_recall': tensor(0.7858),
          'local_val_accuracy': tensor(0.7923),
          'local_val_demographic_parity_Gender': tensor(0.0781),
          'local_val_demographic_parity_Marital': tensor(0.5297),
          'local_val_demographic_parity_Race': tensor(0.3211),
          'local_val_equalized_odds_Gender': tensor(0.0469),
          'local_val_equalized_odds_Marital': tensor(0.6145),
          'local_val_equalized_odds_Race': tensor(0.2330),
          'local_val_f1': tensor(0.7929),
          'local_val_precision': tensor(0.7937),
          'local_val_recall': tensor(0.7923)}
message: {'final_global_train_accuracy': tensor(0.7764),
          'final_global_train_demographic_parity_Gender': tensor(0.0773),
          'final_global_train_demographic_parity_Marital': tensor(0.5396),
          'final_global_train_demographic_parity_Race': tensor(0.3533),
          'final_global_train_equalized_odds_Gender': tensor(0.0504),
          'final_global_train_equalized_odds_Marital': tensor(0.5725),
          'final_global_train_equalized_odds_Race': tensor(0.2742),
          'final_global_train_f1': tensor(0.7778),
          'final_global_train_precision': tensor(0.7815),
          'final_global_train_recall': tensor(0.7764),
          'final_global_val_accuracy': tensor(0.7858),
          'final_global_val_demographic_parity_Gender': tensor(0.0703),
          'final_global_val_demographic_parity_Marital': tensor(0.5579),
          'final_global_val_demographic_parity_Race': tensor(0.3367),
          'final_global_val_equalized_odds_Gender': tensor(0.0393),
          'final_global_val_equalized_odds_Marital': tensor(0.6266),
          'final_global_val_equalized_odds_Race': tensor(0.2194),
          'final_global_val_f1': tensor(0.7872),
          'final_global_val_precision': tensor(0.7914),
          'final_global_val_recall': tensor(0.7858),
          'final_local_train_accuracy': tensor(0.7858),
          'final_local_train_demographic_parity_Gender': tensor(0.0818),
          'final_local_train_demographic_parity_Marital': tensor(0.5051),
          'final_local_train_demographic_parity_Race': tensor(0.3320),
          'final_local_train_equalized_odds_Gender': tensor(0.0594),
          'final_local_train_equalized_odds_Marital': tensor(0.5532),
          'final_local_train_equalized_odds_Race': tensor(0.2757),
          'final_local_train_f1': tensor(0.7861),
          'final_local_train_precision': tensor(0.7866),
          'final_local_train_recall': tensor(0.7858),
          'final_local_val_accuracy': tensor(0.7923),
          'final_local_val_demographic_parity_Gender': tensor(0.0781),
          'final_local_val_demographic_parity_Marital': tensor(0.5297),
          'final_local_val_demographic_parity_Race': tensor(0.3211),
          'final_local_val_equalized_odds_Gender': tensor(0.0469),
          'final_local_val_equalized_odds_Marital': tensor(0.6145),
          'final_local_val_equalized_odds_Race': tensor(0.2330),
          'final_local_val_f1': tensor(0.7929),
          'final_local_val_precision': tensor(0.7937),
          'final_local_val_recall': tensor(0.7923)}
