message: {'global_train_accuracy': tensor(0.8366),
          'global_train_demographic_parity_Gender': tensor(0.0263),
          'global_train_demographic_parity_Marital': tensor(0.5035),
          'global_train_demographic_parity_Race': tensor(0.3082),
          'global_train_equalized_odds_Gender': tensor(0.0842),
          'global_train_equalized_odds_Marital': tensor(0.5054),
          'global_train_equalized_odds_Race': tensor(0.2915),
          'global_train_f1': tensor(0.8352),
          'global_train_precision': tensor(0.8341),
          'global_train_recall': tensor(0.8366),
          'global_val_accuracy': tensor(0.8355),
          'global_val_demographic_parity_Gender': tensor(0.0146),
          'global_val_demographic_parity_Marital': tensor(0.5117),
          'global_val_demographic_parity_Race': tensor(0.3938),
          'global_val_equalized_odds_Gender': tensor(0.0931),
          'global_val_equalized_odds_Marital': tensor(0.4835),
          'global_val_equalized_odds_Race': tensor(0.3309),
          'global_val_f1': tensor(0.8347),
          'global_val_precision': tensor(0.8340),
          'global_val_recall': tensor(0.8355),
          'local_train_accuracy': tensor(0.8033),
          'local_train_demographic_parity_Gender': tensor(0.1166),
          'local_train_demographic_parity_Marital': tensor(0.5480),
          'local_train_demographic_parity_Race': tensor(0.3676),
          'local_train_equalized_odds_Gender': tensor(0.1126),
          'local_train_equalized_odds_Marital': tensor(0.3996),
          'local_train_equalized_odds_Race': tensor(0.3033),
          'local_train_f1': tensor(0.8120),
          'local_train_precision': tensor(0.8334),
          'local_train_recall': tensor(0.8033),
          'local_val_accuracy': tensor(0.8033),
          'local_val_demographic_parity_Gender': tensor(0.1054),
          'local_val_demographic_parity_Marital': tensor(0.5557),
          'local_val_demographic_parity_Race': tensor(0.4249),
          'local_val_equalized_odds_Gender': tensor(0.1096),
          'local_val_equalized_odds_Marital': tensor(0.4147),
          'local_val_equalized_odds_Race': tensor(0.3141),
          'local_val_f1': tensor(0.8117),
          'local_val_precision': tensor(0.8316),
          'local_val_recall': tensor(0.8033)}
message: {'final_global_train_accuracy': tensor(0.8366),
          'final_global_train_demographic_parity_Gender': tensor(0.0263),
          'final_global_train_demographic_parity_Marital': tensor(0.5035),
          'final_global_train_demographic_parity_Race': tensor(0.3082),
          'final_global_train_equalized_odds_Gender': tensor(0.0842),
          'final_global_train_equalized_odds_Marital': tensor(0.5054),
          'final_global_train_equalized_odds_Race': tensor(0.2915),
          'final_global_train_f1': tensor(0.8352),
          'final_global_train_precision': tensor(0.8341),
          'final_global_train_recall': tensor(0.8366),
          'final_global_val_accuracy': tensor(0.8355),
          'final_global_val_demographic_parity_Gender': tensor(0.0146),
          'final_global_val_demographic_parity_Marital': tensor(0.5117),
          'final_global_val_demographic_parity_Race': tensor(0.3938),
          'final_global_val_equalized_odds_Gender': tensor(0.0931),
          'final_global_val_equalized_odds_Marital': tensor(0.4835),
          'final_global_val_equalized_odds_Race': tensor(0.3309),
          'final_global_val_f1': tensor(0.8347),
          'final_global_val_precision': tensor(0.8340),
          'final_global_val_recall': tensor(0.8355),
          'final_local_train_accuracy': tensor(0.8033),
          'final_local_train_demographic_parity_Gender': tensor(0.1166),
          'final_local_train_demographic_parity_Marital': tensor(0.5480),
          'final_local_train_demographic_parity_Race': tensor(0.3676),
          'final_local_train_equalized_odds_Gender': tensor(0.1126),
          'final_local_train_equalized_odds_Marital': tensor(0.3996),
          'final_local_train_equalized_odds_Race': tensor(0.3033),
          'final_local_train_f1': tensor(0.8120),
          'final_local_train_precision': tensor(0.8334),
          'final_local_train_recall': tensor(0.8033),
          'final_local_val_accuracy': tensor(0.8033),
          'final_local_val_demographic_parity_Gender': tensor(0.1054),
          'final_local_val_demographic_parity_Marital': tensor(0.5557),
          'final_local_val_demographic_parity_Race': tensor(0.4249),
          'final_local_val_equalized_odds_Gender': tensor(0.1096),
          'final_local_val_equalized_odds_Marital': tensor(0.4147),
          'final_local_val_equalized_odds_Race': tensor(0.3141),
          'final_local_val_f1': tensor(0.8117),
          'final_local_val_precision': tensor(0.8316),
          'final_local_val_recall': tensor(0.8033)}
