message: {'global_train_accuracy': tensor(0.7748),
          'global_train_demographic_parity_Gender': tensor(0.0386),
          'global_train_demographic_parity_Marital': tensor(0.6046),
          'global_train_demographic_parity_Race': tensor(0.4715),
          'global_train_equalized_odds_Gender': tensor(0.0485),
          'global_train_equalized_odds_Marital': tensor(0.4982),
          'global_train_equalized_odds_Race': tensor(0.3484),
          'global_train_f1': tensor(0.7761),
          'global_train_precision': tensor(0.7812),
          'global_train_recall': tensor(0.7748),
          'global_val_accuracy': tensor(0.7777),
          'global_val_demographic_parity_Gender': tensor(0.0238),
          'global_val_demographic_parity_Marital': tensor(0.6036),
          'global_val_demographic_parity_Race': tensor(0.4907),
          'global_val_equalized_odds_Gender': tensor(0.0252),
          'global_val_equalized_odds_Marital': tensor(0.5596),
          'global_val_equalized_odds_Race': tensor(0.3093),
          'global_val_f1': tensor(0.7789),
          'global_val_precision': tensor(0.7831),
          'global_val_recall': tensor(0.7777),
          'local_train_accuracy': tensor(0.7909),
          'local_train_demographic_parity_Gender': tensor(0.0155),
          'local_train_demographic_parity_Marital': tensor(0.5181),
          'local_train_demographic_parity_Race': tensor(0.4422),
          'local_train_equalized_odds_Gender': tensor(0.0162),
          'local_train_equalized_odds_Marital': tensor(0.5302),
          'local_train_equalized_odds_Race': tensor(0.3897),
          'local_train_f1': tensor(0.7879),
          'local_train_precision': tensor(0.7911),
          'local_train_recall': tensor(0.7909),
          'local_val_accuracy': tensor(0.7868),
          'local_val_demographic_parity_Gender': tensor(0.0057),
          'local_val_demographic_parity_Marital': tensor(0.5290),
          'local_val_demographic_parity_Race': tensor(0.4826),
          'local_val_equalized_odds_Gender': tensor(0.0238),
          'local_val_equalized_odds_Marital': tensor(0.6121),
          'local_val_equalized_odds_Race': tensor(0.3898),
          'local_val_f1': tensor(0.7834),
          'local_val_precision': tensor(0.7872),
          'local_val_recall': tensor(0.7868)}
message: {'final_global_train_accuracy': tensor(0.7748),
          'final_global_train_demographic_parity_Gender': tensor(0.0386),
          'final_global_train_demographic_parity_Marital': tensor(0.6046),
          'final_global_train_demographic_parity_Race': tensor(0.4715),
          'final_global_train_equalized_odds_Gender': tensor(0.0485),
          'final_global_train_equalized_odds_Marital': tensor(0.4982),
          'final_global_train_equalized_odds_Race': tensor(0.3484),
          'final_global_train_f1': tensor(0.7761),
          'final_global_train_precision': tensor(0.7812),
          'final_global_train_recall': tensor(0.7748),
          'final_global_val_accuracy': tensor(0.7777),
          'final_global_val_demographic_parity_Gender': tensor(0.0238),
          'final_global_val_demographic_parity_Marital': tensor(0.6036),
          'final_global_val_demographic_parity_Race': tensor(0.4907),
          'final_global_val_equalized_odds_Gender': tensor(0.0252),
          'final_global_val_equalized_odds_Marital': tensor(0.5596),
          'final_global_val_equalized_odds_Race': tensor(0.3093),
          'final_global_val_f1': tensor(0.7789),
          'final_global_val_precision': tensor(0.7831),
          'final_global_val_recall': tensor(0.7777),
          'final_local_train_accuracy': tensor(0.7909),
          'final_local_train_demographic_parity_Gender': tensor(0.0155),
          'final_local_train_demographic_parity_Marital': tensor(0.5181),
          'final_local_train_demographic_parity_Race': tensor(0.4422),
          'final_local_train_equalized_odds_Gender': tensor(0.0162),
          'final_local_train_equalized_odds_Marital': tensor(0.5302),
          'final_local_train_equalized_odds_Race': tensor(0.3897),
          'final_local_train_f1': tensor(0.7879),
          'final_local_train_precision': tensor(0.7911),
          'final_local_train_recall': tensor(0.7909),
          'final_local_val_accuracy': tensor(0.7868),
          'final_local_val_demographic_parity_Gender': tensor(0.0057),
          'final_local_val_demographic_parity_Marital': tensor(0.5290),
          'final_local_val_demographic_parity_Race': tensor(0.4826),
          'final_local_val_equalized_odds_Gender': tensor(0.0238),
          'final_local_val_equalized_odds_Marital': tensor(0.6121),
          'final_local_val_equalized_odds_Race': tensor(0.3898),
          'final_local_val_f1': tensor(0.7834),
          'final_local_val_precision': tensor(0.7872),
          'final_local_val_recall': tensor(0.7868)}
