message: {'global_train_accuracy': tensor(0.8041),
          'global_train_demographic_parity_Gender': tensor(0.1126),
          'global_train_demographic_parity_Marital': tensor(0.5950),
          'global_train_demographic_parity_Race': tensor(0.5279),
          'global_train_equalized_odds_Gender': tensor(0.0681),
          'global_train_equalized_odds_Marital': tensor(0.5619),
          'global_train_equalized_odds_Race': tensor(0.4334),
          'global_train_f1': tensor(0.8048),
          'global_train_precision': tensor(0.8059),
          'global_train_recall': tensor(0.8041),
          'global_val_accuracy': tensor(0.8084),
          'global_val_demographic_parity_Gender': tensor(0.1117),
          'global_val_demographic_parity_Marital': tensor(0.6067),
          'global_val_demographic_parity_Race': tensor(0.5603),
          'global_val_equalized_odds_Gender': tensor(0.0720),
          'global_val_equalized_odds_Marital': tensor(0.5908),
          'global_val_equalized_odds_Race': tensor(0.4478),
          'global_val_f1': tensor(0.8094),
          'global_val_precision': tensor(0.8109),
          'global_val_recall': tensor(0.8084),
          'local_train_accuracy': tensor(0.8073),
          'local_train_demographic_parity_Gender': tensor(0.1069),
          'local_train_demographic_parity_Marital': tensor(0.5852),
          'local_train_demographic_parity_Race': tensor(0.5347),
          'local_train_equalized_odds_Gender': tensor(0.0613),
          'local_train_equalized_odds_Marital': tensor(0.5424),
          'local_train_equalized_odds_Race': tensor(0.4191),
          'local_train_f1': tensor(0.8081),
          'local_train_precision': tensor(0.8092),
          'local_train_recall': tensor(0.8073),
          'local_val_accuracy': tensor(0.8083),
          'local_val_demographic_parity_Gender': tensor(0.1076),
          'local_val_demographic_parity_Marital': tensor(0.5939),
          'local_val_demographic_parity_Race': tensor(0.5778),
          'local_val_equalized_odds_Gender': tensor(0.0693),
          'local_val_equalized_odds_Marital': tensor(0.5825),
          'local_val_equalized_odds_Race': tensor(0.4547),
          'local_val_f1': tensor(0.8093),
          'local_val_precision': tensor(0.8108),
          'local_val_recall': tensor(0.8083)}
message: {'final_global_train_accuracy': tensor(0.8041),
          'final_global_train_demographic_parity_Gender': tensor(0.1126),
          'final_global_train_demographic_parity_Marital': tensor(0.5950),
          'final_global_train_demographic_parity_Race': tensor(0.5279),
          'final_global_train_equalized_odds_Gender': tensor(0.0681),
          'final_global_train_equalized_odds_Marital': tensor(0.5619),
          'final_global_train_equalized_odds_Race': tensor(0.4334),
          'final_global_train_f1': tensor(0.8048),
          'final_global_train_precision': tensor(0.8059),
          'final_global_train_recall': tensor(0.8041),
          'final_global_val_accuracy': tensor(0.8084),
          'final_global_val_demographic_parity_Gender': tensor(0.1117),
          'final_global_val_demographic_parity_Marital': tensor(0.6067),
          'final_global_val_demographic_parity_Race': tensor(0.5603),
          'final_global_val_equalized_odds_Gender': tensor(0.0720),
          'final_global_val_equalized_odds_Marital': tensor(0.5908),
          'final_global_val_equalized_odds_Race': tensor(0.4478),
          'final_global_val_f1': tensor(0.8094),
          'final_global_val_precision': tensor(0.8109),
          'final_global_val_recall': tensor(0.8084),
          'final_local_train_accuracy': tensor(0.8073),
          'final_local_train_demographic_parity_Gender': tensor(0.1069),
          'final_local_train_demographic_parity_Marital': tensor(0.5852),
          'final_local_train_demographic_parity_Race': tensor(0.5347),
          'final_local_train_equalized_odds_Gender': tensor(0.0613),
          'final_local_train_equalized_odds_Marital': tensor(0.5424),
          'final_local_train_equalized_odds_Race': tensor(0.4191),
          'final_local_train_f1': tensor(0.8081),
          'final_local_train_precision': tensor(0.8092),
          'final_local_train_recall': tensor(0.8073),
          'final_local_val_accuracy': tensor(0.8083),
          'final_local_val_demographic_parity_Gender': tensor(0.1076),
          'final_local_val_demographic_parity_Marital': tensor(0.5939),
          'final_local_val_demographic_parity_Race': tensor(0.5778),
          'final_local_val_equalized_odds_Gender': tensor(0.0693),
          'final_local_val_equalized_odds_Marital': tensor(0.5825),
          'final_local_val_equalized_odds_Race': tensor(0.4547),
          'final_local_val_f1': tensor(0.8093),
          'final_local_val_precision': tensor(0.8108),
          'final_local_val_recall': tensor(0.8083)}
