message: {'global_train_accuracy': tensor(0.8479),
          'global_train_demographic_parity_Gender': tensor(0.0788),
          'global_train_demographic_parity_Marital': tensor(0.5176),
          'global_train_demographic_parity_Race': tensor(0.3313),
          'global_train_equalized_odds_Gender': tensor(0.1187),
          'global_train_equalized_odds_Marital': tensor(0.5464),
          'global_train_equalized_odds_Race': tensor(0.3739),
          'global_train_f1': tensor(0.8436),
          'global_train_precision': tensor(0.8414),
          'global_train_recall': tensor(0.8479),
          'global_val_accuracy': tensor(0.8405),
          'global_val_demographic_parity_Gender': tensor(0.0709),
          'global_val_demographic_parity_Marital': tensor(0.4883),
          'global_val_demographic_parity_Race': tensor(0.3025),
          'global_val_equalized_odds_Gender': tensor(0.1264),
          'global_val_equalized_odds_Marital': tensor(0.5461),
          'global_val_equalized_odds_Race': tensor(0.3924),
          'global_val_f1': tensor(0.8357),
          'global_val_precision': tensor(0.8333),
          'global_val_recall': tensor(0.8405),
          'local_train_accuracy': tensor(0.8135),
          'local_train_demographic_parity_Gender': tensor(0.0832),
          'local_train_demographic_parity_Marital': tensor(0.5614),
          'local_train_demographic_parity_Race': tensor(0.3380),
          'local_train_equalized_odds_Gender': tensor(0.1025),
          'local_train_equalized_odds_Marital': tensor(0.4546),
          'local_train_equalized_odds_Race': tensor(0.3017),
          'local_train_f1': tensor(0.8213),
          'local_train_precision': tensor(0.8358),
          'local_train_recall': tensor(0.8135),
          'local_val_accuracy': tensor(0.8100),
          'local_val_demographic_parity_Gender': tensor(0.0823),
          'local_val_demographic_parity_Marital': tensor(0.5321),
          'local_val_demographic_parity_Race': tensor(0.3180),
          'local_val_equalized_odds_Gender': tensor(0.0965),
          'local_val_equalized_odds_Marital': tensor(0.4409),
          'local_val_equalized_odds_Race': tensor(0.3645),
          'local_val_f1': tensor(0.8178),
          'local_val_precision': tensor(0.8322),
          'local_val_recall': tensor(0.8100)}
message: {'final_global_train_accuracy': tensor(0.8479),
          'final_global_train_demographic_parity_Gender': tensor(0.0788),
          'final_global_train_demographic_parity_Marital': tensor(0.5176),
          'final_global_train_demographic_parity_Race': tensor(0.3313),
          'final_global_train_equalized_odds_Gender': tensor(0.1187),
          'final_global_train_equalized_odds_Marital': tensor(0.5464),
          'final_global_train_equalized_odds_Race': tensor(0.3739),
          'final_global_train_f1': tensor(0.8436),
          'final_global_train_precision': tensor(0.8414),
          'final_global_train_recall': tensor(0.8479),
          'final_global_val_accuracy': tensor(0.8405),
          'final_global_val_demographic_parity_Gender': tensor(0.0709),
          'final_global_val_demographic_parity_Marital': tensor(0.4883),
          'final_global_val_demographic_parity_Race': tensor(0.3025),
          'final_global_val_equalized_odds_Gender': tensor(0.1264),
          'final_global_val_equalized_odds_Marital': tensor(0.5461),
          'final_global_val_equalized_odds_Race': tensor(0.3924),
          'final_global_val_f1': tensor(0.8357),
          'final_global_val_precision': tensor(0.8333),
          'final_global_val_recall': tensor(0.8405),
          'final_local_train_accuracy': tensor(0.8135),
          'final_local_train_demographic_parity_Gender': tensor(0.0832),
          'final_local_train_demographic_parity_Marital': tensor(0.5614),
          'final_local_train_demographic_parity_Race': tensor(0.3380),
          'final_local_train_equalized_odds_Gender': tensor(0.1025),
          'final_local_train_equalized_odds_Marital': tensor(0.4546),
          'final_local_train_equalized_odds_Race': tensor(0.3017),
          'final_local_train_f1': tensor(0.8213),
          'final_local_train_precision': tensor(0.8358),
          'final_local_train_recall': tensor(0.8135),
          'final_local_val_accuracy': tensor(0.8100),
          'final_local_val_demographic_parity_Gender': tensor(0.0823),
          'final_local_val_demographic_parity_Marital': tensor(0.5321),
          'final_local_val_demographic_parity_Race': tensor(0.3180),
          'final_local_val_equalized_odds_Gender': tensor(0.0965),
          'final_local_val_equalized_odds_Marital': tensor(0.4409),
          'final_local_val_equalized_odds_Race': tensor(0.3645),
          'final_local_val_f1': tensor(0.8178),
          'final_local_val_precision': tensor(0.8322),
          'final_local_val_recall': tensor(0.8100)}
