message: {'global_train_accuracy': tensor(0.7973),
          'global_train_demographic_parity_Gender': tensor(0.1495),
          'global_train_demographic_parity_Marital': tensor(0.4646),
          'global_train_demographic_parity_Race': tensor(0.2001),
          'global_train_equalized_odds_Gender': tensor(0.1683),
          'global_train_equalized_odds_Marital': tensor(0.5599),
          'global_train_equalized_odds_Race': tensor(0.1827),
          'global_train_f1': tensor(0.7969),
          'global_train_precision': tensor(0.7965),
          'global_train_recall': tensor(0.7973),
          'global_val_accuracy': tensor(0.8026),
          'global_val_demographic_parity_Gender': tensor(0.1440),
          'global_val_demographic_parity_Marital': tensor(0.4444),
          'global_val_demographic_parity_Race': tensor(0.2104),
          'global_val_equalized_odds_Gender': tensor(0.1649),
          'global_val_equalized_odds_Marital': tensor(0.5568),
          'global_val_equalized_odds_Race': tensor(0.1389),
          'global_val_f1': tensor(0.8021),
          'global_val_precision': tensor(0.8017),
          'global_val_recall': tensor(0.8026),
          'local_train_accuracy': tensor(0.7857),
          'local_train_demographic_parity_Gender': tensor(0.1322),
          'local_train_demographic_parity_Marital': tensor(0.4385),
          'local_train_demographic_parity_Race': tensor(0.2615),
          'local_train_equalized_odds_Gender': tensor(0.1293),
          'local_train_equalized_odds_Marital': tensor(0.4224),
          'local_train_equalized_odds_Race': tensor(0.2552),
          'local_train_f1': tensor(0.7900),
          'local_train_precision': tensor(0.7997),
          'local_train_recall': tensor(0.7857),
          'local_val_accuracy': tensor(0.7844),
          'local_val_demographic_parity_Gender': tensor(0.1252),
          'local_val_demographic_parity_Marital': tensor(0.4098),
          'local_val_demographic_parity_Race': tensor(0.2766),
          'local_val_equalized_odds_Gender': tensor(0.1264),
          'local_val_equalized_odds_Marital': tensor(0.4362),
          'local_val_equalized_odds_Race': tensor(0.2224),
          'local_val_f1': tensor(0.7888),
          'local_val_precision': tensor(0.7991),
          'local_val_recall': tensor(0.7844)}
message: {'final_global_train_accuracy': tensor(0.7973),
          'final_global_train_demographic_parity_Gender': tensor(0.1495),
          'final_global_train_demographic_parity_Marital': tensor(0.4646),
          'final_global_train_demographic_parity_Race': tensor(0.2001),
          'final_global_train_equalized_odds_Gender': tensor(0.1683),
          'final_global_train_equalized_odds_Marital': tensor(0.5599),
          'final_global_train_equalized_odds_Race': tensor(0.1827),
          'final_global_train_f1': tensor(0.7969),
          'final_global_train_precision': tensor(0.7965),
          'final_global_train_recall': tensor(0.7973),
          'final_global_val_accuracy': tensor(0.8026),
          'final_global_val_demographic_parity_Gender': tensor(0.1440),
          'final_global_val_demographic_parity_Marital': tensor(0.4444),
          'final_global_val_demographic_parity_Race': tensor(0.2104),
          'final_global_val_equalized_odds_Gender': tensor(0.1649),
          'final_global_val_equalized_odds_Marital': tensor(0.5568),
          'final_global_val_equalized_odds_Race': tensor(0.1389),
          'final_global_val_f1': tensor(0.8021),
          'final_global_val_precision': tensor(0.8017),
          'final_global_val_recall': tensor(0.8026),
          'final_local_train_accuracy': tensor(0.7857),
          'final_local_train_demographic_parity_Gender': tensor(0.1322),
          'final_local_train_demographic_parity_Marital': tensor(0.4385),
          'final_local_train_demographic_parity_Race': tensor(0.2615),
          'final_local_train_equalized_odds_Gender': tensor(0.1293),
          'final_local_train_equalized_odds_Marital': tensor(0.4224),
          'final_local_train_equalized_odds_Race': tensor(0.2552),
          'final_local_train_f1': tensor(0.7900),
          'final_local_train_precision': tensor(0.7997),
          'final_local_train_recall': tensor(0.7857),
          'final_local_val_accuracy': tensor(0.7844),
          'final_local_val_demographic_parity_Gender': tensor(0.1252),
          'final_local_val_demographic_parity_Marital': tensor(0.4098),
          'final_local_val_demographic_parity_Race': tensor(0.2766),
          'final_local_val_equalized_odds_Gender': tensor(0.1264),
          'final_local_val_equalized_odds_Marital': tensor(0.4362),
          'final_local_val_equalized_odds_Race': tensor(0.2224),
          'final_local_val_f1': tensor(0.7888),
          'final_local_val_precision': tensor(0.7991),
          'final_local_val_recall': tensor(0.7844)}
