message: {'global_train_accuracy': tensor(0.8010),
          'global_train_demographic_parity_Gender': tensor(0.0980),
          'global_train_demographic_parity_Marital': tensor(0.5585),
          'global_train_demographic_parity_Race': tensor(0.3419),
          'global_train_equalized_odds_Gender': tensor(0.0860),
          'global_train_equalized_odds_Marital': tensor(0.5892),
          'global_train_equalized_odds_Race': tensor(0.2367),
          'global_train_f1': tensor(0.8023),
          'global_train_precision': tensor(0.8042),
          'global_train_recall': tensor(0.8010),
          'global_val_accuracy': tensor(0.7993),
          'global_val_demographic_parity_Gender': tensor(0.0824),
          'global_val_demographic_parity_Marital': tensor(0.5622),
          'global_val_demographic_parity_Race': tensor(0.3216),
          'global_val_equalized_odds_Gender': tensor(0.0650),
          'global_val_equalized_odds_Marital': tensor(0.5744),
          'global_val_equalized_odds_Race': tensor(0.2607),
          'global_val_f1': tensor(0.8008),
          'global_val_precision': tensor(0.8033),
          'global_val_recall': tensor(0.7993),
          'local_train_accuracy': tensor(0.7980),
          'local_train_demographic_parity_Gender': tensor(0.0929),
          'local_train_demographic_parity_Marital': tensor(0.5447),
          'local_train_demographic_parity_Race': tensor(0.3609),
          'local_train_equalized_odds_Gender': tensor(0.0787),
          'local_train_equalized_odds_Marital': tensor(0.5400),
          'local_train_equalized_odds_Race': tensor(0.2515),
          'local_train_f1': tensor(0.8000),
          'local_train_precision': tensor(0.8037),
          'local_train_recall': tensor(0.7980),
          'local_val_accuracy': tensor(0.7990),
          'local_val_demographic_parity_Gender': tensor(0.0784),
          'local_val_demographic_parity_Marital': tensor(0.5480),
          'local_val_demographic_parity_Race': tensor(0.3459),
          'local_val_equalized_odds_Gender': tensor(0.0527),
          'local_val_equalized_odds_Marital': tensor(0.5196),
          'local_val_equalized_odds_Race': tensor(0.2693),
          'local_val_f1': tensor(0.8012),
          'local_val_precision': tensor(0.8055),
          'local_val_recall': tensor(0.7990)}
message: {'final_global_train_accuracy': tensor(0.8010),
          'final_global_train_demographic_parity_Gender': tensor(0.0980),
          'final_global_train_demographic_parity_Marital': tensor(0.5585),
          'final_global_train_demographic_parity_Race': tensor(0.3419),
          'final_global_train_equalized_odds_Gender': tensor(0.0860),
          'final_global_train_equalized_odds_Marital': tensor(0.5892),
          'final_global_train_equalized_odds_Race': tensor(0.2367),
          'final_global_train_f1': tensor(0.8023),
          'final_global_train_precision': tensor(0.8042),
          'final_global_train_recall': tensor(0.8010),
          'final_global_val_accuracy': tensor(0.7993),
          'final_global_val_demographic_parity_Gender': tensor(0.0824),
          'final_global_val_demographic_parity_Marital': tensor(0.5622),
          'final_global_val_demographic_parity_Race': tensor(0.3216),
          'final_global_val_equalized_odds_Gender': tensor(0.0650),
          'final_global_val_equalized_odds_Marital': tensor(0.5744),
          'final_global_val_equalized_odds_Race': tensor(0.2607),
          'final_global_val_f1': tensor(0.8008),
          'final_global_val_precision': tensor(0.8033),
          'final_global_val_recall': tensor(0.7993),
          'final_local_train_accuracy': tensor(0.7980),
          'final_local_train_demographic_parity_Gender': tensor(0.0929),
          'final_local_train_demographic_parity_Marital': tensor(0.5447),
          'final_local_train_demographic_parity_Race': tensor(0.3609),
          'final_local_train_equalized_odds_Gender': tensor(0.0787),
          'final_local_train_equalized_odds_Marital': tensor(0.5400),
          'final_local_train_equalized_odds_Race': tensor(0.2515),
          'final_local_train_f1': tensor(0.8000),
          'final_local_train_precision': tensor(0.8037),
          'final_local_train_recall': tensor(0.7980),
          'final_local_val_accuracy': tensor(0.7990),
          'final_local_val_demographic_parity_Gender': tensor(0.0784),
          'final_local_val_demographic_parity_Marital': tensor(0.5480),
          'final_local_val_demographic_parity_Race': tensor(0.3459),
          'final_local_val_equalized_odds_Gender': tensor(0.0527),
          'final_local_val_equalized_odds_Marital': tensor(0.5196),
          'final_local_val_equalized_odds_Race': tensor(0.2693),
          'final_local_val_f1': tensor(0.8012),
          'final_local_val_precision': tensor(0.8055),
          'final_local_val_recall': tensor(0.7990)}
