message: {'global_train_accuracy': tensor(0.8206),
          'global_train_demographic_parity_Gender': tensor(0.0058),
          'global_train_demographic_parity_Marital': tensor(0.5282),
          'global_train_demographic_parity_Race': tensor(0.3470),
          'global_train_equalized_odds_Gender': tensor(0.0204),
          'global_train_equalized_odds_Marital': tensor(0.5329),
          'global_train_equalized_odds_Race': tensor(0.3435),
          'global_train_f1': tensor(0.8217),
          'global_train_precision': tensor(0.8232),
          'global_train_recall': tensor(0.8206),
          'global_val_accuracy': tensor(0.8077),
          'global_val_demographic_parity_Gender': tensor(0.0064),
          'global_val_demographic_parity_Marital': tensor(0.5281),
          'global_val_demographic_parity_Race': tensor(0.3613),
          'global_val_equalized_odds_Gender': tensor(0.0158),
          'global_val_equalized_odds_Marital': tensor(0.5429),
          'global_val_equalized_odds_Race': tensor(0.3792),
          'global_val_f1': tensor(0.8090),
          'global_val_precision': tensor(0.8108),
          'global_val_recall': tensor(0.8077),
          'local_train_accuracy': tensor(0.8186),
          'local_train_demographic_parity_Gender': tensor(0.0137),
          'local_train_demographic_parity_Marital': tensor(0.5432),
          'local_train_demographic_parity_Race': tensor(0.3698),
          'local_train_equalized_odds_Gender': tensor(0.0075),
          'local_train_equalized_odds_Marital': tensor(0.5137),
          'local_train_equalized_odds_Race': tensor(0.3077),
          'local_train_f1': tensor(0.8209),
          'local_train_precision': tensor(0.8254),
          'local_train_recall': tensor(0.8186),
          'local_val_accuracy': tensor(0.8061),
          'local_val_demographic_parity_Gender': tensor(0.0119),
          'local_val_demographic_parity_Marital': tensor(0.5371),
          'local_val_demographic_parity_Race': tensor(0.3798),
          'local_val_equalized_odds_Gender': tensor(0.0038),
          'local_val_equalized_odds_Marital': tensor(0.5120),
          'local_val_equalized_odds_Race': tensor(0.3349),
          'local_val_f1': tensor(0.8084),
          'local_val_precision': tensor(0.8127),
          'local_val_recall': tensor(0.8061)}
message: {'final_global_train_accuracy': tensor(0.8206),
          'final_global_train_demographic_parity_Gender': tensor(0.0058),
          'final_global_train_demographic_parity_Marital': tensor(0.5282),
          'final_global_train_demographic_parity_Race': tensor(0.3470),
          'final_global_train_equalized_odds_Gender': tensor(0.0204),
          'final_global_train_equalized_odds_Marital': tensor(0.5329),
          'final_global_train_equalized_odds_Race': tensor(0.3435),
          'final_global_train_f1': tensor(0.8217),
          'final_global_train_precision': tensor(0.8232),
          'final_global_train_recall': tensor(0.8206),
          'final_global_val_accuracy': tensor(0.8077),
          'final_global_val_demographic_parity_Gender': tensor(0.0064),
          'final_global_val_demographic_parity_Marital': tensor(0.5281),
          'final_global_val_demographic_parity_Race': tensor(0.3613),
          'final_global_val_equalized_odds_Gender': tensor(0.0158),
          'final_global_val_equalized_odds_Marital': tensor(0.5429),
          'final_global_val_equalized_odds_Race': tensor(0.3792),
          'final_global_val_f1': tensor(0.8090),
          'final_global_val_precision': tensor(0.8108),
          'final_global_val_recall': tensor(0.8077),
          'final_local_train_accuracy': tensor(0.8186),
          'final_local_train_demographic_parity_Gender': tensor(0.0137),
          'final_local_train_demographic_parity_Marital': tensor(0.5432),
          'final_local_train_demographic_parity_Race': tensor(0.3698),
          'final_local_train_equalized_odds_Gender': tensor(0.0075),
          'final_local_train_equalized_odds_Marital': tensor(0.5137),
          'final_local_train_equalized_odds_Race': tensor(0.3077),
          'final_local_train_f1': tensor(0.8209),
          'final_local_train_precision': tensor(0.8254),
          'final_local_train_recall': tensor(0.8186),
          'final_local_val_accuracy': tensor(0.8061),
          'final_local_val_demographic_parity_Gender': tensor(0.0119),
          'final_local_val_demographic_parity_Marital': tensor(0.5371),
          'final_local_val_demographic_parity_Race': tensor(0.3798),
          'final_local_val_equalized_odds_Gender': tensor(0.0038),
          'final_local_val_equalized_odds_Marital': tensor(0.5120),
          'final_local_val_equalized_odds_Race': tensor(0.3349),
          'final_local_val_f1': tensor(0.8084),
          'final_local_val_precision': tensor(0.8127),
          'final_local_val_recall': tensor(0.8061)}
