message: {'global_train_accuracy': tensor(0.7911),
          'global_train_demographic_parity_Gender': tensor(0.1656),
          'global_train_demographic_parity_Marital': tensor(0.5985),
          'global_train_demographic_parity_Race': tensor(0.4815),
          'global_train_equalized_odds_Gender': tensor(0.1547),
          'global_train_equalized_odds_Marital': tensor(0.5322),
          'global_train_equalized_odds_Race': tensor(0.3880),
          'global_train_f1': tensor(0.7929),
          'global_train_precision': tensor(0.7967),
          'global_train_recall': tensor(0.7911),
          'global_val_accuracy': tensor(0.7895),
          'global_val_demographic_parity_Gender': tensor(0.1705),
          'global_val_demographic_parity_Marital': tensor(0.5932),
          'global_val_demographic_parity_Race': tensor(0.5254),
          'global_val_equalized_odds_Gender': tensor(0.1592),
          'global_val_equalized_odds_Marital': tensor(0.5533),
          'global_val_equalized_odds_Race': tensor(0.5114),
          'global_val_f1': tensor(0.7911),
          'global_val_precision': tensor(0.7946),
          'global_val_recall': tensor(0.7895),
          'local_train_accuracy': tensor(0.7909),
          'local_train_demographic_parity_Gender': tensor(0.1496),
          'local_train_demographic_parity_Marital': tensor(0.6000),
          'local_train_demographic_parity_Race': tensor(0.4966),
          'local_train_equalized_odds_Gender': tensor(0.1396),
          'local_train_equalized_odds_Marital': tensor(0.5233),
          'local_train_equalized_odds_Race': tensor(0.4001),
          'local_train_f1': tensor(0.7929),
          'local_train_precision': tensor(0.7980),
          'local_train_recall': tensor(0.7909),
          'local_val_accuracy': tensor(0.7871),
          'local_val_demographic_parity_Gender': tensor(0.1535),
          'local_val_demographic_parity_Marital': tensor(0.5875),
          'local_val_demographic_parity_Race': tensor(0.5332),
          'local_val_equalized_odds_Gender': tensor(0.1458),
          'local_val_equalized_odds_Marital': tensor(0.5196),
          'local_val_equalized_odds_Race': tensor(0.5066),
          'local_val_f1': tensor(0.7891),
          'local_val_precision': tensor(0.7941),
          'local_val_recall': tensor(0.7871)}
message: {'final_global_train_accuracy': tensor(0.7911),
          'final_global_train_demographic_parity_Gender': tensor(0.1656),
          'final_global_train_demographic_parity_Marital': tensor(0.5985),
          'final_global_train_demographic_parity_Race': tensor(0.4815),
          'final_global_train_equalized_odds_Gender': tensor(0.1547),
          'final_global_train_equalized_odds_Marital': tensor(0.5322),
          'final_global_train_equalized_odds_Race': tensor(0.3880),
          'final_global_train_f1': tensor(0.7929),
          'final_global_train_precision': tensor(0.7967),
          'final_global_train_recall': tensor(0.7911),
          'final_global_val_accuracy': tensor(0.7895),
          'final_global_val_demographic_parity_Gender': tensor(0.1705),
          'final_global_val_demographic_parity_Marital': tensor(0.5932),
          'final_global_val_demographic_parity_Race': tensor(0.5254),
          'final_global_val_equalized_odds_Gender': tensor(0.1592),
          'final_global_val_equalized_odds_Marital': tensor(0.5533),
          'final_global_val_equalized_odds_Race': tensor(0.5114),
          'final_global_val_f1': tensor(0.7911),
          'final_global_val_precision': tensor(0.7946),
          'final_global_val_recall': tensor(0.7895),
          'final_local_train_accuracy': tensor(0.7909),
          'final_local_train_demographic_parity_Gender': tensor(0.1496),
          'final_local_train_demographic_parity_Marital': tensor(0.6000),
          'final_local_train_demographic_parity_Race': tensor(0.4966),
          'final_local_train_equalized_odds_Gender': tensor(0.1396),
          'final_local_train_equalized_odds_Marital': tensor(0.5233),
          'final_local_train_equalized_odds_Race': tensor(0.4001),
          'final_local_train_f1': tensor(0.7929),
          'final_local_train_precision': tensor(0.7980),
          'final_local_train_recall': tensor(0.7909),
          'final_local_val_accuracy': tensor(0.7871),
          'final_local_val_demographic_parity_Gender': tensor(0.1535),
          'final_local_val_demographic_parity_Marital': tensor(0.5875),
          'final_local_val_demographic_parity_Race': tensor(0.5332),
          'final_local_val_equalized_odds_Gender': tensor(0.1458),
          'final_local_val_equalized_odds_Marital': tensor(0.5196),
          'final_local_val_equalized_odds_Race': tensor(0.5066),
          'final_local_val_f1': tensor(0.7891),
          'final_local_val_precision': tensor(0.7941),
          'final_local_val_recall': tensor(0.7871)}
