message: {'model_checkpoint': 1,
          'val_accuracy': tensor(0.3828),
          'val_constraints_score': 0.21198022365570068,
          'val_f1': tensor(0.2120),
          'val_global_score': 0.21198022365570068,
          'val_loss': tensor(0.7880),
          'val_precision': tensor(0.1466),
          'val_recall': tensor(0.3828)}
message: {'model_checkpoint': 1,
          'val_accuracy': tensor(0.6596),
          'val_constraints_score': 0.6491780281066895,
          'val_f1': tensor(0.6492),
          'val_global_score': 0.6491780281066895,
          'val_loss': tensor(0.3508),
          'val_precision': tensor(0.6488),
          'val_recall': tensor(0.6596)}
message: {'model_checkpoint': 0,
          'val_accuracy': tensor(0.6550),
          'val_constraints_score': 0.6097587943077087,
          'val_f1': tensor(0.6098),
          'val_global_score': 0.6097587943077087,
          'val_loss': tensor(0.3902),
          'val_precision': tensor(0.6456),
          'val_recall': tensor(0.6550)}
message: {'model_checkpoint': 0,
          'val_accuracy': tensor(0.6550),
          'val_constraints_score': 0.6097587943077087,
          'val_f1': tensor(0.6098),
          'val_global_score': 0.6097587943077087,
          'val_loss': tensor(0.3902),
          'val_precision': tensor(0.6456),
          'val_recall': tensor(0.6550)}
message: {'model_checkpoint': 0,
          'val_accuracy': tensor(0.6541),
          'val_constraints_score': 0.6029509902000427,
          'val_f1': tensor(0.6030),
          'val_global_score': 0.6029509902000427,
          'val_loss': tensor(0.3970),
          'val_precision': tensor(0.6473),
          'val_recall': tensor(0.6541)}
message: {'model_checkpoint': 0,
          'val_accuracy': tensor(0.6504),
          'val_constraints_score': 0.5758289098739624,
          'val_f1': tensor(0.5758),
          'val_global_score': 0.5758289098739624,
          'val_loss': tensor(0.4242),
          'val_precision': tensor(0.6611),
          'val_recall': tensor(0.6504)}
message: {'model_checkpoint': 0,
          'val_accuracy': tensor(0.6476),
          'val_constraints_score': 0.5710521340370178,
          'val_f1': tensor(0.5711),
          'val_global_score': 0.5710521340370178,
          'val_loss': tensor(0.4289),
          'val_precision': tensor(0.6560),
          'val_recall': tensor(0.6476)}
message: {'model_checkpoint': 0,
          'val_accuracy': tensor(0.6633),
          'val_constraints_score': 0.6121518611907959,
          'val_f1': tensor(0.6122),
          'val_global_score': 0.6121518611907959,
          'val_loss': tensor(0.3878),
          'val_precision': tensor(0.6642),
          'val_recall': tensor(0.6633)}
message: {'model_checkpoint': 0,
          'val_accuracy': tensor(0.6596),
          'val_constraints_score': 0.6042771935462952,
          'val_f1': tensor(0.6043),
          'val_global_score': 0.6042771935462952,
          'val_loss': tensor(0.3957),
          'val_precision': tensor(0.6610),
          'val_recall': tensor(0.6596)}
message: {'model_checkpoint': 0,
          'val_accuracy': tensor(0.6596),
          'val_constraints_score': 0.6042771935462952,
          'val_f1': tensor(0.6043),
          'val_global_score': 0.6042771935462952,
          'val_loss': tensor(0.3957),
          'val_precision': tensor(0.6610),
          'val_recall': tensor(0.6596)}
message: {'model_checkpoint': 0,
          'val_accuracy': tensor(0.6605),
          'val_constraints_score': 0.6034770011901855,
          'val_f1': tensor(0.6035),
          'val_global_score': 0.6034770011901855,
          'val_loss': tensor(0.3965),
          'val_precision': tensor(0.6645),
          'val_recall': tensor(0.6605)}
message: {'model_checkpoint': 0,
          'val_accuracy': tensor(0.6550),
          'val_constraints_score': 0.6007735729217529,
          'val_f1': tensor(0.6008),
          'val_global_score': 0.6007735729217529,
          'val_loss': tensor(0.3992),
          'val_precision': tensor(0.6511),
          'val_recall': tensor(0.6550)}
message: {'model_checkpoint': 0,
          'val_accuracy': tensor(0.6550),
          'val_constraints_score': 0.6007735729217529,
          'val_f1': tensor(0.6008),
          'val_global_score': 0.6007735729217529,
          'val_loss': tensor(0.3992),
          'val_precision': tensor(0.6511),
          'val_recall': tensor(0.6550)}
message: {'model_checkpoint': 0,
          'val_accuracy': tensor(0.6642),
          'val_constraints_score': 0.61286461353302,
          'val_f1': tensor(0.6129),
          'val_global_score': 0.61286461353302,
          'val_loss': tensor(0.3871),
          'val_precision': tensor(0.6662),
          'val_recall': tensor(0.6642)}
message: {'model_checkpoint': 0,
          'val_accuracy': tensor(0.6605),
          'val_constraints_score': 0.6034770011901855,
          'val_f1': tensor(0.6035),
          'val_global_score': 0.6034770011901855,
          'val_loss': tensor(0.3965),
          'val_precision': tensor(0.6645),
          'val_recall': tensor(0.6605)}
message: {'model_checkpoint': 0,
          'val_accuracy': tensor(0.6605),
          'val_constraints_score': 0.6034770011901855,
          'val_f1': tensor(0.6035),
          'val_global_score': 0.6034770011901855,
          'val_loss': tensor(0.3965),
          'val_precision': tensor(0.6645),
          'val_recall': tensor(0.6605)}
message: {'model_checkpoint': 0,
          'val_accuracy': tensor(0.6707),
          'val_constraints_score': 0.6474589109420776,
          'val_f1': tensor(0.6475),
          'val_global_score': 0.6474589109420776,
          'val_loss': tensor(0.3525),
          'val_precision': tensor(0.6599),
          'val_recall': tensor(0.6707)}
message: {'model_checkpoint': 0,
          'val_accuracy': tensor(0.6725),
          'val_constraints_score': 0.633469820022583,
          'val_f1': tensor(0.6335),
          'val_global_score': 0.633469820022583,
          'val_loss': tensor(0.3665),
          'val_precision': tensor(0.6701),
          'val_recall': tensor(0.6725)}
message: {'model_checkpoint': 0,
          'val_accuracy': tensor(0.6725),
          'val_constraints_score': 0.633469820022583,
          'val_f1': tensor(0.6335),
          'val_global_score': 0.633469820022583,
          'val_loss': tensor(0.3665),
          'val_precision': tensor(0.6701),
          'val_recall': tensor(0.6725)}
message: {'model_checkpoint': 1,
          'val_accuracy': tensor(0.6780),
          'val_constraints_score': 0.658569872379303,
          'val_f1': tensor(0.6586),
          'val_global_score': 0.658569872379303,
          'val_loss': tensor(0.3414),
          'val_precision': tensor(0.6683),
          'val_recall': tensor(0.6780)}
message: {'model_checkpoint': 0,
          'val_accuracy': tensor(0.6734),
          'val_constraints_score': 0.6381449699401855,
          'val_f1': tensor(0.6381),
          'val_global_score': 0.6381449699401855,
          'val_loss': tensor(0.3619),
          'val_precision': tensor(0.6689),
          'val_recall': tensor(0.6734)}
message: {'model_checkpoint': 0,
          'val_accuracy': tensor(0.6734),
          'val_constraints_score': 0.6381449699401855,
          'val_f1': tensor(0.6381),
          'val_global_score': 0.6381449699401855,
          'val_loss': tensor(0.3619),
          'val_precision': tensor(0.6689),
          'val_recall': tensor(0.6734)}
message: {'model_checkpoint': 1,
          'val_accuracy': tensor(0.6845),
          'val_constraints_score': 0.6599573493003845,
          'val_f1': tensor(0.6600),
          'val_global_score': 0.6599573493003845,
          'val_loss': tensor(0.3400),
          'val_precision': tensor(0.6781),
          'val_recall': tensor(0.6845)}
message: {'model_checkpoint': 0,
          'val_accuracy': tensor(0.6799),
          'val_constraints_score': 0.6515721082687378,
          'val_f1': tensor(0.6516),
          'val_global_score': 0.6515721082687378,
          'val_loss': tensor(0.3484),
          'val_precision': tensor(0.6739),
          'val_recall': tensor(0.6799)}
message: {'model_checkpoint': 0,
          'val_accuracy': tensor(0.6799),
          'val_constraints_score': 0.6515721082687378,
          'val_f1': tensor(0.6516),
          'val_global_score': 0.6515721082687378,
          'val_loss': tensor(0.3484),
          'val_precision': tensor(0.6739),
          'val_recall': tensor(0.6799)}
message: {'model_checkpoint': 1,
          'val_accuracy': tensor(0.6744),
          'val_constraints_score': 0.6616905331611633,
          'val_f1': tensor(0.6617),
          'val_global_score': 0.6616905331611633,
          'val_loss': tensor(0.3383),
          'val_precision': tensor(0.6641),
          'val_recall': tensor(0.6744)}
message: {'model_checkpoint': 0,
          'val_accuracy': tensor(0.6799),
          'val_constraints_score': 0.6525070667266846,
          'val_f1': tensor(0.6525),
          'val_global_score': 0.6525070667266846,
          'val_loss': tensor(0.3475),
          'val_precision': tensor(0.6734),
          'val_recall': tensor(0.6799)}
message: {'model_checkpoint': 0,
          'val_accuracy': tensor(0.6799),
          'val_constraints_score': 0.6525070667266846,
          'val_f1': tensor(0.6525),
          'val_global_score': 0.6525070667266846,
          'val_loss': tensor(0.3475),
          'val_precision': tensor(0.6734),
          'val_recall': tensor(0.6799)}
message: {'model_checkpoint': 1,
          'val_accuracy': tensor(0.6808),
          'val_constraints_score': 0.6709050536155701,
          'val_f1': tensor(0.6709),
          'val_global_score': 0.6709050536155701,
          'val_loss': tensor(0.3291),
          'val_precision': tensor(0.6718),
          'val_recall': tensor(0.6808)}
message: {'model_checkpoint': 0,
          'val_accuracy': tensor(0.6827),
          'val_constraints_score': 0.6584015488624573,
          'val_f1': tensor(0.6584),
          'val_global_score': 0.6584015488624573,
          'val_loss': tensor(0.3416),
          'val_precision': tensor(0.6755),
          'val_recall': tensor(0.6827)}
message: {'model_checkpoint': 0,
          'val_accuracy': tensor(0.6827),
          'val_constraints_score': 0.6584015488624573,
          'val_f1': tensor(0.6584),
          'val_global_score': 0.6584015488624573,
          'val_loss': tensor(0.3416),
          'val_precision': tensor(0.6755),
          'val_recall': tensor(0.6827)}
message: {'model_checkpoint': 1,
          'val_accuracy': tensor(0.6928),
          'val_constraints_score': 0.6734799146652222,
          'val_f1': tensor(0.6735),
          'val_global_score': 0.6734799146652222,
          'val_loss': tensor(0.3265),
          'val_precision': tensor(0.6862),
          'val_recall': tensor(0.6928)}
message: {'model_checkpoint': 0,
          'val_accuracy': tensor(0.6900),
          'val_constraints_score': 0.6659230589866638,
          'val_f1': tensor(0.6659),
          'val_global_score': 0.6659230589866638,
          'val_loss': tensor(0.3341),
          'val_precision': tensor(0.6851),
          'val_recall': tensor(0.6900)}
message: {'model_checkpoint': 0,
          'val_accuracy': tensor(0.6900),
          'val_constraints_score': 0.6659230589866638,
          'val_f1': tensor(0.6659),
          'val_global_score': 0.6659230589866638,
          'val_loss': tensor(0.3341),
          'val_precision': tensor(0.6851),
          'val_recall': tensor(0.6900)}
message: {'model_checkpoint': 0,
          'val_accuracy': tensor(0.6854),
          'val_constraints_score': 0.6709752678871155,
          'val_f1': tensor(0.6710),
          'val_global_score': 0.6709752678871155,
          'val_loss': tensor(0.3290),
          'val_precision': tensor(0.6763),
          'val_recall': tensor(0.6854)}
message: {'model_checkpoint': 0,
          'val_accuracy': tensor(0.6845),
          'val_constraints_score': 0.6581935286521912,
          'val_f1': tensor(0.6582),
          'val_global_score': 0.6581935286521912,
          'val_loss': tensor(0.3418),
          'val_precision': tensor(0.6790),
          'val_recall': tensor(0.6845)}
message: {'model_checkpoint': 0,
          'val_accuracy': tensor(0.6845),
          'val_constraints_score': 0.6581935286521912,
          'val_f1': tensor(0.6582),
          'val_global_score': 0.6581935286521912,
          'val_loss': tensor(0.3418),
          'val_precision': tensor(0.6790),
          'val_recall': tensor(0.6845)}
message: {'model_checkpoint': 0,
          'val_accuracy': tensor(0.6808),
          'val_constraints_score': 0.6709050536155701,
          'val_f1': tensor(0.6709),
          'val_global_score': 0.6709050536155701,
          'val_loss': tensor(0.3291),
          'val_precision': tensor(0.6718),
          'val_recall': tensor(0.6808)}
message: {'model_checkpoint': 0,
          'val_accuracy': tensor(0.6882),
          'val_constraints_score': 0.6668239235877991,
          'val_f1': tensor(0.6668),
          'val_global_score': 0.6668239235877991,
          'val_loss': tensor(0.3332),
          'val_precision': tensor(0.6813),
          'val_recall': tensor(0.6882)}
message: {'model_checkpoint': 0,
          'val_accuracy': tensor(0.6882),
          'val_constraints_score': 0.6668239235877991,
          'val_f1': tensor(0.6668),
          'val_global_score': 0.6668239235877991,
          'val_loss': tensor(0.3332),
          'val_precision': tensor(0.6813),
          'val_recall': tensor(0.6882)}
message: {'model_checkpoint': 0,
          'val_accuracy': tensor(0.6937),
          'val_constraints_score': 0.6681879758834839,
          'val_f1': tensor(0.6682),
          'val_global_score': 0.6681879758834839,
          'val_loss': tensor(0.3318),
          'val_precision': tensor(0.6910),
          'val_recall': tensor(0.6937)}
message: {'model_checkpoint': 0,
          'val_accuracy': tensor(0.6762),
          'val_constraints_score': 0.6606425642967224,
          'val_f1': tensor(0.6606),
          'val_global_score': 0.6606425642967224,
          'val_loss': tensor(0.3394),
          'val_precision': tensor(0.6658),
          'val_recall': tensor(0.6762)}
message: {'model_checkpoint': 0,
          'val_accuracy': tensor(0.6762),
          'val_constraints_score': 0.6606425642967224,
          'val_f1': tensor(0.6606),
          'val_global_score': 0.6606425642967224,
          'val_loss': tensor(0.3394),
          'val_precision': tensor(0.6658),
          'val_recall': tensor(0.6762)}
message: {'model_checkpoint': 0,
          'val_accuracy': tensor(0.6937),
          'val_constraints_score': 0.6707311868667603,
          'val_f1': tensor(0.6707),
          'val_global_score': 0.6707311868667603,
          'val_loss': tensor(0.3293),
          'val_precision': tensor(0.6893),
          'val_recall': tensor(0.6937)}
message: {'model_checkpoint': 0,
          'val_accuracy': tensor(0.6827),
          'val_constraints_score': 0.6494125723838806,
          'val_f1': tensor(0.6494),
          'val_global_score': 0.6494125723838806,
          'val_loss': tensor(0.3506),
          'val_precision': tensor(0.6812),
          'val_recall': tensor(0.6827)}
message: {'model_checkpoint': 0,
          'val_accuracy': tensor(0.6827),
          'val_constraints_score': 0.6494125723838806,
          'val_f1': tensor(0.6494),
          'val_global_score': 0.6494125723838806,
          'val_loss': tensor(0.3506),
          'val_precision': tensor(0.6812),
          'val_recall': tensor(0.6827)}
message: {'model_checkpoint': 0,
          'val_accuracy': tensor(0.6707),
          'val_constraints_score': 0.6685706377029419,
          'val_f1': tensor(0.6686),
          'val_global_score': 0.6685706377029419,
          'val_loss': tensor(0.3314),
          'val_precision': tensor(0.6672),
          'val_recall': tensor(0.6707)}
message: {'model_checkpoint': 0,
          'val_accuracy': tensor(0.6679),
          'val_constraints_score': 0.6554601192474365,
          'val_f1': tensor(0.6555),
          'val_global_score': 0.6554601192474365,
          'val_loss': tensor(0.3445),
          'val_precision': tensor(0.6570),
          'val_recall': tensor(0.6679)}
message: {'model_checkpoint': 0,
          'val_accuracy': tensor(0.6651),
          'val_constraints_score': 0.6542898416519165,
          'val_f1': tensor(0.6543),
          'val_global_score': 0.6542898416519165,
          'val_loss': tensor(0.3457),
          'val_precision': tensor(0.6546),
          'val_recall': tensor(0.6651)}
message: {'model_checkpoint': 1,
          'val_accuracy': tensor(0.6845),
          'val_constraints_score': 0.677573025226593,
          'val_f1': tensor(0.6776),
          'val_global_score': 0.677573025226593,
          'val_loss': tensor(0.3224),
          'val_precision': tensor(0.6769),
          'val_recall': tensor(0.6845)}
message: {'model_checkpoint': 0,
          'val_accuracy': tensor(0.6974),
          'val_constraints_score': 0.6762924790382385,
          'val_f1': tensor(0.6763),
          'val_global_score': 0.6762924790382385,
          'val_loss': tensor(0.3237),
          'val_precision': tensor(0.6929),
          'val_recall': tensor(0.6974)}
message: {'model_checkpoint': 0,
          'val_accuracy': tensor(0.6974),
          'val_constraints_score': 0.6762924790382385,
          'val_f1': tensor(0.6763),
          'val_global_score': 0.6762924790382385,
          'val_loss': tensor(0.3237),
          'val_precision': tensor(0.6929),
          'val_recall': tensor(0.6974)}
message: {'model_checkpoint': 0,
          'val_accuracy': tensor(0.6946),
          'val_constraints_score': 0.6702620983123779,
          'val_f1': tensor(0.6703),
          'val_global_score': 0.6702620983123779,
          'val_loss': tensor(0.3297),
          'val_precision': tensor(0.6914),
          'val_recall': tensor(0.6946)}
message: {'model_checkpoint': 0,
          'val_accuracy': tensor(0.6845),
          'val_constraints_score': 0.6674371957778931,
          'val_f1': tensor(0.6674),
          'val_global_score': 0.6674371957778931,
          'val_loss': tensor(0.3326),
          'val_precision': tensor(0.6755),
          'val_recall': tensor(0.6845)}
message: {'model_checkpoint': 0,
          'val_accuracy': tensor(0.6845),
          'val_constraints_score': 0.6674371957778931,
          'val_f1': tensor(0.6674),
          'val_global_score': 0.6674371957778931,
          'val_loss': tensor(0.3326),
          'val_precision': tensor(0.6755),
          'val_recall': tensor(0.6845)}
message: {'model_checkpoint': 0,
          'val_accuracy': tensor(0.6946),
          'val_constraints_score': 0.6723337769508362,
          'val_f1': tensor(0.6723),
          'val_global_score': 0.6723337769508362,
          'val_loss': tensor(0.3277),
          'val_precision': tensor(0.6901),
          'val_recall': tensor(0.6946)}
message: {'model_checkpoint': 0,
          'val_accuracy': tensor(0.6983),
          'val_constraints_score': 0.6766908764839172,
          'val_f1': tensor(0.6767),
          'val_global_score': 0.6766908764839172,
          'val_loss': tensor(0.3233),
          'val_precision': tensor(0.6944),
          'val_recall': tensor(0.6983)}
message: {'model_checkpoint': 0,
          'val_accuracy': tensor(0.6983),
          'val_constraints_score': 0.6766908764839172,
          'val_f1': tensor(0.6767),
          'val_global_score': 0.6766908764839172,
          'val_loss': tensor(0.3233),
          'val_precision': tensor(0.6944),
          'val_recall': tensor(0.6983)}
message: {'model_checkpoint': 0,
          'val_accuracy': tensor(0.6762),
          'val_constraints_score': 0.6751810312271118,
          'val_f1': tensor(0.6752),
          'val_global_score': 0.6751810312271118,
          'val_loss': tensor(0.3248),
          'val_precision': tensor(0.6744),
          'val_recall': tensor(0.6762)}
message: {'model_checkpoint': 0,
          'val_accuracy': tensor(0.6790),
          'val_constraints_score': 0.6703745722770691,
          'val_f1': tensor(0.6704),
          'val_global_score': 0.6703745722770691,
          'val_loss': tensor(0.3296),
          'val_precision': tensor(0.6703),
          'val_recall': tensor(0.6790)}
message: {'model_checkpoint': 0,
          'val_accuracy': tensor(0.6790),
          'val_constraints_score': 0.6703745722770691,
          'val_f1': tensor(0.6704),
          'val_global_score': 0.6703745722770691,
          'val_loss': tensor(0.3296),
          'val_precision': tensor(0.6703),
          'val_recall': tensor(0.6790)}
message: {'model_checkpoint': 0,
          'val_accuracy': tensor(0.6863),
          'val_constraints_score': 0.6711098551750183,
          'val_f1': tensor(0.6711),
          'val_global_score': 0.6711098551750183,
          'val_loss': tensor(0.3289),
          'val_precision': tensor(0.6774),
          'val_recall': tensor(0.6863)}
message: {'model_checkpoint': 0,
          'val_accuracy': tensor(0.6965),
          'val_constraints_score': 0.6758889555931091,
          'val_f1': tensor(0.6759),
          'val_global_score': 0.6758889555931091,
          'val_loss': tensor(0.3241),
          'val_precision': tensor(0.6914),
          'val_recall': tensor(0.6965)}
message: {'model_checkpoint': 0,
          'val_accuracy': tensor(0.6965),
          'val_constraints_score': 0.6758889555931091,
          'val_f1': tensor(0.6759),
          'val_global_score': 0.6758889555931091,
          'val_loss': tensor(0.3241),
          'val_precision': tensor(0.6914),
          'val_recall': tensor(0.6965)}
message: {'model_checkpoint': 1,
          'val_accuracy': tensor(0.6910),
          'val_constraints_score': 0.6801121234893799,
          'val_f1': tensor(0.6801),
          'val_global_score': 0.6801121234893799,
          'val_loss': tensor(0.3199),
          'val_precision': tensor(0.6826),
          'val_recall': tensor(0.6910)}
message: {'model_checkpoint': 0,
          'val_accuracy': tensor(0.6863),
          'val_constraints_score': 0.6700840592384338,
          'val_f1': tensor(0.6701),
          'val_global_score': 0.6700840592384338,
          'val_loss': tensor(0.3299),
          'val_precision': tensor(0.6776),
          'val_recall': tensor(0.6863)}
message: {'model_checkpoint': 0,
          'val_accuracy': tensor(0.6863),
          'val_constraints_score': 0.6700840592384338,
          'val_f1': tensor(0.6701),
          'val_global_score': 0.6700840592384338,
          'val_loss': tensor(0.3299),
          'val_precision': tensor(0.6776),
          'val_recall': tensor(0.6863)}
message: {'model_checkpoint': 0,
          'val_accuracy': tensor(0.6799),
          'val_constraints_score': 0.6763308644294739,
          'val_f1': tensor(0.6763),
          'val_global_score': 0.6763308644294739,
          'val_loss': tensor(0.3237),
          'val_precision': tensor(0.6748),
          'val_recall': tensor(0.6799)}
message: {'model_checkpoint': 0,
          'val_accuracy': tensor(0.6780),
          'val_constraints_score': 0.6670401096343994,
          'val_f1': tensor(0.6670),
          'val_global_score': 0.6670401096343994,
          'val_loss': tensor(0.3330),
          'val_precision': tensor(0.6685),
          'val_recall': tensor(0.6780)}
message: {'model_checkpoint': 0,
          'val_accuracy': tensor(0.6780),
          'val_constraints_score': 0.6670401096343994,
          'val_f1': tensor(0.6670),
          'val_global_score': 0.6670401096343994,
          'val_loss': tensor(0.3330),
          'val_precision': tensor(0.6685),
          'val_recall': tensor(0.6780)}
message: {'model_checkpoint': 1,
          'val_accuracy': tensor(0.6836),
          'val_constraints_score': 0.6824214458465576,
          'val_f1': tensor(0.6824),
          'val_global_score': 0.6824214458465576,
          'val_loss': tensor(0.3176),
          'val_precision': tensor(0.6815),
          'val_recall': tensor(0.6836)}
message: {'model_checkpoint': 0,
          'val_accuracy': tensor(0.6808),
          'val_constraints_score': 0.6756762266159058,
          'val_f1': tensor(0.6757),
          'val_global_score': 0.6756762266159058,
          'val_loss': tensor(0.3243),
          'val_precision': tensor(0.6743),
          'val_recall': tensor(0.6808)}
message: {'model_checkpoint': 0,
          'val_accuracy': tensor(0.6799),
          'val_constraints_score': 0.6711885333061218,
          'val_f1': tensor(0.6712),
          'val_global_score': 0.6711885333061218,
          'val_loss': tensor(0.3288),
          'val_precision': tensor(0.6712),
          'val_recall': tensor(0.6799)}
message: {'model_checkpoint': 0,
          'val_accuracy': tensor(0.6891),
          'val_constraints_score': tensor(0.6748),
          'val_f1': tensor(0.6748),
          'val_loss': tensor(0.6631),
          'val_precision': tensor(0.6805),
          'val_recall': tensor(0.6891)}
message: {'final_val_accuracy': tensor(0.6836),
          'final_val_constraints_score': 0.6824214458465576,
          'final_val_f1': tensor(0.6824),
          'final_val_global_score': 0.6824214458465576,
          'final_val_loss': tensor(0.3176),
          'final_val_precision': tensor(0.6815),
          'final_val_recall': tensor(0.6836)}
