message: {'model_checkpoint': 1,
          'val_accuracy': tensor(0.7161),
          'val_constraints_score': 0.3929973840713501,
          'val_demographic_parity_Job': tensor(0.0087),
          'val_demographic_parity_Marital': tensor(0.0122),
          'val_demographic_parity_Race': tensor(0.0126),
          'val_f1': tensor(0.6070),
          'val_global_score': 0.3929973840713501,
          'val_loss': tensor(0.3930),
          'val_precision': tensor(0.6912),
          'val_recall': tensor(0.7161)}
message: {'model_checkpoint': 1,
          'val_accuracy': tensor(0.7495),
          'val_constraints_score': 0.25517404079437256,
          'val_demographic_parity_Job': tensor(0.2399),
          'val_demographic_parity_Marital': tensor(0.2206),
          'val_demographic_parity_Race': tensor(0.1969),
          'val_f1': tensor(0.7448),
          'val_global_score': 0.25517404079437256,
          'val_loss': tensor(0.2552),
          'val_precision': tensor(0.7418),
          'val_recall': tensor(0.7495)}
