message: {'model_checkpoint': 1,
          'train_accuracy': tensor(0.6810),
          'train_f1': tensor(0.7076),
          'train_precision': tensor(0.7724),
          'train_recall': tensor(0.6810),
          'val_accuracy': tensor(0.6921),
          'val_f1': tensor(0.7168),
          'val_precision': tensor(0.7740),
          'val_recall': tensor(0.6921)}
message: {'model_checkpoint': 0,
          'train_accuracy': tensor(0.7869),
          'train_f1': tensor(0.6931),
          'train_precision': tensor(0.6192),
          'train_recall': tensor(0.7869),
          'val_accuracy': tensor(0.7870),
          'val_f1': tensor(0.6932),
          'val_precision': tensor(0.6194),
          'val_recall': tensor(0.7870)}
message: {'model_checkpoint': 1,
          'train_accuracy': tensor(0.6843),
          'train_f1': tensor(0.7106),
          'train_precision': tensor(0.7759),
          'train_recall': tensor(0.6843),
          'val_accuracy': tensor(0.6984),
          'val_f1': tensor(0.7229),
          'val_precision': tensor(0.7825),
          'val_recall': tensor(0.6984)}
message: {'model_checkpoint': 0,
          'train_accuracy': tensor(0.7869),
          'train_f1': tensor(0.6931),
          'train_precision': tensor(0.6192),
          'train_recall': tensor(0.7869),
          'val_accuracy': tensor(0.7870),
          'val_f1': tensor(0.6932),
          'val_precision': tensor(0.6194),
          'val_recall': tensor(0.7870)}
message: {'model_checkpoint': 1,
          'train_accuracy': tensor(0.7694),
          'train_f1': tensor(0.7643),
          'train_precision': tensor(0.7601),
          'train_recall': tensor(0.7694),
          'val_accuracy': tensor(0.7716),
          'val_f1': tensor(0.7653),
          'val_precision': tensor(0.7603),
          'val_recall': tensor(0.7716)}
message: {'model_checkpoint': 0,
          'train_accuracy': tensor(0.7869),
          'train_f1': tensor(0.6931),
          'train_precision': tensor(0.6192),
          'train_recall': tensor(0.7869),
          'val_accuracy': tensor(0.7870),
          'val_f1': tensor(0.6932),
          'val_precision': tensor(0.6194),
          'val_recall': tensor(0.7870)}
message: {'model_checkpoint': 0,
          'train_accuracy': tensor(0.7885),
          'train_f1': tensor(0.7488),
          'train_precision': tensor(0.7482),
          'train_recall': tensor(0.7885),
          'val_accuracy': tensor(0.7811),
          'val_f1': tensor(0.7358),
          'val_precision': tensor(0.7320),
          'val_recall': tensor(0.7811)}
message: {'model_checkpoint': 0,
          'train_accuracy': tensor(0.7869),
          'train_f1': tensor(0.6931),
          'train_precision': tensor(0.6192),
          'train_recall': tensor(0.7869),
          'val_accuracy': tensor(0.7870),
          'val_f1': tensor(0.6932),
          'val_precision': tensor(0.6194),
          'val_recall': tensor(0.7870)}
message: {'model_checkpoint': 1,
          'train_accuracy': tensor(0.7747),
          'train_f1': tensor(0.7684),
          'train_precision': tensor(0.7636),
          'train_recall': tensor(0.7747),
          'val_accuracy': tensor(0.7765),
          'val_f1': tensor(0.7667),
          'val_precision': tensor(0.7602),
          'val_recall': tensor(0.7765)}
message: {'model_checkpoint': 0,
          'train_accuracy': tensor(0.7869),
          'train_f1': tensor(0.6931),
          'train_precision': tensor(0.6192),
          'train_recall': tensor(0.7869),
          'val_accuracy': tensor(0.7870),
          'val_f1': tensor(0.6932),
          'val_precision': tensor(0.6194),
          'val_recall': tensor(0.7870)}
