message: {'model_checkpoint': 1,
          'val_accuracy': tensor(0.6336),
          'val_constraints_score': 0.49176234006881714,
          'val_demographic_parity_Job': tensor(0.0200),
          'val_demographic_parity_Marital': tensor(0.0124),
          'val_demographic_parity_Race': tensor(0.0173),
          'val_f1': tensor(0.5082),
          'val_global_score': 0.49176234006881714,
          'val_loss': tensor(0.4918),
          'val_precision': tensor(0.7016),
          'val_recall': tensor(0.6336)}
message: {'model_checkpoint': 1,
          'val_accuracy': tensor(0.7506),
          'val_constraints_score': 0.24812698364257812,
          'val_demographic_parity_Job': tensor(0.2067),
          'val_demographic_parity_Marital': tensor(0.2415),
          'val_demographic_parity_Race': tensor(0.2443),
          'val_f1': tensor(0.7519),
          'val_global_score': 0.24812698364257812,
          'val_loss': tensor(0.2481),
          'val_precision': tensor(0.7540),
          'val_recall': tensor(0.7506)}
message: {'model_checkpoint': 0,
          'val_accuracy': tensor(0.7369),
          'val_constraints_score': 0.27021729946136475,
          'val_demographic_parity_Job': tensor(0.1309),
          'val_demographic_parity_Marital': tensor(0.1407),
          'val_demographic_parity_Race': tensor(0.2079),
          'val_f1': tensor(0.7298),
          'val_global_score': 0.27021729946136475,
          'val_loss': tensor(0.2702),
          'val_precision': tensor(0.7318),
          'val_recall': tensor(0.7369)}
message: {'model_checkpoint': 0,
          'val_accuracy': tensor(0.7329),
          'val_constraints_score': 0.2792750597000122,
          'val_demographic_parity_Job': tensor(0.0777),
          'val_demographic_parity_Marital': tensor(0.1320),
          'val_demographic_parity_Race': tensor(0.1942),
          'val_f1': tensor(0.7207),
          'val_global_score': 0.2792750597000122,
          'val_loss': tensor(0.2793),
          'val_precision': tensor(0.7292),
          'val_recall': tensor(0.7329)}
message: {'model_checkpoint': 1,
          'val_accuracy': tensor(0.7567),
          'val_constraints_score': 0.24345040321350098,
          'val_demographic_parity_Job': tensor(0.2068),
          'val_demographic_parity_Marital': tensor(0.2406),
          'val_demographic_parity_Race': tensor(0.2347),
          'val_f1': tensor(0.7565),
          'val_global_score': 0.24345040321350098,
          'val_loss': tensor(0.2435),
          'val_precision': tensor(0.7564),
          'val_recall': tensor(0.7567)}
message: {'model_checkpoint': 0,
          'val_accuracy': tensor(0.7493),
          'val_constraints_score': 0.2525140643119812,
          'val_demographic_parity_Job': tensor(0.1752),
          'val_demographic_parity_Marital': tensor(0.1823),
          'val_demographic_parity_Race': tensor(0.2198),
          'val_f1': tensor(0.7475),
          'val_global_score': 0.2525140643119812,
          'val_loss': tensor(0.2525),
          'val_precision': tensor(0.7466),
          'val_recall': tensor(0.7493)}
message: {'model_checkpoint': 0,
          'val_accuracy': tensor(0.7493),
          'val_constraints_score': 0.2525140643119812,
          'val_demographic_parity_Job': tensor(0.1752),
          'val_demographic_parity_Marital': tensor(0.1823),
          'val_demographic_parity_Race': tensor(0.2198),
          'val_f1': tensor(0.7475),
          'val_global_score': 0.2525140643119812,
          'val_loss': tensor(0.2525),
          'val_precision': tensor(0.7466),
          'val_recall': tensor(0.7493)}
message: {'model_checkpoint': 0,
          'val_accuracy': tensor(0.7533),
          'val_constraints_score': 0.25000065565109253,
          'val_demographic_parity_Job': tensor(0.1843),
          'val_demographic_parity_Marital': tensor(0.2101),
          'val_demographic_parity_Race': tensor(0.2265),
          'val_f1': tensor(0.7500),
          'val_global_score': 0.25000065565109253,
          'val_loss': tensor(0.2500),
          'val_precision': tensor(0.7496),
          'val_recall': tensor(0.7533)}
message: {'model_checkpoint': 0,
          'val_accuracy': tensor(0.7489),
          'val_constraints_score': 0.25493818521499634,
          'val_demographic_parity_Job': tensor(0.1694),
          'val_demographic_parity_Marital': tensor(0.1828),
          'val_demographic_parity_Race': tensor(0.2073),
          'val_f1': tensor(0.7451),
          'val_global_score': 0.25493818521499634,
          'val_loss': tensor(0.2549),
          'val_precision': tensor(0.7449),
          'val_recall': tensor(0.7489)}
message: {'model_checkpoint': 0,
          'val_accuracy': tensor(0.7489),
          'val_constraints_score': 0.25493818521499634,
          'val_demographic_parity_Job': tensor(0.1694),
          'val_demographic_parity_Marital': tensor(0.1828),
          'val_demographic_parity_Race': tensor(0.2073),
          'val_f1': tensor(0.7451),
          'val_global_score': 0.25493818521499634,
          'val_loss': tensor(0.2549),
          'val_precision': tensor(0.7449),
          'val_recall': tensor(0.7489)}
message: {'model_checkpoint': 1,
          'val_accuracy': tensor(0.7621),
          'val_constraints_score': 0.23738789558410645,
          'val_demographic_parity_Job': tensor(0.2110),
          'val_demographic_parity_Marital': tensor(0.2706),
          'val_demographic_parity_Race': tensor(0.2515),
          'val_f1': tensor(0.7626),
          'val_global_score': 0.23738789558410645,
          'val_loss': tensor(0.2374),
          'val_precision': tensor(0.7632),
          'val_recall': tensor(0.7621)}
message: {'model_checkpoint': 0,
          'val_accuracy': tensor(0.7524),
          'val_constraints_score': 0.24929970502853394,
          'val_demographic_parity_Job': tensor(0.1842),
          'val_demographic_parity_Marital': tensor(0.1986),
          'val_demographic_parity_Race': tensor(0.2227),
          'val_f1': tensor(0.7507),
          'val_global_score': 0.24929970502853394,
          'val_loss': tensor(0.2493),
          'val_precision': tensor(0.7499),
          'val_recall': tensor(0.7524)}
message: {'model_checkpoint': 0,
          'val_accuracy': tensor(0.7488),
          'val_constraints_score': 0.2553367614746094,
          'val_demographic_parity_Job': tensor(0.1632),
          'val_demographic_parity_Marital': tensor(0.1823),
          'val_demographic_parity_Race': tensor(0.2144),
          'val_f1': tensor(0.7447),
          'val_global_score': 0.2553367614746094,
          'val_loss': tensor(0.2553),
          'val_precision': tensor(0.7446),
          'val_recall': tensor(0.7488)}
message: {'model_checkpoint': 0,
          'val_accuracy': tensor(0.7631),
          'val_constraints_score': 0.23747742176055908,
          'val_demographic_parity_Job': tensor(0.2079),
          'val_demographic_parity_Marital': tensor(0.2569),
          'val_demographic_parity_Race': tensor(0.2451),
          'val_f1': tensor(0.7625),
          'val_global_score': 0.23747742176055908,
          'val_loss': tensor(0.2375),
          'val_precision': tensor(0.7621),
          'val_recall': tensor(0.7631)}
message: {'model_checkpoint': 0,
          'val_accuracy': tensor(0.7557),
          'val_constraints_score': 0.24580419063568115,
          'val_demographic_parity_Job': tensor(0.1868),
          'val_demographic_parity_Marital': tensor(0.2095),
          'val_demographic_parity_Race': tensor(0.2292),
          'val_f1': tensor(0.7542),
          'val_global_score': 0.24580419063568115,
          'val_loss': tensor(0.2458),
          'val_precision': tensor(0.7534),
          'val_recall': tensor(0.7557)}
message: {'model_checkpoint': 0,
          'val_accuracy': tensor(0.7536),
          'val_constraints_score': 0.2483629584312439,
          'val_demographic_parity_Job': tensor(0.1810),
          'val_demographic_parity_Marital': tensor(0.2018),
          'val_demographic_parity_Race': tensor(0.2290),
          'val_f1': tensor(0.7516),
          'val_global_score': 0.2483629584312439,
          'val_loss': tensor(0.2484),
          'val_precision': tensor(0.7508),
          'val_recall': tensor(0.7536)}
message: {'model_checkpoint': 1,
          'val_accuracy': tensor(0.7681),
          'val_constraints_score': 0.23134422302246094,
          'val_demographic_parity_Job': tensor(0.2158),
          'val_demographic_parity_Marital': tensor(0.2881),
          'val_demographic_parity_Race': tensor(0.2538),
          'val_f1': tensor(0.7687),
          'val_global_score': 0.23134422302246094,
          'val_loss': tensor(0.2313),
          'val_precision': tensor(0.7694),
          'val_recall': tensor(0.7681)}
message: {'model_checkpoint': 0,
          'val_accuracy': tensor(0.7576),
          'val_constraints_score': 0.24507194757461548,
          'val_demographic_parity_Job': tensor(0.1801),
          'val_demographic_parity_Marital': tensor(0.2133),
          'val_demographic_parity_Race': tensor(0.2219),
          'val_f1': tensor(0.7549),
          'val_global_score': 0.24507194757461548,
          'val_loss': tensor(0.2451),
          'val_precision': tensor(0.7543),
          'val_recall': tensor(0.7576)}
message: {'model_checkpoint': 0,
          'val_accuracy': tensor(0.7563),
          'val_constraints_score': 0.2465881109237671,
          'val_demographic_parity_Job': tensor(0.1783),
          'val_demographic_parity_Marital': tensor(0.2060),
          'val_demographic_parity_Race': tensor(0.2203),
          'val_f1': tensor(0.7534),
          'val_global_score': 0.2465881109237671,
          'val_loss': tensor(0.2466),
          'val_precision': tensor(0.7529),
          'val_recall': tensor(0.7563)}
message: {'model_checkpoint': 0,
          'val_accuracy': tensor(0.7682),
          'val_constraints_score': 0.23340052366256714,
          'val_demographic_parity_Job': tensor(0.2072),
          'val_demographic_parity_Marital': tensor(0.2759),
          'val_demographic_parity_Race': tensor(0.2518),
          'val_f1': tensor(0.7666),
          'val_global_score': 0.23340052366256714,
          'val_loss': tensor(0.2334),
          'val_precision': tensor(0.7659),
          'val_recall': tensor(0.7682)}
message: {'model_checkpoint': 0,
          'val_accuracy': tensor(0.7619),
          'val_constraints_score': 0.2401323914527893,
          'val_demographic_parity_Job': tensor(0.1872),
          'val_demographic_parity_Marital': tensor(0.2290),
          'val_demographic_parity_Race': tensor(0.2258),
          'val_f1': tensor(0.7599),
          'val_global_score': 0.2401323914527893,
          'val_loss': tensor(0.2401),
          'val_precision': tensor(0.7592),
          'val_recall': tensor(0.7619)}
message: {'model_checkpoint': 0,
          'val_accuracy': tensor(0.7619),
          'val_constraints_score': 0.2401323914527893,
          'val_demographic_parity_Job': tensor(0.1872),
          'val_demographic_parity_Marital': tensor(0.2290),
          'val_demographic_parity_Race': tensor(0.2258),
          'val_f1': tensor(0.7599),
          'val_global_score': 0.2401323914527893,
          'val_loss': tensor(0.2401),
          'val_precision': tensor(0.7592),
          'val_recall': tensor(0.7619)}
message: {'model_checkpoint': 0,
          'val_accuracy': tensor(0.7660),
          'val_constraints_score': 0.23439854383468628,
          'val_demographic_parity_Job': tensor(0.2064),
          'val_demographic_parity_Marital': tensor(0.2674),
          'val_demographic_parity_Race': tensor(0.2491),
          'val_f1': tensor(0.7656),
          'val_global_score': 0.23439854383468628,
          'val_loss': tensor(0.2344),
          'val_precision': tensor(0.7653),
          'val_recall': tensor(0.7660)}
message: {'model_checkpoint': 0,
          'val_accuracy': tensor(0.7642),
          'val_constraints_score': 0.23791956901550293,
          'val_demographic_parity_Job': tensor(0.1755),
          'val_demographic_parity_Marital': tensor(0.2177),
          'val_demographic_parity_Race': tensor(0.2218),
          'val_f1': tensor(0.7621),
          'val_global_score': 0.23791956901550293,
          'val_loss': tensor(0.2379),
          'val_precision': tensor(0.7614),
          'val_recall': tensor(0.7642)}
message: {'model_checkpoint': 0,
          'val_accuracy': tensor(0.7642),
          'val_constraints_score': 0.23791956901550293,
          'val_demographic_parity_Job': tensor(0.1755),
          'val_demographic_parity_Marital': tensor(0.2177),
          'val_demographic_parity_Race': tensor(0.2218),
          'val_f1': tensor(0.7621),
          'val_global_score': 0.23791956901550293,
          'val_loss': tensor(0.2379),
          'val_precision': tensor(0.7614),
          'val_recall': tensor(0.7642)}
message: {'model_checkpoint': 0,
          'val_accuracy': tensor(0.7664),
          'val_constraints_score': 0.2314813733100891,
          'val_demographic_parity_Job': tensor(0.2362),
          'val_demographic_parity_Marital': tensor(0.3241),
          'val_demographic_parity_Race': tensor(0.2804),
          'val_f1': tensor(0.7685),
          'val_global_score': 0.2314813733100891,
          'val_loss': tensor(0.2315),
          'val_precision': tensor(0.7738),
          'val_recall': tensor(0.7664)}
message: {'model_checkpoint': 0,
          'val_accuracy': tensor(0.7621),
          'val_constraints_score': 0.23963814973831177,
          'val_demographic_parity_Job': tensor(0.1812),
          'val_demographic_parity_Marital': tensor(0.2189),
          'val_demographic_parity_Race': tensor(0.2227),
          'val_f1': tensor(0.7604),
          'val_global_score': 0.23963814973831177,
          'val_loss': tensor(0.2396),
          'val_precision': tensor(0.7596),
          'val_recall': tensor(0.7621)}
message: {'model_checkpoint': 0,
          'val_accuracy': tensor(0.7614),
          'val_constraints_score': 0.24045443534851074,
          'val_demographic_parity_Job': tensor(0.1789),
          'val_demographic_parity_Marital': tensor(0.2178),
          'val_demographic_parity_Race': tensor(0.2252),
          'val_f1': tensor(0.7595),
          'val_global_score': 0.24045443534851074,
          'val_loss': tensor(0.2405),
          'val_precision': tensor(0.7588),
          'val_recall': tensor(0.7614)}
message: {'model_checkpoint': 1,
          'val_accuracy': tensor(0.7715),
          'val_constraints_score': 0.22746217250823975,
          'val_demographic_parity_Job': tensor(0.2283),
          'val_demographic_parity_Marital': tensor(0.3119),
          'val_demographic_parity_Race': tensor(0.2728),
          'val_f1': tensor(0.7725),
          'val_global_score': 0.22746217250823975,
          'val_loss': tensor(0.2275),
          'val_precision': tensor(0.7740),
          'val_recall': tensor(0.7715)}
message: {'model_checkpoint': 0,
          'val_accuracy': tensor(0.7625),
          'val_constraints_score': 0.23823142051696777,
          'val_demographic_parity_Job': tensor(0.1943),
          'val_demographic_parity_Marital': tensor(0.2319),
          'val_demographic_parity_Race': tensor(0.2332),
          'val_f1': tensor(0.7618),
          'val_global_score': 0.23823142051696777,
          'val_loss': tensor(0.2382),
          'val_precision': tensor(0.7613),
          'val_recall': tensor(0.7625)}
message: {'model_checkpoint': 0,
          'val_accuracy': tensor(0.7625),
          'val_constraints_score': 0.23939752578735352,
          'val_demographic_parity_Job': tensor(0.1782),
          'val_demographic_parity_Marital': tensor(0.2233),
          'val_demographic_parity_Race': tensor(0.2213),
          'val_f1': tensor(0.7606),
          'val_global_score': 0.23939752578735352,
          'val_loss': tensor(0.2394),
          'val_precision': tensor(0.7599),
          'val_recall': tensor(0.7625)}
message: {'model_checkpoint': 0,
          'val_accuracy': tensor(0.7692),
          'val_constraints_score': 0.22969835996627808,
          'val_demographic_parity_Job': tensor(0.2180),
          'val_demographic_parity_Marital': tensor(0.2914),
          'val_demographic_parity_Race': tensor(0.2652),
          'val_f1': tensor(0.7703),
          'val_global_score': 0.22969835996627808,
          'val_loss': tensor(0.2297),
          'val_precision': tensor(0.7720),
          'val_recall': tensor(0.7692)}
message: {'model_checkpoint': 0,
          'val_accuracy': tensor(0.7635),
          'val_constraints_score': 0.23580515384674072,
          'val_demographic_parity_Job': tensor(0.1950),
          'val_demographic_parity_Marital': tensor(0.2569),
          'val_demographic_parity_Race': tensor(0.2500),
          'val_f1': tensor(0.7642),
          'val_global_score': 0.23580515384674072,
          'val_loss': tensor(0.2358),
          'val_precision': tensor(0.7651),
          'val_recall': tensor(0.7635)}
message: {'model_checkpoint': 0,
          'val_accuracy': tensor(0.7648),
          'val_constraints_score': 0.23630768060684204,
          'val_demographic_parity_Job': tensor(0.1888),
          'val_demographic_parity_Marital': tensor(0.2372),
          'val_demographic_parity_Race': tensor(0.2350),
          'val_f1': tensor(0.7637),
          'val_global_score': 0.23630768060684204,
          'val_loss': tensor(0.2363),
          'val_precision': tensor(0.7630),
          'val_recall': tensor(0.7648)}
message: {'model_checkpoint': 0,
          'val_accuracy': tensor(0.7714),
          'val_constraints_score': 0.22790634632110596,
          'val_demographic_parity_Job': tensor(0.2273),
          'val_demographic_parity_Marital': tensor(0.3095),
          'val_demographic_parity_Race': tensor(0.2732),
          'val_f1': tensor(0.7721),
          'val_global_score': 0.22790634632110596,
          'val_loss': tensor(0.2279),
          'val_precision': tensor(0.7730),
          'val_recall': tensor(0.7714)}
message: {'model_checkpoint': 0,
          'val_accuracy': tensor(0.7658),
          'val_constraints_score': 0.2346312403678894,
          'val_demographic_parity_Job': tensor(0.1905),
          'val_demographic_parity_Marital': tensor(0.2456),
          'val_demographic_parity_Race': tensor(0.2392),
          'val_f1': tensor(0.7654),
          'val_global_score': 0.2346312403678894,
          'val_loss': tensor(0.2346),
          'val_precision': tensor(0.7650),
          'val_recall': tensor(0.7658)}
message: {'model_checkpoint': 0,
          'val_accuracy': tensor(0.7665),
          'val_constraints_score': 0.23470860719680786,
          'val_demographic_parity_Job': tensor(0.1861),
          'val_demographic_parity_Marital': tensor(0.2423),
          'val_demographic_parity_Race': tensor(0.2339),
          'val_f1': tensor(0.7653),
          'val_global_score': 0.23470860719680786,
          'val_loss': tensor(0.2347),
          'val_precision': tensor(0.7646),
          'val_recall': tensor(0.7665)}
message: {'model_checkpoint': 0,
          'val_accuracy': tensor(0.7713),
          'val_constraints_score': 0.22983413934707642,
          'val_demographic_parity_Job': tensor(0.2107),
          'val_demographic_parity_Marital': tensor(0.2770),
          'val_demographic_parity_Race': tensor(0.2474),
          'val_f1': tensor(0.7702),
          'val_global_score': 0.22983413934707642,
          'val_loss': tensor(0.2298),
          'val_precision': tensor(0.7695),
          'val_recall': tensor(0.7713)}
message: {'model_checkpoint': 0,
          'val_accuracy': tensor(0.7653),
          'val_constraints_score': 0.23528391122817993,
          'val_demographic_parity_Job': tensor(0.1937),
          'val_demographic_parity_Marital': tensor(0.2513),
          'val_demographic_parity_Race': tensor(0.2344),
          'val_f1': tensor(0.7647),
          'val_global_score': 0.23528391122817993,
          'val_loss': tensor(0.2353),
          'val_precision': tensor(0.7643),
          'val_recall': tensor(0.7653)}
message: {'model_checkpoint': 0,
          'val_accuracy': tensor(0.7639),
          'val_constraints_score': 0.23804724216461182,
          'val_demographic_parity_Job': tensor(0.1788),
          'val_demographic_parity_Marital': tensor(0.2337),
          'val_demographic_parity_Race': tensor(0.2221),
          'val_f1': tensor(0.7620),
          'val_global_score': 0.23804724216461182,
          'val_loss': tensor(0.2380),
          'val_precision': tensor(0.7613),
          'val_recall': tensor(0.7639)}
message: {'model_checkpoint': 1,
          'val_accuracy': tensor(0.7747),
          'val_constraints_score': 0.22538256645202637,
          'val_demographic_parity_Job': tensor(0.2268),
          'val_demographic_parity_Marital': tensor(0.3048),
          'val_demographic_parity_Race': tensor(0.2634),
          'val_f1': tensor(0.7746),
          'val_global_score': 0.22538256645202637,
          'val_loss': tensor(0.2254),
          'val_precision': tensor(0.7745),
          'val_recall': tensor(0.7747)}
message: {'model_checkpoint': 0,
          'val_accuracy': tensor(0.7700),
          'val_constraints_score': 0.23235905170440674,
          'val_demographic_parity_Job': tensor(0.1985),
          'val_demographic_parity_Marital': tensor(0.2554),
          'val_demographic_parity_Race': tensor(0.2449),
          'val_f1': tensor(0.7676),
          'val_global_score': 0.23235905170440674,
          'val_loss': tensor(0.2324),
          'val_precision': tensor(0.7671),
          'val_recall': tensor(0.7700)}
message: {'model_checkpoint': 0,
          'val_accuracy': tensor(0.7700),
          'val_constraints_score': 0.23235905170440674,
          'val_demographic_parity_Job': tensor(0.1985),
          'val_demographic_parity_Marital': tensor(0.2554),
          'val_demographic_parity_Race': tensor(0.2449),
          'val_f1': tensor(0.7676),
          'val_global_score': 0.23235905170440674,
          'val_loss': tensor(0.2324),
          'val_precision': tensor(0.7671),
          'val_recall': tensor(0.7700)}
message: {'model_checkpoint': 0,
          'val_accuracy': tensor(0.7731),
          'val_constraints_score': 0.2269456386566162,
          'val_demographic_parity_Job': tensor(0.2202),
          'val_demographic_parity_Marital': tensor(0.2994),
          'val_demographic_parity_Race': tensor(0.2636),
          'val_f1': tensor(0.7731),
          'val_global_score': 0.2269456386566162,
          'val_loss': tensor(0.2269),
          'val_precision': tensor(0.7730),
          'val_recall': tensor(0.7731)}
message: {'model_checkpoint': 0,
          'val_accuracy': tensor(0.7687),
          'val_constraints_score': 0.23251593112945557,
          'val_demographic_parity_Job': tensor(0.2031),
          'val_demographic_parity_Marital': tensor(0.2587),
          'val_demographic_parity_Race': tensor(0.2445),
          'val_f1': tensor(0.7675),
          'val_global_score': 0.23251593112945557,
          'val_loss': tensor(0.2325),
          'val_precision': tensor(0.7668),
          'val_recall': tensor(0.7687)}
message: {'model_checkpoint': 0,
          'val_accuracy': tensor(0.7687),
          'val_constraints_score': 0.23365914821624756,
          'val_demographic_parity_Job': tensor(0.1947),
          'val_demographic_parity_Marital': tensor(0.2496),
          'val_demographic_parity_Race': tensor(0.2350),
          'val_f1': tensor(0.7663),
          'val_global_score': 0.23365914821624756,
          'val_loss': tensor(0.2337),
          'val_precision': tensor(0.7658),
          'val_recall': tensor(0.7687)}
message: {'model_checkpoint': 0,
          'val_accuracy': tensor(0.7740),
          'val_constraints_score': 0.22631710767745972,
          'val_demographic_parity_Job': tensor(0.2208),
          'val_demographic_parity_Marital': tensor(0.2968),
          'val_demographic_parity_Race': tensor(0.2631),
          'val_f1': tensor(0.7737),
          'val_global_score': 0.22631710767745972,
          'val_loss': tensor(0.2263),
          'val_precision': tensor(0.7734),
          'val_recall': tensor(0.7740)}
message: {'model_checkpoint': 0,
          'val_accuracy': tensor(0.7693),
          'val_constraints_score': 0.2321069836616516,
          'val_demographic_parity_Job': tensor(0.2041),
          'val_demographic_parity_Marital': tensor(0.2613),
          'val_demographic_parity_Race': tensor(0.2415),
          'val_f1': tensor(0.7679),
          'val_global_score': 0.2321069836616516,
          'val_loss': tensor(0.2321),
          'val_precision': tensor(0.7672),
          'val_recall': tensor(0.7693)}
message: {'model_checkpoint': 0,
          'val_accuracy': tensor(0.7683),
          'val_constraints_score': 0.23330038785934448,
          'val_demographic_parity_Job': tensor(0.1979),
          'val_demographic_parity_Marital': tensor(0.2556),
          'val_demographic_parity_Race': tensor(0.2371),
          'val_f1': tensor(0.7667),
          'val_global_score': 0.23330038785934448,
          'val_loss': tensor(0.2333),
          'val_precision': tensor(0.7660),
          'val_recall': tensor(0.7683)}
message: {'model_checkpoint': 1,
          'val_accuracy': tensor(0.7763),
          'val_constraints_score': 0.22518986463546753,
          'val_demographic_parity_Job': tensor(0.2122),
          'val_demographic_parity_Marital': tensor(0.2896),
          'val_demographic_parity_Race': tensor(0.2610),
          'val_f1': tensor(0.7748),
          'val_global_score': 0.22518986463546753,
          'val_loss': tensor(0.2252),
          'val_precision': tensor(0.7742),
          'val_recall': tensor(0.7763)}
message: {'model_checkpoint': 0,
          'val_accuracy': tensor(0.7718),
          'val_constraints_score': 0.2303084135055542,
          'val_demographic_parity_Job': tensor(0.1999),
          'val_demographic_parity_Marital': tensor(0.2665),
          'val_demographic_parity_Race': tensor(0.2430),
          'val_f1': tensor(0.7697),
          'val_global_score': 0.2303084135055542,
          'val_loss': tensor(0.2303),
          'val_precision': tensor(0.7691),
          'val_recall': tensor(0.7718)}
message: {'model_checkpoint': 0,
          'val_accuracy': tensor(0.7710),
          'val_constraints_score': 0.23145443201065063,
          'val_demographic_parity_Job': tensor(0.1983),
          'val_demographic_parity_Marital': tensor(0.2603),
          'val_demographic_parity_Race': tensor(0.2384),
          'val_f1': tensor(0.7685),
          'val_global_score': 0.23145443201065063,
          'val_loss': tensor(0.2315),
          'val_precision': tensor(0.7681),
          'val_recall': tensor(0.7710)}
message: {'model_checkpoint': 1,
          'val_accuracy': tensor(0.7754),
          'val_constraints_score': 0.22206127643585205,
          'val_demographic_parity_Job': tensor(0.2444),
          'val_demographic_parity_Marital': tensor(0.3655),
          'val_demographic_parity_Race': tensor(0.3032),
          'val_f1': tensor(0.7779),
          'val_global_score': 0.22206127643585205,
          'val_loss': tensor(0.2221),
          'val_precision': tensor(0.7858),
          'val_recall': tensor(0.7754)}
message: {'model_checkpoint': 0,
          'val_accuracy': tensor(0.7697),
          'val_constraints_score': 0.23046863079071045,
          'val_demographic_parity_Job': tensor(0.2117),
          'val_demographic_parity_Marital': tensor(0.2710),
          'val_demographic_parity_Race': tensor(0.2533),
          'val_f1': tensor(0.7695),
          'val_global_score': 0.23046863079071045,
          'val_loss': tensor(0.2305),
          'val_precision': tensor(0.7694),
          'val_recall': tensor(0.7697)}
message: {'model_checkpoint': 0,
          'val_accuracy': tensor(0.7699),
          'val_constraints_score': 0.23130661249160767,
          'val_demographic_parity_Job': tensor(0.2054),
          'val_demographic_parity_Marital': tensor(0.2614),
          'val_demographic_parity_Race': tensor(0.2453),
          'val_f1': tensor(0.7687),
          'val_global_score': 0.23130661249160767,
          'val_loss': tensor(0.2313),
          'val_precision': tensor(0.7680),
          'val_recall': tensor(0.7699)}
message: {'model_checkpoint': 0,
          'val_accuracy': tensor(0.7753),
          'val_constraints_score': 0.22274643182754517,
          'val_demographic_parity_Job': tensor(0.2370),
          'val_demographic_parity_Marital': tensor(0.3306),
          'val_demographic_parity_Race': tensor(0.2927),
          'val_f1': tensor(0.7773),
          'val_global_score': 0.22274643182754517,
          'val_loss': tensor(0.2227),
          'val_precision': tensor(0.7818),
          'val_recall': tensor(0.7753)}
message: {'model_checkpoint': 0,
          'val_accuracy': tensor(0.7698),
          'val_constraints_score': 0.23191583156585693,
          'val_demographic_parity_Job': tensor(0.1994),
          'val_demographic_parity_Marital': tensor(0.2568),
          'val_demographic_parity_Race': tensor(0.2398),
          'val_f1': tensor(0.7681),
          'val_global_score': 0.23191583156585693,
          'val_loss': tensor(0.2319),
          'val_precision': tensor(0.7674),
          'val_recall': tensor(0.7698)}
message: {'model_checkpoint': 0,
          'val_accuracy': tensor(0.7697),
          'val_constraints_score': 0.23341971635818481,
          'val_demographic_parity_Job': tensor(0.1917),
          'val_demographic_parity_Marital': tensor(0.2522),
          'val_demographic_parity_Race': tensor(0.2341),
          'val_f1': tensor(0.7666),
          'val_global_score': 0.23341971635818481,
          'val_loss': tensor(0.2334),
          'val_precision': tensor(0.7665),
          'val_recall': tensor(0.7697)}
message: {'model_checkpoint': 0,
          'val_accuracy': tensor(0.7753),
          'val_constraints_score': 0.22264742851257324,
          'val_demographic_parity_Job': tensor(0.2443),
          'val_demographic_parity_Marital': tensor(0.3387),
          'val_demographic_parity_Race': tensor(0.3004),
          'val_f1': tensor(0.7774),
          'val_global_score': 0.22264742851257324,
          'val_loss': tensor(0.2226),
          'val_precision': tensor(0.7822),
          'val_recall': tensor(0.7753)}
message: {'model_checkpoint': 0,
          'val_accuracy': tensor(0.7694),
          'val_constraints_score': 0.2320299744606018,
          'val_demographic_parity_Job': tensor(0.2010),
          'val_demographic_parity_Marital': tensor(0.2599),
          'val_demographic_parity_Race': tensor(0.2411),
          'val_f1': tensor(0.7680),
          'val_global_score': 0.2320299744606018,
          'val_loss': tensor(0.2320),
          'val_precision': tensor(0.7673),
          'val_recall': tensor(0.7694)}
message: {'model_checkpoint': 0,
          'val_accuracy': tensor(0.7693),
          'val_constraints_score': 0.23273026943206787,
          'val_demographic_parity_Job': tensor(0.1978),
          'val_demographic_parity_Marital': tensor(0.2532),
          'val_demographic_parity_Race': tensor(0.2379),
          'val_f1': tensor(0.7673),
          'val_global_score': 0.23273026943206787,
          'val_loss': tensor(0.2327),
          'val_precision': tensor(0.7667),
          'val_recall': tensor(0.7693)}
message: {'model_checkpoint': 1,
          'val_accuracy': tensor(0.7785),
          'val_constraints_score': 0.2208040952682495,
          'val_demographic_parity_Job': tensor(0.2310),
          'val_demographic_parity_Marital': tensor(0.3224),
          'val_demographic_parity_Race': tensor(0.2803),
          'val_f1': tensor(0.7792),
          'val_global_score': 0.2208040952682495,
          'val_loss': tensor(0.2208),
          'val_precision': tensor(0.7801),
          'val_recall': tensor(0.7785)}
message: {'model_checkpoint': 0,
          'val_accuracy': tensor(0.7702),
          'val_constraints_score': 0.23180484771728516,
          'val_demographic_parity_Job': tensor(0.1975),
          'val_demographic_parity_Marital': tensor(0.2563),
          'val_demographic_parity_Race': tensor(0.2403),
          'val_f1': tensor(0.7682),
          'val_global_score': 0.23180484771728516,
          'val_loss': tensor(0.2318),
          'val_precision': tensor(0.7676),
          'val_recall': tensor(0.7702)}
message: {'model_checkpoint': 0,
          'val_accuracy': tensor(0.7702),
          'val_constraints_score': 0.23180484771728516,
          'val_demographic_parity_Job': tensor(0.1975),
          'val_demographic_parity_Marital': tensor(0.2563),
          'val_demographic_parity_Race': tensor(0.2403),
          'val_f1': tensor(0.7682),
          'val_global_score': 0.23180484771728516,
          'val_loss': tensor(0.2318),
          'val_precision': tensor(0.7676),
          'val_recall': tensor(0.7702)}
message: {'model_checkpoint': 0,
          'val_accuracy': tensor(0.7787),
          'val_constraints_score': 0.2215055227279663,
          'val_demographic_parity_Job': tensor(0.2229),
          'val_demographic_parity_Marital': tensor(0.3039),
          'val_demographic_parity_Race': tensor(0.2715),
          'val_f1': tensor(0.7785),
          'val_global_score': 0.2215055227279663,
          'val_loss': tensor(0.2215),
          'val_precision': tensor(0.7783),
          'val_recall': tensor(0.7787)}
message: {'model_checkpoint': 0,
          'val_accuracy': tensor(0.7703),
          'val_constraints_score': 0.2314165234565735,
          'val_demographic_parity_Job': tensor(0.1974),
          'val_demographic_parity_Marital': tensor(0.2686),
          'val_demographic_parity_Race': tensor(0.2421),
          'val_f1': tensor(0.7686),
          'val_global_score': 0.2314165234565735,
          'val_loss': tensor(0.2314),
          'val_precision': tensor(0.7679),
          'val_recall': tensor(0.7703)}
message: {'model_checkpoint': 0,
          'val_accuracy': tensor(0.7703),
          'val_constraints_score': 0.23219388723373413,
          'val_demographic_parity_Job': tensor(0.1915),
          'val_demographic_parity_Marital': tensor(0.2639),
          'val_demographic_parity_Race': tensor(0.2337),
          'val_f1': tensor(0.7678),
          'val_global_score': 0.23219388723373413,
          'val_loss': tensor(0.2322),
          'val_precision': tensor(0.7674),
          'val_recall': tensor(0.7703)}
message: {'model_checkpoint': 1,
          'val_accuracy': tensor(0.7792),
          'val_constraints_score': tensor(0.2190),
          'val_demographic_parity_Job': tensor(0.2400),
          'val_demographic_parity_Marital': tensor(0.3558),
          'val_demographic_parity_Race': tensor(0.2931),
          'val_f1': tensor(0.7810),
          'val_loss': tensor(0.4883),
          'val_precision': tensor(0.7848),
          'val_recall': tensor(0.7792)}
message: {'final_val_accuracy': tensor(0.7792),
          'final_val_constraints_score': tensor(0.2190),
          'final_val_demographic_parity_Job': tensor(0.2400),
          'final_val_demographic_parity_Marital': tensor(0.3558),
          'final_val_demographic_parity_Race': tensor(0.2931),
          'final_val_f1': tensor(0.7810),
          'final_val_loss': tensor(0.4883),
          'final_val_precision': tensor(0.7848),
          'final_val_recall': tensor(0.7792)}
