message: {'model_checkpoint': 1,
          'val_accuracy': tensor(0.7057),
          'val_constraints_score': 0.4024946689605713,
          'val_demographic_parity_Job': tensor(0.0141),
          'val_demographic_parity_Marital': tensor(0.0146),
          'val_demographic_parity_Race': tensor(0.0157),
          'val_f1': tensor(0.5975),
          'val_global_score': 0.4024946689605713,
          'val_loss': tensor(0.4025),
          'val_precision': tensor(0.7296),
          'val_recall': tensor(0.7057)}
message: {'model_checkpoint': 1,
          'val_accuracy': tensor(0.7254),
          'val_constraints_score': 0.27775758504867554,
          'val_demographic_parity_Job': tensor(0.2425),
          'val_demographic_parity_Marital': tensor(0.1913),
          'val_demographic_parity_Race': tensor(0.1696),
          'val_f1': tensor(0.7222),
          'val_global_score': 0.27775758504867554,
          'val_loss': tensor(0.2778),
          'val_precision': tensor(0.7199),
          'val_recall': tensor(0.7254)}
message: {'model_checkpoint': 0,
          'val_accuracy': tensor(0.7337),
          'val_constraints_score': 0.27860915660858154,
          'val_demographic_parity_Job': tensor(0.1576),
          'val_demographic_parity_Marital': tensor(0.1555),
          'val_demographic_parity_Race': tensor(0.1560),
          'val_f1': tensor(0.7214),
          'val_global_score': 0.27860915660858154,
          'val_loss': tensor(0.2786),
          'val_precision': tensor(0.7186),
          'val_recall': tensor(0.7337)}
message: {'model_checkpoint': 0,
          'val_accuracy': tensor(0.7337),
          'val_constraints_score': 0.27860915660858154,
          'val_demographic_parity_Job': tensor(0.1576),
          'val_demographic_parity_Marital': tensor(0.1555),
          'val_demographic_parity_Race': tensor(0.1560),
          'val_f1': tensor(0.7214),
          'val_global_score': 0.27860915660858154,
          'val_loss': tensor(0.2786),
          'val_precision': tensor(0.7186),
          'val_recall': tensor(0.7337)}
message: {'model_checkpoint': 1,
          'val_accuracy': tensor(0.7262),
          'val_constraints_score': 0.2750791311264038,
          'val_demographic_parity_Job': tensor(0.2364),
          'val_demographic_parity_Marital': tensor(0.2042),
          'val_demographic_parity_Race': tensor(0.1772),
          'val_f1': tensor(0.7249),
          'val_global_score': 0.2750791311264038,
          'val_loss': tensor(0.2751),
          'val_precision': tensor(0.7238),
          'val_recall': tensor(0.7262)}
message: {'model_checkpoint': 0,
          'val_accuracy': tensor(0.7227),
          'val_constraints_score': 0.27544379234313965,
          'val_demographic_parity_Job': tensor(0.2488),
          'val_demographic_parity_Marital': tensor(0.2299),
          'val_demographic_parity_Race': tensor(0.1602),
          'val_f1': tensor(0.7246),
          'val_global_score': 0.27544379234313965,
          'val_loss': tensor(0.2754),
          'val_precision': tensor(0.7267),
          'val_recall': tensor(0.7227)}
message: {'model_checkpoint': 0,
          'val_accuracy': tensor(0.7227),
          'val_constraints_score': 0.27544379234313965,
          'val_demographic_parity_Job': tensor(0.2488),
          'val_demographic_parity_Marital': tensor(0.2299),
          'val_demographic_parity_Race': tensor(0.1602),
          'val_f1': tensor(0.7246),
          'val_global_score': 0.27544379234313965,
          'val_loss': tensor(0.2754),
          'val_precision': tensor(0.7267),
          'val_recall': tensor(0.7227)}
message: {'model_checkpoint': 1,
          'val_accuracy': tensor(0.7251),
          'val_constraints_score': 0.27285945415496826,
          'val_demographic_parity_Job': tensor(0.2810),
          'val_demographic_parity_Marital': tensor(0.2544),
          'val_demographic_parity_Race': tensor(0.1785),
          'val_f1': tensor(0.7271),
          'val_global_score': 0.27285945415496826,
          'val_loss': tensor(0.2729),
          'val_precision': tensor(0.7297),
          'val_recall': tensor(0.7251)}
message: {'model_checkpoint': 0,
          'val_accuracy': tensor(0.7281),
          'val_constraints_score': 0.27420300245285034,
          'val_demographic_parity_Job': tensor(0.2371),
          'val_demographic_parity_Marital': tensor(0.2055),
          'val_demographic_parity_Race': tensor(0.1809),
          'val_f1': tensor(0.7258),
          'val_global_score': 0.27420300245285034,
          'val_loss': tensor(0.2742),
          'val_precision': tensor(0.7239),
          'val_recall': tensor(0.7281)}
message: {'model_checkpoint': 0,
          'val_accuracy': tensor(0.7260),
          'val_constraints_score': 0.27537649869918823,
          'val_demographic_parity_Job': tensor(0.2507),
          'val_demographic_parity_Marital': tensor(0.2202),
          'val_demographic_parity_Race': tensor(0.1784),
          'val_f1': tensor(0.7246),
          'val_global_score': 0.27537649869918823,
          'val_loss': tensor(0.2754),
          'val_precision': tensor(0.7234),
          'val_recall': tensor(0.7260)}
message: {'model_checkpoint': 0,
          'val_accuracy': tensor(0.7286),
          'val_constraints_score': 0.27591943740844727,
          'val_demographic_parity_Job': tensor(0.2325),
          'val_demographic_parity_Marital': tensor(0.1963),
          'val_demographic_parity_Race': tensor(0.1922),
          'val_f1': tensor(0.7241),
          'val_global_score': 0.27591943740844727,
          'val_loss': tensor(0.2759),
          'val_precision': tensor(0.7211),
          'val_recall': tensor(0.7286)}
message: {'model_checkpoint': 0,
          'val_accuracy': tensor(0.7269),
          'val_constraints_score': 0.2746725082397461,
          'val_demographic_parity_Job': tensor(0.2520),
          'val_demographic_parity_Marital': tensor(0.2182),
          'val_demographic_parity_Race': tensor(0.1659),
          'val_f1': tensor(0.7253),
          'val_global_score': 0.2746725082397461,
          'val_loss': tensor(0.2747),
          'val_precision': tensor(0.7239),
          'val_recall': tensor(0.7269)}
message: {'model_checkpoint': 0,
          'val_accuracy': tensor(0.7269),
          'val_constraints_score': 0.2746725082397461,
          'val_demographic_parity_Job': tensor(0.2520),
          'val_demographic_parity_Marital': tensor(0.2182),
          'val_demographic_parity_Race': tensor(0.1659),
          'val_f1': tensor(0.7253),
          'val_global_score': 0.2746725082397461,
          'val_loss': tensor(0.2747),
          'val_precision': tensor(0.7239),
          'val_recall': tensor(0.7269)}
message: {'model_checkpoint': 0,
          'val_accuracy': tensor(0.7239),
          'val_constraints_score': 0.27320152521133423,
          'val_demographic_parity_Job': tensor(0.2583),
          'val_demographic_parity_Marital': tensor(0.2479),
          'val_demographic_parity_Race': tensor(0.1699),
          'val_f1': tensor(0.7268),
          'val_global_score': 0.27320152521133423,
          'val_loss': tensor(0.2732),
          'val_precision': tensor(0.7306),
          'val_recall': tensor(0.7239)}
message: {'model_checkpoint': 1,
          'val_accuracy': tensor(0.7260),
          'val_constraints_score': 0.2717442512512207,
          'val_demographic_parity_Job': tensor(0.2643),
          'val_demographic_parity_Marital': tensor(0.2437),
          'val_demographic_parity_Race': tensor(0.1684),
          'val_f1': tensor(0.7283),
          'val_global_score': 0.2717442512512207,
          'val_loss': tensor(0.2717),
          'val_precision': tensor(0.7310),
          'val_recall': tensor(0.7260)}
message: {'model_checkpoint': 0,
          'val_accuracy': tensor(0.7260),
          'val_constraints_score': 0.2717442512512207,
          'val_demographic_parity_Job': tensor(0.2643),
          'val_demographic_parity_Marital': tensor(0.2437),
          'val_demographic_parity_Race': tensor(0.1684),
          'val_f1': tensor(0.7283),
          'val_global_score': 0.2717442512512207,
          'val_loss': tensor(0.2717),
          'val_precision': tensor(0.7310),
          'val_recall': tensor(0.7260)}
message: {'model_checkpoint': 1,
          'val_accuracy': tensor(0.7288),
          'val_constraints_score': 0.27053409814834595,
          'val_demographic_parity_Job': tensor(0.2484),
          'val_demographic_parity_Marital': tensor(0.2384),
          'val_demographic_parity_Race': tensor(0.1746),
          'val_f1': tensor(0.7295),
          'val_global_score': 0.27053409814834595,
          'val_loss': tensor(0.2705),
          'val_precision': tensor(0.7301),
          'val_recall': tensor(0.7288)}
message: {'model_checkpoint': 0,
          'val_accuracy': tensor(0.7277),
          'val_constraints_score': 0.27084386348724365,
          'val_demographic_parity_Job': tensor(0.2610),
          'val_demographic_parity_Marital': tensor(0.2462),
          'val_demographic_parity_Race': tensor(0.1746),
          'val_f1': tensor(0.7292),
          'val_global_score': 0.27084386348724365,
          'val_loss': tensor(0.2708),
          'val_precision': tensor(0.7308),
          'val_recall': tensor(0.7277)}
message: {'model_checkpoint': 0,
          'val_accuracy': tensor(0.7277),
          'val_constraints_score': 0.27084386348724365,
          'val_demographic_parity_Job': tensor(0.2610),
          'val_demographic_parity_Marital': tensor(0.2462),
          'val_demographic_parity_Race': tensor(0.1746),
          'val_f1': tensor(0.7292),
          'val_global_score': 0.27084386348724365,
          'val_loss': tensor(0.2708),
          'val_precision': tensor(0.7308),
          'val_recall': tensor(0.7277)}
message: {'model_checkpoint': 1,
          'val_accuracy': tensor(0.7259),
          'val_constraints_score': 0.26724088191986084,
          'val_demographic_parity_Job': tensor(0.2960),
          'val_demographic_parity_Marital': tensor(0.3303),
          'val_demographic_parity_Race': tensor(0.2146),
          'val_f1': tensor(0.7328),
          'val_global_score': 0.26724088191986084,
          'val_loss': tensor(0.2672),
          'val_precision': tensor(0.7464),
          'val_recall': tensor(0.7259)}
message: {'model_checkpoint': 0,
          'val_accuracy': tensor(0.7290),
          'val_constraints_score': 0.26812058687210083,
          'val_demographic_parity_Job': tensor(0.2711),
          'val_demographic_parity_Marital': tensor(0.2666),
          'val_demographic_parity_Race': tensor(0.1823),
          'val_f1': tensor(0.7319),
          'val_global_score': 0.26812058687210083,
          'val_loss': tensor(0.2681),
          'val_precision': tensor(0.7356),
          'val_recall': tensor(0.7290)}
message: {'model_checkpoint': 0,
          'val_accuracy': tensor(0.7285),
          'val_constraints_score': 0.26889926195144653,
          'val_demographic_parity_Job': tensor(0.2613),
          'val_demographic_parity_Marital': tensor(0.2654),
          'val_demographic_parity_Race': tensor(0.1658),
          'val_f1': tensor(0.7311),
          'val_global_score': 0.26889926195144653,
          'val_loss': tensor(0.2689),
          'val_precision': tensor(0.7344),
          'val_recall': tensor(0.7285)}
message: {'model_checkpoint': 0,
          'val_accuracy': tensor(0.7331),
          'val_constraints_score': 0.2687116265296936,
          'val_demographic_parity_Job': tensor(0.2420),
          'val_demographic_parity_Marital': tensor(0.2257),
          'val_demographic_parity_Race': tensor(0.1922),
          'val_f1': tensor(0.7313),
          'val_global_score': 0.2687116265296936,
          'val_loss': tensor(0.2687),
          'val_precision': tensor(0.7297),
          'val_recall': tensor(0.7331)}
message: {'model_checkpoint': 1,
          'val_accuracy': tensor(0.7356),
          'val_constraints_score': 0.2625754475593567,
          'val_demographic_parity_Job': tensor(0.2463),
          'val_demographic_parity_Marital': tensor(0.2519),
          'val_demographic_parity_Race': tensor(0.1813),
          'val_f1': tensor(0.7374),
          'val_global_score': 0.2625754475593567,
          'val_loss': tensor(0.2626),
          'val_precision': tensor(0.7397),
          'val_recall': tensor(0.7356)}
message: {'model_checkpoint': 0,
          'val_accuracy': tensor(0.7356),
          'val_constraints_score': 0.2625754475593567,
          'val_demographic_parity_Job': tensor(0.2463),
          'val_demographic_parity_Marital': tensor(0.2519),
          'val_demographic_parity_Race': tensor(0.1813),
          'val_f1': tensor(0.7374),
          'val_global_score': 0.2625754475593567,
          'val_loss': tensor(0.2626),
          'val_precision': tensor(0.7397),
          'val_recall': tensor(0.7356)}
message: {'model_checkpoint': 0,
          'val_accuracy': tensor(0.7348),
          'val_constraints_score': 0.27175331115722656,
          'val_demographic_parity_Job': tensor(0.2083),
          'val_demographic_parity_Marital': tensor(0.2062),
          'val_demographic_parity_Race': tensor(0.1717),
          'val_f1': tensor(0.7282),
          'val_global_score': 0.27175331115722656,
          'val_loss': tensor(0.2718),
          'val_precision': tensor(0.7249),
          'val_recall': tensor(0.7348)}
message: {'model_checkpoint': 0,
          'val_accuracy': tensor(0.7301),
          'val_constraints_score': 0.26686108112335205,
          'val_demographic_parity_Job': tensor(0.2583),
          'val_demographic_parity_Marital': tensor(0.2577),
          'val_demographic_parity_Race': tensor(0.1649),
          'val_f1': tensor(0.7331),
          'val_global_score': 0.26686108112335205,
          'val_loss': tensor(0.2669),
          'val_precision': tensor(0.7372),
          'val_recall': tensor(0.7301)}
message: {'model_checkpoint': 0,
          'val_accuracy': tensor(0.7297),
          'val_constraints_score': 0.2673642039299011,
          'val_demographic_parity_Job': tensor(0.2583),
          'val_demographic_parity_Marital': tensor(0.2564),
          'val_demographic_parity_Race': tensor(0.1758),
          'val_f1': tensor(0.7326),
          'val_global_score': 0.2673642039299011,
          'val_loss': tensor(0.2674),
          'val_precision': tensor(0.7366),
          'val_recall': tensor(0.7297)}
message: {'model_checkpoint': 0,
          'val_accuracy': tensor(0.7315),
          'val_constraints_score': 0.26833951473236084,
          'val_demographic_parity_Job': tensor(0.2530),
          'val_demographic_parity_Marital': tensor(0.2499),
          'val_demographic_parity_Race': tensor(0.1622),
          'val_f1': tensor(0.7317),
          'val_global_score': 0.26833951473236084,
          'val_loss': tensor(0.2683),
          'val_precision': tensor(0.7319),
          'val_recall': tensor(0.7315)}
message: {'model_checkpoint': 0,
          'val_accuracy': tensor(0.7336),
          'val_constraints_score': 0.264359712600708,
          'val_demographic_parity_Job': tensor(0.2531),
          'val_demographic_parity_Marital': tensor(0.2576),
          'val_demographic_parity_Race': tensor(0.1750),
          'val_f1': tensor(0.7356),
          'val_global_score': 0.264359712600708,
          'val_loss': tensor(0.2644),
          'val_precision': tensor(0.7382),
          'val_recall': tensor(0.7336)}
message: {'model_checkpoint': 0,
          'val_accuracy': tensor(0.7336),
          'val_constraints_score': 0.264359712600708,
          'val_demographic_parity_Job': tensor(0.2531),
          'val_demographic_parity_Marital': tensor(0.2576),
          'val_demographic_parity_Race': tensor(0.1750),
          'val_f1': tensor(0.7356),
          'val_global_score': 0.264359712600708,
          'val_loss': tensor(0.2644),
          'val_precision': tensor(0.7382),
          'val_recall': tensor(0.7336)}
message: {'model_checkpoint': 0,
          'val_accuracy': tensor(0.7236),
          'val_constraints_score': 0.27063053846359253,
          'val_demographic_parity_Job': tensor(0.2605),
          'val_demographic_parity_Marital': tensor(0.2985),
          'val_demographic_parity_Race': tensor(0.2001),
          'val_f1': tensor(0.7294),
          'val_global_score': 0.27063053846359253,
          'val_loss': tensor(0.2706),
          'val_precision': tensor(0.7394),
          'val_recall': tensor(0.7236)}
message: {'model_checkpoint': 0,
          'val_accuracy': tensor(0.7298),
          'val_constraints_score': 0.265638530254364,
          'val_demographic_parity_Job': tensor(0.2699),
          'val_demographic_parity_Marital': tensor(0.2809),
          'val_demographic_parity_Race': tensor(0.1815),
          'val_f1': tensor(0.7344),
          'val_global_score': 0.265638530254364,
          'val_loss': tensor(0.2656),
          'val_precision': tensor(0.7415),
          'val_recall': tensor(0.7298)}
message: {'model_checkpoint': 0,
          'val_accuracy': tensor(0.7298),
          'val_constraints_score': 0.265638530254364,
          'val_demographic_parity_Job': tensor(0.2699),
          'val_demographic_parity_Marital': tensor(0.2809),
          'val_demographic_parity_Race': tensor(0.1815),
          'val_f1': tensor(0.7344),
          'val_global_score': 0.265638530254364,
          'val_loss': tensor(0.2656),
          'val_precision': tensor(0.7415),
          'val_recall': tensor(0.7298)}
message: {'model_checkpoint': 0,
          'val_accuracy': tensor(0.7355),
          'val_constraints_score': 0.26618605852127075,
          'val_demographic_parity_Job': tensor(0.2329),
          'val_demographic_parity_Marital': tensor(0.2386),
          'val_demographic_parity_Race': tensor(0.1809),
          'val_f1': tensor(0.7338),
          'val_global_score': 0.26618605852127075,
          'val_loss': tensor(0.2662),
          'val_precision': tensor(0.7324),
          'val_recall': tensor(0.7355)}
message: {'model_checkpoint': 0,
          'val_accuracy': tensor(0.7305),
          'val_constraints_score': 0.2650417685508728,
          'val_demographic_parity_Job': tensor(0.2638),
          'val_demographic_parity_Marital': tensor(0.2848),
          'val_demographic_parity_Race': tensor(0.1801),
          'val_f1': tensor(0.7350),
          'val_global_score': 0.2650417685508728,
          'val_loss': tensor(0.2650),
          'val_precision': tensor(0.7418),
          'val_recall': tensor(0.7305)}
message: {'model_checkpoint': 0,
          'val_accuracy': tensor(0.7305),
          'val_constraints_score': 0.2650417685508728,
          'val_demographic_parity_Job': tensor(0.2638),
          'val_demographic_parity_Marital': tensor(0.2848),
          'val_demographic_parity_Race': tensor(0.1801),
          'val_f1': tensor(0.7350),
          'val_global_score': 0.2650417685508728,
          'val_loss': tensor(0.2650),
          'val_precision': tensor(0.7418),
          'val_recall': tensor(0.7305)}
message: {'model_checkpoint': 0,
          'val_accuracy': tensor(0.7325),
          'val_constraints_score': 0.26322537660598755,
          'val_demographic_parity_Job': tensor(0.2551),
          'val_demographic_parity_Marital': tensor(0.2850),
          'val_demographic_parity_Race': tensor(0.1750),
          'val_f1': tensor(0.7368),
          'val_global_score': 0.26322537660598755,
          'val_loss': tensor(0.2632),
          'val_precision': tensor(0.7433),
          'val_recall': tensor(0.7325)}
message: {'model_checkpoint': 0,
          'val_accuracy': tensor(0.7347),
          'val_constraints_score': 0.2627953290939331,
          'val_demographic_parity_Job': tensor(0.2529),
          'val_demographic_parity_Marital': tensor(0.2653),
          'val_demographic_parity_Race': tensor(0.1834),
          'val_f1': tensor(0.7372),
          'val_global_score': 0.2627953290939331,
          'val_loss': tensor(0.2628),
          'val_precision': tensor(0.7404),
          'val_recall': tensor(0.7347)}
message: {'model_checkpoint': 0,
          'val_accuracy': tensor(0.7347),
          'val_constraints_score': 0.2627953290939331,
          'val_demographic_parity_Job': tensor(0.2529),
          'val_demographic_parity_Marital': tensor(0.2653),
          'val_demographic_parity_Race': tensor(0.1834),
          'val_f1': tensor(0.7372),
          'val_global_score': 0.2627953290939331,
          'val_loss': tensor(0.2628),
          'val_precision': tensor(0.7404),
          'val_recall': tensor(0.7347)}
message: {'model_checkpoint': 0,
          'val_accuracy': tensor(0.7248),
          'val_constraints_score': 0.2682648301124573,
          'val_demographic_parity_Job': tensor(0.2665),
          'val_demographic_parity_Marital': tensor(0.3107),
          'val_demographic_parity_Race': tensor(0.1859),
          'val_f1': tensor(0.7317),
          'val_global_score': 0.2682648301124573,
          'val_loss': tensor(0.2683),
          'val_precision': tensor(0.7454),
          'val_recall': tensor(0.7248)}
message: {'model_checkpoint': 1,
          'val_accuracy': tensor(0.7358),
          'val_constraints_score': 0.26040536165237427,
          'val_demographic_parity_Job': tensor(0.2799),
          'val_demographic_parity_Marital': tensor(0.2951),
          'val_demographic_parity_Race': tensor(0.1911),
          'val_f1': tensor(0.7396),
          'val_global_score': 0.26040536165237427,
          'val_loss': tensor(0.2604),
          'val_precision': tensor(0.7452),
          'val_recall': tensor(0.7358)}
message: {'model_checkpoint': 0,
          'val_accuracy': tensor(0.7358),
          'val_constraints_score': 0.26040536165237427,
          'val_demographic_parity_Job': tensor(0.2799),
          'val_demographic_parity_Marital': tensor(0.2951),
          'val_demographic_parity_Race': tensor(0.1911),
          'val_f1': tensor(0.7396),
          'val_global_score': 0.26040536165237427,
          'val_loss': tensor(0.2604),
          'val_precision': tensor(0.7452),
          'val_recall': tensor(0.7358)}
message: {'model_checkpoint': 1,
          'val_accuracy': tensor(0.7393),
          'val_constraints_score': 0.2585051655769348,
          'val_demographic_parity_Job': tensor(0.2598),
          'val_demographic_parity_Marital': tensor(0.2735),
          'val_demographic_parity_Race': tensor(0.1992),
          'val_f1': tensor(0.7415),
          'val_global_score': 0.2585051655769348,
          'val_loss': tensor(0.2585),
          'val_precision': tensor(0.7442),
          'val_recall': tensor(0.7393)}
message: {'model_checkpoint': 0,
          'val_accuracy': tensor(0.7384),
          'val_constraints_score': 0.25862622261047363,
          'val_demographic_parity_Job': tensor(0.2721),
          'val_demographic_parity_Marital': tensor(0.2831),
          'val_demographic_parity_Race': tensor(0.1883),
          'val_f1': tensor(0.7414),
          'val_global_score': 0.25862622261047363,
          'val_loss': tensor(0.2586),
          'val_precision': tensor(0.7454),
          'val_recall': tensor(0.7384)}
message: {'model_checkpoint': 0,
          'val_accuracy': tensor(0.7384),
          'val_constraints_score': 0.25862622261047363,
          'val_demographic_parity_Job': tensor(0.2721),
          'val_demographic_parity_Marital': tensor(0.2831),
          'val_demographic_parity_Race': tensor(0.1883),
          'val_f1': tensor(0.7414),
          'val_global_score': 0.25862622261047363,
          'val_loss': tensor(0.2586),
          'val_precision': tensor(0.7454),
          'val_recall': tensor(0.7384)}
message: {'model_checkpoint': 0,
          'val_accuracy': tensor(0.7322),
          'val_constraints_score': 0.2648712992668152,
          'val_demographic_parity_Job': tensor(0.2550),
          'val_demographic_parity_Marital': tensor(0.2716),
          'val_demographic_parity_Race': tensor(0.1697),
          'val_f1': tensor(0.7351),
          'val_global_score': 0.2648712992668152,
          'val_loss': tensor(0.2649),
          'val_precision': tensor(0.7390),
          'val_recall': tensor(0.7322)}
message: {'model_checkpoint': 0,
          'val_accuracy': tensor(0.7359),
          'val_constraints_score': 0.25995707511901855,
          'val_demographic_parity_Job': tensor(0.2754),
          'val_demographic_parity_Marital': tensor(0.2920),
          'val_demographic_parity_Race': tensor(0.1889),
          'val_f1': tensor(0.7400),
          'val_global_score': 0.25995707511901855,
          'val_loss': tensor(0.2600),
          'val_precision': tensor(0.7464),
          'val_recall': tensor(0.7359)}
message: {'model_checkpoint': 0,
          'val_accuracy': tensor(0.7359),
          'val_constraints_score': 0.25995707511901855,
          'val_demographic_parity_Job': tensor(0.2754),
          'val_demographic_parity_Marital': tensor(0.2920),
          'val_demographic_parity_Race': tensor(0.1889),
          'val_f1': tensor(0.7400),
          'val_global_score': 0.25995707511901855,
          'val_loss': tensor(0.2600),
          'val_precision': tensor(0.7464),
          'val_recall': tensor(0.7359)}
message: {'model_checkpoint': 0,
          'val_accuracy': tensor(0.7322),
          'val_constraints_score': 0.26103705167770386,
          'val_demographic_parity_Job': tensor(0.2949),
          'val_demographic_parity_Marital': tensor(0.3430),
          'val_demographic_parity_Race': tensor(0.2217),
          'val_f1': tensor(0.7390),
          'val_global_score': 0.26103705167770386,
          'val_loss': tensor(0.2610),
          'val_precision': tensor(0.7527),
          'val_recall': tensor(0.7322)}
message: {'model_checkpoint': 1,
          'val_accuracy': tensor(0.7408),
          'val_constraints_score': 0.2562907338142395,
          'val_demographic_parity_Job': tensor(0.2810),
          'val_demographic_parity_Marital': tensor(0.2917),
          'val_demographic_parity_Race': tensor(0.1996),
          'val_f1': tensor(0.7437),
          'val_global_score': 0.2562907338142395,
          'val_loss': tensor(0.2563),
          'val_precision': tensor(0.7476),
          'val_recall': tensor(0.7408)}
message: {'model_checkpoint': 0,
          'val_accuracy': tensor(0.7392),
          'val_constraints_score': 0.2570194602012634,
          'val_demographic_parity_Job': tensor(0.2891),
          'val_demographic_parity_Marital': tensor(0.2994),
          'val_demographic_parity_Race': tensor(0.1970),
          'val_f1': tensor(0.7430),
          'val_global_score': 0.2570194602012634,
          'val_loss': tensor(0.2570),
          'val_precision': tensor(0.7485),
          'val_recall': tensor(0.7392)}
message: {'model_checkpoint': 0,
          'val_accuracy': tensor(0.7373),
          'val_constraints_score': 0.2624881863594055,
          'val_demographic_parity_Job': tensor(0.2586),
          'val_demographic_parity_Marital': tensor(0.2592),
          'val_demographic_parity_Race': tensor(0.1772),
          'val_f1': tensor(0.7375),
          'val_global_score': 0.2624881863594055,
          'val_loss': tensor(0.2625),
          'val_precision': tensor(0.7377),
          'val_recall': tensor(0.7373)}
message: {'model_checkpoint': 0,
          'val_accuracy': tensor(0.7337),
          'val_constraints_score': 0.2613981366157532,
          'val_demographic_parity_Job': tensor(0.2866),
          'val_demographic_parity_Marital': tensor(0.3040),
          'val_demographic_parity_Race': tensor(0.1973),
          'val_f1': tensor(0.7386),
          'val_global_score': 0.2613981366157532,
          'val_loss': tensor(0.2614),
          'val_precision': tensor(0.7467),
          'val_recall': tensor(0.7337)}
message: {'model_checkpoint': 0,
          'val_accuracy': tensor(0.7320),
          'val_constraints_score': 0.26245665550231934,
          'val_demographic_parity_Job': tensor(0.2905),
          'val_demographic_parity_Marital': tensor(0.3130),
          'val_demographic_parity_Race': tensor(0.1992),
          'val_f1': tensor(0.7375),
          'val_global_score': 0.26245665550231934,
          'val_loss': tensor(0.2625),
          'val_precision': tensor(0.7473),
          'val_recall': tensor(0.7320)}
message: {'model_checkpoint': 1,
          'val_accuracy': tensor(0.7386),
          'val_constraints_score': 0.2550843358039856,
          'val_demographic_parity_Job': tensor(0.2633),
          'val_demographic_parity_Marital': tensor(0.3353),
          'val_demographic_parity_Race': tensor(0.2132),
          'val_f1': tensor(0.7449),
          'val_global_score': 0.2550843358039856,
          'val_loss': tensor(0.2551),
          'val_precision': tensor(0.7575),
          'val_recall': tensor(0.7386)}
message: {'model_checkpoint': 0,
          'val_accuracy': tensor(0.7407),
          'val_constraints_score': 0.256919801235199,
          'val_demographic_parity_Job': tensor(0.2763),
          'val_demographic_parity_Marital': tensor(0.2837),
          'val_demographic_parity_Race': tensor(0.1948),
          'val_f1': tensor(0.7431),
          'val_global_score': 0.256919801235199,
          'val_loss': tensor(0.2569),
          'val_precision': tensor(0.7461),
          'val_recall': tensor(0.7407)}
message: {'model_checkpoint': 0,
          'val_accuracy': tensor(0.7407),
          'val_constraints_score': 0.256919801235199,
          'val_demographic_parity_Job': tensor(0.2763),
          'val_demographic_parity_Marital': tensor(0.2837),
          'val_demographic_parity_Race': tensor(0.1948),
          'val_f1': tensor(0.7431),
          'val_global_score': 0.256919801235199,
          'val_loss': tensor(0.2569),
          'val_precision': tensor(0.7461),
          'val_recall': tensor(0.7407)}
message: {'model_checkpoint': 0,
          'val_accuracy': tensor(0.7377),
          'val_constraints_score': 0.2620084285736084,
          'val_demographic_parity_Job': tensor(0.2572),
          'val_demographic_parity_Marital': tensor(0.2679),
          'val_demographic_parity_Race': tensor(0.1856),
          'val_f1': tensor(0.7380),
          'val_global_score': 0.2620084285736084,
          'val_loss': tensor(0.2620),
          'val_precision': tensor(0.7383),
          'val_recall': tensor(0.7377)}
message: {'model_checkpoint': 0,
          'val_accuracy': tensor(0.7382),
          'val_constraints_score': 0.2583564519882202,
          'val_demographic_parity_Job': tensor(0.2781),
          'val_demographic_parity_Marital': tensor(0.2898),
          'val_demographic_parity_Race': tensor(0.1875),
          'val_f1': tensor(0.7416),
          'val_global_score': 0.2583564519882202,
          'val_loss': tensor(0.2584),
          'val_precision': tensor(0.7466),
          'val_recall': tensor(0.7382)}
message: {'model_checkpoint': 0,
          'val_accuracy': tensor(0.7382),
          'val_constraints_score': 0.2583564519882202,
          'val_demographic_parity_Job': tensor(0.2781),
          'val_demographic_parity_Marital': tensor(0.2898),
          'val_demographic_parity_Race': tensor(0.1875),
          'val_f1': tensor(0.7416),
          'val_global_score': 0.2583564519882202,
          'val_loss': tensor(0.2584),
          'val_precision': tensor(0.7466),
          'val_recall': tensor(0.7382)}
message: {'model_checkpoint': 0,
          'val_accuracy': tensor(0.7340),
          'val_constraints_score': 0.26351237297058105,
          'val_demographic_parity_Job': tensor(0.2590),
          'val_demographic_parity_Marital': tensor(0.2840),
          'val_demographic_parity_Race': tensor(0.1759),
          'val_f1': tensor(0.7365),
          'val_global_score': 0.26351237297058105,
          'val_loss': tensor(0.2635),
          'val_precision': tensor(0.7397),
          'val_recall': tensor(0.7340)}
message: {'model_checkpoint': 0,
          'val_accuracy': tensor(0.7390),
          'val_constraints_score': 0.2588064670562744,
          'val_demographic_parity_Job': tensor(0.2662),
          'val_demographic_parity_Marital': tensor(0.2819),
          'val_demographic_parity_Race': tensor(0.1965),
          'val_f1': tensor(0.7412),
          'val_global_score': 0.2588064670562744,
          'val_loss': tensor(0.2588),
          'val_precision': tensor(0.7439),
          'val_recall': tensor(0.7390)}
message: {'model_checkpoint': 0,
          'val_accuracy': tensor(0.7370),
          'val_constraints_score': 0.25922322273254395,
          'val_demographic_parity_Job': tensor(0.2768),
          'val_demographic_parity_Marital': tensor(0.2919),
          'val_demographic_parity_Race': tensor(0.1963),
          'val_f1': tensor(0.7408),
          'val_global_score': 0.25922322273254395,
          'val_loss': tensor(0.2592),
          'val_precision': tensor(0.7463),
          'val_recall': tensor(0.7370)}
message: {'model_checkpoint': 0,
          'val_accuracy': tensor(0.7343),
          'val_constraints_score': 0.25946658849716187,
          'val_demographic_parity_Job': tensor(0.2690),
          'val_demographic_parity_Marital': tensor(0.3238),
          'val_demographic_parity_Race': tensor(0.1856),
          'val_f1': tensor(0.7405),
          'val_global_score': 0.25946658849716187,
          'val_loss': tensor(0.2595),
          'val_precision': tensor(0.7525),
          'val_recall': tensor(0.7343)}
message: {'model_checkpoint': 0,
          'val_accuracy': tensor(0.7406),
          'val_constraints_score': 0.2562689781188965,
          'val_demographic_parity_Job': tensor(0.2734),
          'val_demographic_parity_Marital': tensor(0.2946),
          'val_demographic_parity_Race': tensor(0.1906),
          'val_f1': tensor(0.7437),
          'val_global_score': 0.2562689781188965,
          'val_loss': tensor(0.2563),
          'val_precision': tensor(0.7481),
          'val_recall': tensor(0.7406)}
message: {'model_checkpoint': 0,
          'val_accuracy': tensor(0.7406),
          'val_constraints_score': 0.2562689781188965,
          'val_demographic_parity_Job': tensor(0.2734),
          'val_demographic_parity_Marital': tensor(0.2946),
          'val_demographic_parity_Race': tensor(0.1906),
          'val_f1': tensor(0.7437),
          'val_global_score': 0.2562689781188965,
          'val_loss': tensor(0.2563),
          'val_precision': tensor(0.7481),
          'val_recall': tensor(0.7406)}
message: {'model_checkpoint': 1,
          'val_accuracy': tensor(0.7462),
          'val_constraints_score': tensor(0.2503),
          'val_demographic_parity_Job': tensor(0.2846),
          'val_demographic_parity_Marital': tensor(0.3257),
          'val_demographic_parity_Race': tensor(0.2134),
          'val_f1': tensor(0.7497),
          'val_loss': tensor(0.5343),
          'val_precision': tensor(0.7549),
          'val_recall': tensor(0.7462)}
message: {'final_val_accuracy': tensor(0.7462),
          'final_val_constraints_score': tensor(0.2503),
          'final_val_demographic_parity_Job': tensor(0.2846),
          'final_val_demographic_parity_Marital': tensor(0.3257),
          'final_val_demographic_parity_Race': tensor(0.2134),
          'final_val_f1': tensor(0.7497),
          'final_val_loss': tensor(0.5343),
          'final_val_precision': tensor(0.7549),
          'final_val_recall': tensor(0.7462)}
