message: {'model_checkpoint': 1,
          'val_accuracy': tensor(0.6909),
          'val_constraints_score': 0.4195423126220703,
          'val_demographic_parity_Job': tensor(0.0098),
          'val_demographic_parity_Marital': tensor(0.0182),
          'val_demographic_parity_Race': tensor(0.0256),
          'val_f1': tensor(0.5805),
          'val_global_score': 0.4195423126220703,
          'val_loss': tensor(0.4195),
          'val_precision': tensor(0.7210),
          'val_recall': tensor(0.6909)}
message: {'model_checkpoint': 1,
          'val_accuracy': tensor(0.7241),
          'val_constraints_score': 0.2927897572517395,
          'val_demographic_parity_Job': tensor(0.1206),
          'val_demographic_parity_Marital': tensor(0.1423),
          'val_demographic_parity_Race': tensor(0.1240),
          'val_f1': tensor(0.7072),
          'val_global_score': 0.2927897572517395,
          'val_loss': tensor(0.2928),
          'val_precision': tensor(0.7078),
          'val_recall': tensor(0.7241)}
message: {'model_checkpoint': 1,
          'val_accuracy': tensor(0.7279),
          'val_constraints_score': 0.2917441129684448,
          'val_demographic_parity_Job': tensor(0.1097),
          'val_demographic_parity_Marital': tensor(0.1329),
          'val_demographic_parity_Race': tensor(0.1037),
          'val_f1': tensor(0.7083),
          'val_global_score': 0.2917441129684448,
          'val_loss': tensor(0.2917),
          'val_precision': tensor(0.7116),
          'val_recall': tensor(0.7279)}
message: {'model_checkpoint': 0,
          'val_accuracy': tensor(0.7173),
          'val_constraints_score': 0.2968767285346985,
          'val_demographic_parity_Job': tensor(0.1731),
          'val_demographic_parity_Marital': tensor(0.1484),
          'val_demographic_parity_Race': tensor(0.1150),
          'val_f1': tensor(0.7031),
          'val_global_score': 0.2968767285346985,
          'val_loss': tensor(0.2969),
          'val_precision': tensor(0.7014),
          'val_recall': tensor(0.7173)}
message: {'model_checkpoint': 1,
          'val_accuracy': tensor(0.7071),
          'val_constraints_score': 0.2916184067726135,
          'val_demographic_parity_Job': tensor(0.2386),
          'val_demographic_parity_Marital': tensor(0.2118),
          'val_demographic_parity_Race': tensor(0.1943),
          'val_f1': tensor(0.7084),
          'val_global_score': 0.2916184067726135,
          'val_loss': tensor(0.2916),
          'val_precision': tensor(0.7098),
          'val_recall': tensor(0.7071)}
message: {'model_checkpoint': 0,
          'val_accuracy': tensor(0.7044),
          'val_constraints_score': 0.29197657108306885,
          'val_demographic_parity_Job': tensor(0.2653),
          'val_demographic_parity_Marital': tensor(0.2348),
          'val_demographic_parity_Race': tensor(0.1534),
          'val_f1': tensor(0.7080),
          'val_global_score': 0.29197657108306885,
          'val_loss': tensor(0.2920),
          'val_precision': tensor(0.7132),
          'val_recall': tensor(0.7044)}
message: {'model_checkpoint': 0,
          'val_accuracy': tensor(0.7044),
          'val_constraints_score': 0.29197657108306885,
          'val_demographic_parity_Job': tensor(0.2653),
          'val_demographic_parity_Marital': tensor(0.2348),
          'val_demographic_parity_Race': tensor(0.1534),
          'val_f1': tensor(0.7080),
          'val_global_score': 0.29197657108306885,
          'val_loss': tensor(0.2920),
          'val_precision': tensor(0.7132),
          'val_recall': tensor(0.7044)}
message: {'model_checkpoint': 1,
          'val_accuracy': tensor(0.7101),
          'val_constraints_score': 0.2883959412574768,
          'val_demographic_parity_Job': tensor(0.2799),
          'val_demographic_parity_Marital': tensor(0.2626),
          'val_demographic_parity_Race': tensor(0.1724),
          'val_f1': tensor(0.7116),
          'val_global_score': 0.2883959412574768,
          'val_loss': tensor(0.2884),
          'val_precision': tensor(0.7133),
          'val_recall': tensor(0.7101)}
message: {'model_checkpoint': 0,
          'val_accuracy': tensor(0.7079),
          'val_constraints_score': 0.29168981313705444,
          'val_demographic_parity_Job': tensor(0.2711),
          'val_demographic_parity_Marital': tensor(0.2264),
          'val_demographic_parity_Race': tensor(0.1759),
          'val_f1': tensor(0.7083),
          'val_global_score': 0.29168981313705444,
          'val_loss': tensor(0.2917),
          'val_precision': tensor(0.7087),
          'val_recall': tensor(0.7079)}
message: {'model_checkpoint': 0,
          'val_accuracy': tensor(0.7079),
          'val_constraints_score': 0.29168981313705444,
          'val_demographic_parity_Job': tensor(0.2711),
          'val_demographic_parity_Marital': tensor(0.2264),
          'val_demographic_parity_Race': tensor(0.1759),
          'val_f1': tensor(0.7083),
          'val_global_score': 0.29168981313705444,
          'val_loss': tensor(0.2917),
          'val_precision': tensor(0.7087),
          'val_recall': tensor(0.7079)}
message: {'model_checkpoint': 0,
          'val_accuracy': tensor(0.7122),
          'val_constraints_score': 0.2902348041534424,
          'val_demographic_parity_Job': tensor(0.2397),
          'val_demographic_parity_Marital': tensor(0.2137),
          'val_demographic_parity_Race': tensor(0.1738),
          'val_f1': tensor(0.7098),
          'val_global_score': 0.2902348041534424,
          'val_loss': tensor(0.2902),
          'val_precision': tensor(0.7078),
          'val_recall': tensor(0.7122)}
message: {'model_checkpoint': 0,
          'val_accuracy': tensor(0.7105),
          'val_constraints_score': 0.2899424433708191,
          'val_demographic_parity_Job': tensor(0.2569),
          'val_demographic_parity_Marital': tensor(0.2230),
          'val_demographic_parity_Race': tensor(0.1558),
          'val_f1': tensor(0.7101),
          'val_global_score': 0.2899424433708191,
          'val_loss': tensor(0.2899),
          'val_precision': tensor(0.7097),
          'val_recall': tensor(0.7105)}
message: {'model_checkpoint': 0,
          'val_accuracy': tensor(0.7105),
          'val_constraints_score': 0.2899424433708191,
          'val_demographic_parity_Job': tensor(0.2569),
          'val_demographic_parity_Marital': tensor(0.2230),
          'val_demographic_parity_Race': tensor(0.1558),
          'val_f1': tensor(0.7101),
          'val_global_score': 0.2899424433708191,
          'val_loss': tensor(0.2899),
          'val_precision': tensor(0.7097),
          'val_recall': tensor(0.7105)}
message: {'model_checkpoint': 0,
          'val_accuracy': tensor(0.7039),
          'val_constraints_score': 0.2892460823059082,
          'val_demographic_parity_Job': tensor(0.2656),
          'val_demographic_parity_Marital': tensor(0.3202),
          'val_demographic_parity_Race': tensor(0.1971),
          'val_f1': tensor(0.7108),
          'val_global_score': 0.2892460823059082,
          'val_loss': tensor(0.2892),
          'val_precision': tensor(0.7251),
          'val_recall': tensor(0.7039)}
message: {'model_checkpoint': 1,
          'val_accuracy': tensor(0.7100),
          'val_constraints_score': 0.2871035933494568,
          'val_demographic_parity_Job': tensor(0.2660),
          'val_demographic_parity_Marital': tensor(0.2470),
          'val_demographic_parity_Race': tensor(0.1736),
          'val_f1': tensor(0.7129),
          'val_global_score': 0.2871035933494568,
          'val_loss': tensor(0.2871),
          'val_precision': tensor(0.7168),
          'val_recall': tensor(0.7100)}
message: {'model_checkpoint': 0,
          'val_accuracy': tensor(0.7100),
          'val_constraints_score': 0.2871035933494568,
          'val_demographic_parity_Job': tensor(0.2660),
          'val_demographic_parity_Marital': tensor(0.2470),
          'val_demographic_parity_Race': tensor(0.1736),
          'val_f1': tensor(0.7129),
          'val_global_score': 0.2871035933494568,
          'val_loss': tensor(0.2871),
          'val_precision': tensor(0.7168),
          'val_recall': tensor(0.7100)}
message: {'model_checkpoint': 0,
          'val_accuracy': tensor(0.7085),
          'val_constraints_score': 0.288482129573822,
          'val_demographic_parity_Job': tensor(0.2581),
          'val_demographic_parity_Marital': tensor(0.2579),
          'val_demographic_parity_Race': tensor(0.1838),
          'val_f1': tensor(0.7115),
          'val_global_score': 0.288482129573822,
          'val_loss': tensor(0.2885),
          'val_precision': tensor(0.7155),
          'val_recall': tensor(0.7085)}
message: {'model_checkpoint': 1,
          'val_accuracy': tensor(0.7140),
          'val_constraints_score': 0.284504771232605,
          'val_demographic_parity_Job': tensor(0.2635),
          'val_demographic_parity_Marital': tensor(0.2561),
          'val_demographic_parity_Race': tensor(0.1696),
          'val_f1': tensor(0.7155),
          'val_global_score': 0.284504771232605,
          'val_loss': tensor(0.2845),
          'val_precision': tensor(0.7173),
          'val_recall': tensor(0.7140)}
message: {'model_checkpoint': 0,
          'val_accuracy': tensor(0.7122),
          'val_constraints_score': 0.28556114435195923,
          'val_demographic_parity_Job': tensor(0.2646),
          'val_demographic_parity_Marital': tensor(0.2523),
          'val_demographic_parity_Race': tensor(0.1662),
          'val_f1': tensor(0.7144),
          'val_global_score': 0.28556114435195923,
          'val_loss': tensor(0.2856),
          'val_precision': tensor(0.7172),
          'val_recall': tensor(0.7122)}
message: {'model_checkpoint': 1,
          'val_accuracy': tensor(0.7111),
          'val_constraints_score': 0.2832790017127991,
          'val_demographic_parity_Job': tensor(0.2771),
          'val_demographic_parity_Marital': tensor(0.3424),
          'val_demographic_parity_Race': tensor(0.2069),
          'val_f1': tensor(0.7167),
          'val_global_score': 0.2832790017127991,
          'val_loss': tensor(0.2833),
          'val_precision': tensor(0.7271),
          'val_recall': tensor(0.7111)}
message: {'model_checkpoint': 0,
          'val_accuracy': tensor(0.7170),
          'val_constraints_score': 0.2833133339881897,
          'val_demographic_parity_Job': tensor(0.2672),
          'val_demographic_parity_Marital': tensor(0.2521),
          'val_demographic_parity_Race': tensor(0.1727),
          'val_f1': tensor(0.7167),
          'val_global_score': 0.2833133339881897,
          'val_loss': tensor(0.2833),
          'val_precision': tensor(0.7164),
          'val_recall': tensor(0.7170)}
message: {'model_checkpoint': 0,
          'val_accuracy': tensor(0.7100),
          'val_constraints_score': 0.28590530157089233,
          'val_demographic_parity_Job': tensor(0.2677),
          'val_demographic_parity_Marital': tensor(0.2852),
          'val_demographic_parity_Race': tensor(0.1777),
          'val_f1': tensor(0.7141),
          'val_global_score': 0.28590530157089233,
          'val_loss': tensor(0.2859),
          'val_precision': tensor(0.7204),
          'val_recall': tensor(0.7100)}
message: {'model_checkpoint': 1,
          'val_accuracy': tensor(0.7191),
          'val_constraints_score': 0.2809460759162903,
          'val_demographic_parity_Job': tensor(0.2550),
          'val_demographic_parity_Marital': tensor(0.2568),
          'val_demographic_parity_Race': tensor(0.1888),
          'val_f1': tensor(0.7191),
          'val_global_score': 0.2809460759162903,
          'val_loss': tensor(0.2809),
          'val_precision': tensor(0.7190),
          'val_recall': tensor(0.7191)}
message: {'model_checkpoint': 1,
          'val_accuracy': tensor(0.7225),
          'val_constraints_score': 0.2744467258453369,
          'val_demographic_parity_Job': tensor(0.2513),
          'val_demographic_parity_Marital': tensor(0.2799),
          'val_demographic_parity_Race': tensor(0.1733),
          'val_f1': tensor(0.7256),
          'val_global_score': 0.2744467258453369,
          'val_loss': tensor(0.2744),
          'val_precision': tensor(0.7299),
          'val_recall': tensor(0.7225)}
message: {'model_checkpoint': 0,
          'val_accuracy': tensor(0.7225),
          'val_constraints_score': 0.2744467258453369,
          'val_demographic_parity_Job': tensor(0.2513),
          'val_demographic_parity_Marital': tensor(0.2799),
          'val_demographic_parity_Race': tensor(0.1733),
          'val_f1': tensor(0.7256),
          'val_global_score': 0.2744467258453369,
          'val_loss': tensor(0.2744),
          'val_precision': tensor(0.7299),
          'val_recall': tensor(0.7225)}
message: {'model_checkpoint': 0,
          'val_accuracy': tensor(0.7199),
          'val_constraints_score': 0.2840363383293152,
          'val_demographic_parity_Job': tensor(0.2270),
          'val_demographic_parity_Marital': tensor(0.2330),
          'val_demographic_parity_Race': tensor(0.1785),
          'val_f1': tensor(0.7160),
          'val_global_score': 0.2840363383293152,
          'val_loss': tensor(0.2840),
          'val_precision': tensor(0.7134),
          'val_recall': tensor(0.7199)}
message: {'model_checkpoint': 0,
          'val_accuracy': tensor(0.7178),
          'val_constraints_score': 0.27969831228256226,
          'val_demographic_parity_Job': tensor(0.2522),
          'val_demographic_parity_Marital': tensor(0.2710),
          'val_demographic_parity_Race': tensor(0.1636),
          'val_f1': tensor(0.7203),
          'val_global_score': 0.27969831228256226,
          'val_loss': tensor(0.2797),
          'val_precision': tensor(0.7235),
          'val_recall': tensor(0.7178)}
message: {'model_checkpoint': 0,
          'val_accuracy': tensor(0.7164),
          'val_constraints_score': 0.28007668256759644,
          'val_demographic_parity_Job': tensor(0.2538),
          'val_demographic_parity_Marital': tensor(0.2724),
          'val_demographic_parity_Race': tensor(0.1679),
          'val_f1': tensor(0.7199),
          'val_global_score': 0.28007668256759644,
          'val_loss': tensor(0.2801),
          'val_precision': tensor(0.7251),
          'val_recall': tensor(0.7164)}
message: {'model_checkpoint': 0,
          'val_accuracy': tensor(0.7181),
          'val_constraints_score': 0.28149741888046265,
          'val_demographic_parity_Job': tensor(0.2413),
          'val_demographic_parity_Marital': tensor(0.2620),
          'val_demographic_parity_Race': tensor(0.1780),
          'val_f1': tensor(0.7185),
          'val_global_score': 0.28149741888046265,
          'val_loss': tensor(0.2815),
          'val_precision': tensor(0.7189),
          'val_recall': tensor(0.7181)}
message: {'model_checkpoint': 0,
          'val_accuracy': tensor(0.7206),
          'val_constraints_score': 0.27625733613967896,
          'val_demographic_parity_Job': tensor(0.2485),
          'val_demographic_parity_Marital': tensor(0.2766),
          'val_demographic_parity_Race': tensor(0.1740),
          'val_f1': tensor(0.7237),
          'val_global_score': 0.27625733613967896,
          'val_loss': tensor(0.2763),
          'val_precision': tensor(0.7283),
          'val_recall': tensor(0.7206)}
message: {'model_checkpoint': 0,
          'val_accuracy': tensor(0.7206),
          'val_constraints_score': 0.27625733613967896,
          'val_demographic_parity_Job': tensor(0.2485),
          'val_demographic_parity_Marital': tensor(0.2766),
          'val_demographic_parity_Race': tensor(0.1740),
          'val_f1': tensor(0.7237),
          'val_global_score': 0.27625733613967896,
          'val_loss': tensor(0.2763),
          'val_precision': tensor(0.7283),
          'val_recall': tensor(0.7206)}
message: {'model_checkpoint': 0,
          'val_accuracy': tensor(0.7082),
          'val_constraints_score': 0.2855260372161865,
          'val_demographic_parity_Job': tensor(0.2351),
          'val_demographic_parity_Marital': tensor(0.3078),
          'val_demographic_parity_Race': tensor(0.2253),
          'val_f1': tensor(0.7145),
          'val_global_score': 0.2855260372161865,
          'val_loss': tensor(0.2855),
          'val_precision': tensor(0.7268),
          'val_recall': tensor(0.7082)}
message: {'model_checkpoint': 0,
          'val_accuracy': tensor(0.7151),
          'val_constraints_score': 0.27939075231552124,
          'val_demographic_parity_Job': tensor(0.2579),
          'val_demographic_parity_Marital': tensor(0.2928),
          'val_demographic_parity_Race': tensor(0.1925),
          'val_f1': tensor(0.7206),
          'val_global_score': 0.27939075231552124,
          'val_loss': tensor(0.2794),
          'val_precision': tensor(0.7308),
          'val_recall': tensor(0.7151)}
message: {'model_checkpoint': 0,
          'val_accuracy': tensor(0.7151),
          'val_constraints_score': 0.27939075231552124,
          'val_demographic_parity_Job': tensor(0.2579),
          'val_demographic_parity_Marital': tensor(0.2928),
          'val_demographic_parity_Race': tensor(0.1925),
          'val_f1': tensor(0.7206),
          'val_global_score': 0.27939075231552124,
          'val_loss': tensor(0.2794),
          'val_precision': tensor(0.7308),
          'val_recall': tensor(0.7151)}
message: {'model_checkpoint': 0,
          'val_accuracy': tensor(0.7225),
          'val_constraints_score': 0.2791985869407654,
          'val_demographic_parity_Job': tensor(0.2576),
          'val_demographic_parity_Marital': tensor(0.2550),
          'val_demographic_parity_Race': tensor(0.1686),
          'val_f1': tensor(0.7208),
          'val_global_score': 0.2791985869407654,
          'val_loss': tensor(0.2792),
          'val_precision': tensor(0.7194),
          'val_recall': tensor(0.7225)}
message: {'model_checkpoint': 0,
          'val_accuracy': tensor(0.7181),
          'val_constraints_score': 0.2773090600967407,
          'val_demographic_parity_Job': tensor(0.2514),
          'val_demographic_parity_Marital': tensor(0.2917),
          'val_demographic_parity_Race': tensor(0.1986),
          'val_f1': tensor(0.7227),
          'val_global_score': 0.2773090600967407,
          'val_loss': tensor(0.2773),
          'val_precision': tensor(0.7302),
          'val_recall': tensor(0.7181)}
message: {'model_checkpoint': 0,
          'val_accuracy': tensor(0.7162),
          'val_constraints_score': 0.2783510088920593,
          'val_demographic_parity_Job': tensor(0.2571),
          'val_demographic_parity_Marital': tensor(0.2982),
          'val_demographic_parity_Race': tensor(0.1995),
          'val_f1': tensor(0.7216),
          'val_global_score': 0.2783510088920593,
          'val_loss': tensor(0.2784),
          'val_precision': tensor(0.7316),
          'val_recall': tensor(0.7162)}
message: {'model_checkpoint': 0,
          'val_accuracy': tensor(0.7143),
          'val_constraints_score': 0.2787618637084961,
          'val_demographic_parity_Job': tensor(0.2797),
          'val_demographic_parity_Marital': tensor(0.3509),
          'val_demographic_parity_Race': tensor(0.2054),
          'val_f1': tensor(0.7212),
          'val_global_score': 0.2787618637084961,
          'val_loss': tensor(0.2788),
          'val_precision': tensor(0.7369),
          'val_recall': tensor(0.7143)}
message: {'model_checkpoint': 1,
          'val_accuracy': tensor(0.7228),
          'val_constraints_score': 0.2736414670944214,
          'val_demographic_parity_Job': tensor(0.2476),
          'val_demographic_parity_Marital': tensor(0.2899),
          'val_demographic_parity_Race': tensor(0.1807),
          'val_f1': tensor(0.7264),
          'val_global_score': 0.2736414670944214,
          'val_loss': tensor(0.2736),
          'val_precision': tensor(0.7317),
          'val_recall': tensor(0.7228)}
message: {'model_checkpoint': 0,
          'val_accuracy': tensor(0.7228),
          'val_constraints_score': 0.2736414670944214,
          'val_demographic_parity_Job': tensor(0.2476),
          'val_demographic_parity_Marital': tensor(0.2899),
          'val_demographic_parity_Race': tensor(0.1807),
          'val_f1': tensor(0.7264),
          'val_global_score': 0.2736414670944214,
          'val_loss': tensor(0.2736),
          'val_precision': tensor(0.7317),
          'val_recall': tensor(0.7228)}
message: {'model_checkpoint': 0,
          'val_accuracy': tensor(0.7149),
          'val_constraints_score': 0.28040599822998047,
          'val_demographic_parity_Job': tensor(0.2318),
          'val_demographic_parity_Marital': tensor(0.3106),
          'val_demographic_parity_Race': tensor(0.2096),
          'val_f1': tensor(0.7196),
          'val_global_score': 0.28040599822998047,
          'val_loss': tensor(0.2804),
          'val_precision': tensor(0.7273),
          'val_recall': tensor(0.7149)}
message: {'model_checkpoint': 0,
          'val_accuracy': tensor(0.7206),
          'val_constraints_score': 0.2749083638191223,
          'val_demographic_parity_Job': tensor(0.2773),
          'val_demographic_parity_Marital': tensor(0.3233),
          'val_demographic_parity_Race': tensor(0.1988),
          'val_f1': tensor(0.7251),
          'val_global_score': 0.2749083638191223,
          'val_loss': tensor(0.2749),
          'val_precision': tensor(0.7327),
          'val_recall': tensor(0.7206)}
message: {'model_checkpoint': 0,
          'val_accuracy': tensor(0.7193),
          'val_constraints_score': 0.2756909728050232,
          'val_demographic_parity_Job': tensor(0.2783),
          'val_demographic_parity_Marital': tensor(0.3238),
          'val_demographic_parity_Race': tensor(0.2102),
          'val_f1': tensor(0.7243),
          'val_global_score': 0.2756909728050232,
          'val_loss': tensor(0.2757),
          'val_precision': tensor(0.7333),
          'val_recall': tensor(0.7193)}
message: {'model_checkpoint': 1,
          'val_accuracy': tensor(0.7226),
          'val_constraints_score': 0.2730029225349426,
          'val_demographic_parity_Job': tensor(0.2481),
          'val_demographic_parity_Marital': tensor(0.3178),
          'val_demographic_parity_Race': tensor(0.1839),
          'val_f1': tensor(0.7270),
          'val_global_score': 0.2730029225349426,
          'val_loss': tensor(0.2730),
          'val_precision': tensor(0.7342),
          'val_recall': tensor(0.7226)}
message: {'model_checkpoint': 0,
          'val_accuracy': tensor(0.7238),
          'val_constraints_score': 0.27309292554855347,
          'val_demographic_parity_Job': tensor(0.2660),
          'val_demographic_parity_Marital': tensor(0.3039),
          'val_demographic_parity_Race': tensor(0.1956),
          'val_f1': tensor(0.7269),
          'val_global_score': 0.27309292554855347,
          'val_loss': tensor(0.2731),
          'val_precision': tensor(0.7314),
          'val_recall': tensor(0.7238)}
message: {'model_checkpoint': 0,
          'val_accuracy': tensor(0.7218),
          'val_constraints_score': 0.27385568618774414,
          'val_demographic_parity_Job': tensor(0.2699),
          'val_demographic_parity_Marital': tensor(0.3152),
          'val_demographic_parity_Race': tensor(0.1878),
          'val_f1': tensor(0.7261),
          'val_global_score': 0.27385568618774414,
          'val_loss': tensor(0.2739),
          'val_precision': tensor(0.7332),
          'val_recall': tensor(0.7218)}
message: {'model_checkpoint': 0,
          'val_accuracy': tensor(0.7146),
          'val_constraints_score': 0.27789729833602905,
          'val_demographic_parity_Job': tensor(0.2903),
          'val_demographic_parity_Marital': tensor(0.3707),
          'val_demographic_parity_Race': tensor(0.2142),
          'val_f1': tensor(0.7221),
          'val_global_score': 0.27789729833602905,
          'val_loss': tensor(0.2779),
          'val_precision': tensor(0.7406),
          'val_recall': tensor(0.7146)}
message: {'model_checkpoint': 0,
          'val_accuracy': tensor(0.7175),
          'val_constraints_score': 0.2771422863006592,
          'val_demographic_parity_Job': tensor(0.2700),
          'val_demographic_parity_Marital': tensor(0.3199),
          'val_demographic_parity_Race': tensor(0.1982),
          'val_f1': tensor(0.7229),
          'val_global_score': 0.2771422863006592,
          'val_loss': tensor(0.2771),
          'val_precision': tensor(0.7327),
          'val_recall': tensor(0.7175)}
message: {'model_checkpoint': 0,
          'val_accuracy': tensor(0.7175),
          'val_constraints_score': 0.2771422863006592,
          'val_demographic_parity_Job': tensor(0.2700),
          'val_demographic_parity_Marital': tensor(0.3199),
          'val_demographic_parity_Race': tensor(0.1982),
          'val_f1': tensor(0.7229),
          'val_global_score': 0.2771422863006592,
          'val_loss': tensor(0.2771),
          'val_precision': tensor(0.7327),
          'val_recall': tensor(0.7175)}
message: {'model_checkpoint': 0,
          'val_accuracy': tensor(0.7190),
          'val_constraints_score': 0.275021493434906,
          'val_demographic_parity_Job': tensor(0.2853),
          'val_demographic_parity_Marital': tensor(0.3568),
          'val_demographic_parity_Race': tensor(0.2405),
          'val_f1': tensor(0.7250),
          'val_global_score': 0.275021493434906,
          'val_loss': tensor(0.2750),
          'val_precision': tensor(0.7372),
          'val_recall': tensor(0.7190)}
message: {'model_checkpoint': 1,
          'val_accuracy': tensor(0.7266),
          'val_constraints_score': 0.2704188823699951,
          'val_demographic_parity_Job': tensor(0.2698),
          'val_demographic_parity_Marital': tensor(0.3151),
          'val_demographic_parity_Race': tensor(0.1881),
          'val_f1': tensor(0.7296),
          'val_global_score': 0.2704188823699951,
          'val_loss': tensor(0.2704),
          'val_precision': tensor(0.7337),
          'val_recall': tensor(0.7266)}
message: {'model_checkpoint': 0,
          'val_accuracy': tensor(0.7246),
          'val_constraints_score': 0.2714264392852783,
          'val_demographic_parity_Job': tensor(0.2768),
          'val_demographic_parity_Marital': tensor(0.3240),
          'val_demographic_parity_Race': tensor(0.1936),
          'val_f1': tensor(0.7286),
          'val_global_score': 0.2714264392852783,
          'val_loss': tensor(0.2714),
          'val_precision': tensor(0.7350),
          'val_recall': tensor(0.7246)}
message: {'model_checkpoint': 0,
          'val_accuracy': tensor(0.7173),
          'val_constraints_score': 0.2802537679672241,
          'val_demographic_parity_Job': tensor(0.2616),
          'val_demographic_parity_Marital': tensor(0.2836),
          'val_demographic_parity_Race': tensor(0.1715),
          'val_f1': tensor(0.7197),
          'val_global_score': 0.2802537679672241,
          'val_loss': tensor(0.2803),
          'val_precision': tensor(0.7228),
          'val_recall': tensor(0.7173)}
message: {'model_checkpoint': 0,
          'val_accuracy': tensor(0.7177),
          'val_constraints_score': 0.27658164501190186,
          'val_demographic_parity_Job': tensor(0.2719),
          'val_demographic_parity_Marital': tensor(0.3303),
          'val_demographic_parity_Race': tensor(0.2013),
          'val_f1': tensor(0.7234),
          'val_global_score': 0.27658164501190186,
          'val_loss': tensor(0.2766),
          'val_precision': tensor(0.7346),
          'val_recall': tensor(0.7177)}
message: {'model_checkpoint': 0,
          'val_accuracy': tensor(0.7177),
          'val_constraints_score': 0.27658164501190186,
          'val_demographic_parity_Job': tensor(0.2719),
          'val_demographic_parity_Marital': tensor(0.3303),
          'val_demographic_parity_Race': tensor(0.2013),
          'val_f1': tensor(0.7234),
          'val_global_score': 0.27658164501190186,
          'val_loss': tensor(0.2766),
          'val_precision': tensor(0.7346),
          'val_recall': tensor(0.7177)}
message: {'model_checkpoint': 0,
          'val_accuracy': tensor(0.7154),
          'val_constraints_score': 0.2764407992362976,
          'val_demographic_parity_Job': tensor(0.2469),
          'val_demographic_parity_Marital': tensor(0.3738),
          'val_demographic_parity_Race': tensor(0.2169),
          'val_f1': tensor(0.7236),
          'val_global_score': 0.2764407992362976,
          'val_loss': tensor(0.2764),
          'val_precision': tensor(0.7466),
          'val_recall': tensor(0.7154)}
message: {'model_checkpoint': 0,
          'val_accuracy': tensor(0.7257),
          'val_constraints_score': 0.2713688611984253,
          'val_demographic_parity_Job': tensor(0.2637),
          'val_demographic_parity_Marital': tensor(0.3112),
          'val_demographic_parity_Race': tensor(0.1886),
          'val_f1': tensor(0.7286),
          'val_global_score': 0.2713688611984253,
          'val_loss': tensor(0.2714),
          'val_precision': tensor(0.7328),
          'val_recall': tensor(0.7257)}
message: {'model_checkpoint': 0,
          'val_accuracy': tensor(0.7257),
          'val_constraints_score': 0.2713688611984253,
          'val_demographic_parity_Job': tensor(0.2637),
          'val_demographic_parity_Marital': tensor(0.3112),
          'val_demographic_parity_Race': tensor(0.1886),
          'val_f1': tensor(0.7286),
          'val_global_score': 0.2713688611984253,
          'val_loss': tensor(0.2714),
          'val_precision': tensor(0.7328),
          'val_recall': tensor(0.7257)}
message: {'model_checkpoint': 1,
          'val_accuracy': tensor(0.7337),
          'val_constraints_score': 0.27007806301116943,
          'val_demographic_parity_Job': tensor(0.2399),
          'val_demographic_parity_Marital': tensor(0.2752),
          'val_demographic_parity_Race': tensor(0.1929),
          'val_f1': tensor(0.7299),
          'val_global_score': 0.27007806301116943,
          'val_loss': tensor(0.2701),
          'val_precision': tensor(0.7276),
          'val_recall': tensor(0.7337)}
message: {'model_checkpoint': 0,
          'val_accuracy': tensor(0.7244),
          'val_constraints_score': 0.2729945182800293,
          'val_demographic_parity_Job': tensor(0.2600),
          'val_demographic_parity_Marital': tensor(0.3000),
          'val_demographic_parity_Race': tensor(0.1764),
          'val_f1': tensor(0.7270),
          'val_global_score': 0.2729945182800293,
          'val_loss': tensor(0.2730),
          'val_precision': tensor(0.7305),
          'val_recall': tensor(0.7244)}
message: {'model_checkpoint': 0,
          'val_accuracy': tensor(0.7186),
          'val_constraints_score': 0.2764676809310913,
          'val_demographic_parity_Job': tensor(0.2705),
          'val_demographic_parity_Marital': tensor(0.3208),
          'val_demographic_parity_Race': tensor(0.1947),
          'val_f1': tensor(0.7235),
          'val_global_score': 0.2764676809310913,
          'val_loss': tensor(0.2765),
          'val_precision': tensor(0.7321),
          'val_recall': tensor(0.7186)}
message: {'model_checkpoint': 0,
          'val_accuracy': tensor(0.7154),
          'val_constraints_score': 0.28372204303741455,
          'val_demographic_parity_Job': tensor(0.2389),
          'val_demographic_parity_Marital': tensor(0.2690),
          'val_demographic_parity_Race': tensor(0.2179),
          'val_f1': tensor(0.7163),
          'val_global_score': 0.28372204303741455,
          'val_loss': tensor(0.2837),
          'val_precision': tensor(0.7172),
          'val_recall': tensor(0.7154)}
message: {'model_checkpoint': 0,
          'val_accuracy': tensor(0.7263),
          'val_constraints_score': 0.2710018754005432,
          'val_demographic_parity_Job': tensor(0.2615),
          'val_demographic_parity_Marital': tensor(0.3088),
          'val_demographic_parity_Race': tensor(0.1775),
          'val_f1': tensor(0.7290),
          'val_global_score': 0.2710018754005432,
          'val_loss': tensor(0.2710),
          'val_precision': tensor(0.7327),
          'val_recall': tensor(0.7263)}
message: {'model_checkpoint': 0,
          'val_accuracy': tensor(0.7193),
          'val_constraints_score': 0.27578920125961304,
          'val_demographic_parity_Job': tensor(0.2696),
          'val_demographic_parity_Marital': tensor(0.3208),
          'val_demographic_parity_Race': tensor(0.1945),
          'val_f1': tensor(0.7242),
          'val_global_score': 0.27578920125961304,
          'val_loss': tensor(0.2758),
          'val_precision': tensor(0.7329),
          'val_recall': tensor(0.7193)}
message: {'model_checkpoint': 1,
          'val_accuracy': tensor(0.7354),
          'val_constraints_score': 0.2664894461631775,
          'val_demographic_parity_Job': tensor(0.1946),
          'val_demographic_parity_Marital': tensor(0.2817),
          'val_demographic_parity_Race': tensor(0.2211),
          'val_f1': tensor(0.7335),
          'val_global_score': 0.2664894461631775,
          'val_loss': tensor(0.2665),
          'val_precision': tensor(0.7320),
          'val_recall': tensor(0.7354)}
message: {'model_checkpoint': 0,
          'val_accuracy': tensor(0.7236),
          'val_constraints_score': 0.271878719329834,
          'val_demographic_parity_Job': tensor(0.2656),
          'val_demographic_parity_Marital': tensor(0.3326),
          'val_demographic_parity_Race': tensor(0.1929),
          'val_f1': tensor(0.7281),
          'val_global_score': 0.271878719329834,
          'val_loss': tensor(0.2719),
          'val_precision': tensor(0.7358),
          'val_recall': tensor(0.7236)}
message: {'model_checkpoint': 0,
          'val_accuracy': tensor(0.7236),
          'val_constraints_score': 0.271878719329834,
          'val_demographic_parity_Job': tensor(0.2656),
          'val_demographic_parity_Marital': tensor(0.3326),
          'val_demographic_parity_Race': tensor(0.1929),
          'val_f1': tensor(0.7281),
          'val_global_score': 0.271878719329834,
          'val_loss': tensor(0.2719),
          'val_precision': tensor(0.7358),
          'val_recall': tensor(0.7236)}
message: {'model_checkpoint': 1,
          'val_accuracy': tensor(0.7492),
          'val_constraints_score': tensor(0.2482),
          'val_demographic_parity_Job': tensor(0.2472),
          'val_demographic_parity_Marital': tensor(0.3779),
          'val_demographic_parity_Race': tensor(0.2203),
          'val_f1': tensor(0.7518),
          'val_loss': tensor(0.5445),
          'val_precision': tensor(0.7556),
          'val_recall': tensor(0.7492)}
message: {'final_val_accuracy': tensor(0.7492),
          'final_val_constraints_score': tensor(0.2482),
          'final_val_demographic_parity_Job': tensor(0.2472),
          'final_val_demographic_parity_Marital': tensor(0.3779),
          'final_val_demographic_parity_Race': tensor(0.2203),
          'final_val_f1': tensor(0.7518),
          'final_val_loss': tensor(0.5445),
          'final_val_precision': tensor(0.7556),
          'final_val_recall': tensor(0.7492)}
