message: {'model_checkpoint': 1,
          'train_accuracy': tensor(0.7822),
          'train_f1': tensor(0.6866),
          'train_precision': tensor(0.6118),
          'train_recall': tensor(0.7822),
          'val_accuracy': tensor(0.7823),
          'val_f1': tensor(0.6868),
          'val_precision': tensor(0.6120),
          'val_recall': tensor(0.7823)}
message: {'model_checkpoint': 0,
          'train_accuracy': tensor(0.7822),
          'train_f1': tensor(0.6866),
          'train_precision': tensor(0.6118),
          'train_recall': tensor(0.7822),
          'val_accuracy': tensor(0.7823),
          'val_f1': tensor(0.6868),
          'val_precision': tensor(0.6120),
          'val_recall': tensor(0.7823)}
message: {'model_checkpoint': 0,
          'train_accuracy': tensor(0.7822),
          'train_f1': tensor(0.6866),
          'train_precision': tensor(0.6118),
          'train_recall': tensor(0.7822),
          'val_accuracy': tensor(0.7823),
          'val_f1': tensor(0.6868),
          'val_precision': tensor(0.6120),
          'val_recall': tensor(0.7823)}
message: {'model_checkpoint': 0,
          'train_accuracy': tensor(0.7822),
          'train_f1': tensor(0.6866),
          'train_precision': tensor(0.6118),
          'train_recall': tensor(0.7822),
          'val_accuracy': tensor(0.7823),
          'val_f1': tensor(0.6868),
          'val_precision': tensor(0.6120),
          'val_recall': tensor(0.7823)}
message: {'model_checkpoint': 0,
          'train_accuracy': tensor(0.7822),
          'train_f1': tensor(0.6866),
          'train_precision': tensor(0.6118),
          'train_recall': tensor(0.7822),
          'val_accuracy': tensor(0.7823),
          'val_f1': tensor(0.6868),
          'val_precision': tensor(0.6120),
          'val_recall': tensor(0.7823)}
message: {'model_checkpoint': 0,
          'train_accuracy': tensor(0.7822),
          'train_f1': tensor(0.6866),
          'train_precision': tensor(0.6118),
          'train_recall': tensor(0.7822),
          'val_accuracy': tensor(0.7823),
          'val_f1': tensor(0.6868),
          'val_precision': tensor(0.6120),
          'val_recall': tensor(0.7823)}
message: {'model_checkpoint': 0,
          'train_accuracy': tensor(0.7822),
          'train_f1': tensor(0.6866),
          'train_precision': tensor(0.6118),
          'train_recall': tensor(0.7822),
          'val_accuracy': tensor(0.7823),
          'val_f1': tensor(0.6868),
          'val_precision': tensor(0.6120),
          'val_recall': tensor(0.7823)}
message: {'model_checkpoint': 0,
          'train_accuracy': tensor(0.7822),
          'train_f1': tensor(0.6866),
          'train_precision': tensor(0.6118),
          'train_recall': tensor(0.7822),
          'val_accuracy': tensor(0.7823),
          'val_f1': tensor(0.6868),
          'val_precision': tensor(0.6120),
          'val_recall': tensor(0.7823)}
message: {'model_checkpoint': 0,
          'train_accuracy': tensor(0.7822),
          'train_f1': tensor(0.6866),
          'train_precision': tensor(0.6118),
          'train_recall': tensor(0.7822),
          'val_accuracy': tensor(0.7823),
          'val_f1': tensor(0.6868),
          'val_precision': tensor(0.6120),
          'val_recall': tensor(0.7823)}
message: {'model_checkpoint': 0,
          'train_accuracy': tensor(0.7822),
          'train_f1': tensor(0.6866),
          'train_precision': tensor(0.6118),
          'train_recall': tensor(0.7822),
          'val_accuracy': tensor(0.7823),
          'val_f1': tensor(0.6868),
          'val_precision': tensor(0.6120),
          'val_recall': tensor(0.7823)}
