message: {'model_checkpoint': 1,
          'val_accuracy': tensor(0.7172),
          'val_constraints_score': 0.3848409056663513,
          'val_demographic_parity_Job': tensor(0.0077),
          'val_demographic_parity_Marital': tensor(0.0198),
          'val_demographic_parity_Race': tensor(0.0323),
          'val_f1': tensor(0.6152),
          'val_global_score': 0.3848409056663513,
          'val_loss': tensor(0.3848),
          'val_precision': tensor(0.6852),
          'val_recall': tensor(0.7172)}
message: {'model_checkpoint': 1,
          'val_accuracy': tensor(0.7502),
          'val_constraints_score': 0.26192861795425415,
          'val_demographic_parity_Job': tensor(0.1471),
          'val_demographic_parity_Marital': tensor(0.1606),
          'val_demographic_parity_Race': tensor(0.1589),
          'val_f1': tensor(0.7381),
          'val_global_score': 0.26192861795425415,
          'val_loss': tensor(0.2619),
          'val_precision': tensor(0.7350),
          'val_recall': tensor(0.7502)}
message: {'model_checkpoint': 1,
          'val_accuracy': tensor(0.7537),
          'val_constraints_score': 0.26147210597991943,
          'val_demographic_parity_Job': tensor(0.1186),
          'val_demographic_parity_Marital': tensor(0.1366),
          'val_demographic_parity_Race': tensor(0.1098),
          'val_f1': tensor(0.7385),
          'val_global_score': 0.26147210597991943,
          'val_loss': tensor(0.2615),
          'val_precision': tensor(0.7369),
          'val_recall': tensor(0.7537)}
message: {'model_checkpoint': 0,
          'val_accuracy': tensor(0.7466),
          'val_constraints_score': 0.2632904052734375,
          'val_demographic_parity_Job': tensor(0.1856),
          'val_demographic_parity_Marital': tensor(0.1716),
          'val_demographic_parity_Race': tensor(0.1518),
          'val_f1': tensor(0.7367),
          'val_global_score': 0.2632904052734375,
          'val_loss': tensor(0.2633),
          'val_precision': tensor(0.7330),
          'val_recall': tensor(0.7466)}
message: {'model_checkpoint': 0,
          'val_accuracy': tensor(0.7506),
          'val_constraints_score': 0.2621803879737854,
          'val_demographic_parity_Job': tensor(0.1339),
          'val_demographic_parity_Marital': tensor(0.1622),
          'val_demographic_parity_Race': tensor(0.3073),
          'val_f1': tensor(0.7378),
          'val_global_score': 0.2621803879737854,
          'val_loss': tensor(0.2622),
          'val_precision': tensor(0.7349),
          'val_recall': tensor(0.7506)}
message: {'model_checkpoint': 0,
          'val_accuracy': tensor(0.7337),
          'val_constraints_score': 0.2636687755584717,
          'val_demographic_parity_Job': tensor(0.2416),
          'val_demographic_parity_Marital': tensor(0.2137),
          'val_demographic_parity_Race': tensor(0.1694),
          'val_f1': tensor(0.7363),
          'val_global_score': 0.2636687755584717,
          'val_loss': tensor(0.2637),
          'val_precision': tensor(0.7396),
          'val_recall': tensor(0.7337)}
message: {'model_checkpoint': 0,
          'val_accuracy': tensor(0.7261),
          'val_constraints_score': 0.26798373460769653,
          'val_demographic_parity_Job': tensor(0.2472),
          'val_demographic_parity_Marital': tensor(0.2492),
          'val_demographic_parity_Race': tensor(0.1576),
          'val_f1': tensor(0.7320),
          'val_global_score': 0.26798373460769653,
          'val_loss': tensor(0.2680),
          'val_precision': tensor(0.7415),
          'val_recall': tensor(0.7261)}
message: {'model_checkpoint': 1,
          'val_accuracy': tensor(0.7396),
          'val_constraints_score': 0.25768953561782837,
          'val_demographic_parity_Job': tensor(0.2631),
          'val_demographic_parity_Marital': tensor(0.2565),
          'val_demographic_parity_Race': tensor(0.1609),
          'val_f1': tensor(0.7423),
          'val_global_score': 0.25768953561782837,
          'val_loss': tensor(0.2577),
          'val_precision': tensor(0.7457),
          'val_recall': tensor(0.7396)}
message: {'model_checkpoint': 0,
          'val_accuracy': tensor(0.7399),
          'val_constraints_score': 0.25943493843078613,
          'val_demographic_parity_Job': tensor(0.2400),
          'val_demographic_parity_Marital': tensor(0.2055),
          'val_demographic_parity_Race': tensor(0.1899),
          'val_f1': tensor(0.7406),
          'val_global_score': 0.25943493843078613,
          'val_loss': tensor(0.2594),
          'val_precision': tensor(0.7412),
          'val_recall': tensor(0.7399)}
message: {'model_checkpoint': 0,
          'val_accuracy': tensor(0.7332),
          'val_constraints_score': 0.2633829116821289,
          'val_demographic_parity_Job': tensor(0.2537),
          'val_demographic_parity_Marital': tensor(0.2360),
          'val_demographic_parity_Race': tensor(0.1783),
          'val_f1': tensor(0.7366),
          'val_global_score': 0.2633829116821289,
          'val_loss': tensor(0.2634),
          'val_precision': tensor(0.7411),
          'val_recall': tensor(0.7332)}
message: {'model_checkpoint': 0,
          'val_accuracy': tensor(0.7386),
          'val_constraints_score': 0.2611093521118164,
          'val_demographic_parity_Job': tensor(0.2465),
          'val_demographic_parity_Marital': tensor(0.2065),
          'val_demographic_parity_Race': tensor(0.2147),
          'val_f1': tensor(0.7389),
          'val_global_score': 0.2611093521118164,
          'val_loss': tensor(0.2611),
          'val_precision': tensor(0.7392),
          'val_recall': tensor(0.7386)}
message: {'model_checkpoint': 0,
          'val_accuracy': tensor(0.7395),
          'val_constraints_score': 0.25912338495254517,
          'val_demographic_parity_Job': tensor(0.2455),
          'val_demographic_parity_Marital': tensor(0.2173),
          'val_demographic_parity_Race': tensor(0.1971),
          'val_f1': tensor(0.7409),
          'val_global_score': 0.25912338495254517,
          'val_loss': tensor(0.2591),
          'val_precision': tensor(0.7425),
          'val_recall': tensor(0.7395)}
message: {'model_checkpoint': 0,
          'val_accuracy': tensor(0.7387),
          'val_constraints_score': 0.25921738147735596,
          'val_demographic_parity_Job': tensor(0.2441),
          'val_demographic_parity_Marital': tensor(0.2298),
          'val_demographic_parity_Race': tensor(0.1907),
          'val_f1': tensor(0.7408),
          'val_global_score': 0.25921738147735596,
          'val_loss': tensor(0.2592),
          'val_precision': tensor(0.7432),
          'val_recall': tensor(0.7387)}
message: {'model_checkpoint': 0,
          'val_accuracy': tensor(0.7293),
          'val_constraints_score': 0.26185309886932373,
          'val_demographic_parity_Job': tensor(0.2834),
          'val_demographic_parity_Marital': tensor(0.3370),
          'val_demographic_parity_Race': tensor(0.1604),
          'val_f1': tensor(0.7381),
          'val_global_score': 0.26185309886932373,
          'val_loss': tensor(0.2619),
          'val_precision': tensor(0.7573),
          'val_recall': tensor(0.7293)}
message: {'model_checkpoint': 0,
          'val_accuracy': tensor(0.7361),
          'val_constraints_score': 0.25955986976623535,
          'val_demographic_parity_Job': tensor(0.2502),
          'val_demographic_parity_Marital': tensor(0.2594),
          'val_demographic_parity_Race': tensor(0.1425),
          'val_f1': tensor(0.7404),
          'val_global_score': 0.25955986976623535,
          'val_loss': tensor(0.2596),
          'val_precision': tensor(0.7466),
          'val_recall': tensor(0.7361)}
message: {'model_checkpoint': 0,
          'val_accuracy': tensor(0.7343),
          'val_constraints_score': 0.2606236934661865,
          'val_demographic_parity_Job': tensor(0.2471),
          'val_demographic_parity_Marital': tensor(0.2570),
          'val_demographic_parity_Race': tensor(0.1703),
          'val_f1': tensor(0.7394),
          'val_global_score': 0.2606236934661865,
          'val_loss': tensor(0.2606),
          'val_precision': tensor(0.7471),
          'val_recall': tensor(0.7343)}
message: {'model_checkpoint': 0,
          'val_accuracy': tensor(0.7306),
          'val_constraints_score': 0.25843149423599243,
          'val_demographic_parity_Job': tensor(0.2921),
          'val_demographic_parity_Marital': tensor(0.3859),
          'val_demographic_parity_Race': tensor(0.1939),
          'val_f1': tensor(0.7416),
          'val_global_score': 0.25843149423599243,
          'val_loss': tensor(0.2584),
          'val_precision': tensor(0.7728),
          'val_recall': tensor(0.7306)}
message: {'model_checkpoint': 1,
          'val_accuracy': tensor(0.7407),
          'val_constraints_score': 0.2550587058067322,
          'val_demographic_parity_Job': tensor(0.2506),
          'val_demographic_parity_Marital': tensor(0.2605),
          'val_demographic_parity_Race': tensor(0.1652),
          'val_f1': tensor(0.7449),
          'val_global_score': 0.2550587058067322,
          'val_loss': tensor(0.2551),
          'val_precision': tensor(0.7511),
          'val_recall': tensor(0.7407)}
message: {'model_checkpoint': 0,
          'val_accuracy': tensor(0.7407),
          'val_constraints_score': 0.2550587058067322,
          'val_demographic_parity_Job': tensor(0.2506),
          'val_demographic_parity_Marital': tensor(0.2605),
          'val_demographic_parity_Race': tensor(0.1652),
          'val_f1': tensor(0.7449),
          'val_global_score': 0.2550587058067322,
          'val_loss': tensor(0.2551),
          'val_precision': tensor(0.7511),
          'val_recall': tensor(0.7407)}
message: {'model_checkpoint': 1,
          'val_accuracy': tensor(0.7442),
          'val_constraints_score': 0.24893170595169067,
          'val_demographic_parity_Job': tensor(0.2919),
          'val_demographic_parity_Marital': tensor(0.3386),
          'val_demographic_parity_Race': tensor(0.1707),
          'val_f1': tensor(0.7511),
          'val_global_score': 0.24893170595169067,
          'val_loss': tensor(0.2489),
          'val_precision': tensor(0.7640),
          'val_recall': tensor(0.7442)}
message: {'model_checkpoint': 0,
          'val_accuracy': tensor(0.7436),
          'val_constraints_score': 0.25267601013183594,
          'val_demographic_parity_Job': tensor(0.2543),
          'val_demographic_parity_Marital': tensor(0.2738),
          'val_demographic_parity_Race': tensor(0.1531),
          'val_f1': tensor(0.7473),
          'val_global_score': 0.25267601013183594,
          'val_loss': tensor(0.2527),
          'val_precision': tensor(0.7525),
          'val_recall': tensor(0.7436)}
message: {'model_checkpoint': 0,
          'val_accuracy': tensor(0.7346),
          'val_constraints_score': 0.25834858417510986,
          'val_demographic_parity_Job': tensor(0.2644),
          'val_demographic_parity_Marital': tensor(0.3003),
          'val_demographic_parity_Race': tensor(0.1494),
          'val_f1': tensor(0.7417),
          'val_global_score': 0.25834858417510986,
          'val_loss': tensor(0.2583),
          'val_precision': tensor(0.7546),
          'val_recall': tensor(0.7346)}
message: {'model_checkpoint': 0,
          'val_accuracy': tensor(0.7453),
          'val_constraints_score': 0.2526559829711914,
          'val_demographic_parity_Job': tensor(0.2481),
          'val_demographic_parity_Marital': tensor(0.2516),
          'val_demographic_parity_Race': tensor(0.1497),
          'val_f1': tensor(0.7473),
          'val_global_score': 0.2526559829711914,
          'val_loss': tensor(0.2527),
          'val_precision': tensor(0.7498),
          'val_recall': tensor(0.7453)}
message: {'model_checkpoint': 1,
          'val_accuracy': tensor(0.7502),
          'val_constraints_score': 0.24705159664154053,
          'val_demographic_parity_Job': tensor(0.2596),
          'val_demographic_parity_Marital': tensor(0.2752),
          'val_demographic_parity_Race': tensor(0.1637),
          'val_f1': tensor(0.7529),
          'val_global_score': 0.24705159664154053,
          'val_loss': tensor(0.2471),
          'val_precision': tensor(0.7566),
          'val_recall': tensor(0.7502)}
message: {'model_checkpoint': 0,
          'val_accuracy': tensor(0.7405),
          'val_constraints_score': 0.25331568717956543,
          'val_demographic_parity_Job': tensor(0.2484),
          'val_demographic_parity_Marital': tensor(0.2830),
          'val_demographic_parity_Race': tensor(0.1562),
          'val_f1': tensor(0.7467),
          'val_global_score': 0.25331568717956543,
          'val_loss': tensor(0.2533),
          'val_precision': tensor(0.7572),
          'val_recall': tensor(0.7405)}
message: {'model_checkpoint': 0,
          'val_accuracy': tensor(0.7445),
          'val_constraints_score': 0.2560904026031494,
          'val_demographic_parity_Job': tensor(0.2430),
          'val_demographic_parity_Marital': tensor(0.2216),
          'val_demographic_parity_Race': tensor(0.1796),
          'val_f1': tensor(0.7439),
          'val_global_score': 0.2560904026031494,
          'val_loss': tensor(0.2561),
          'val_precision': tensor(0.7433),
          'val_recall': tensor(0.7445)}
message: {'model_checkpoint': 0,
          'val_accuracy': tensor(0.7451),
          'val_constraints_score': 0.25117290019989014,
          'val_demographic_parity_Job': tensor(0.2501),
          'val_demographic_parity_Marital': tensor(0.2555),
          'val_demographic_parity_Race': tensor(0.1709),
          'val_f1': tensor(0.7488),
          'val_global_score': 0.25117290019989014,
          'val_loss': tensor(0.2512),
          'val_precision': tensor(0.7540),
          'val_recall': tensor(0.7451)}
message: {'model_checkpoint': 0,
          'val_accuracy': tensor(0.7364),
          'val_constraints_score': 0.2574916481971741,
          'val_demographic_parity_Job': tensor(0.2498),
          'val_demographic_parity_Marital': tensor(0.2807),
          'val_demographic_parity_Race': tensor(0.1562),
          'val_f1': tensor(0.7425),
          'val_global_score': 0.2574916481971741,
          'val_loss': tensor(0.2575),
          'val_precision': tensor(0.7527),
          'val_recall': tensor(0.7364)}
message: {'model_checkpoint': 0,
          'val_accuracy': tensor(0.7387),
          'val_constraints_score': 0.256896436214447,
          'val_demographic_parity_Job': tensor(0.2509),
          'val_demographic_parity_Marital': tensor(0.2799),
          'val_demographic_parity_Race': tensor(0.1616),
          'val_f1': tensor(0.7431),
          'val_global_score': 0.256896436214447,
          'val_loss': tensor(0.2569),
          'val_precision': tensor(0.7495),
          'val_recall': tensor(0.7387)}
message: {'model_checkpoint': 0,
          'val_accuracy': tensor(0.7459),
          'val_constraints_score': 0.2501157522201538,
          'val_demographic_parity_Job': tensor(0.2511),
          'val_demographic_parity_Marital': tensor(0.2652),
          'val_demographic_parity_Race': tensor(0.1730),
          'val_f1': tensor(0.7499),
          'val_global_score': 0.2501157522201538,
          'val_loss': tensor(0.2501),
          'val_precision': tensor(0.7556),
          'val_recall': tensor(0.7459)}
message: {'model_checkpoint': 0,
          'val_accuracy': tensor(0.7404),
          'val_constraints_score': 0.2534233331680298,
          'val_demographic_parity_Job': tensor(0.2477),
          'val_demographic_parity_Marital': tensor(0.2850),
          'val_demographic_parity_Race': tensor(0.1553),
          'val_f1': tensor(0.7466),
          'val_global_score': 0.2534233331680298,
          'val_loss': tensor(0.2534),
          'val_precision': tensor(0.7573),
          'val_recall': tensor(0.7404)}
message: {'model_checkpoint': 0,
          'val_accuracy': tensor(0.7277),
          'val_constraints_score': 0.265097439289093,
          'val_demographic_parity_Job': tensor(0.2658),
          'val_demographic_parity_Marital': tensor(0.2886),
          'val_demographic_parity_Race': tensor(0.1618),
          'val_f1': tensor(0.7349),
          'val_global_score': 0.265097439289093,
          'val_loss': tensor(0.2651),
          'val_precision': tensor(0.7477),
          'val_recall': tensor(0.7277)}
message: {'model_checkpoint': 0,
          'val_accuracy': tensor(0.7357),
          'val_constraints_score': 0.2560999393463135,
          'val_demographic_parity_Job': tensor(0.2551),
          'val_demographic_parity_Marital': tensor(0.3182),
          'val_demographic_parity_Race': tensor(0.1627),
          'val_f1': tensor(0.7439),
          'val_global_score': 0.2560999393463135,
          'val_loss': tensor(0.2561),
          'val_precision': tensor(0.7611),
          'val_recall': tensor(0.7357)}
message: {'model_checkpoint': 0,
          'val_accuracy': tensor(0.7357),
          'val_constraints_score': 0.2560999393463135,
          'val_demographic_parity_Job': tensor(0.2551),
          'val_demographic_parity_Marital': tensor(0.3182),
          'val_demographic_parity_Race': tensor(0.1627),
          'val_f1': tensor(0.7439),
          'val_global_score': 0.2560999393463135,
          'val_loss': tensor(0.2561),
          'val_precision': tensor(0.7611),
          'val_recall': tensor(0.7357)}
message: {'model_checkpoint': 0,
          'val_accuracy': tensor(0.7476),
          'val_constraints_score': 0.2521411180496216,
          'val_demographic_parity_Job': tensor(0.2520),
          'val_demographic_parity_Marital': tensor(0.2482),
          'val_demographic_parity_Race': tensor(0.2096),
          'val_f1': tensor(0.7479),
          'val_global_score': 0.2521411180496216,
          'val_loss': tensor(0.2521),
          'val_precision': tensor(0.7482),
          'val_recall': tensor(0.7476)}
message: {'model_checkpoint': 0,
          'val_accuracy': tensor(0.7402),
          'val_constraints_score': 0.2526393532752991,
          'val_demographic_parity_Job': tensor(0.2555),
          'val_demographic_parity_Marital': tensor(0.3078),
          'val_demographic_parity_Race': tensor(0.1562),
          'val_f1': tensor(0.7474),
          'val_global_score': 0.2526393532752991,
          'val_loss': tensor(0.2526),
          'val_precision': tensor(0.7609),
          'val_recall': tensor(0.7402)}
message: {'model_checkpoint': 0,
          'val_accuracy': tensor(0.7355),
          'val_constraints_score': 0.25585871934890747,
          'val_demographic_parity_Job': tensor(0.2596),
          'val_demographic_parity_Marital': tensor(0.3286),
          'val_demographic_parity_Race': tensor(0.1616),
          'val_f1': tensor(0.7441),
          'val_global_score': 0.25585871934890747,
          'val_loss': tensor(0.2559),
          'val_precision': tensor(0.7629),
          'val_recall': tensor(0.7355)}
message: {'model_checkpoint': 0,
          'val_accuracy': tensor(0.7383),
          'val_constraints_score': 0.2525683045387268,
          'val_demographic_parity_Job': tensor(0.2845),
          'val_demographic_parity_Marital': tensor(0.3678),
          'val_demographic_parity_Race': tensor(0.1881),
          'val_f1': tensor(0.7474),
          'val_global_score': 0.2525683045387268,
          'val_loss': tensor(0.2526),
          'val_precision': tensor(0.7692),
          'val_recall': tensor(0.7383)}
message: {'model_checkpoint': 0,
          'val_accuracy': tensor(0.7448),
          'val_constraints_score': 0.24877303838729858,
          'val_demographic_parity_Job': tensor(0.2539),
          'val_demographic_parity_Marital': tensor(0.3034),
          'val_demographic_parity_Race': tensor(0.1546),
          'val_f1': tensor(0.7512),
          'val_global_score': 0.24877303838729858,
          'val_loss': tensor(0.2488),
          'val_precision': tensor(0.7628),
          'val_recall': tensor(0.7448)}
message: {'model_checkpoint': 0,
          'val_accuracy': tensor(0.7448),
          'val_constraints_score': 0.24877303838729858,
          'val_demographic_parity_Job': tensor(0.2539),
          'val_demographic_parity_Marital': tensor(0.3034),
          'val_demographic_parity_Race': tensor(0.1546),
          'val_f1': tensor(0.7512),
          'val_global_score': 0.24877303838729858,
          'val_loss': tensor(0.2488),
          'val_precision': tensor(0.7628),
          'val_recall': tensor(0.7448)}
message: {'model_checkpoint': 0,
          'val_accuracy': tensor(0.7399),
          'val_constraints_score': 0.25495147705078125,
          'val_demographic_parity_Job': tensor(0.2665),
          'val_demographic_parity_Marital': tensor(0.3031),
          'val_demographic_parity_Race': tensor(0.1758),
          'val_f1': tensor(0.7450),
          'val_global_score': 0.25495147705078125,
          'val_loss': tensor(0.2550),
          'val_precision': tensor(0.7530),
          'val_recall': tensor(0.7399)}
message: {'model_checkpoint': 0,
          'val_accuracy': tensor(0.7447),
          'val_constraints_score': 0.2495555877685547,
          'val_demographic_parity_Job': tensor(0.2691),
          'val_demographic_parity_Marital': tensor(0.3098),
          'val_demographic_parity_Race': tensor(0.1634),
          'val_f1': tensor(0.7504),
          'val_global_score': 0.2495555877685547,
          'val_loss': tensor(0.2496),
          'val_precision': tensor(0.7602),
          'val_recall': tensor(0.7447)}
message: {'model_checkpoint': 0,
          'val_accuracy': tensor(0.7381),
          'val_constraints_score': 0.2535569667816162,
          'val_demographic_parity_Job': tensor(0.2855),
          'val_demographic_parity_Marital': tensor(0.3445),
          'val_demographic_parity_Race': tensor(0.1871),
          'val_f1': tensor(0.7464),
          'val_global_score': 0.2535569667816162,
          'val_loss': tensor(0.2536),
          'val_precision': tensor(0.7643),
          'val_recall': tensor(0.7381)}
message: {'model_checkpoint': 0,
          'val_accuracy': tensor(0.7433),
          'val_constraints_score': 0.2491430640220642,
          'val_demographic_parity_Job': tensor(0.2538),
          'val_demographic_parity_Marital': tensor(0.3294),
          'val_demographic_parity_Race': tensor(0.1661),
          'val_f1': tensor(0.7509),
          'val_global_score': 0.2491430640220642,
          'val_loss': tensor(0.2491),
          'val_precision': tensor(0.7662),
          'val_recall': tensor(0.7433)}
message: {'model_checkpoint': 0,
          'val_accuracy': tensor(0.7436),
          'val_constraints_score': 0.24922841787338257,
          'val_demographic_parity_Job': tensor(0.2783),
          'val_demographic_parity_Marital': tensor(0.3320),
          'val_demographic_parity_Race': tensor(0.1664),
          'val_f1': tensor(0.7508),
          'val_global_score': 0.24922841787338257,
          'val_loss': tensor(0.2492),
          'val_precision': tensor(0.7647),
          'val_recall': tensor(0.7436)}
message: {'model_checkpoint': 0,
          'val_accuracy': tensor(0.7436),
          'val_constraints_score': 0.24922841787338257,
          'val_demographic_parity_Job': tensor(0.2783),
          'val_demographic_parity_Marital': tensor(0.3320),
          'val_demographic_parity_Race': tensor(0.1664),
          'val_f1': tensor(0.7508),
          'val_global_score': 0.24922841787338257,
          'val_loss': tensor(0.2492),
          'val_precision': tensor(0.7647),
          'val_recall': tensor(0.7436)}
message: {'model_checkpoint': 0,
          'val_accuracy': tensor(0.7383),
          'val_constraints_score': 0.25185441970825195,
          'val_demographic_parity_Job': tensor(0.3002),
          'val_demographic_parity_Marital': tensor(0.3938),
          'val_demographic_parity_Race': tensor(0.2095),
          'val_f1': tensor(0.7481),
          'val_global_score': 0.25185441970825195,
          'val_loss': tensor(0.2519),
          'val_precision': tensor(0.7740),
          'val_recall': tensor(0.7383)}
message: {'model_checkpoint': 0,
          'val_accuracy': tensor(0.7364),
          'val_constraints_score': 0.2549733519554138,
          'val_demographic_parity_Job': tensor(0.2795),
          'val_demographic_parity_Marital': tensor(0.3434),
          'val_demographic_parity_Race': tensor(0.1840),
          'val_f1': tensor(0.7450),
          'val_global_score': 0.2549733519554138,
          'val_loss': tensor(0.2550),
          'val_precision': tensor(0.7638),
          'val_recall': tensor(0.7364)}
message: {'model_checkpoint': 0,
          'val_accuracy': tensor(0.7352),
          'val_constraints_score': 0.25635164976119995,
          'val_demographic_parity_Job': tensor(0.2698),
          'val_demographic_parity_Marital': tensor(0.3390),
          'val_demographic_parity_Race': tensor(0.1807),
          'val_f1': tensor(0.7436),
          'val_global_score': 0.25635164976119995,
          'val_loss': tensor(0.2564),
          'val_precision': tensor(0.7616),
          'val_recall': tensor(0.7352)}
message: {'model_checkpoint': 1,
          'val_accuracy': tensor(0.7469),
          'val_constraints_score': 0.2448441982269287,
          'val_demographic_parity_Job': tensor(0.2844),
          'val_demographic_parity_Marital': tensor(0.3769),
          'val_demographic_parity_Race': tensor(0.1850),
          'val_f1': tensor(0.7552),
          'val_global_score': 0.2448441982269287,
          'val_loss': tensor(0.2448),
          'val_precision': tensor(0.7736),
          'val_recall': tensor(0.7469)}
message: {'model_checkpoint': 1,
          'val_accuracy': tensor(0.7531),
          'val_constraints_score': 0.241921067237854,
          'val_demographic_parity_Job': tensor(0.2829),
          'val_demographic_parity_Marital': tensor(0.3187),
          'val_demographic_parity_Race': tensor(0.1630),
          'val_f1': tensor(0.7581),
          'val_global_score': 0.241921067237854,
          'val_loss': tensor(0.2419),
          'val_precision': tensor(0.7663),
          'val_recall': tensor(0.7531)}
message: {'model_checkpoint': 0,
          'val_accuracy': tensor(0.7488),
          'val_constraints_score': 0.2446274757385254,
          'val_demographic_parity_Job': tensor(0.2762),
          'val_demographic_parity_Marital': tensor(0.3341),
          'val_demographic_parity_Race': tensor(0.1707),
          'val_f1': tensor(0.7554),
          'val_global_score': 0.2446274757385254,
          'val_loss': tensor(0.2446),
          'val_precision': tensor(0.7678),
          'val_recall': tensor(0.7488)}
message: {'model_checkpoint': 0,
          'val_accuracy': tensor(0.7407),
          'val_constraints_score': 0.2540990114212036,
          'val_demographic_parity_Job': tensor(0.2561),
          'val_demographic_parity_Marital': tensor(0.2904),
          'val_demographic_parity_Race': tensor(0.1446),
          'val_f1': tensor(0.7459),
          'val_global_score': 0.2540990114212036,
          'val_loss': tensor(0.2541),
          'val_precision': tensor(0.7541),
          'val_recall': tensor(0.7407)}
message: {'model_checkpoint': 0,
          'val_accuracy': tensor(0.7399),
          'val_constraints_score': 0.2516331672668457,
          'val_demographic_parity_Job': tensor(0.2799),
          'val_demographic_parity_Marital': tensor(0.3428),
          'val_demographic_parity_Race': tensor(0.1842),
          'val_f1': tensor(0.7484),
          'val_global_score': 0.2516331672668457,
          'val_loss': tensor(0.2516),
          'val_precision': tensor(0.7669),
          'val_recall': tensor(0.7399)}
message: {'model_checkpoint': 0,
          'val_accuracy': tensor(0.7399),
          'val_constraints_score': 0.2516331672668457,
          'val_demographic_parity_Job': tensor(0.2799),
          'val_demographic_parity_Marital': tensor(0.3428),
          'val_demographic_parity_Race': tensor(0.1842),
          'val_f1': tensor(0.7484),
          'val_global_score': 0.2516331672668457,
          'val_loss': tensor(0.2516),
          'val_precision': tensor(0.7669),
          'val_recall': tensor(0.7399)}
message: {'model_checkpoint': 0,
          'val_accuracy': tensor(0.7393),
          'val_constraints_score': 0.2544518709182739,
          'val_demographic_parity_Job': tensor(0.2687),
          'val_demographic_parity_Marital': tensor(0.3075),
          'val_demographic_parity_Race': tensor(0.1340),
          'val_f1': tensor(0.7455),
          'val_global_score': 0.2544518709182739,
          'val_loss': tensor(0.2545),
          'val_precision': tensor(0.7563),
          'val_recall': tensor(0.7393)}
message: {'model_checkpoint': 0,
          'val_accuracy': tensor(0.7526),
          'val_constraints_score': 0.2422989010810852,
          'val_demographic_parity_Job': tensor(0.2727),
          'val_demographic_parity_Marital': tensor(0.3130),
          'val_demographic_parity_Race': tensor(0.1707),
          'val_f1': tensor(0.7577),
          'val_global_score': 0.2422989010810852,
          'val_loss': tensor(0.2423),
          'val_precision': tensor(0.7661),
          'val_recall': tensor(0.7526)}
message: {'model_checkpoint': 0,
          'val_accuracy': tensor(0.7526),
          'val_constraints_score': 0.2422989010810852,
          'val_demographic_parity_Job': tensor(0.2727),
          'val_demographic_parity_Marital': tensor(0.3130),
          'val_demographic_parity_Race': tensor(0.1707),
          'val_f1': tensor(0.7577),
          'val_global_score': 0.2422989010810852,
          'val_loss': tensor(0.2423),
          'val_precision': tensor(0.7661),
          'val_recall': tensor(0.7526)}
message: {'model_checkpoint': 0,
          'val_accuracy': tensor(0.7593),
          'val_constraints_score': 0.2420872449874878,
          'val_demographic_parity_Job': tensor(0.2371),
          'val_demographic_parity_Marital': tensor(0.2798),
          'val_demographic_parity_Race': tensor(0.1874),
          'val_f1': tensor(0.7579),
          'val_global_score': 0.2420872449874878,
          'val_loss': tensor(0.2421),
          'val_precision': tensor(0.7567),
          'val_recall': tensor(0.7593)}
message: {'model_checkpoint': 0,
          'val_accuracy': tensor(0.7509),
          'val_constraints_score': 0.2446865439414978,
          'val_demographic_parity_Job': tensor(0.2653),
          'val_demographic_parity_Marital': tensor(0.3013),
          'val_demographic_parity_Race': tensor(0.1566),
          'val_f1': tensor(0.7553),
          'val_global_score': 0.2446865439414978,
          'val_loss': tensor(0.2447),
          'val_precision': tensor(0.7620),
          'val_recall': tensor(0.7509)}
message: {'model_checkpoint': 0,
          'val_accuracy': tensor(0.7431),
          'val_constraints_score': 0.24932628870010376,
          'val_demographic_parity_Job': tensor(0.2777),
          'val_demographic_parity_Marital': tensor(0.3345),
          'val_demographic_parity_Race': tensor(0.1728),
          'val_f1': tensor(0.7507),
          'val_global_score': 0.24932628870010376,
          'val_loss': tensor(0.2493),
          'val_precision': tensor(0.7659),
          'val_recall': tensor(0.7431)}
message: {'model_checkpoint': 0,
          'val_accuracy': tensor(0.7544),
          'val_constraints_score': 0.24943947792053223,
          'val_demographic_parity_Job': tensor(0.2486),
          'val_demographic_parity_Marital': tensor(0.2347),
          'val_demographic_parity_Race': tensor(0.2350),
          'val_f1': tensor(0.7506),
          'val_global_score': 0.24943947792053223,
          'val_loss': tensor(0.2494),
          'val_precision': tensor(0.7479),
          'val_recall': tensor(0.7544)}
message: {'model_checkpoint': 0,
          'val_accuracy': tensor(0.7518),
          'val_constraints_score': 0.24349123239517212,
          'val_demographic_parity_Job': tensor(0.2711),
          'val_demographic_parity_Marital': tensor(0.3057),
          'val_demographic_parity_Race': tensor(0.1566),
          'val_f1': tensor(0.7565),
          'val_global_score': 0.24349123239517212,
          'val_loss': tensor(0.2435),
          'val_precision': tensor(0.7638),
          'val_recall': tensor(0.7518)}
message: {'model_checkpoint': 0,
          'val_accuracy': tensor(0.7412),
          'val_constraints_score': 0.25114524364471436,
          'val_demographic_parity_Job': tensor(0.2738),
          'val_demographic_parity_Marital': tensor(0.3362),
          'val_demographic_parity_Race': tensor(0.1738),
          'val_f1': tensor(0.7489),
          'val_global_score': 0.25114524364471436,
          'val_loss': tensor(0.2511),
          'val_precision': tensor(0.7645),
          'val_recall': tensor(0.7412)}
message: {'model_checkpoint': 0,
          'val_accuracy': tensor(0.7511),
          'val_constraints_score': 0.24578016996383667,
          'val_demographic_parity_Job': tensor(0.2984),
          'val_demographic_parity_Marital': tensor(0.2971),
          'val_demographic_parity_Race': tensor(0.1764),
          'val_f1': tensor(0.7542),
          'val_global_score': 0.24578016996383667,
          'val_loss': tensor(0.2458),
          'val_precision': tensor(0.7585),
          'val_recall': tensor(0.7511)}
message: {'model_checkpoint': 0,
          'val_accuracy': tensor(0.7511),
          'val_constraints_score': 0.2428957223892212,
          'val_demographic_parity_Job': tensor(0.2725),
          'val_demographic_parity_Marital': tensor(0.3272),
          'val_demographic_parity_Race': tensor(0.1550),
          'val_f1': tensor(0.7571),
          'val_global_score': 0.2428957223892212,
          'val_loss': tensor(0.2429),
          'val_precision': tensor(0.7679),
          'val_recall': tensor(0.7511)}
message: {'model_checkpoint': 0,
          'val_accuracy': tensor(0.7466),
          'val_constraints_score': 0.2461199164390564,
          'val_demographic_parity_Job': tensor(0.2689),
          'val_demographic_parity_Marital': tensor(0.3464),
          'val_demographic_parity_Race': tensor(0.1705),
          'val_f1': tensor(0.7539),
          'val_global_score': 0.2461199164390564,
          'val_loss': tensor(0.2461),
          'val_precision': tensor(0.7683),
          'val_recall': tensor(0.7466)}
message: {'model_checkpoint': 1,
          'val_accuracy': tensor(0.7674),
          'val_constraints_score': tensor(0.2269),
          'val_demographic_parity_Job': tensor(0.2844),
          'val_demographic_parity_Marital': tensor(0.3843),
          'val_demographic_parity_Race': tensor(0.1857),
          'val_f1': tensor(0.7731),
          'val_loss': tensor(0.5337),
          'val_precision': tensor(0.7841),
          'val_recall': tensor(0.7674)}
message: {'final_val_accuracy': tensor(0.7674),
          'final_val_constraints_score': tensor(0.2269),
          'final_val_demographic_parity_Job': tensor(0.2844),
          'final_val_demographic_parity_Marital': tensor(0.3843),
          'final_val_demographic_parity_Race': tensor(0.1857),
          'final_val_f1': tensor(0.7731),
          'final_val_loss': tensor(0.5337),
          'final_val_precision': tensor(0.7841),
          'final_val_recall': tensor(0.7674)}
