message: {'model_checkpoint': 1,
          'val_accuracy': tensor(0.5644),
          'val_constraints_score': 0.5694722533226013,
          'val_demographic_parity_Job': tensor(0.0250),
          'val_demographic_parity_Marital': tensor(0.0298),
          'val_demographic_parity_Race': tensor(0.0287),
          'val_f1': tensor(0.4305),
          'val_global_score': 0.5694722533226013,
          'val_loss': tensor(0.5695),
          'val_precision': tensor(0.6864),
          'val_recall': tensor(0.5644)}
message: {'model_checkpoint': 1,
          'val_accuracy': tensor(0.7363),
          'val_constraints_score': 0.26316773891448975,
          'val_demographic_parity_Job': tensor(0.1875),
          'val_demographic_parity_Marital': tensor(0.3699),
          'val_demographic_parity_Race': tensor(0.3146),
          'val_f1': tensor(0.7368),
          'val_global_score': 0.26316773891448975,
          'val_loss': tensor(0.2632),
          'val_precision': tensor(0.7398),
          'val_recall': tensor(0.7363)}
message: {'model_checkpoint': 0,
          'val_accuracy': tensor(0.7066),
          'val_constraints_score': 0.29918837547302246,
          'val_demographic_parity_Job': tensor(0.1262),
          'val_demographic_parity_Marital': tensor(0.2213),
          'val_demographic_parity_Race': tensor(0.2982),
          'val_f1': tensor(0.7008),
          'val_global_score': 0.29918837547302246,
          'val_loss': tensor(0.2992),
          'val_precision': tensor(0.7094),
          'val_recall': tensor(0.7066)}
message: {'model_checkpoint': 0,
          'val_accuracy': tensor(0.7048),
          'val_constraints_score': 0.3058544397354126,
          'val_demographic_parity_Job': tensor(0.0573),
          'val_demographic_parity_Marital': tensor(0.2062),
          'val_demographic_parity_Race': tensor(0.2553),
          'val_f1': tensor(0.6941),
          'val_global_score': 0.3058544397354126,
          'val_loss': tensor(0.3059),
          'val_precision': tensor(0.7149),
          'val_recall': tensor(0.7048)}
message: {'model_checkpoint': 1,
          'val_accuracy': tensor(0.7417),
          'val_constraints_score': 0.25807249546051025,
          'val_demographic_parity_Job': tensor(0.1921),
          'val_demographic_parity_Marital': tensor(0.3729),
          'val_demographic_parity_Race': tensor(0.3158),
          'val_f1': tensor(0.7419),
          'val_global_score': 0.25807249546051025,
          'val_loss': tensor(0.2581),
          'val_precision': tensor(0.7423),
          'val_recall': tensor(0.7417)}
message: {'model_checkpoint': 0,
          'val_accuracy': tensor(0.7296),
          'val_constraints_score': 0.27150583267211914,
          'val_demographic_parity_Job': tensor(0.1621),
          'val_demographic_parity_Marital': tensor(0.2919),
          'val_demographic_parity_Race': tensor(0.3148),
          'val_f1': tensor(0.7285),
          'val_global_score': 0.27150583267211914,
          'val_loss': tensor(0.2715),
          'val_precision': tensor(0.7289),
          'val_recall': tensor(0.7296)}
message: {'model_checkpoint': 0,
          'val_accuracy': tensor(0.7296),
          'val_constraints_score': 0.27150583267211914,
          'val_demographic_parity_Job': tensor(0.1621),
          'val_demographic_parity_Marital': tensor(0.2919),
          'val_demographic_parity_Race': tensor(0.3148),
          'val_f1': tensor(0.7285),
          'val_global_score': 0.27150583267211914,
          'val_loss': tensor(0.2715),
          'val_precision': tensor(0.7289),
          'val_recall': tensor(0.7296)}
message: {'model_checkpoint': 0,
          'val_accuracy': tensor(0.7318),
          'val_constraints_score': 0.2701175808906555,
          'val_demographic_parity_Job': tensor(0.1826),
          'val_demographic_parity_Marital': tensor(0.3181),
          'val_demographic_parity_Race': tensor(0.3099),
          'val_f1': tensor(0.7299),
          'val_global_score': 0.2701175808906555,
          'val_loss': tensor(0.2701),
          'val_precision': tensor(0.7316),
          'val_recall': tensor(0.7318)}
message: {'model_checkpoint': 0,
          'val_accuracy': tensor(0.7282),
          'val_constraints_score': 0.27411210536956787,
          'val_demographic_parity_Job': tensor(0.1586),
          'val_demographic_parity_Marital': tensor(0.2906),
          'val_demographic_parity_Race': tensor(0.2752),
          'val_f1': tensor(0.7259),
          'val_global_score': 0.27411210536956787,
          'val_loss': tensor(0.2741),
          'val_precision': tensor(0.7282),
          'val_recall': tensor(0.7282)}
message: {'model_checkpoint': 0,
          'val_accuracy': tensor(0.7282),
          'val_constraints_score': 0.27411210536956787,
          'val_demographic_parity_Job': tensor(0.1586),
          'val_demographic_parity_Marital': tensor(0.2906),
          'val_demographic_parity_Race': tensor(0.2752),
          'val_f1': tensor(0.7259),
          'val_global_score': 0.27411210536956787,
          'val_loss': tensor(0.2741),
          'val_precision': tensor(0.7282),
          'val_recall': tensor(0.7282)}
message: {'model_checkpoint': 1,
          'val_accuracy': tensor(0.7490),
          'val_constraints_score': 0.2505112886428833,
          'val_demographic_parity_Job': tensor(0.2018),
          'val_demographic_parity_Marital': tensor(0.4046),
          'val_demographic_parity_Race': tensor(0.3220),
          'val_f1': tensor(0.7495),
          'val_global_score': 0.2505112886428833,
          'val_loss': tensor(0.2505),
          'val_precision': tensor(0.7511),
          'val_recall': tensor(0.7490)}
message: {'model_checkpoint': 0,
          'val_accuracy': tensor(0.7335),
          'val_constraints_score': 0.26740819215774536,
          'val_demographic_parity_Job': tensor(0.1822),
          'val_demographic_parity_Marital': tensor(0.3191),
          'val_demographic_parity_Race': tensor(0.3074),
          'val_f1': tensor(0.7326),
          'val_global_score': 0.26740819215774536,
          'val_loss': tensor(0.2674),
          'val_precision': tensor(0.7328),
          'val_recall': tensor(0.7335)}
message: {'model_checkpoint': 0,
          'val_accuracy': tensor(0.7271),
          'val_constraints_score': 0.27554851770401,
          'val_demographic_parity_Job': tensor(0.1595),
          'val_demographic_parity_Marital': tensor(0.2862),
          'val_demographic_parity_Race': tensor(0.2958),
          'val_f1': tensor(0.7245),
          'val_global_score': 0.27554851770401,
          'val_loss': tensor(0.2755),
          'val_precision': tensor(0.7272),
          'val_recall': tensor(0.7271)}
message: {'model_checkpoint': 0,
          'val_accuracy': tensor(0.7475),
          'val_constraints_score': 0.25245147943496704,
          'val_demographic_parity_Job': tensor(0.1848),
          'val_demographic_parity_Marital': tensor(0.3835),
          'val_demographic_parity_Race': tensor(0.3182),
          'val_f1': tensor(0.7475),
          'val_global_score': 0.25245147943496704,
          'val_loss': tensor(0.2525),
          'val_precision': tensor(0.7476),
          'val_recall': tensor(0.7475)}
message: {'model_checkpoint': 0,
          'val_accuracy': tensor(0.7386),
          'val_constraints_score': 0.26111507415771484,
          'val_demographic_parity_Job': tensor(0.1796),
          'val_demographic_parity_Marital': tensor(0.3408),
          'val_demographic_parity_Race': tensor(0.3224),
          'val_f1': tensor(0.7389),
          'val_global_score': 0.26111507415771484,
          'val_loss': tensor(0.2611),
          'val_precision': tensor(0.7393),
          'val_recall': tensor(0.7386)}
message: {'model_checkpoint': 0,
          'val_accuracy': tensor(0.7332),
          'val_constraints_score': 0.26804327964782715,
          'val_demographic_parity_Job': tensor(0.1697),
          'val_demographic_parity_Marital': tensor(0.3114),
          'val_demographic_parity_Race': tensor(0.3198),
          'val_f1': tensor(0.7320),
          'val_global_score': 0.26804327964782715,
          'val_loss': tensor(0.2680),
          'val_precision': tensor(0.7325),
          'val_recall': tensor(0.7332)}
message: {'model_checkpoint': 1,
          'val_accuracy': tensor(0.7572),
          'val_constraints_score': 0.24234092235565186,
          'val_demographic_parity_Job': tensor(0.1944),
          'val_demographic_parity_Marital': tensor(0.4241),
          'val_demographic_parity_Race': tensor(0.3408),
          'val_f1': tensor(0.7577),
          'val_global_score': 0.24234092235565186,
          'val_loss': tensor(0.2423),
          'val_precision': tensor(0.7594),
          'val_recall': tensor(0.7572)}
message: {'model_checkpoint': 0,
          'val_accuracy': tensor(0.7403),
          'val_constraints_score': 0.2608588933944702,
          'val_demographic_parity_Job': tensor(0.1711),
          'val_demographic_parity_Marital': tensor(0.3259),
          'val_demographic_parity_Race': tensor(0.3229),
          'val_f1': tensor(0.7391),
          'val_global_score': 0.2608588933944702,
          'val_loss': tensor(0.2609),
          'val_precision': tensor(0.7398),
          'val_recall': tensor(0.7403)}
message: {'model_checkpoint': 0,
          'val_accuracy': tensor(0.7380),
          'val_constraints_score': 0.26368385553359985,
          'val_demographic_parity_Job': tensor(0.1680),
          'val_demographic_parity_Marital': tensor(0.3184),
          'val_demographic_parity_Race': tensor(0.3123),
          'val_f1': tensor(0.7363),
          'val_global_score': 0.26368385553359985,
          'val_loss': tensor(0.2637),
          'val_precision': tensor(0.7376),
          'val_recall': tensor(0.7380)}
message: {'model_checkpoint': 0,
          'val_accuracy': tensor(0.7533),
          'val_constraints_score': 0.24713855981826782,
          'val_demographic_parity_Job': tensor(0.1821),
          'val_demographic_parity_Marital': tensor(0.4006),
          'val_demographic_parity_Race': tensor(0.3272),
          'val_f1': tensor(0.7529),
          'val_global_score': 0.24713855981826782,
          'val_loss': tensor(0.2471),
          'val_precision': tensor(0.7528),
          'val_recall': tensor(0.7533)}
message: {'model_checkpoint': 0,
          'val_accuracy': tensor(0.7473),
          'val_constraints_score': 0.25339436531066895,
          'val_demographic_parity_Job': tensor(0.1784),
          'val_demographic_parity_Marital': tensor(0.3493),
          'val_demographic_parity_Race': tensor(0.3068),
          'val_f1': tensor(0.7466),
          'val_global_score': 0.25339436531066895,
          'val_loss': tensor(0.2534),
          'val_precision': tensor(0.7467),
          'val_recall': tensor(0.7473)}
message: {'model_checkpoint': 0,
          'val_accuracy': tensor(0.7473),
          'val_constraints_score': 0.25339436531066895,
          'val_demographic_parity_Job': tensor(0.1784),
          'val_demographic_parity_Marital': tensor(0.3493),
          'val_demographic_parity_Race': tensor(0.3068),
          'val_f1': tensor(0.7466),
          'val_global_score': 0.25339436531066895,
          'val_loss': tensor(0.2534),
          'val_precision': tensor(0.7467),
          'val_recall': tensor(0.7473)}
message: {'model_checkpoint': 0,
          'val_accuracy': tensor(0.7511),
          'val_constraints_score': 0.24876487255096436,
          'val_demographic_parity_Job': tensor(0.1837),
          'val_demographic_parity_Marital': tensor(0.3951),
          'val_demographic_parity_Race': tensor(0.3125),
          'val_f1': tensor(0.7512),
          'val_global_score': 0.24876487255096436,
          'val_loss': tensor(0.2488),
          'val_precision': tensor(0.7515),
          'val_recall': tensor(0.7511)}
message: {'model_checkpoint': 0,
          'val_accuracy': tensor(0.7495),
          'val_constraints_score': 0.2509569525718689,
          'val_demographic_parity_Job': tensor(0.1658),
          'val_demographic_parity_Marital': tensor(0.3504),
          'val_demographic_parity_Race': tensor(0.3102),
          'val_f1': tensor(0.7490),
          'val_global_score': 0.2509569525718689,
          'val_loss': tensor(0.2510),
          'val_precision': tensor(0.7490),
          'val_recall': tensor(0.7495)}
message: {'model_checkpoint': 0,
          'val_accuracy': tensor(0.7495),
          'val_constraints_score': 0.2513466477394104,
          'val_demographic_parity_Job': tensor(0.1524),
          'val_demographic_parity_Marital': tensor(0.3341),
          'val_demographic_parity_Race': tensor(0.3114),
          'val_f1': tensor(0.7487),
          'val_global_score': 0.2513466477394104,
          'val_loss': tensor(0.2513),
          'val_precision': tensor(0.7490),
          'val_recall': tensor(0.7495)}
message: {'model_checkpoint': 0,
          'val_accuracy': tensor(0.7562),
          'val_constraints_score': 0.24345457553863525,
          'val_demographic_parity_Job': tensor(0.2083),
          'val_demographic_parity_Marital': tensor(0.4679),
          'val_demographic_parity_Race': tensor(0.3676),
          'val_f1': tensor(0.7565),
          'val_global_score': 0.24345457553863525,
          'val_loss': tensor(0.2435),
          'val_precision': tensor(0.7653),
          'val_recall': tensor(0.7562)}
message: {'model_checkpoint': 0,
          'val_accuracy': tensor(0.7468),
          'val_constraints_score': 0.2538148760795593,
          'val_demographic_parity_Job': tensor(0.1576),
          'val_demographic_parity_Marital': tensor(0.3393),
          'val_demographic_parity_Race': tensor(0.3279),
          'val_f1': tensor(0.7462),
          'val_global_score': 0.2538148760795593,
          'val_loss': tensor(0.2538),
          'val_precision': tensor(0.7462),
          'val_recall': tensor(0.7468)}
message: {'model_checkpoint': 0,
          'val_accuracy': tensor(0.7461),
          'val_constraints_score': 0.2546210289001465,
          'val_demographic_parity_Job': tensor(0.1618),
          'val_demographic_parity_Marital': tensor(0.3367),
          'val_demographic_parity_Race': tensor(0.3246),
          'val_f1': tensor(0.7454),
          'val_global_score': 0.2546210289001465,
          'val_loss': tensor(0.2546),
          'val_precision': tensor(0.7455),
          'val_recall': tensor(0.7461)}
message: {'model_checkpoint': 1,
          'val_accuracy': tensor(0.7621),
          'val_constraints_score': 0.2373436689376831,
          'val_demographic_parity_Job': tensor(0.2140),
          'val_demographic_parity_Marital': tensor(0.4514),
          'val_demographic_parity_Race': tensor(0.3426),
          'val_f1': tensor(0.7627),
          'val_global_score': 0.2373436689376831,
          'val_loss': tensor(0.2373),
          'val_precision': tensor(0.7657),
          'val_recall': tensor(0.7621)}
message: {'model_checkpoint': 0,
          'val_accuracy': tensor(0.7477),
          'val_constraints_score': 0.2531541585922241,
          'val_demographic_parity_Job': tensor(0.1572),
          'val_demographic_parity_Marital': tensor(0.3415),
          'val_demographic_parity_Race': tensor(0.3238),
          'val_f1': tensor(0.7468),
          'val_global_score': 0.2531541585922241,
          'val_loss': tensor(0.2532),
          'val_precision': tensor(0.7471),
          'val_recall': tensor(0.7477)}
message: {'model_checkpoint': 0,
          'val_accuracy': tensor(0.7477),
          'val_constraints_score': 0.2531541585922241,
          'val_demographic_parity_Job': tensor(0.1572),
          'val_demographic_parity_Marital': tensor(0.3415),
          'val_demographic_parity_Race': tensor(0.3238),
          'val_f1': tensor(0.7468),
          'val_global_score': 0.2531541585922241,
          'val_loss': tensor(0.2532),
          'val_precision': tensor(0.7471),
          'val_recall': tensor(0.7477)}
message: {'model_checkpoint': 0,
          'val_accuracy': tensor(0.7601),
          'val_constraints_score': 0.239371657371521,
          'val_demographic_parity_Job': tensor(0.1923),
          'val_demographic_parity_Marital': tensor(0.4327),
          'val_demographic_parity_Race': tensor(0.3537),
          'val_f1': tensor(0.7606),
          'val_global_score': 0.239371657371521,
          'val_loss': tensor(0.2394),
          'val_precision': tensor(0.7643),
          'val_recall': tensor(0.7601)}
message: {'model_checkpoint': 0,
          'val_accuracy': tensor(0.7521),
          'val_constraints_score': 0.24772405624389648,
          'val_demographic_parity_Job': tensor(0.1577),
          'val_demographic_parity_Marital': tensor(0.3751),
          'val_demographic_parity_Race': tensor(0.3273),
          'val_f1': tensor(0.7523),
          'val_global_score': 0.24772405624389648,
          'val_loss': tensor(0.2477),
          'val_precision': tensor(0.7526),
          'val_recall': tensor(0.7521)}
message: {'model_checkpoint': 0,
          'val_accuracy': tensor(0.7521),
          'val_constraints_score': 0.24807846546173096,
          'val_demographic_parity_Job': tensor(0.1676),
          'val_demographic_parity_Marital': tensor(0.3661),
          'val_demographic_parity_Race': tensor(0.3128),
          'val_f1': tensor(0.7519),
          'val_global_score': 0.24807846546173096,
          'val_loss': tensor(0.2481),
          'val_precision': tensor(0.7518),
          'val_recall': tensor(0.7521)}
message: {'model_checkpoint': 0,
          'val_accuracy': tensor(0.7575),
          'val_constraints_score': 0.2419663667678833,
          'val_demographic_parity_Job': tensor(0.2079),
          'val_demographic_parity_Marital': tensor(0.4475),
          'val_demographic_parity_Race': tensor(0.3503),
          'val_f1': tensor(0.7580),
          'val_global_score': 0.2419663667678833,
          'val_loss': tensor(0.2420),
          'val_precision': tensor(0.7602),
          'val_recall': tensor(0.7575)}
message: {'model_checkpoint': 0,
          'val_accuracy': tensor(0.7538),
          'val_constraints_score': 0.24613416194915771,
          'val_demographic_parity_Job': tensor(0.1573),
          'val_demographic_parity_Marital': tensor(0.3754),
          'val_demographic_parity_Race': tensor(0.3217),
          'val_f1': tensor(0.7539),
          'val_global_score': 0.24613416194915771,
          'val_loss': tensor(0.2461),
          'val_precision': tensor(0.7540),
          'val_recall': tensor(0.7538)}
message: {'model_checkpoint': 0,
          'val_accuracy': tensor(0.7536),
          'val_constraints_score': 0.24657726287841797,
          'val_demographic_parity_Job': tensor(0.1574),
          'val_demographic_parity_Marital': tensor(0.3677),
          'val_demographic_parity_Race': tensor(0.3152),
          'val_f1': tensor(0.7534),
          'val_global_score': 0.24657726287841797,
          'val_loss': tensor(0.2466),
          'val_precision': tensor(0.7533),
          'val_recall': tensor(0.7536)}
message: {'model_checkpoint': 0,
          'val_accuracy': tensor(0.7584),
          'val_constraints_score': 0.24158698320388794,
          'val_demographic_parity_Job': tensor(0.1828),
          'val_demographic_parity_Marital': tensor(0.4154),
          'val_demographic_parity_Race': tensor(0.3313),
          'val_f1': tensor(0.7584),
          'val_global_score': 0.24158698320388794,
          'val_loss': tensor(0.2416),
          'val_precision': tensor(0.7584),
          'val_recall': tensor(0.7584)}
message: {'model_checkpoint': 0,
          'val_accuracy': tensor(0.7543),
          'val_constraints_score': 0.2456808090209961,
          'val_demographic_parity_Job': tensor(0.1690),
          'val_demographic_parity_Marital': tensor(0.3772),
          'val_demographic_parity_Race': tensor(0.3202),
          'val_f1': tensor(0.7543),
          'val_global_score': 0.2456808090209961,
          'val_loss': tensor(0.2457),
          'val_precision': tensor(0.7543),
          'val_recall': tensor(0.7543)}
message: {'model_checkpoint': 0,
          'val_accuracy': tensor(0.7526),
          'val_constraints_score': 0.2481689453125,
          'val_demographic_parity_Job': tensor(0.1610),
          'val_demographic_parity_Marital': tensor(0.3549),
          'val_demographic_parity_Race': tensor(0.3197),
          'val_f1': tensor(0.7518),
          'val_global_score': 0.2481689453125,
          'val_loss': tensor(0.2482),
          'val_precision': tensor(0.7520),
          'val_recall': tensor(0.7526)}
message: {'model_checkpoint': 1,
          'val_accuracy': tensor(0.7635),
          'val_constraints_score': 0.23616468906402588,
          'val_demographic_parity_Job': tensor(0.2061),
          'val_demographic_parity_Marital': tensor(0.4444),
          'val_demographic_parity_Race': tensor(0.3554),
          'val_f1': tensor(0.7638),
          'val_global_score': 0.23616468906402588,
          'val_loss': tensor(0.2362),
          'val_precision': tensor(0.7647),
          'val_recall': tensor(0.7635)}
message: {'model_checkpoint': 0,
          'val_accuracy': tensor(0.7574),
          'val_constraints_score': 0.2425931692123413,
          'val_demographic_parity_Job': tensor(0.1802),
          'val_demographic_parity_Marital': tensor(0.3946),
          'val_demographic_parity_Race': tensor(0.3397),
          'val_f1': tensor(0.7574),
          'val_global_score': 0.2425931692123413,
          'val_loss': tensor(0.2426),
          'val_precision': tensor(0.7575),
          'val_recall': tensor(0.7574)}
message: {'model_checkpoint': 0,
          'val_accuracy': tensor(0.7563),
          'val_constraints_score': 0.24415475130081177,
          'val_demographic_parity_Job': tensor(0.1785),
          'val_demographic_parity_Marital': tensor(0.3880),
          'val_demographic_parity_Race': tensor(0.3288),
          'val_f1': tensor(0.7558),
          'val_global_score': 0.24415475130081177,
          'val_loss': tensor(0.2442),
          'val_precision': tensor(0.7558),
          'val_recall': tensor(0.7563)}
message: {'model_checkpoint': 0,
          'val_accuracy': tensor(0.7630),
          'val_constraints_score': 0.2366863489151001,
          'val_demographic_parity_Job': tensor(0.2007),
          'val_demographic_parity_Marital': tensor(0.4352),
          'val_demographic_parity_Race': tensor(0.3502),
          'val_f1': tensor(0.7633),
          'val_global_score': 0.2366863489151001,
          'val_loss': tensor(0.2367),
          'val_precision': tensor(0.7641),
          'val_recall': tensor(0.7630)}
message: {'model_checkpoint': 0,
          'val_accuracy': tensor(0.7599),
          'val_constraints_score': 0.2399638295173645,
          'val_demographic_parity_Job': tensor(0.1739),
          'val_demographic_parity_Marital': tensor(0.3912),
          'val_demographic_parity_Race': tensor(0.3410),
          'val_f1': tensor(0.7600),
          'val_global_score': 0.2399638295173645,
          'val_loss': tensor(0.2400),
          'val_precision': tensor(0.7602),
          'val_recall': tensor(0.7599)}
message: {'model_checkpoint': 0,
          'val_accuracy': tensor(0.7565),
          'val_constraints_score': 0.2441738247871399,
          'val_demographic_parity_Job': tensor(0.1737),
          'val_demographic_parity_Marital': tensor(0.3769),
          'val_demographic_parity_Race': tensor(0.3283),
          'val_f1': tensor(0.7558),
          'val_global_score': 0.2441738247871399,
          'val_loss': tensor(0.2442),
          'val_precision': tensor(0.7560),
          'val_recall': tensor(0.7565)}
message: {'model_checkpoint': 1,
          'val_accuracy': tensor(0.7637),
          'val_constraints_score': 0.23612993955612183,
          'val_demographic_parity_Job': tensor(0.1983),
          'val_demographic_parity_Marital': tensor(0.4330),
          'val_demographic_parity_Race': tensor(0.3460),
          'val_f1': tensor(0.7639),
          'val_global_score': 0.23612993955612183,
          'val_loss': tensor(0.2361),
          'val_precision': tensor(0.7642),
          'val_recall': tensor(0.7637)}
message: {'model_checkpoint': 0,
          'val_accuracy': tensor(0.7591),
          'val_constraints_score': 0.24086838960647583,
          'val_demographic_parity_Job': tensor(0.1751),
          'val_demographic_parity_Marital': tensor(0.3951),
          'val_demographic_parity_Race': tensor(0.3377),
          'val_f1': tensor(0.7591),
          'val_global_score': 0.24086838960647583,
          'val_loss': tensor(0.2409),
          'val_precision': tensor(0.7592),
          'val_recall': tensor(0.7591)}
message: {'model_checkpoint': 0,
          'val_accuracy': tensor(0.7563),
          'val_constraints_score': 0.24399620294570923,
          'val_demographic_parity_Job': tensor(0.1758),
          'val_demographic_parity_Marital': tensor(0.3830),
          'val_demographic_parity_Race': tensor(0.3264),
          'val_f1': tensor(0.7560),
          'val_global_score': 0.24399620294570923,
          'val_loss': tensor(0.2440),
          'val_precision': tensor(0.7559),
          'val_recall': tensor(0.7563)}
message: {'model_checkpoint': 0,
          'val_accuracy': tensor(0.7613),
          'val_constraints_score': 0.23890453577041626,
          'val_demographic_parity_Job': tensor(0.1951),
          'val_demographic_parity_Marital': tensor(0.4227),
          'val_demographic_parity_Race': tensor(0.3476),
          'val_f1': tensor(0.7611),
          'val_global_score': 0.23890453577041626,
          'val_loss': tensor(0.2389),
          'val_precision': tensor(0.7610),
          'val_recall': tensor(0.7613)}
message: {'model_checkpoint': 0,
          'val_accuracy': tensor(0.7609),
          'val_constraints_score': 0.23948943614959717,
          'val_demographic_parity_Job': tensor(0.1730),
          'val_demographic_parity_Marital': tensor(0.4010),
          'val_demographic_parity_Race': tensor(0.3333),
          'val_f1': tensor(0.7605),
          'val_global_score': 0.23948943614959717,
          'val_loss': tensor(0.2395),
          'val_precision': tensor(0.7605),
          'val_recall': tensor(0.7609)}
message: {'model_checkpoint': 0,
          'val_accuracy': tensor(0.7589),
          'val_constraints_score': 0.24183118343353271,
          'val_demographic_parity_Job': tensor(0.1805),
          'val_demographic_parity_Marital': tensor(0.3912),
          'val_demographic_parity_Race': tensor(0.3351),
          'val_f1': tensor(0.7582),
          'val_global_score': 0.24183118343353271,
          'val_loss': tensor(0.2418),
          'val_precision': tensor(0.7584),
          'val_recall': tensor(0.7589)}
message: {'model_checkpoint': 1,
          'val_accuracy': tensor(0.7696),
          'val_constraints_score': 0.23038369417190552,
          'val_demographic_parity_Job': tensor(0.1971),
          'val_demographic_parity_Marital': tensor(0.5158),
          'val_demographic_parity_Race': tensor(0.4077),
          'val_f1': tensor(0.7696),
          'val_global_score': 0.23038369417190552,
          'val_loss': tensor(0.2304),
          'val_precision': tensor(0.7837),
          'val_recall': tensor(0.7696)}
message: {'model_checkpoint': 0,
          'val_accuracy': tensor(0.7603),
          'val_constraints_score': 0.23953241109848022,
          'val_demographic_parity_Job': tensor(0.1817),
          'val_demographic_parity_Marital': tensor(0.4053),
          'val_demographic_parity_Race': tensor(0.3449),
          'val_f1': tensor(0.7605),
          'val_global_score': 0.23953241109848022,
          'val_loss': tensor(0.2395),
          'val_precision': tensor(0.7608),
          'val_recall': tensor(0.7603)}
message: {'model_checkpoint': 0,
          'val_accuracy': tensor(0.7572),
          'val_constraints_score': 0.2429758906364441,
          'val_demographic_parity_Job': tensor(0.1811),
          'val_demographic_parity_Marital': tensor(0.3934),
          'val_demographic_parity_Race': tensor(0.3291),
          'val_f1': tensor(0.7570),
          'val_global_score': 0.2429758906364441,
          'val_loss': tensor(0.2430),
          'val_precision': tensor(0.7569),
          'val_recall': tensor(0.7572)}
message: {'model_checkpoint': 1,
          'val_accuracy': tensor(0.7703),
          'val_constraints_score': 0.22935020923614502,
          'val_demographic_parity_Job': tensor(0.2077),
          'val_demographic_parity_Marital': tensor(0.4779),
          'val_demographic_parity_Race': tensor(0.3944),
          'val_f1': tensor(0.7706),
          'val_global_score': 0.22935020923614502,
          'val_loss': tensor(0.2294),
          'val_precision': tensor(0.7796),
          'val_recall': tensor(0.7703)}
message: {'model_checkpoint': 0,
          'val_accuracy': tensor(0.7586),
          'val_constraints_score': 0.24182528257369995,
          'val_demographic_parity_Job': tensor(0.1677),
          'val_demographic_parity_Marital': tensor(0.3860),
          'val_demographic_parity_Race': tensor(0.3250),
          'val_f1': tensor(0.7582),
          'val_global_score': 0.24182528257369995,
          'val_loss': tensor(0.2418),
          'val_precision': tensor(0.7581),
          'val_recall': tensor(0.7586)}
message: {'model_checkpoint': 0,
          'val_accuracy': tensor(0.7557),
          'val_constraints_score': 0.24554932117462158,
          'val_demographic_parity_Job': tensor(0.1779),
          'val_demographic_parity_Marital': tensor(0.3757),
          'val_demographic_parity_Race': tensor(0.3310),
          'val_f1': tensor(0.7545),
          'val_global_score': 0.24554932117462158,
          'val_loss': tensor(0.2455),
          'val_precision': tensor(0.7553),
          'val_recall': tensor(0.7557)}
message: {'model_checkpoint': 0,
          'val_accuracy': tensor(0.7681),
          'val_constraints_score': 0.2315373420715332,
          'val_demographic_parity_Job': tensor(0.2113),
          'val_demographic_parity_Marital': tensor(0.4861),
          'val_demographic_parity_Race': tensor(0.3725),
          'val_f1': tensor(0.7685),
          'val_global_score': 0.2315373420715332,
          'val_loss': tensor(0.2315),
          'val_precision': tensor(0.7770),
          'val_recall': tensor(0.7681)}
message: {'model_checkpoint': 0,
          'val_accuracy': tensor(0.7580),
          'val_constraints_score': 0.24250400066375732,
          'val_demographic_parity_Job': tensor(0.1732),
          'val_demographic_parity_Marital': tensor(0.3842),
          'val_demographic_parity_Race': tensor(0.3288),
          'val_f1': tensor(0.7575),
          'val_global_score': 0.24250400066375732,
          'val_loss': tensor(0.2425),
          'val_precision': tensor(0.7575),
          'val_recall': tensor(0.7580)}
message: {'model_checkpoint': 0,
          'val_accuracy': tensor(0.7580),
          'val_constraints_score': 0.24250400066375732,
          'val_demographic_parity_Job': tensor(0.1732),
          'val_demographic_parity_Marital': tensor(0.3842),
          'val_demographic_parity_Race': tensor(0.3288),
          'val_f1': tensor(0.7575),
          'val_global_score': 0.24250400066375732,
          'val_loss': tensor(0.2425),
          'val_precision': tensor(0.7575),
          'val_recall': tensor(0.7580)}
message: {'model_checkpoint': 0,
          'val_accuracy': tensor(0.7679),
          'val_constraints_score': 0.23158258199691772,
          'val_demographic_parity_Job': tensor(0.2038),
          'val_demographic_parity_Marital': tensor(0.4661),
          'val_demographic_parity_Race': tensor(0.3640),
          'val_f1': tensor(0.7684),
          'val_global_score': 0.23158258199691772,
          'val_loss': tensor(0.2316),
          'val_precision': tensor(0.7710),
          'val_recall': tensor(0.7679)}
message: {'model_checkpoint': 0,
          'val_accuracy': tensor(0.7575),
          'val_constraints_score': 0.24297690391540527,
          'val_demographic_parity_Job': tensor(0.1702),
          'val_demographic_parity_Marital': tensor(0.3855),
          'val_demographic_parity_Race': tensor(0.3267),
          'val_f1': tensor(0.7570),
          'val_global_score': 0.24297690391540527,
          'val_loss': tensor(0.2430),
          'val_precision': tensor(0.7570),
          'val_recall': tensor(0.7575)}
message: {'model_checkpoint': 0,
          'val_accuracy': tensor(0.7575),
          'val_constraints_score': 0.24297690391540527,
          'val_demographic_parity_Job': tensor(0.1702),
          'val_demographic_parity_Marital': tensor(0.3855),
          'val_demographic_parity_Race': tensor(0.3267),
          'val_f1': tensor(0.7570),
          'val_global_score': 0.24297690391540527,
          'val_loss': tensor(0.2430),
          'val_precision': tensor(0.7570),
          'val_recall': tensor(0.7575)}
message: {'model_checkpoint': 0,
          'val_accuracy': tensor(0.7681),
          'val_constraints_score': 0.2315996289253235,
          'val_demographic_parity_Job': tensor(0.2017),
          'val_demographic_parity_Marital': tensor(0.4418),
          'val_demographic_parity_Race': tensor(0.3534),
          'val_f1': tensor(0.7684),
          'val_global_score': 0.2315996289253235,
          'val_loss': tensor(0.2316),
          'val_precision': tensor(0.7692),
          'val_recall': tensor(0.7681)}
message: {'model_checkpoint': 0,
          'val_accuracy': tensor(0.7599),
          'val_constraints_score': 0.2406548261642456,
          'val_demographic_parity_Job': tensor(0.1748),
          'val_demographic_parity_Marital': tensor(0.3945),
          'val_demographic_parity_Race': tensor(0.3188),
          'val_f1': tensor(0.7593),
          'val_global_score': 0.2406548261642456,
          'val_loss': tensor(0.2407),
          'val_precision': tensor(0.7594),
          'val_recall': tensor(0.7599)}
message: {'model_checkpoint': 0,
          'val_accuracy': tensor(0.7592),
          'val_constraints_score': 0.24142998456954956,
          'val_demographic_parity_Job': tensor(0.1723),
          'val_demographic_parity_Marital': tensor(0.3967),
          'val_demographic_parity_Race': tensor(0.3250),
          'val_f1': tensor(0.7586),
          'val_global_score': 0.24142998456954956,
          'val_loss': tensor(0.2414),
          'val_precision': tensor(0.7587),
          'val_recall': tensor(0.7592)}
message: {'model_checkpoint': 0,
          'val_accuracy': tensor(0.7696),
          'val_constraints_score': tensor(0.2300),
          'val_demographic_parity_Job': tensor(0.1952),
          'val_demographic_parity_Marital': tensor(0.4835),
          'val_demographic_parity_Race': tensor(0.3823),
          'val_f1': tensor(0.7700),
          'val_loss': tensor(0.4786),
          'val_precision': tensor(0.7779),
          'val_recall': tensor(0.7696)}
message: {'final_val_accuracy': tensor(0.7703),
          'final_val_constraints_score': 0.22935020923614502,
          'final_val_demographic_parity_Job': tensor(0.2077),
          'final_val_demographic_parity_Marital': tensor(0.4779),
          'final_val_demographic_parity_Race': tensor(0.3944),
          'final_val_f1': tensor(0.7706),
          'final_val_global_score': 0.22935020923614502,
          'final_val_loss': tensor(0.2294),
          'final_val_precision': tensor(0.7796),
          'final_val_recall': tensor(0.7703)}
