message: {'model_checkpoint': 1,
          'val_accuracy': tensor(0.6172),
          'val_constraints_score': 0.5289456844329834,
          'val_demographic_parity_Marital': tensor(0.),
          'val_f1': tensor(0.4711),
          'val_global_score': 0.5289456844329834,
          'val_loss': tensor(0.5289),
          'val_precision': tensor(0.3809),
          'val_recall': tensor(0.6172)}
message: {'model_checkpoint': 1,
          'val_accuracy': tensor(0.6707),
          'val_constraints_score': 0.3534042239189148,
          'val_demographic_parity_Marital': tensor(0.1477),
          'val_f1': tensor(0.6466),
          'val_global_score': 0.3534042239189148,
          'val_loss': tensor(0.3534),
          'val_precision': tensor(0.6601),
          'val_recall': tensor(0.6707)}
message: {'model_checkpoint': 0,
          'val_accuracy': tensor(0.6716),
          'val_constraints_score': 0.36556196212768555,
          'val_demographic_parity_Marital': tensor(0.1329),
          'val_f1': tensor(0.6344),
          'val_global_score': 0.36556196212768555,
          'val_loss': tensor(0.3656),
          'val_precision': tensor(0.6673),
          'val_recall': tensor(0.6716)}
message: {'model_checkpoint': 0,
          'val_accuracy': tensor(0.6716),
          'val_constraints_score': 0.36556196212768555,
          'val_demographic_parity_Marital': tensor(0.1329),
          'val_f1': tensor(0.6344),
          'val_global_score': 0.36556196212768555,
          'val_loss': tensor(0.3656),
          'val_precision': tensor(0.6673),
          'val_recall': tensor(0.6716)}
message: {'model_checkpoint': 0,
          'val_accuracy': tensor(0.6707),
          'val_constraints_score': 0.3599475026130676,
          'val_demographic_parity_Marital': tensor(0.1786),
          'val_f1': tensor(0.6401),
          'val_global_score': 0.3599475026130676,
          'val_loss': tensor(0.3599),
          'val_precision': tensor(0.6623),
          'val_recall': tensor(0.6707)}
message: {'model_checkpoint': 0,
          'val_accuracy': tensor(0.6670),
          'val_constraints_score': 0.3605588674545288,
          'val_demographic_parity_Marital': tensor(0.1734),
          'val_f1': tensor(0.6394),
          'val_global_score': 0.3605588674545288,
          'val_loss': tensor(0.3606),
          'val_precision': tensor(0.6562),
          'val_recall': tensor(0.6670)}
message: {'model_checkpoint': 0,
          'val_accuracy': tensor(0.6670),
          'val_constraints_score': 0.3605588674545288,
          'val_demographic_parity_Marital': tensor(0.1734),
          'val_f1': tensor(0.6394),
          'val_global_score': 0.3605588674545288,
          'val_loss': tensor(0.3606),
          'val_precision': tensor(0.6562),
          'val_recall': tensor(0.6670)}
message: {'model_checkpoint': 1,
          'val_accuracy': tensor(0.6633),
          'val_constraints_score': 0.34586799144744873,
          'val_demographic_parity_Marital': tensor(0.2417),
          'val_f1': tensor(0.6541),
          'val_global_score': 0.34586799144744873,
          'val_loss': tensor(0.3459),
          'val_precision': tensor(0.6534),
          'val_recall': tensor(0.6633)}
message: {'model_checkpoint': 0,
          'val_accuracy': tensor(0.6596),
          'val_constraints_score': 0.3502333164215088,
          'val_demographic_parity_Marital': tensor(0.2260),
          'val_f1': tensor(0.6498),
          'val_global_score': 0.3502333164215088,
          'val_loss': tensor(0.3502),
          'val_precision': tensor(0.6491),
          'val_recall': tensor(0.6596)}
message: {'model_checkpoint': 0,
          'val_accuracy': tensor(0.6596),
          'val_constraints_score': 0.3502333164215088,
          'val_demographic_parity_Marital': tensor(0.2260),
          'val_f1': tensor(0.6498),
          'val_global_score': 0.3502333164215088,
          'val_loss': tensor(0.3502),
          'val_precision': tensor(0.6491),
          'val_recall': tensor(0.6596)}
message: {'model_checkpoint': 1,
          'val_accuracy': tensor(0.6817),
          'val_constraints_score': 0.3390718698501587,
          'val_demographic_parity_Marital': tensor(0.2146),
          'val_f1': tensor(0.6609),
          'val_global_score': 0.3390718698501587,
          'val_loss': tensor(0.3391),
          'val_precision': tensor(0.6731),
          'val_recall': tensor(0.6817)}
message: {'model_checkpoint': 0,
          'val_accuracy': tensor(0.6762),
          'val_constraints_score': 0.34113186597824097,
          'val_demographic_parity_Marital': tensor(0.1997),
          'val_f1': tensor(0.6589),
          'val_global_score': 0.34113186597824097,
          'val_loss': tensor(0.3411),
          'val_precision': tensor(0.6658),
          'val_recall': tensor(0.6762)}
message: {'model_checkpoint': 0,
          'val_accuracy': tensor(0.6688),
          'val_constraints_score': 0.34160590171813965,
          'val_demographic_parity_Marital': tensor(0.2179),
          'val_f1': tensor(0.6584),
          'val_global_score': 0.34160590171813965,
          'val_loss': tensor(0.3416),
          'val_precision': tensor(0.6587),
          'val_recall': tensor(0.6688)}
message: {'model_checkpoint': 0,
          'val_accuracy': tensor(0.6661),
          'val_constraints_score': 0.34128236770629883,
          'val_demographic_parity_Marital': tensor(0.1994),
          'val_f1': tensor(0.6587),
          'val_global_score': 0.34128236770629883,
          'val_loss': tensor(0.3413),
          'val_precision': tensor(0.6574),
          'val_recall': tensor(0.6661)}
message: {'model_checkpoint': 0,
          'val_accuracy': tensor(0.6716),
          'val_constraints_score': 0.33978891372680664,
          'val_demographic_parity_Marital': tensor(0.2045),
          'val_f1': tensor(0.6602),
          'val_global_score': 0.33978891372680664,
          'val_loss': tensor(0.3398),
          'val_precision': tensor(0.6614),
          'val_recall': tensor(0.6716)}
message: {'model_checkpoint': 0,
          'val_accuracy': tensor(0.6716),
          'val_constraints_score': 0.33978891372680664,
          'val_demographic_parity_Marital': tensor(0.2045),
          'val_f1': tensor(0.6602),
          'val_global_score': 0.33978891372680664,
          'val_loss': tensor(0.3398),
          'val_precision': tensor(0.6614),
          'val_recall': tensor(0.6716)}
message: {'model_checkpoint': 1,
          'val_accuracy': tensor(0.6790),
          'val_constraints_score': 0.333987832069397,
          'val_demographic_parity_Marital': tensor(0.2311),
          'val_f1': tensor(0.6660),
          'val_global_score': 0.333987832069397,
          'val_loss': tensor(0.3340),
          'val_precision': tensor(0.6691),
          'val_recall': tensor(0.6790)}
message: {'model_checkpoint': 0,
          'val_accuracy': tensor(0.6771),
          'val_constraints_score': 0.34034204483032227,
          'val_demographic_parity_Marital': tensor(0.2068),
          'val_f1': tensor(0.6597),
          'val_global_score': 0.34034204483032227,
          'val_loss': tensor(0.3403),
          'val_precision': tensor(0.6669),
          'val_recall': tensor(0.6771)}
message: {'model_checkpoint': 0,
          'val_accuracy': tensor(0.6734),
          'val_constraints_score': 0.3410605192184448,
          'val_demographic_parity_Marital': tensor(0.1954),
          'val_f1': tensor(0.6589),
          'val_global_score': 0.3410605192184448,
          'val_loss': tensor(0.3411),
          'val_precision': tensor(0.6627),
          'val_recall': tensor(0.6734)}
message: {'model_checkpoint': 0,
          'val_accuracy': tensor(0.6836),
          'val_constraints_score': 0.33632534742355347,
          'val_demographic_parity_Marital': tensor(0.2174),
          'val_f1': tensor(0.6637),
          'val_global_score': 0.33632534742355347,
          'val_loss': tensor(0.3363),
          'val_precision': tensor(0.6751),
          'val_recall': tensor(0.6836)}
message: {'model_checkpoint': 0,
          'val_accuracy': tensor(0.6854),
          'val_constraints_score': 0.33436429500579834,
          'val_demographic_parity_Marital': tensor(0.1924),
          'val_f1': tensor(0.6656),
          'val_global_score': 0.33436429500579834,
          'val_loss': tensor(0.3344),
          'val_precision': tensor(0.6773),
          'val_recall': tensor(0.6854)}
message: {'model_checkpoint': 0,
          'val_accuracy': tensor(0.6854),
          'val_constraints_score': 0.33436429500579834,
          'val_demographic_parity_Marital': tensor(0.1924),
          'val_f1': tensor(0.6656),
          'val_global_score': 0.33436429500579834,
          'val_loss': tensor(0.3344),
          'val_precision': tensor(0.6773),
          'val_recall': tensor(0.6854)}
message: {'model_checkpoint': 0,
          'val_accuracy': tensor(0.6744),
          'val_constraints_score': 0.33830946683883667,
          'val_demographic_parity_Marital': tensor(0.2108),
          'val_f1': tensor(0.6617),
          'val_global_score': 0.33830946683883667,
          'val_loss': tensor(0.3383),
          'val_precision': tensor(0.6641),
          'val_recall': tensor(0.6744)}
message: {'model_checkpoint': 0,
          'val_accuracy': tensor(0.6817),
          'val_constraints_score': 0.33424311876296997,
          'val_demographic_parity_Marital': tensor(0.1979),
          'val_f1': tensor(0.6658),
          'val_global_score': 0.33424311876296997,
          'val_loss': tensor(0.3342),
          'val_precision': tensor(0.6722),
          'val_recall': tensor(0.6817)}
message: {'model_checkpoint': 0,
          'val_accuracy': tensor(0.6790),
          'val_constraints_score': 0.3373250961303711,
          'val_demographic_parity_Marital': tensor(0.1863),
          'val_f1': tensor(0.6627),
          'val_global_score': 0.3373250961303711,
          'val_loss': tensor(0.3373),
          'val_precision': tensor(0.6690),
          'val_recall': tensor(0.6790)}
message: {'model_checkpoint': 0,
          'val_accuracy': tensor(0.6845),
          'val_constraints_score': 0.3355380892753601,
          'val_demographic_parity_Marital': tensor(0.1843),
          'val_f1': tensor(0.6645),
          'val_global_score': 0.3355380892753601,
          'val_loss': tensor(0.3355),
          'val_precision': tensor(0.6763),
          'val_recall': tensor(0.6845)}
message: {'model_checkpoint': 0,
          'val_accuracy': tensor(0.6873),
          'val_constraints_score': 0.33517372608184814,
          'val_demographic_parity_Marital': tensor(0.1798),
          'val_f1': tensor(0.6648),
          'val_global_score': 0.33517372608184814,
          'val_loss': tensor(0.3352),
          'val_precision': tensor(0.6807),
          'val_recall': tensor(0.6873)}
message: {'model_checkpoint': 0,
          'val_accuracy': tensor(0.6873),
          'val_constraints_score': 0.33517372608184814,
          'val_demographic_parity_Marital': tensor(0.1798),
          'val_f1': tensor(0.6648),
          'val_global_score': 0.33517372608184814,
          'val_loss': tensor(0.3352),
          'val_precision': tensor(0.6807),
          'val_recall': tensor(0.6873)}
message: {'model_checkpoint': 1,
          'val_accuracy': tensor(0.6817),
          'val_constraints_score': 0.3322262763977051,
          'val_demographic_parity_Marital': tensor(0.2025),
          'val_f1': tensor(0.6678),
          'val_global_score': 0.3322262763977051,
          'val_loss': tensor(0.3322),
          'val_precision': tensor(0.6721),
          'val_recall': tensor(0.6817)}
message: {'model_checkpoint': 0,
          'val_accuracy': tensor(0.6817),
          'val_constraints_score': 0.3363915681838989,
          'val_demographic_parity_Marital': tensor(0.2014),
          'val_f1': tensor(0.6636),
          'val_global_score': 0.3363915681838989,
          'val_loss': tensor(0.3364),
          'val_precision': tensor(0.6725),
          'val_recall': tensor(0.6817)}
message: {'model_checkpoint': 0,
          'val_accuracy': tensor(0.6808),
          'val_constraints_score': 0.3375523090362549,
          'val_demographic_parity_Marital': tensor(0.2005),
          'val_f1': tensor(0.6624),
          'val_global_score': 0.3375523090362549,
          'val_loss': tensor(0.3376),
          'val_precision': tensor(0.6714),
          'val_recall': tensor(0.6808)}
message: {'model_checkpoint': 1,
          'val_accuracy': tensor(0.6845),
          'val_constraints_score': 0.33185672760009766,
          'val_demographic_parity_Marital': tensor(0.1943),
          'val_f1': tensor(0.6681),
          'val_global_score': 0.33185672760009766,
          'val_loss': tensor(0.3319),
          'val_precision': tensor(0.6754),
          'val_recall': tensor(0.6845)}
message: {'model_checkpoint': 0,
          'val_accuracy': tensor(0.6827),
          'val_constraints_score': 0.33634912967681885,
          'val_demographic_parity_Marital': tensor(0.1951),
          'val_f1': tensor(0.6637),
          'val_global_score': 0.33634912967681885,
          'val_loss': tensor(0.3363),
          'val_precision': tensor(0.6737),
          'val_recall': tensor(0.6827)}
message: {'model_checkpoint': 0,
          'val_accuracy': tensor(0.6827),
          'val_constraints_score': 0.33634912967681885,
          'val_demographic_parity_Marital': tensor(0.1951),
          'val_f1': tensor(0.6637),
          'val_global_score': 0.33634912967681885,
          'val_loss': tensor(0.3363),
          'val_precision': tensor(0.6737),
          'val_recall': tensor(0.6827)}
message: {'model_checkpoint': 1,
          'val_accuracy': tensor(0.6854),
          'val_constraints_score': 0.3310610055923462,
          'val_demographic_parity_Marital': tensor(0.1979),
          'val_f1': tensor(0.6689),
          'val_global_score': 0.3310610055923462,
          'val_loss': tensor(0.3311),
          'val_precision': tensor(0.6765),
          'val_recall': tensor(0.6854)}
message: {'model_checkpoint': 0,
          'val_accuracy': tensor(0.6799),
          'val_constraints_score': 0.3338266611099243,
          'val_demographic_parity_Marital': tensor(0.2132),
          'val_f1': tensor(0.6662),
          'val_global_score': 0.3338266611099243,
          'val_loss': tensor(0.3338),
          'val_precision': tensor(0.6701),
          'val_recall': tensor(0.6799)}
message: {'model_checkpoint': 0,
          'val_accuracy': tensor(0.6799),
          'val_constraints_score': 0.3338266611099243,
          'val_demographic_parity_Marital': tensor(0.2132),
          'val_f1': tensor(0.6662),
          'val_global_score': 0.3338266611099243,
          'val_loss': tensor(0.3338),
          'val_precision': tensor(0.6701),
          'val_recall': tensor(0.6799)}
message: {'model_checkpoint': 1,
          'val_accuracy': tensor(0.6891),
          'val_constraints_score': 0.3293202519416809,
          'val_demographic_parity_Marital': tensor(0.1888),
          'val_f1': tensor(0.6707),
          'val_global_score': 0.3293202519416809,
          'val_loss': tensor(0.3293),
          'val_precision': tensor(0.6814),
          'val_recall': tensor(0.6891)}
message: {'model_checkpoint': 0,
          'val_accuracy': tensor(0.6919),
          'val_constraints_score': 0.3300287127494812,
          'val_demographic_parity_Marital': tensor(0.1887),
          'val_f1': tensor(0.6700),
          'val_global_score': 0.3300287127494812,
          'val_loss': tensor(0.3300),
          'val_precision': tensor(0.6863),
          'val_recall': tensor(0.6919)}
message: {'model_checkpoint': 0,
          'val_accuracy': tensor(0.6919),
          'val_constraints_score': 0.3300287127494812,
          'val_demographic_parity_Marital': tensor(0.1887),
          'val_f1': tensor(0.6700),
          'val_global_score': 0.3300287127494812,
          'val_loss': tensor(0.3300),
          'val_precision': tensor(0.6863),
          'val_recall': tensor(0.6919)}
message: {'model_checkpoint': 0,
          'val_accuracy': tensor(0.6670),
          'val_constraints_score': 0.33611196279525757,
          'val_demographic_parity_Marital': tensor(0.2372),
          'val_f1': tensor(0.6639),
          'val_global_score': 0.33611196279525757,
          'val_loss': tensor(0.3361),
          'val_precision': tensor(0.6622),
          'val_recall': tensor(0.6670)}
message: {'model_checkpoint': 0,
          'val_accuracy': tensor(0.6661),
          'val_constraints_score': 0.33979302644729614,
          'val_demographic_parity_Marital': tensor(0.2209),
          'val_f1': tensor(0.6602),
          'val_global_score': 0.33979302644729614,
          'val_loss': tensor(0.3398),
          'val_precision': tensor(0.6585),
          'val_recall': tensor(0.6661)}
message: {'model_checkpoint': 0,
          'val_accuracy': tensor(0.6661),
          'val_constraints_score': 0.33979302644729614,
          'val_demographic_parity_Marital': tensor(0.2209),
          'val_f1': tensor(0.6602),
          'val_global_score': 0.33979302644729614,
          'val_loss': tensor(0.3398),
          'val_precision': tensor(0.6585),
          'val_recall': tensor(0.6661)}
message: {'model_checkpoint': 1,
          'val_accuracy': tensor(0.6854),
          'val_constraints_score': 0.31693345308303833,
          'val_demographic_parity_Marital': tensor(0.2372),
          'val_f1': tensor(0.6831),
          'val_global_score': 0.31693345308303833,
          'val_loss': tensor(0.3169),
          'val_precision': tensor(0.6817),
          'val_recall': tensor(0.6854)}
message: {'model_checkpoint': 0,
          'val_accuracy': tensor(0.6762),
          'val_constraints_score': 0.33005619049072266,
          'val_demographic_parity_Marital': tensor(0.1994),
          'val_f1': tensor(0.6699),
          'val_global_score': 0.33005619049072266,
          'val_loss': tensor(0.3301),
          'val_precision': tensor(0.6687),
          'val_recall': tensor(0.6762)}
message: {'model_checkpoint': 0,
          'val_accuracy': tensor(0.6762),
          'val_constraints_score': 0.33005619049072266,
          'val_demographic_parity_Marital': tensor(0.1994),
          'val_f1': tensor(0.6699),
          'val_global_score': 0.33005619049072266,
          'val_loss': tensor(0.3301),
          'val_precision': tensor(0.6687),
          'val_recall': tensor(0.6762)}
message: {'model_checkpoint': 0,
          'val_accuracy': tensor(0.6845),
          'val_constraints_score': tensor(0.3187),
          'val_demographic_parity_Marital': tensor(0.2078),
          'val_f1': tensor(0.6813),
          'val_loss': tensor(0.6778),
          'val_precision': tensor(0.6798),
          'val_recall': tensor(0.6845)}
message: {'final_val_accuracy': tensor(0.6854),
          'final_val_constraints_score': 0.31693345308303833,
          'final_val_demographic_parity_Marital': tensor(0.2372),
          'final_val_f1': tensor(0.6831),
          'final_val_global_score': 0.31693345308303833,
          'final_val_loss': tensor(0.3169),
          'final_val_precision': tensor(0.6817),
          'final_val_recall': tensor(0.6854)}
