message: {'global_checkpoint': 1,
          'global_early_stopping': 0,
          'val_accuracy': tensor(0.6709),
          'val_demographic_parity_Marital': tensor(0.),
          'val_f1': tensor(0.5401),
          'val_global_score': 0.45993998646736145,
          'val_loss': tensor(0.4599),
          'val_precision': tensor(0.4531),
          'val_recall': tensor(0.6709)}
message: {'global_checkpoint': 1,
          'global_early_stopping': 0,
          'val_accuracy': tensor(0.6946),
          'val_demographic_parity_Marital': tensor(0.1204),
          'val_f1': tensor(0.6734),
          'val_global_score': 0.3265957236289978,
          'val_loss': tensor(0.3266),
          'val_precision': tensor(0.6768),
          'val_recall': tensor(0.6946)}
message: {'global_checkpoint': 1,
          'global_early_stopping': 0,
          'val_accuracy': tensor(0.7010),
          'val_demographic_parity_Marital': tensor(0.1594),
          'val_f1': tensor(0.6751),
          'val_global_score': 0.3249299228191376,
          'val_loss': tensor(0.3249),
          'val_precision': tensor(0.6839),
          'val_recall': tensor(0.7010)}
message: {'global_checkpoint': 1,
          'global_early_stopping': 0,
          'val_accuracy': tensor(0.6885),
          'val_demographic_parity_Marital': tensor(0.2036),
          'val_f1': tensor(0.6821),
          'val_global_score': 0.317926287651062,
          'val_loss': tensor(0.3179),
          'val_precision': tensor(0.6802),
          'val_recall': tensor(0.6885)}
message: {'global_checkpoint': 1,
          'global_early_stopping': 0,
          'val_accuracy': tensor(0.7065),
          'val_demographic_parity_Marital': tensor(0.1753),
          'val_f1': tensor(0.6875),
          'val_global_score': 0.31248563528060913,
          'val_loss': tensor(0.3125),
          'val_precision': tensor(0.6909),
          'val_recall': tensor(0.7065)}
message: {'global_checkpoint': 0,
          'global_early_stopping': 1,
          'val_accuracy': tensor(0.6963),
          'val_demographic_parity_Marital': tensor(0.1762),
          'val_f1': tensor(0.6872),
          'val_global_score': 0.3127868175506592,
          'val_loss': tensor(0.3128),
          'val_precision': tensor(0.6855),
          'val_recall': tensor(0.6963)}
message: {'global_checkpoint': 1,
          'global_early_stopping': 0,
          'val_accuracy': tensor(0.7014),
          'val_demographic_parity_Marital': tensor(0.2123),
          'val_f1': tensor(0.6920),
          'val_global_score': 0.3079695403575897,
          'val_loss': tensor(0.3080),
          'val_precision': tensor(0.6915),
          'val_recall': tensor(0.7014)}
message: {'global_checkpoint': 0,
          'global_early_stopping': 1,
          'val_accuracy': tensor(0.7103),
          'val_demographic_parity_Marital': tensor(0.1804),
          'val_f1': tensor(0.6913),
          'val_global_score': 0.3086872696876526,
          'val_loss': tensor(0.3087),
          'val_precision': tensor(0.6948),
          'val_recall': tensor(0.7103)}
message: {'global_checkpoint': 0,
          'global_early_stopping': 2,
          'val_accuracy': tensor(0.6993),
          'val_demographic_parity_Marital': tensor(0.1770),
          'val_f1': tensor(0.6886),
          'val_global_score': 0.3113747239112854,
          'val_loss': tensor(0.3114),
          'val_precision': tensor(0.6872),
          'val_recall': tensor(0.6993)}
message: {'global_checkpoint': 1,
          'global_early_stopping': 0,
          'val_accuracy': tensor(0.7118),
          'val_demographic_parity_Marital': tensor(0.1577),
          'val_f1': tensor(0.6923),
          'val_global_score': 0.3076808452606201,
          'val_loss': tensor(0.3077),
          'val_precision': tensor(0.6962),
          'val_recall': tensor(0.7118)}
message: {'global_checkpoint': 0,
          'global_early_stopping': 1,
          'val_accuracy': tensor(0.7032),
          'val_demographic_parity_Marital': tensor(0.1871),
          'val_f1': tensor(0.6916),
          'val_global_score': 0.3084275722503662,
          'val_loss': tensor(0.3084),
          'val_precision': tensor(0.6911),
          'val_recall': tensor(0.7032)}
message: {'global_checkpoint': 0,
          'global_early_stopping': 2,
          'val_accuracy': tensor(0.7042),
          'val_demographic_parity_Marital': tensor(0.1908),
          'val_f1': tensor(0.6920),
          'val_global_score': 0.3079511225223541,
          'val_loss': tensor(0.3080),
          'val_precision': tensor(0.6916),
          'val_recall': tensor(0.7042)}
message: {'global_checkpoint': 1,
          'global_early_stopping': 0,
          'val_accuracy': tensor(0.6964),
          'val_demographic_parity_Marital': tensor(0.2178),
          'val_f1': tensor(0.6950),
          'val_global_score': 0.3049590289592743,
          'val_loss': tensor(0.3050),
          'val_precision': tensor(0.6948),
          'val_recall': tensor(0.6964)}
message: {'global_checkpoint': 1,
          'global_early_stopping': 0,
          'val_accuracy': tensor(0.7169),
          'val_demographic_parity_Marital': tensor(0.1593),
          'val_f1': tensor(0.6959),
          'val_global_score': 0.3040960729122162,
          'val_loss': tensor(0.3041),
          'val_precision': tensor(0.7025),
          'val_recall': tensor(0.7169)}
message: {'global_checkpoint': 0,
          'global_early_stopping': 1,
          'val_accuracy': tensor(0.6891),
          'val_demographic_parity_Marital': tensor(0.2222),
          'val_f1': tensor(0.6891),
          'val_global_score': 0.31088021397590637,
          'val_loss': tensor(0.3109),
          'val_precision': tensor(0.6902),
          'val_recall': tensor(0.6891)}
message: {'global_checkpoint': 1,
          'global_early_stopping': 0,
          'val_accuracy': tensor(0.7032),
          'val_demographic_parity_Marital': tensor(0.2343),
          'val_f1': tensor(0.7040),
          'val_global_score': 0.2960315942764282,
          'val_loss': tensor(0.2960),
          'val_precision': tensor(0.7057),
          'val_recall': tensor(0.7032)}
message: {'final_global_early_stopping': 0,
          'final_val_accuracy': tensor(0.7032),
          'final_val_demographic_parity_Marital': tensor(0.2343),
          'final_val_f1': tensor(0.7040),
          'final_val_global_score': 0.2960315942764282,
          'final_val_loss': tensor(0.2960),
          'final_val_precision': tensor(0.7057),
          'final_val_recall': tensor(0.7032)}
