message: {'model_checkpoint': 1,
          'val_accuracy': tensor(0.5448),
          'val_constraints_score': 0.6093645095825195,
          'val_demographic_parity_Job': tensor(0.0143),
          'val_demographic_parity_Marital': tensor(0.0076),
          'val_demographic_parity_Race': tensor(0.0085),
          'val_f1': tensor(0.3906),
          'val_global_score': 0.6093645095825195,
          'val_loss': tensor(0.6094),
          'val_precision': tensor(0.6917),
          'val_recall': tensor(0.5448)}
message: {'model_checkpoint': 1,
          'val_accuracy': tensor(0.7351),
          'val_constraints_score': 0.2664141058921814,
          'val_demographic_parity_Job': tensor(0.2835),
          'val_demographic_parity_Marital': tensor(0.2591),
          'val_demographic_parity_Race': tensor(0.2942),
          'val_f1': tensor(0.7336),
          'val_global_score': 0.2664141058921814,
          'val_loss': tensor(0.2664),
          'val_precision': tensor(0.7351),
          'val_recall': tensor(0.7351)}
