message: {'model_checkpoint': 1,
          'train_accuracy': tensor(0.7850),
          'train_f1': tensor(0.6905),
          'train_precision': tensor(0.6163),
          'train_recall': tensor(0.7850),
          'val_accuracy': tensor(0.7849),
          'val_f1': tensor(0.6903),
          'val_precision': tensor(0.6160),
          'val_recall': tensor(0.7849)}
message: {'model_checkpoint': 0,
          'train_accuracy': tensor(0.7850),
          'train_f1': tensor(0.6905),
          'train_precision': tensor(0.6163),
          'train_recall': tensor(0.7850),
          'val_accuracy': tensor(0.7849),
          'val_f1': tensor(0.6903),
          'val_precision': tensor(0.6160),
          'val_recall': tensor(0.7849)}
message: {'model_checkpoint': 0,
          'train_accuracy': tensor(0.7850),
          'train_f1': tensor(0.6905),
          'train_precision': tensor(0.6163),
          'train_recall': tensor(0.7850),
          'val_accuracy': tensor(0.7849),
          'val_f1': tensor(0.6903),
          'val_precision': tensor(0.6160),
          'val_recall': tensor(0.7849)}
message: {'model_checkpoint': 0,
          'train_accuracy': tensor(0.7850),
          'train_f1': tensor(0.6905),
          'train_precision': tensor(0.6163),
          'train_recall': tensor(0.7850),
          'val_accuracy': tensor(0.7849),
          'val_f1': tensor(0.6903),
          'val_precision': tensor(0.6160),
          'val_recall': tensor(0.7849)}
message: {'model_checkpoint': 0,
          'train_accuracy': tensor(0.7850),
          'train_f1': tensor(0.6905),
          'train_precision': tensor(0.6163),
          'train_recall': tensor(0.7850),
          'val_accuracy': tensor(0.7849),
          'val_f1': tensor(0.6903),
          'val_precision': tensor(0.6160),
          'val_recall': tensor(0.7849)}
message: {'model_checkpoint': 0,
          'train_accuracy': tensor(0.7850),
          'train_f1': tensor(0.6905),
          'train_precision': tensor(0.6163),
          'train_recall': tensor(0.7850),
          'val_accuracy': tensor(0.7849),
          'val_f1': tensor(0.6903),
          'val_precision': tensor(0.6160),
          'val_recall': tensor(0.7849)}
message: {'model_checkpoint': 0,
          'train_accuracy': tensor(0.7850),
          'train_f1': tensor(0.6905),
          'train_precision': tensor(0.6163),
          'train_recall': tensor(0.7850),
          'val_accuracy': tensor(0.7849),
          'val_f1': tensor(0.6903),
          'val_precision': tensor(0.6160),
          'val_recall': tensor(0.7849)}
message: {'model_checkpoint': 0,
          'train_accuracy': tensor(0.7850),
          'train_f1': tensor(0.6905),
          'train_precision': tensor(0.6163),
          'train_recall': tensor(0.7850),
          'val_accuracy': tensor(0.7849),
          'val_f1': tensor(0.6903),
          'val_precision': tensor(0.6160),
          'val_recall': tensor(0.7849)}
message: {'model_checkpoint': 0,
          'train_accuracy': tensor(0.7850),
          'train_f1': tensor(0.6905),
          'train_precision': tensor(0.6163),
          'train_recall': tensor(0.7850),
          'val_accuracy': tensor(0.7849),
          'val_f1': tensor(0.6903),
          'val_precision': tensor(0.6160),
          'val_recall': tensor(0.7849)}
message: {'model_checkpoint': 0,
          'train_accuracy': tensor(0.7850),
          'train_f1': tensor(0.6905),
          'train_precision': tensor(0.6163),
          'train_recall': tensor(0.7850),
          'val_accuracy': tensor(0.7849),
          'val_f1': tensor(0.6903),
          'val_precision': tensor(0.6160),
          'val_recall': tensor(0.7849)}
