message: {'global_early_stopping': 0,
          'global_round': 1,
          'global_train_accuracy': 0.80307895,
          'global_train_demographic_parity_Gender': 0.07368524,
          'global_train_demographic_parity_Marital': 0.5688633,
          'global_train_demographic_parity_Race': 0.3837099,
          'global_train_equalized_odds_Gender': 0.09043957,
          'global_train_equalized_odds_Marital': 0.56716263,
          'global_train_equalized_odds_Race': 0.33481082,
          'global_train_f1': 0.8032811,
          'global_train_precision': 0.8047453,
          'global_train_recall': 0.80307895,
          'global_val_accuracy': 0.80418414,
          'global_val_demographic_parity_Gender': 0.069087215,
          'global_val_demographic_parity_Marital': 0.56753147,
          'global_val_demographic_parity_Race': 0.40563756,
          'global_val_equalized_odds_Gender': 0.08569013,
          'global_val_equalized_odds_Marital': 0.5853728,
          'global_val_equalized_odds_Race': 0.35434145,
          'global_val_f1': 0.80443335,
          'global_val_precision': 0.80597764,
          'global_val_recall': 0.80418414}
message: {'global_early_stopping': 0,
          'global_round': 2,
          'global_train_accuracy': 0.80632734,
          'global_train_demographic_parity_Gender': 0.07552811,
          'global_train_demographic_parity_Marital': 0.53729546,
          'global_train_demographic_parity_Race': 0.38273805,
          'global_train_equalized_odds_Gender': 0.08172844,
          'global_train_equalized_odds_Marital': 0.5244849,
          'global_train_equalized_odds_Race': 0.3199911,
          'global_train_f1': 0.8067911,
          'global_train_precision': 0.8086653,
          'global_train_recall': 0.80632734,
          'global_val_accuracy': 0.8066519,
          'global_val_demographic_parity_Gender': 0.07021268,
          'global_val_demographic_parity_Marital': 0.5364599,
          'global_val_demographic_parity_Race': 0.39740157,
          'global_val_equalized_odds_Gender': 0.07658396,
          'global_val_equalized_odds_Marital': 0.53693795,
          'global_val_equalized_odds_Race': 0.3296625,
          'global_val_f1': 0.8071841,
          'global_val_precision': 0.80922794,
          'global_val_recall': 0.8066519}
message: {'global_early_stopping': 0,
          'global_round': 3,
          'global_train_accuracy': 0.80669117,
          'global_train_demographic_parity_Gender': 0.07596481,
          'global_train_demographic_parity_Marital': 0.5420438,
          'global_train_demographic_parity_Race': 0.38197842,
          'global_train_equalized_odds_Gender': 0.081149526,
          'global_train_equalized_odds_Marital': 0.5197637,
          'global_train_equalized_odds_Race': 0.31003258,
          'global_train_f1': 0.8074938,
          'global_train_precision': 0.8100461,
          'global_train_recall': 0.80669117,
          'global_val_accuracy': 0.807459,
          'global_val_demographic_parity_Gender': 0.07123113,
          'global_val_demographic_parity_Marital': 0.53879476,
          'global_val_demographic_parity_Race': 0.3978558,
          'global_val_equalized_odds_Gender': 0.07662017,
          'global_val_equalized_odds_Marital': 0.5280463,
          'global_val_equalized_odds_Race': 0.32262722,
          'global_val_f1': 0.80833566,
          'global_val_precision': 0.81107455,
          'global_val_recall': 0.807459}
message: {'global_early_stopping': 1,
          'global_round': 4,
          'global_train_accuracy': 0.8065484,
          'global_train_demographic_parity_Gender': 0.07655226,
          'global_train_demographic_parity_Marital': 0.5432547,
          'global_train_demographic_parity_Race': 0.3796399,
          'global_train_equalized_odds_Gender': 0.08094865,
          'global_train_equalized_odds_Marital': 0.5129806,
          'global_train_equalized_odds_Race': 0.29809293,
          'global_train_f1': 0.8076599,
          'global_train_precision': 0.81087434,
          'global_train_recall': 0.8065484,
          'global_val_accuracy': 0.80700666,
          'global_val_demographic_parity_Gender': 0.07157268,
          'global_val_demographic_parity_Marital': 0.53831196,
          'global_val_demographic_parity_Race': 0.39235538,
          'global_val_equalized_odds_Gender': 0.07666634,
          'global_val_equalized_odds_Marital': 0.52332425,
          'global_val_equalized_odds_Race': 0.31064564,
          'global_val_f1': 0.8081528,
          'global_val_precision': 0.8115012,
          'global_val_recall': 0.8070067}
message: {'global_early_stopping': 0,
          'global_round': 5,
          'global_train_accuracy': 0.8095686,
          'global_train_demographic_parity_Gender': 0.073203474,
          'global_train_demographic_parity_Marital': 0.528196,
          'global_train_demographic_parity_Race': 0.37059003,
          'global_train_equalized_odds_Gender': 0.07981908,
          'global_train_equalized_odds_Marital': 0.5056313,
          'global_train_equalized_odds_Race': 0.3000781,
          'global_train_f1': 0.8099949,
          'global_train_precision': 0.81154317,
          'global_train_recall': 0.8095686,
          'global_val_accuracy': 0.8092307,
          'global_val_demographic_parity_Gender': 0.06879775,
          'global_val_demographic_parity_Marital': 0.52433634,
          'global_val_demographic_parity_Race': 0.38679117,
          'global_val_equalized_odds_Gender': 0.07357895,
          'global_val_equalized_odds_Marital': 0.51858,
          'global_val_equalized_odds_Race': 0.3142981,
          'global_val_f1': 0.80973035,
          'global_val_precision': 0.8114479,
          'global_val_recall': 0.8092306}
message: {'global_early_stopping': 0,
          'global_round': 6,
          'global_train_accuracy': 0.8091232,
          'global_train_demographic_parity_Gender': 0.074630775,
          'global_train_demographic_parity_Marital': 0.53281116,
          'global_train_demographic_parity_Race': 0.3733173,
          'global_train_equalized_odds_Gender': 0.07837109,
          'global_train_equalized_odds_Marital': 0.5068949,
          'global_train_equalized_odds_Race': 0.29664677,
          'global_train_f1': 0.8098515,
          'global_train_precision': 0.8120524,
          'global_train_recall': 0.8091232,
          'global_val_accuracy': 0.8090743,
          'global_val_demographic_parity_Gender': 0.069962695,
          'global_val_demographic_parity_Marital': 0.5272811,
          'global_val_demographic_parity_Race': 0.38821936,
          'global_val_equalized_odds_Gender': 0.072055414,
          'global_val_equalized_odds_Marital': 0.517665,
          'global_val_equalized_odds_Race': 0.31173253,
          'global_val_f1': 0.8098585,
          'global_val_precision': 0.812146,
          'global_val_recall': 0.8090743}
message: {'global_early_stopping': 0,
          'global_round': 7,
          'global_train_accuracy': 0.81023294,
          'global_train_demographic_parity_Gender': 0.07377932,
          'global_train_demographic_parity_Marital': 0.53284657,
          'global_train_demographic_parity_Race': 0.36904007,
          'global_train_equalized_odds_Gender': 0.0802409,
          'global_train_equalized_odds_Marital': 0.5128397,
          'global_train_equalized_odds_Race': 0.29468128,
          'global_train_f1': 0.81078166,
          'global_train_precision': 0.81263936,
          'global_train_recall': 0.81023294,
          'global_val_accuracy': 0.81014633,
          'global_val_demographic_parity_Gender': 0.07008197,
          'global_val_demographic_parity_Marital': 0.5279168,
          'global_val_demographic_parity_Race': 0.38426268,
          'global_val_equalized_odds_Gender': 0.074842356,
          'global_val_equalized_odds_Marital': 0.5265974,
          'global_val_equalized_odds_Race': 0.30987173,
          'global_val_f1': 0.8107047,
          'global_val_precision': 0.8126165,
          'global_val_recall': 0.81014633}
message: {'global_early_stopping': 0,
          'global_round': 8,
          'global_train_accuracy': 0.81117153,
          'global_train_demographic_parity_Gender': 0.072795846,
          'global_train_demographic_parity_Marital': 0.5304166,
          'global_train_demographic_parity_Race': 0.367886,
          'global_train_equalized_odds_Gender': 0.077410735,
          'global_train_equalized_odds_Marital': 0.5117623,
          'global_train_equalized_odds_Race': 0.2948404,
          'global_train_f1': 0.81155616,
          'global_train_precision': 0.8130361,
          'global_train_recall': 0.81117153,
          'global_val_accuracy': 0.8110409,
          'global_val_demographic_parity_Gender': 0.06928602,
          'global_val_demographic_parity_Marital': 0.5240138,
          'global_val_demographic_parity_Race': 0.38360503,
          'global_val_equalized_odds_Gender': 0.07240049,
          'global_val_equalized_odds_Marital': 0.52291477,
          'global_val_equalized_odds_Race': 0.3108041,
          'global_val_f1': 0.81143683,
          'global_val_precision': 0.81297636,
          'global_val_recall': 0.8110409}
message: {'global_early_stopping': 1,
          'global_round': 9,
          'global_train_accuracy': 0.8091136,
          'global_train_demographic_parity_Gender': 0.07564301,
          'global_train_demographic_parity_Marital': 0.5361799,
          'global_train_demographic_parity_Race': 0.37233445,
          'global_train_equalized_odds_Gender': 0.08167747,
          'global_train_equalized_odds_Marital': 0.5070315,
          'global_train_equalized_odds_Race': 0.2868444,
          'global_train_f1': 0.81011695,
          'global_train_precision': 0.8131234,
          'global_train_recall': 0.8091136,
          'global_val_accuracy': 0.809196,
          'global_val_demographic_parity_Gender': 0.07147148,
          'global_val_demographic_parity_Marital': 0.53089774,
          'global_val_demographic_parity_Race': 0.386213,
          'global_val_equalized_odds_Gender': 0.07516161,
          'global_val_equalized_odds_Marital': 0.5212118,
          'global_val_equalized_odds_Race': 0.30697793,
          'global_val_f1': 0.8102029,
          'global_val_precision': 0.8132246,
          'global_val_recall': 0.809196}
message: {'global_early_stopping': 2,
          'global_round': 10,
          'global_train_accuracy': 0.8106939,
          'global_train_demographic_parity_Gender': 0.07347362,
          'global_train_demographic_parity_Marital': 0.528267,
          'global_train_demographic_parity_Race': 0.3665281,
          'global_train_equalized_odds_Gender': 0.07793017,
          'global_train_equalized_odds_Marital': 0.4978777,
          'global_train_equalized_odds_Race': 0.2847124,
          'global_train_f1': 0.8114303,
          'global_train_precision': 0.8135646,
          'global_train_recall': 0.8106939,
          'global_val_accuracy': 0.8102425,
          'global_val_demographic_parity_Gender': 0.070129566,
          'global_val_demographic_parity_Marital': 0.52235067,
          'global_val_demographic_parity_Race': 0.38176015,
          'global_val_equalized_odds_Gender': 0.07236646,
          'global_val_equalized_odds_Marital': 0.51081157,
          'global_val_equalized_odds_Race': 0.3053688,
          'global_val_f1': 0.81100625,
          'global_val_precision': 0.81324327,
          'global_val_recall': 0.8102425}
message: {'global_early_stopping': 0,
          'global_round': 11,
          'global_train_accuracy': 0.81163675,
          'global_train_demographic_parity_Gender': 0.07277266,
          'global_train_demographic_parity_Marital': 0.5273625,
          'global_train_demographic_parity_Race': 0.36702567,
          'global_train_equalized_odds_Gender': 0.07985695,
          'global_train_equalized_odds_Marital': 0.5029485,
          'global_train_equalized_odds_Race': 0.28873017,
          'global_train_f1': 0.81222534,
          'global_train_precision': 0.8141006,
          'global_train_recall': 0.81163675,
          'global_val_accuracy': 0.8114705,
          'global_val_demographic_parity_Gender': 0.06932618,
          'global_val_demographic_parity_Marital': 0.5220924,
          'global_val_demographic_parity_Race': 0.38124207,
          'global_val_equalized_odds_Gender': 0.074165575,
          'global_val_equalized_odds_Marital': 0.5148434,
          'global_val_equalized_odds_Race': 0.30522072,
          'global_val_f1': 0.8120796,
          'global_val_precision': 0.8140453,
          'global_val_recall': 0.8114705}
message: {'global_early_stopping': 0,
          'global_round': 12,
          'global_train_accuracy': 0.8127901,
          'global_train_demographic_parity_Gender': 0.071506895,
          'global_train_demographic_parity_Marital': 0.5246686,
          'global_train_demographic_parity_Race': 0.36347032,
          'global_train_equalized_odds_Gender': 0.07807342,
          'global_train_equalized_odds_Marital': 0.5004491,
          'global_train_equalized_odds_Race': 0.28805524,
          'global_train_f1': 0.8131169,
          'global_train_precision': 0.81439763,
          'global_train_recall': 0.8127901,
          'global_val_accuracy': 0.8122333,
          'global_val_demographic_parity_Gender': 0.06849387,
          'global_val_demographic_parity_Marital': 0.51893884,
          'global_val_demographic_parity_Race': 0.37868065,
          'global_val_equalized_odds_Gender': 0.07341087,
          'global_val_equalized_odds_Marital': 0.51254165,
          'global_val_equalized_odds_Race': 0.3041533,
          'global_val_f1': 0.81260955,
          'global_val_precision': 0.8140125,
          'global_val_recall': 0.8122333}
message: {'global_early_stopping': 1,
          'global_round': 13,
          'global_train_accuracy': 0.81192076,
          'global_train_demographic_parity_Gender': 0.07269439,
          'global_train_demographic_parity_Marital': 0.5229375,
          'global_train_demographic_parity_Race': 0.3647998,
          'global_train_equalized_odds_Gender': 0.077611,
          'global_train_equalized_odds_Marital': 0.4951516,
          'global_train_equalized_odds_Race': 0.2844747,
          'global_train_f1': 0.8125068,
          'global_train_precision': 0.81435823,
          'global_train_recall': 0.81192076,
          'global_val_accuracy': 0.8118332,
          'global_val_demographic_parity_Gender': 0.0693937,
          'global_val_demographic_parity_Marital': 0.5174998,
          'global_val_demographic_parity_Race': 0.37921676,
          'global_val_equalized_odds_Gender': 0.073224895,
          'global_val_equalized_odds_Marital': 0.50797486,
          'global_val_equalized_odds_Race': 0.30059627,
          'global_val_f1': 0.81247663,
          'global_val_precision': 0.8144902,
          'global_val_recall': 0.8118332}
message: {'global_early_stopping': 2,
          'global_round': 14,
          'global_train_accuracy': 0.81083745,
          'global_train_demographic_parity_Gender': 0.074241966,
          'global_train_demographic_parity_Marital': 0.52975565,
          'global_train_demographic_parity_Race': 0.36789754,
          'global_train_equalized_odds_Gender': 0.07783856,
          'global_train_equalized_odds_Marital': 0.49044567,
          'global_train_equalized_odds_Race': 0.27910894,
          'global_train_f1': 0.8118905,
          'global_train_precision': 0.81483495,
          'global_train_recall': 0.81083745,
          'global_val_accuracy': 0.8103134,
          'global_val_demographic_parity_Gender': 0.070451654,
          'global_val_demographic_parity_Marital': 0.524756,
          'global_val_demographic_parity_Race': 0.38286096,
          'global_val_equalized_odds_Gender': 0.072765455,
          'global_val_equalized_odds_Marital': 0.5004213,
          'global_val_equalized_odds_Race': 0.2990708,
          'global_val_f1': 0.8114184,
          'global_val_precision': 0.8145031,
          'global_val_recall': 0.8103134}
message: {'global_early_stopping': 3,
          'global_round': 15,
          'global_train_accuracy': 0.8110994,
          'global_train_demographic_parity_Gender': 0.07463399,
          'global_train_demographic_parity_Marital': 0.5326959,
          'global_train_demographic_parity_Race': 0.36800614,
          'global_train_equalized_odds_Gender': 0.07938476,
          'global_train_equalized_odds_Marital': 0.49905887,
          'global_train_equalized_odds_Race': 0.27965203,
          'global_train_f1': 0.81209123,
          'global_train_precision': 0.81499434,
          'global_train_recall': 0.8110994,
          'global_val_accuracy': 0.8106114,
          'global_val_demographic_parity_Gender': 0.07017474,
          'global_val_demographic_parity_Marital': 0.5285094,
          'global_val_demographic_parity_Race': 0.3808788,
          'global_val_equalized_odds_Gender': 0.074547395,
          'global_val_equalized_odds_Marital': 0.50915396,
          'global_val_equalized_odds_Race': 0.2973922,
          'global_val_f1': 0.8116366,
          'global_val_precision': 0.81461275,
          'global_val_recall': 0.8106114}
message: {'global_early_stopping': 4,
          'global_round': 16,
          'global_train_accuracy': 0.81152,
          'global_train_demographic_parity_Gender': 0.073728286,
          'global_train_demographic_parity_Marital': 0.5325967,
          'global_train_demographic_parity_Race': 0.36512285,
          'global_train_equalized_odds_Gender': 0.07867676,
          'global_train_equalized_odds_Marital': 0.4955647,
          'global_train_equalized_odds_Race': 0.2763738,
          'global_train_f1': 0.8125399,
          'global_train_precision': 0.8153776,
          'global_train_recall': 0.81152,
          'global_val_accuracy': 0.81108296,
          'global_val_demographic_parity_Gender': 0.07002033,
          'global_val_demographic_parity_Marital': 0.5287057,
          'global_val_demographic_parity_Race': 0.379741,
          'global_val_equalized_odds_Gender': 0.07351505,
          'global_val_equalized_odds_Marital': 0.5065969,
          'global_val_equalized_odds_Race': 0.2938642,
          'global_val_f1': 0.812129,
          'global_val_precision': 0.81505954,
          'global_val_recall': 0.81108296}
message: {'global_early_stopping': 0,
          'global_round': 17,
          'global_train_accuracy': 0.81198466,
          'global_train_demographic_parity_Gender': 0.07357379,
          'global_train_demographic_parity_Marital': 0.52833396,
          'global_train_demographic_parity_Race': 0.36486578,
          'global_train_equalized_odds_Gender': 0.07809384,
          'global_train_equalized_odds_Marital': 0.4929029,
          'global_train_equalized_odds_Race': 0.27843767,
          'global_train_f1': 0.8129028,
          'global_train_precision': 0.8154829,
          'global_train_recall': 0.81198466,
          'global_val_accuracy': 0.8116943,
          'global_val_demographic_parity_Gender': 0.070338264,
          'global_val_demographic_parity_Marital': 0.5242091,
          'global_val_demographic_parity_Race': 0.37756944,
          'global_val_equalized_odds_Gender': 0.072809264,
          'global_val_equalized_odds_Marital': 0.5034061,
          'global_val_equalized_odds_Race': 0.29401442,
          'global_val_f1': 0.8126308,
          'global_val_precision': 0.81528485,
          'global_val_recall': 0.81169426}
message: {'global_early_stopping': 1,
          'global_round': 18,
          'global_train_accuracy': 0.8119545,
          'global_train_demographic_parity_Gender': 0.073963836,
          'global_train_demographic_parity_Marital': 0.52370524,
          'global_train_demographic_parity_Race': 0.36598954,
          'global_train_equalized_odds_Gender': 0.07515809,
          'global_train_equalized_odds_Marital': 0.48273888,
          'global_train_equalized_odds_Race': 0.277169,
          'global_train_f1': 0.8130193,
          'global_train_precision': 0.8159167,
          'global_train_recall': 0.8119545,
          'global_val_accuracy': 0.8110634,
          'global_val_demographic_parity_Gender': 0.07064331,
          'global_val_demographic_parity_Marital': 0.5190347,
          'global_val_demographic_parity_Race': 0.37809542,
          'global_val_equalized_odds_Gender': 0.07046226,
          'global_val_equalized_odds_Marital': 0.49553186,
          'global_val_equalized_odds_Race': 0.2929266,
          'global_val_f1': 0.81212556,
          'global_val_precision': 0.8151213,
          'global_val_recall': 0.8110634}
message: {'global_early_stopping': 0,
          'global_round': 19,
          'global_train_accuracy': 0.81347847,
          'global_train_demographic_parity_Gender': 0.07246675,
          'global_train_demographic_parity_Marital': 0.5272693,
          'global_train_demographic_parity_Race': 0.3648725,
          'global_train_equalized_odds_Gender': 0.07802707,
          'global_train_equalized_odds_Marital': 0.49353838,
          'global_train_equalized_odds_Race': 0.283099,
          'global_train_f1': 0.81417257,
          'global_train_precision': 0.8161634,
          'global_train_recall': 0.81347847,
          'global_val_accuracy': 0.81249297,
          'global_val_demographic_parity_Gender': 0.06840126,
          'global_val_demographic_parity_Marital': 0.52288425,
          'global_val_demographic_parity_Race': 0.3775745,
          'global_val_equalized_odds_Gender': 0.071070634,
          'global_val_equalized_odds_Marital': 0.50538075,
          'global_val_equalized_odds_Race': 0.29830456,
          'global_val_f1': 0.8131956,
          'global_val_precision': 0.81527424,
          'global_val_recall': 0.81249297}
message: {'global_early_stopping': 0,
          'global_round': 20,
          'global_train_accuracy': 0.8136935,
          'global_train_demographic_parity_Gender': 0.0716111,
          'global_train_demographic_parity_Marital': 0.52573526,
          'global_train_demographic_parity_Race': 0.36105013,
          'global_train_equalized_odds_Gender': 0.07859505,
          'global_train_equalized_odds_Marital': 0.49023953,
          'global_train_equalized_odds_Race': 0.2778634,
          'global_train_f1': 0.8143586,
          'global_train_precision': 0.8162349,
          'global_train_recall': 0.8136935,
          'global_val_accuracy': 0.8128828,
          'global_val_demographic_parity_Gender': 0.067862436,
          'global_val_demographic_parity_Marital': 0.5228045,
          'global_val_demographic_parity_Race': 0.37463102,
          'global_val_equalized_odds_Gender': 0.073183626,
          'global_val_equalized_odds_Marital': 0.50223696,
          'global_val_equalized_odds_Race': 0.29342958,
          'global_val_f1': 0.8135725,
          'global_val_precision': 0.8155769,
          'global_val_recall': 0.8128828}
message: {'global_early_stopping': 1,
          'global_round': 21,
          'global_train_accuracy': 0.812988,
          'global_train_demographic_parity_Gender': 0.07322036,
          'global_train_demographic_parity_Marital': 0.5294295,
          'global_train_demographic_parity_Race': 0.36253825,
          'global_train_equalized_odds_Gender': 0.07942343,
          'global_train_equalized_odds_Marital': 0.49456245,
          'global_train_equalized_odds_Race': 0.27477604,
          'global_train_f1': 0.81389344,
          'global_train_precision': 0.8164593,
          'global_train_recall': 0.812988,
          'global_val_accuracy': 0.81168604,
          'global_val_demographic_parity_Gender': 0.069398396,
          'global_val_demographic_parity_Marital': 0.5260982,
          'global_val_demographic_parity_Race': 0.3772453,
          'global_val_equalized_odds_Gender': 0.07352541,
          'global_val_equalized_odds_Marital': 0.5072906,
          'global_val_equalized_odds_Race': 0.29737067,
          'global_val_f1': 0.8126081,
          'global_val_precision': 0.81529886,
          'global_val_recall': 0.81168604}
message: {'global_early_stopping': 2,
          'global_round': 22,
          'global_train_accuracy': 0.81303775,
          'global_train_demographic_parity_Gender': 0.07314626,
          'global_train_demographic_parity_Marital': 0.52775186,
          'global_train_demographic_parity_Race': 0.36567992,
          'global_train_equalized_odds_Gender': 0.07739572,
          'global_train_equalized_odds_Marital': 0.48963255,
          'global_train_equalized_odds_Race': 0.2767166,
          'global_train_f1': 0.81403315,
          'global_train_precision': 0.81678647,
          'global_train_recall': 0.8130377,
          'global_val_accuracy': 0.8117856,
          'global_val_demographic_parity_Gender': 0.0693802,
          'global_val_demographic_parity_Marital': 0.5231699,
          'global_val_demographic_parity_Race': 0.37868416,
          'global_val_equalized_odds_Gender': 0.07206462,
          'global_val_equalized_odds_Marital': 0.5008175,
          'global_val_equalized_odds_Race': 0.29507807,
          'global_val_f1': 0.8127753,
          'global_val_precision': 0.81562376,
          'global_val_recall': 0.8117856}
message: {'global_early_stopping': 3,
          'global_round': 23,
          'global_train_accuracy': 0.8128397,
          'global_train_demographic_parity_Gender': 0.073677436,
          'global_train_demographic_parity_Marital': 0.5300676,
          'global_train_demographic_parity_Race': 0.36656755,
          'global_train_equalized_odds_Gender': 0.08013102,
          'global_train_equalized_odds_Marital': 0.49022442,
          'global_train_equalized_odds_Race': 0.2766222,
          'global_train_f1': 0.8139281,
          'global_train_precision': 0.8170024,
          'global_train_recall': 0.8128397,
          'global_val_accuracy': 0.8110927,
          'global_val_demographic_parity_Gender': 0.069637954,
          'global_val_demographic_parity_Marital': 0.525561,
          'global_val_demographic_parity_Race': 0.37902254,
          'global_val_equalized_odds_Gender': 0.07344942,
          'global_val_equalized_odds_Marital': 0.5020836,
          'global_val_equalized_odds_Race': 0.29586053,
          'global_val_f1': 0.8121773,
          'global_val_precision': 0.81531525,
          'global_val_recall': 0.8110927}
message: {'global_early_stopping': 4,
          'global_round': 24,
          'global_train_accuracy': 0.813849,
          'global_train_demographic_parity_Gender': 0.07276757,
          'global_train_demographic_parity_Marital': 0.52549756,
          'global_train_demographic_parity_Race': 0.36513066,
          'global_train_equalized_odds_Gender': 0.07690323,
          'global_train_equalized_odds_Marital': 0.48885894,
          'global_train_equalized_odds_Race': 0.277669,
          'global_train_f1': 0.81469834,
          'global_train_precision': 0.81708163,
          'global_train_recall': 0.813849,
          'global_val_accuracy': 0.8117218,
          'global_val_demographic_parity_Gender': 0.06869738,
          'global_val_demographic_parity_Marital': 0.52318424,
          'global_val_demographic_parity_Race': 0.377456,
          'global_val_equalized_odds_Gender': 0.07162623,
          'global_val_equalized_odds_Marital': 0.5014354,
          'global_val_equalized_odds_Race': 0.29406542,
          'global_val_f1': 0.81260383,
          'global_val_precision': 0.8151585,
          'global_val_recall': 0.8117218}
message: {'global_early_stopping': 0,
          'global_round': 25,
          'global_train_accuracy': 0.8152927,
          'global_train_demographic_parity_Gender': 0.071826175,
          'global_train_demographic_parity_Marital': 0.5243124,
          'global_train_demographic_parity_Race': 0.36295605,
          'global_train_equalized_odds_Gender': 0.078746885,
          'global_train_equalized_odds_Marital': 0.49651724,
          'global_train_equalized_odds_Race': 0.28172335,
          'global_train_f1': 0.815786,
          'global_train_precision': 0.8174011,
          'global_train_recall': 0.8152927,
          'global_val_accuracy': 0.8135192,
          'global_val_demographic_parity_Gender': 0.067865506,
          'global_val_demographic_parity_Marital': 0.5203509,
          'global_val_demographic_parity_Race': 0.37590662,
          'global_val_equalized_odds_Gender': 0.074152395,
          'global_val_equalized_odds_Marital': 0.5042841,
          'global_val_equalized_odds_Race': 0.30206203,
          'global_val_f1': 0.8140216,
          'global_val_precision': 0.81577224,
          'global_val_recall': 0.8135192}
message: {'global_early_stopping': 1,
          'global_round': 26,
          'global_train_accuracy': 0.81196797,
          'global_train_demographic_parity_Gender': 0.07384108,
          'global_train_demographic_parity_Marital': 0.5298107,
          'global_train_demographic_parity_Race': 0.36527312,
          'global_train_equalized_odds_Gender': 0.078925796,
          'global_train_equalized_odds_Marital': 0.47840834,
          'global_train_equalized_odds_Race': 0.27124995,
          'global_train_f1': 0.81340206,
          'global_train_precision': 0.8173315,
          'global_train_recall': 0.81196797,
          'global_val_accuracy': 0.810088,
          'global_val_demographic_parity_Gender': 0.07013421,
          'global_val_demographic_parity_Marital': 0.5259223,
          'global_val_demographic_parity_Race': 0.37773904,
          'global_val_equalized_odds_Gender': 0.07414357,
          'global_val_equalized_odds_Marital': 0.49327716,
          'global_val_equalized_odds_Race': 0.28793737,
          'global_val_f1': 0.8115488,
          'global_val_precision': 0.8156582,
          'global_val_recall': 0.810088}
message: {'global_early_stopping': 2,
          'global_round': 27,
          'global_train_accuracy': 0.8146306,
          'global_train_demographic_parity_Gender': 0.07203746,
          'global_train_demographic_parity_Marital': 0.5231102,
          'global_train_demographic_parity_Race': 0.36510956,
          'global_train_equalized_odds_Gender': 0.07631993,
          'global_train_equalized_odds_Marital': 0.48468795,
          'global_train_equalized_odds_Race': 0.27846655,
          'global_train_f1': 0.81545705,
          'global_train_precision': 0.81773865,
          'global_train_recall': 0.8146306,
          'global_val_accuracy': 0.81240284,
          'global_val_demographic_parity_Gender': 0.06871138,
          'global_val_demographic_parity_Marital': 0.51954204,
          'global_val_demographic_parity_Race': 0.3778263,
          'global_val_equalized_odds_Gender': 0.07316486,
          'global_val_equalized_odds_Marital': 0.49691916,
          'global_val_equalized_odds_Race': 0.2957072,
          'global_val_f1': 0.8132247,
          'global_val_precision': 0.81565064,
          'global_val_recall': 0.81240284}
message: {'global_early_stopping': 3,
          'global_round': 28,
          'global_train_accuracy': 0.81483686,
          'global_train_demographic_parity_Gender': 0.07260897,
          'global_train_demographic_parity_Marital': 0.5204915,
          'global_train_demographic_parity_Race': 0.3655501,
          'global_train_equalized_odds_Gender': 0.075505845,
          'global_train_equalized_odds_Marital': 0.48522925,
          'global_train_equalized_odds_Race': 0.27960983,
          'global_train_f1': 0.8155898,
          'global_train_precision': 0.81779563,
          'global_train_recall': 0.81483686,
          'global_val_accuracy': 0.8122004,
          'global_val_demographic_parity_Gender': 0.068729214,
          'global_val_demographic_parity_Marital': 0.5167011,
          'global_val_demographic_parity_Race': 0.37732634,
          'global_val_equalized_odds_Gender': 0.07098465,
          'global_val_equalized_odds_Marital': 0.498202,
          'global_val_equalized_odds_Race': 0.2983331,
          'global_val_f1': 0.8129705,
          'global_val_precision': 0.8153144,
          'global_val_recall': 0.8122004}
message: {'global_early_stopping': 4,
          'global_round': 29,
          'global_train_accuracy': 0.8151026,
          'global_train_demographic_parity_Gender': 0.071587875,
          'global_train_demographic_parity_Marital': 0.5201859,
          'global_train_demographic_parity_Race': 0.35934442,
          'global_train_equalized_odds_Gender': 0.07631931,
          'global_train_equalized_odds_Marital': 0.4813358,
          'global_train_equalized_odds_Race': 0.27387166,
          'global_train_f1': 0.81584996,
          'global_train_precision': 0.81789476,
          'global_train_recall': 0.8151026,
          'global_val_accuracy': 0.8122896,
          'global_val_demographic_parity_Gender': 0.06734894,
          'global_val_demographic_parity_Marital': 0.51657283,
          'global_val_demographic_parity_Race': 0.37226045,
          'global_val_equalized_odds_Gender': 0.072349794,
          'global_val_equalized_odds_Marital': 0.49475804,
          'global_val_equalized_odds_Race': 0.29315454,
          'global_val_f1': 0.8130396,
          'global_val_precision': 0.81524265,
          'global_val_recall': 0.8122896}
message: {'global_early_stopping': 5,
          'global_round': 30,
          'global_train_accuracy': 0.8152834,
          'global_train_demographic_parity_Gender': 0.07214502,
          'global_train_demographic_parity_Marital': 0.5203703,
          'global_train_demographic_parity_Race': 0.36370715,
          'global_train_equalized_odds_Gender': 0.076635554,
          'global_train_equalized_odds_Marital': 0.48725334,
          'global_train_equalized_odds_Race': 0.27839476,
          'global_train_f1': 0.8159901,
          'global_train_precision': 0.8180892,
          'global_train_recall': 0.8152834,
          'global_val_accuracy': 0.8124865,
          'global_val_demographic_parity_Gender': 0.06895827,
          'global_val_demographic_parity_Marital': 0.51645184,
          'global_val_demographic_parity_Race': 0.37404624,
          'global_val_equalized_odds_Gender': 0.07201992,
          'global_val_equalized_odds_Marital': 0.49766618,
          'global_val_equalized_odds_Race': 0.29393956,
          'global_val_f1': 0.8132211,
          'global_val_precision': 0.81548136,
          'global_val_recall': 0.8124865}
message: {'final_global_train_accuracy': 0.8152927,
          'final_global_train_demographic_parity_Gender': 0.071826175,
          'final_global_train_demographic_parity_Marital': 0.5243124,
          'final_global_train_demographic_parity_Race': 0.36295605,
          'final_global_train_equalized_odds_Gender': 0.078746885,
          'final_global_train_equalized_odds_Marital': 0.49651724,
          'final_global_train_equalized_odds_Race': 0.28172335,
          'final_global_train_f1': 0.815786,
          'final_global_train_precision': 0.8174011,
          'final_global_train_recall': 0.8152927,
          'final_global_val_accuracy': 0.8135192,
          'final_global_val_demographic_parity_Gender': 0.067865506,
          'final_global_val_demographic_parity_Marital': 0.5203509,
          'final_global_val_demographic_parity_Race': 0.37590662,
          'final_global_val_equalized_odds_Gender': 0.074152395,
          'final_global_val_equalized_odds_Marital': 0.5042841,
          'final_global_val_equalized_odds_Race': 0.30206203,
          'final_global_val_f1': 0.8140216,
          'final_global_val_precision': 0.81577224,
          'final_global_val_recall': 0.8135192}
