message: {'global_checkpoint': 1,
          'global_early_stopping': 0,
          'train_global_score': 32.117869806289676,
          'val_accuracy': tensor(0.4609),
          'val_demographic_parity_Marital': tensor(0.1151),
          'val_f1': tensor(0.4531),
          'val_global_score': 32.23738985061645,
          'val_loss': tensor(0.6947),
          'val_precision': tensor(0.6100),
          'val_recall': tensor(0.4609)}
message: {'global_checkpoint': 1,
          'global_early_stopping': 0,
          'train_global_score': 4.16888824701309,
          'val_accuracy': tensor(0.7950),
          'val_demographic_parity_Marital': tensor(0.2465),
          'val_f1': tensor(0.7833),
          'val_global_score': 4.863585352897642,
          'val_loss': tensor(0.4343),
          'val_precision': tensor(0.7935),
          'val_recall': tensor(0.7950)}
message: {'global_checkpoint': 1,
          'global_early_stopping': 0,
          'train_global_score': 0.9981430828571319,
          'val_accuracy': tensor(0.7920),
          'val_demographic_parity_Marital': tensor(0.2106),
          'val_f1': tensor(0.7850),
          'val_global_score': 1.277897137403486,
          'val_loss': tensor(0.4312),
          'val_precision': tensor(0.7881),
          'val_recall': tensor(0.7920)}
message: {'global_checkpoint': 1,
          'global_early_stopping': 0,
          'train_global_score': 0.2180548906326294,
          'val_accuracy': tensor(0.7887),
          'val_demographic_parity_Marital': tensor(0.1860),
          'val_f1': tensor(0.7797),
          'val_global_score': 0.22034252882003785,
          'val_loss': tensor(0.4331),
          'val_precision': tensor(0.7852),
          'val_recall': tensor(0.7887)}
message: {'global_checkpoint': 1,
          'global_early_stopping': 0,
          'train_global_score': 0.21469181180000305,
          'val_accuracy': tensor(0.7899),
          'val_demographic_parity_Marital': tensor(0.1975),
          'val_f1': tensor(0.7817),
          'val_global_score': 0.21827942728996277,
          'val_loss': tensor(0.4272),
          'val_precision': tensor(0.7861),
          'val_recall': tensor(0.7899)}
message: {'global_checkpoint': 1,
          'global_early_stopping': 0,
          'train_global_score': 0.21302070021629332,
          'val_accuracy': tensor(0.7907),
          'val_demographic_parity_Marital': tensor(0.1839),
          'val_f1': tensor(0.7828),
          'val_global_score': 0.2172352910041809,
          'val_loss': tensor(0.4275),
          'val_precision': tensor(0.7873),
          'val_recall': tensor(0.7907)}
message: {'global_checkpoint': 1,
          'global_early_stopping': 0,
          'train_global_score': 0.20888386368751527,
          'val_accuracy': tensor(0.7938),
          'val_demographic_parity_Marital': tensor(0.1955),
          'val_f1': tensor(0.7868),
          'val_global_score': 0.21319943070411682,
          'val_loss': tensor(0.4276),
          'val_precision': tensor(0.7901),
          'val_recall': tensor(0.7938)}
message: {'global_checkpoint': 0,
          'global_early_stopping': 1,
          'train_global_score': 0.21038632988929748,
          'val_accuracy': tensor(0.7914),
          'val_demographic_parity_Marital': tensor(0.1901),
          'val_f1': tensor(0.7826),
          'val_global_score': 0.21736493110656738,
          'val_loss': tensor(0.4237),
          'val_precision': tensor(0.7880),
          'val_recall': tensor(0.7914)}
message: {'global_checkpoint': 0,
          'global_early_stopping': 2,
          'train_global_score': 2.7538193583488444,
          'val_accuracy': tensor(0.7992),
          'val_demographic_parity_Marital': tensor(0.2299),
          'val_f1': tensor(0.7911),
          'val_global_score': 3.202145212888717,
          'val_loss': tensor(0.4166),
          'val_precision': tensor(0.7960),
          'val_recall': tensor(0.7992)}
message: {'global_checkpoint': 0,
          'global_early_stopping': 3,
          'train_global_score': 0.21024160385131835,
          'val_accuracy': tensor(0.7902),
          'val_demographic_parity_Marital': tensor(0.1835),
          'val_f1': tensor(0.7819),
          'val_global_score': 0.21809625029563903,
          'val_loss': tensor(0.4298),
          'val_precision': tensor(0.7867),
          'val_recall': tensor(0.7902)}
message: {'global_checkpoint': 0,
          'global_early_stopping': 4,
          'train_global_score': 0.2068863809108734,
          'val_accuracy': tensor(0.7933),
          'val_demographic_parity_Marital': tensor(0.1944),
          'val_f1': tensor(0.7848),
          'val_global_score': 0.21517354249954224,
          'val_loss': tensor(0.4276),
          'val_precision': tensor(0.7901),
          'val_recall': tensor(0.7933)}
message: {'global_checkpoint': 1,
          'global_early_stopping': 0,
          'train_global_score': 0.20377542972564697,
          'val_accuracy': tensor(0.7941),
          'val_demographic_parity_Marital': tensor(0.1988),
          'val_f1': tensor(0.7874),
          'val_global_score': 0.21262481212615966,
          'val_loss': tensor(0.4246),
          'val_precision': tensor(0.7905),
          'val_recall': tensor(0.7941)}
message: {'global_checkpoint': 0,
          'global_early_stopping': 1,
          'train_global_score': 0.20388267040252686,
          'val_accuracy': tensor(0.7938),
          'val_demographic_parity_Marital': tensor(0.2003),
          'val_f1': tensor(0.7864),
          'val_global_score': 0.24246988892555127,
          'val_loss': tensor(0.4278),
          'val_precision': tensor(0.7903),
          'val_recall': tensor(0.7938)}
message: {'global_checkpoint': 0,
          'global_early_stopping': 2,
          'train_global_score': 0.20617201924324036,
          'val_accuracy': tensor(0.7912),
          'val_demographic_parity_Marital': tensor(0.2006),
          'val_f1': tensor(0.7834),
          'val_global_score': 0.2810729742050154,
          'val_loss': tensor(0.4297),
          'val_precision': tensor(0.7875),
          'val_recall': tensor(0.7912)}
message: {'global_checkpoint': 0,
          'global_early_stopping': 3,
          'train_global_score': 0.20517631769180297,
          'val_accuracy': tensor(0.7913),
          'val_demographic_parity_Marital': tensor(0.1918),
          'val_f1': tensor(0.7830),
          'val_global_score': 0.21701557636260987,
          'val_loss': tensor(0.4314),
          'val_precision': tensor(0.7877),
          'val_recall': tensor(0.7913)}
message: {'global_checkpoint': 0,
          'global_early_stopping': 4,
          'train_global_score': 0.20487733483314513,
          'val_accuracy': tensor(0.7897),
          'val_demographic_parity_Marital': tensor(0.1873),
          'val_f1': tensor(0.7834),
          'val_global_score': 0.21658857464790343,
          'val_loss': tensor(0.4371),
          'val_precision': tensor(0.7858),
          'val_recall': tensor(0.7897)}
message: {'metrics': {'global_early_stopping': 5,
                      'train_global_score': 0.20625128149986266,
                      'val_accuracy': tensor(0.7900),
                      'val_demographic_parity_Marital': tensor(0.1990),
                      'val_f1': tensor(0.7808),
                      'val_global_score': 0.2191996157169342,
                      'val_loss': tensor(0.4328),
                      'val_precision': tensor(0.7864),
                      'val_recall': tensor(0.7900)},
          'train_constraints': [0, 0],
          'train_objective_fn': 0.20625128149986266,
          'val_constraints': [0, 0],
          'val_objective_fn': 0.2191996157169342}
message: {'final_train_global_score': 0.20377542972564697,
          'final_val_accuracy': tensor(0.7941),
          'final_val_demographic_parity_Marital': tensor(0.1988),
          'final_val_f1': tensor(0.7874),
          'final_val_global_score': 0.21262481212615966,
          'final_val_loss': tensor(0.4246),
          'final_val_precision': tensor(0.7905),
          'final_val_recall': tensor(0.7941)}
